[ 2014-03-22T01:39:40+08:00 ] 222.73.76.253 /index.php/index/index_index.xml
INFO: [ route_check ] --START--
INFO: Run CheckRoute Behavior [ RunTime:0.004747s ]
INFO: [ route_check ] --END-- [ RunTime:0.004877s ]
INFO: [ app_begin ] --START--
INFO: Run ReadHtmlCache Behavior [ RunTime:0.001578s ]
INFO: [ app_begin ] --END-- [ RunTime:0.001647s ]
SQL: SHOW COLUMNS FROM `lj_cheats` [ RunTime:0.113694s ]
SQL: SHOW COLUMNS FROM `lj_cheats` [ RunTime:0.001100s ]
SQL: SELECT * FROM `lj_cheats` ORDER BY cheats_id desc LIMIT 8   [ RunTime:0.078556s ]
SQL: SHOW COLUMNS FROM `lj_post_main` [ RunTime:0.000926s ]
SQL: SHOW COLUMNS FROM `lj_post_main` [ RunTime:0.000607s ]
SQL: SELECT * FROM `lj_post_main` ORDER BY post_id desc LIMIT 8   [ RunTime:0.006316s ]
SQL: SHOW COLUMNS FROM `lj_cheats_hot` [ RunTime:0.067498s ]
SQL: SHOW COLUMNS FROM `lj_cheats_hot` [ RunTime:0.000574s ]
SQL: SELECT * FROM `lj_cheats_hot` LIMIT 8   [ RunTime:0.003561s ]
SQL: SELECT * FROM `lj_cheats` WHERE ( `cheats_id` = 1 )  [ RunTime:0.040286s ]
SQL: SELECT * FROM `lj_cheats` WHERE ( `cheats_id` = 12 )  [ RunTime:0.002809s ]
SQL: SELECT * FROM `lj_cheats` WHERE ( `cheats_id` = 13 )  [ RunTime:0.000245s ]
SQL: SELECT * FROM `lj_cheats` WHERE ( `cheats_id` = 14 )  [ RunTime:0.000221s ]
SQL: SELECT * FROM `lj_cheats` WHERE ( `cheats_id` = 19 )  [ RunTime:0.000226s ]
SQL: SELECT * FROM `lj_cheats` WHERE ( `cheats_id` = 16 )  [ RunTime:0.000221s ]
SQL: SELECT * FROM `lj_cheats` WHERE ( `cheats_id` = 17 )  [ RunTime:0.000318s ]
SQL: SELECT * FROM `lj_cheats` WHERE ( `cheats_id` = 33 )  [ RunTime:0.000215s ]
SQL: SHOW COLUMNS FROM `lj_post_hot` [ RunTime:0.033219s ]
SQL: SHOW COLUMNS FROM `lj_post_hot` [ RunTime:0.000636s ]
SQL: SELECT * FROM `lj_post_hot` LIMIT 8   [ RunTime:0.010557s ]
SQL: SELECT * FROM `lj_post_main` WHERE ( `post_id` = 9 )  [ RunTime:0.000282s ]
SQL: SELECT * FROM `lj_post_main` WHERE ( `post_id` = 1 )  [ RunTime:0.000208s ]
SQL: SELECT * FROM `lj_post_main` WHERE ( `post_id` = 8 )  [ RunTime:0.000236s ]
SQL: SELECT * FROM `lj_post_main` WHERE ( `post_id` = 11 )  [ RunTime:0.000211s ]
SQL: SELECT * FROM `lj_post_main` WHERE ( `post_id` = 10 )  [ RunTime:0.000208s ]
SQL: SELECT * FROM `lj_post_main` WHERE ( `post_id` = 18 )  [ RunTime:0.000214s ]
SQL: SELECT * FROM `lj_post_main` WHERE ( `post_id` = 17 )  [ RunTime:0.000204s ]
SQL: SHOW COLUMNS FROM `lj_board` [ RunTime:0.028026s ]
SQL: SHOW COLUMNS FROM `lj_board` [ RunTime:0.000488s ]
SQL: SELECT * FROM `lj_board` ORDER BY Id desc LIMIT 6   [ RunTime:0.001976s ]
SQL: SHOW COLUMNS FROM `lj_get_gl_from_other_site` [ RunTime:0.147391s ]
SQL: SELECT * FROM `lj_get_gl_from_other_site` ORDER BY datetime LIMIT 0,16   [ RunTime:0.006879s ]
SQL: SELECT * FROM `lj_get_gl_from_other_site` ORDER BY datetime desc LIMIT 0,16   [ RunTime:0.000694s ]
SQL: SELECT COUNT(*) AS tp_count FROM `lj_get_gl_from_other_site` LIMIT 1   [ RunTime:0.030623s ]
NOTIC: [2] Missing argument 1 for Action::show(), called in /mnt/www/html/lejun/HOME/Lib/Action/IndexAction.class.php on line 72 and defined /mnt/www/html/lejun/ThinkPHP/Lib/Core/Action.class.php 第 113 行.
NOTIC: [8] Undefined variable: content /mnt/www/html/lejun/ThinkPHP/Lib/Core/Action.class.php 第 115 行.
INFO: [ view_template ] --START--
INFO: Run LocationTemplate Behavior [ RunTime:0.023379s ]
INFO: [ view_template ] --END-- [ RunTime:0.023457s ]
INFO: [ view_parse ] --START--
NOTIC: [8] A session had already been started - ignoring session_start() /mnt/www/html/lejun/HOME/Runtime/Cache/7a41a6bbe13c5876cd2302dcb6d58711.php 第 1 行.
NOTIC: [8] A session had already been started - ignoring session_start() /mnt/www/html/lejun/HOME/Runtime/Cache/7a41a6bbe13c5876cd2302dcb6d58711.php 第 3 行.
NOTIC: [8] A session had already been started - ignoring session_start() /mnt/www/html/lejun/HOME/Runtime/Cache/7a41a6bbe13c5876cd2302dcb6d58711.php 第 140 行.
INFO: Run ParseTemplate Behavior [ RunTime:0.394893s ]
INFO: [ view_parse ] --END-- [ RunTime:0.406353s ]
INFO: [ view_filter ] --START--
INFO: Run ContentReplace Behavior [ RunTime:0.015081s ]
INFO: Run TokenBuild Behavior [ RunTime:0.001376s ]
INFO: Run WriteHtmlCache Behavior [ RunTime:0.001269s ]
INFO: Run ShowRuntime Behavior [ RunTime:0.001856s ]
INFO: [ view_filter ] --END-- [ RunTime:0.019798s ]
INFO: [ view_end ] --START--
INFO: Run ShowPageTrace Behavior [ RunTime:0.002312s ]
INFO: [ view_end ] --END-- [ RunTime:0.014654s ]

[ 2014-03-22T01:41:57+08:00 ] 123.125.68.186 /index.php/index/index_index.xml
INFO: [ route_check ] --START--
INFO: Run CheckRoute Behavior [ RunTime:0.002103s ]
INFO: [ route_check ] --END-- [ RunTime:0.002220s ]
INFO: [ app_begin ] --START--
INFO: Run ReadHtmlCache Behavior [ RunTime:0.000403s ]
INFO: [ app_begin ] --END-- [ RunTime:0.000467s ]
SQL: SHOW COLUMNS FROM `lj_cheats` [ RunTime:0.145476s ]
SQL: SHOW COLUMNS FROM `lj_cheats` [ RunTime:0.006162s ]
SQL: SELECT * FROM `lj_cheats` ORDER BY cheats_id desc LIMIT 8   [ RunTime:0.018390s ]
SQL: SHOW COLUMNS FROM `lj_post_main` [ RunTime:0.010010s ]
SQL: SHOW COLUMNS FROM `lj_post_main` [ RunTime:0.000631s ]
SQL: SELECT * FROM `lj_post_main` ORDER BY post_id desc LIMIT 8   [ RunTime:0.001411s ]
SQL: SHOW COLUMNS FROM `lj_cheats_hot` [ RunTime:0.012316s ]
SQL: SHOW COLUMNS FROM `lj_cheats_hot` [ RunTime:0.000485s ]
SQL: SELECT * FROM `lj_cheats_hot` LIMIT 8   [ RunTime:0.001335s ]
SQL: SELECT * FROM `lj_cheats` WHERE ( `cheats_id` = 1 )  [ RunTime:0.009825s ]
SQL: SELECT * FROM `lj_cheats` WHERE ( `cheats_id` = 12 )  [ RunTime:0.002017s ]
SQL: SELECT * FROM `lj_cheats` WHERE ( `cheats_id` = 13 )  [ RunTime:0.000216s ]
SQL: SELECT * FROM `lj_cheats` WHERE ( `cheats_id` = 14 )  [ RunTime:0.000210s ]
SQL: SELECT * FROM `lj_cheats` WHERE ( `cheats_id` = 19 )  [ RunTime:0.000217s ]
SQL: SELECT * FROM `lj_cheats` WHERE ( `cheats_id` = 16 )  [ RunTime:0.000262s ]
SQL: SELECT * FROM `lj_cheats` WHERE ( `cheats_id` = 17 )  [ RunTime:0.000279s ]
SQL: SELECT * FROM `lj_cheats` WHERE ( `cheats_id` = 33 )  [ RunTime:0.000235s ]
SQL: SHOW COLUMNS FROM `lj_post_hot` [ RunTime:0.008621s ]
SQL: SHOW COLUMNS FROM `lj_post_hot` [ RunTime:0.000411s ]
SQL: SELECT * FROM `lj_post_hot` LIMIT 8   [ RunTime:0.001426s ]
SQL: SELECT * FROM `lj_post_main` WHERE ( `post_id` = 9 )  [ RunTime:0.000213s ]
SQL: SELECT * FROM `lj_post_main` WHERE ( `post_id` = 1 )  [ RunTime:0.000196s ]
SQL: SELECT * FROM `lj_post_main` WHERE ( `post_id` = 8 )  [ RunTime:0.000203s ]
SQL: SELECT * FROM `lj_post_main` WHERE ( `post_id` = 11 )  [ RunTime:0.000228s ]
SQL: SELECT * FROM `lj_post_main` WHERE ( `post_id` = 10 )  [ RunTime:0.000225s ]
SQL: SELECT * FROM `lj_post_main` WHERE ( `post_id` = 18 )  [ RunTime:0.000237s ]
SQL: SELECT * FROM `lj_post_main` WHERE ( `post_id` = 17 )  [ RunTime:0.000258s ]
SQL: SHOW COLUMNS FROM `lj_board` [ RunTime:0.021337s ]
SQL: SHOW COLUMNS FROM `lj_board` [ RunTime:0.000549s ]
SQL: SELECT * FROM `lj_board` ORDER BY Id desc LIMIT 6   [ RunTime:0.081494s ]
SQL: SHOW COLUMNS FROM `lj_get_gl_from_other_site` [ RunTime:0.355751s ]
SQL: SELECT * FROM `lj_get_gl_from_other_site` ORDER BY datetime LIMIT 0,16   [ RunTime:0.251287s ]
SQL: SELECT * FROM `lj_get_gl_from_other_site` ORDER BY datetime desc LIMIT 0,16   [ RunTime:0.002988s ]
SQL: SELECT COUNT(*) AS tp_count FROM `lj_get_gl_from_other_site` LIMIT 1   [ RunTime:0.011753s ]
NOTIC: [2] Missing argument 1 for Action::show(), called in /mnt/www/html/lejun/HOME/Lib/Action/IndexAction.class.php on line 72 and defined /mnt/www/html/lejun/ThinkPHP/Lib/Core/Action.class.php 第 113 行.
NOTIC: [8] Undefined variable: content /mnt/www/html/lejun/ThinkPHP/Lib/Core/Action.class.php 第 115 行.
INFO: [ view_template ] --START--
INFO: Run LocationTemplate Behavior [ RunTime:0.034712s ]
INFO: [ view_template ] --END-- [ RunTime:0.047548s ]
INFO: [ view_parse ] --START--
NOTIC: [8] A session had already been started - ignoring session_start() /mnt/www/html/lejun/HOME/Runtime/Cache/7a41a6bbe13c5876cd2302dcb6d58711.php 第 1 行.
NOTIC: [8] A session had already been started - ignoring session_start() /mnt/www/html/lejun/HOME/Runtime/Cache/7a41a6bbe13c5876cd2302dcb6d58711.php 第 3 行.
NOTIC: [8] A session had already been started - ignoring session_start() /mnt/www/html/lejun/HOME/Runtime/Cache/7a41a6bbe13c5876cd2302dcb6d58711.php 第 140 行.
INFO: Run ParseTemplate Behavior [ RunTime:0.299427s ]
INFO: [ view_parse ] --END-- [ RunTime:0.299535s ]
INFO: [ view_filter ] --START--
INFO: Run ContentReplace Behavior [ RunTime:0.007778s ]
INFO: Run TokenBuild Behavior [ RunTime:0.001414s ]
INFO: Run WriteHtmlCache Behavior [ RunTime:0.001301s ]
INFO: Run ShowRuntime Behavior [ RunTime:0.001413s ]
INFO: [ view_filter ] --END-- [ RunTime:0.012122s ]
INFO: [ view_end ] --START--
INFO: Run ShowPageTrace Behavior [ RunTime:0.026717s ]
INFO: [ view_end ] --END-- [ RunTime:0.042249s ]

[ 2014-03-22T01:43:30+08:00 ] 222.73.76.253 /index.php/index/dist/html5shiv.js
INFO: [ route_check ] --START--
INFO: Run CheckRoute Behavior [ RunTime:0.014367s ]
INFO: [ route_check ] --END-- [ RunTime:0.055656s ]
INFO: [ app_begin ] --START--
INFO: Run ReadHtmlCache Behavior [ RunTime:0.002187s ]
INFO: [ app_begin ] --END-- [ RunTime:0.002288s ]
INFO: [ view_template ] --START--
INFO: Run LocationTemplate Behavior [ RunTime:0.004766s ]
INFO: [ view_template ] --END-- [ RunTime:0.033254s ]
INFO: [ view_parse ] --START--
INFO: Run ParseTemplate Behavior [ RunTime:0.058049s ]
INFO: [ view_parse ] --END-- [ RunTime:0.058203s ]
INFO: [ view_filter ] --START--
INFO: Run ContentReplace Behavior [ RunTime:0.002064s ]
INFO: Run TokenBuild Behavior [ RunTime:0.001851s ]
INFO: Run WriteHtmlCache Behavior [ RunTime:0.002013s ]
INFO: Run ShowRuntime Behavior [ RunTime:0.001970s ]
INFO: [ view_filter ] --END-- [ RunTime:0.008095s ]
INFO: [ view_end ] --START--
INFO: Run ShowPageTrace Behavior [ RunTime:0.002476s ]
INFO: [ view_end ] --END-- [ RunTime:0.002590s ]

[ 2014-03-22T09:32:41+08:00 ] 109.160.55.23 /index.php/index/index_index.xml
INFO: [ route_check ] --START--
INFO: Run CheckRoute Behavior [ RunTime:0.002993s ]
INFO: [ route_check ] --END-- [ RunTime:0.003113s ]
INFO: [ app_begin ] --START--
INFO: Run ReadHtmlCache Behavior [ RunTime:0.000383s ]
INFO: [ app_begin ] --END-- [ RunTime:0.000450s ]
SQL: SHOW COLUMNS FROM `lj_cheats` [ RunTime:0.040832s ]
SQL: SHOW COLUMNS FROM `lj_cheats` [ RunTime:0.000769s ]
SQL: SELECT * FROM `lj_cheats` ORDER BY cheats_id desc LIMIT 8   [ RunTime:0.036796s ]
SQL: SHOW COLUMNS FROM `lj_post_main` [ RunTime:0.000631s ]
SQL: SHOW COLUMNS FROM `lj_post_main` [ RunTime:0.000589s ]
SQL: SELECT * FROM `lj_post_main` ORDER BY post_id desc LIMIT 8   [ RunTime:0.030927s ]
SQL: SHOW COLUMNS FROM `lj_cheats_hot` [ RunTime:0.000492s ]
SQL: SHOW COLUMNS FROM `lj_cheats_hot` [ RunTime:0.000430s ]
SQL: SELECT * FROM `lj_cheats_hot` LIMIT 8   [ RunTime:0.017468s ]
SQL: SELECT * FROM `lj_cheats` WHERE ( `cheats_id` = 1 )  [ RunTime:0.004295s ]
SQL: SELECT * FROM `lj_cheats` WHERE ( `cheats_id` = 12 )  [ RunTime:0.002511s ]
SQL: SELECT * FROM `lj_cheats` WHERE ( `cheats_id` = 13 )  [ RunTime:0.000233s ]
SQL: SELECT * FROM `lj_cheats` WHERE ( `cheats_id` = 14 )  [ RunTime:0.000223s ]
SQL: SELECT * FROM `lj_cheats` WHERE ( `cheats_id` = 19 )  [ RunTime:0.000358s ]
SQL: SELECT * FROM `lj_cheats` WHERE ( `cheats_id` = 16 )  [ RunTime:0.000233s ]
SQL: SELECT * FROM `lj_cheats` WHERE ( `cheats_id` = 17 )  [ RunTime:0.000267s ]
SQL: SELECT * FROM `lj_cheats` WHERE ( `cheats_id` = 33 )  [ RunTime:0.000218s ]
SQL: SHOW COLUMNS FROM `lj_post_hot` [ RunTime:0.000473s ]
SQL: SHOW COLUMNS FROM `lj_post_hot` [ RunTime:0.000457s ]
SQL: SELECT * FROM `lj_post_hot` LIMIT 8   [ RunTime:0.001479s ]
SQL: SELECT * FROM `lj_post_main` WHERE ( `post_id` = 9 )  [ RunTime:0.000229s ]
SQL: SELECT * FROM `lj_post_main` WHERE ( `post_id` = 1 )  [ RunTime:0.000201s ]
SQL: SELECT * FROM `lj_post_main` WHERE ( `post_id` = 8 )  [ RunTime:0.000202s ]
SQL: SELECT * FROM `lj_post_main` WHERE ( `post_id` = 11 )  [ RunTime:0.000203s ]
SQL: SELECT * FROM `lj_post_main` WHERE ( `post_id` = 10 )  [ RunTime:0.000199s ]
SQL: SELECT * FROM `lj_post_main` WHERE ( `post_id` = 18 )  [ RunTime:0.000206s ]
SQL: SELECT * FROM `lj_post_main` WHERE ( `post_id` = 17 )  [ RunTime:0.000202s ]
SQL: SHOW COLUMNS FROM `lj_board` [ RunTime:0.000513s ]
SQL: SHOW COLUMNS FROM `lj_board` [ RunTime:0.000454s ]
SQL: SELECT * FROM `lj_board` ORDER BY Id desc LIMIT 6   [ RunTime:0.016145s ]
SQL: SHOW COLUMNS FROM `lj_get_gl_from_other_site` [ RunTime:0.006115s ]
SQL: SELECT * FROM `lj_get_gl_from_other_site` ORDER BY datetime LIMIT 0,16   [ RunTime:0.037158s ]
SQL: SELECT * FROM `lj_get_gl_from_other_site` ORDER BY datetime desc LIMIT 0,16   [ RunTime:0.000699s ]
SQL: SELECT COUNT(*) AS tp_count FROM `lj_get_gl_from_other_site` LIMIT 1   [ RunTime:0.006314s ]
NOTIC: [2] Missing argument 1 for Action::show(), called in /mnt/www/html/lejun/HOME/Lib/Action/IndexAction.class.php on line 72 and defined /mnt/www/html/lejun/ThinkPHP/Lib/Core/Action.class.php 第 113 行.
NOTIC: [8] Undefined variable: content /mnt/www/html/lejun/ThinkPHP/Lib/Core/Action.class.php 第 115 行.
INFO: [ view_template ] --START--
INFO: Run LocationTemplate Behavior [ RunTime:0.005248s ]
INFO: [ view_template ] --END-- [ RunTime:0.005340s ]
INFO: [ view_parse ] --START--
NOTIC: [8] A session had already been started - ignoring session_start() /mnt/www/html/lejun/HOME/Runtime/Cache/7a41a6bbe13c5876cd2302dcb6d58711.php 第 1 行.
NOTIC: [8] A session had already been started - ignoring session_start() /mnt/www/html/lejun/HOME/Runtime/Cache/7a41a6bbe13c5876cd2302dcb6d58711.php 第 3 行.
NOTIC: [8] A session had already been started - ignoring session_start() /mnt/www/html/lejun/HOME/Runtime/Cache/7a41a6bbe13c5876cd2302dcb6d58711.php 第 140 行.
INFO: Run ParseTemplate Behavior [ RunTime:0.219117s ]
INFO: [ view_parse ] --END-- [ RunTime:0.219205s ]
INFO: [ view_filter ] --START--
INFO: Run ContentReplace Behavior [ RunTime:0.002018s ]
INFO: Run TokenBuild Behavior [ RunTime:0.001366s ]
INFO: Run WriteHtmlCache Behavior [ RunTime:0.001324s ]
INFO: Run ShowRuntime Behavior [ RunTime:0.001435s ]
INFO: [ view_filter ] --END-- [ RunTime:0.006339s ]
INFO: [ view_end ] --START--
INFO: Run ShowPageTrace Behavior [ RunTime:0.001658s ]
INFO: [ view_end ] --END-- [ RunTime:0.001750s ]

[ 2014-03-22T10:18:49+08:00 ] 66.249.73.3 /index.php/Show/show_tz?post_id=17
INFO: [ route_check ] --START--
INFO: Run CheckRoute Behavior [ RunTime:0.004800s ]
INFO: [ route_check ] --END-- [ RunTime:0.004919s ]
INFO: [ app_begin ] --START--
INFO: Run ReadHtmlCache Behavior [ RunTime:0.001821s ]
INFO: [ app_begin ] --END-- [ RunTime:0.001890s ]
SQL: SHOW COLUMNS FROM `lj_post_main` [ RunTime:0.026795s ]
SQL: UPDATE `lj_post_main` SET `clicks`=clicks+1 WHERE ( `post_id` = 17 ) [ RunTime:0.037778s ]
SQL: SELECT * FROM `lj_post_main` WHERE ( `post_id` = 17 )  [ RunTime:0.002597s ]
SQL: SHOW COLUMNS FROM `lj_user_information` [ RunTime:0.001233s ]
SQL: SELECT * FROM `lj_user_information` WHERE ( `Id` = 27 )  [ RunTime:0.003016s ]
SQL: SHOW COLUMNS FROM `lj_post_replay` [ RunTime:0.000573s ]
SQL: SELECT * FROM `lj_post_replay` WHERE ( `post_id` = 17 )  [ RunTime:0.019018s ]
INFO: [ view_template ] --START--
INFO: Run LocationTemplate Behavior [ RunTime:0.006643s ]
INFO: [ view_template ] --END-- [ RunTime:0.006717s ]
INFO: [ view_parse ] --START--
NOTIC: [8] A session had already been started - ignoring session_start() /mnt/www/html/lejun/HOME/Runtime/Cache/1ccbe0629693240b941e461e7b341f67.php 第 1 行.
NOTIC: [8] A session had already been started - ignoring session_start() /mnt/www/html/lejun/HOME/Runtime/Cache/1ccbe0629693240b941e461e7b341f67.php 第 138 行.
NOTIC: [8] Undefined index: user /mnt/www/html/lejun/HOME/Runtime/Cache/1ccbe0629693240b941e461e7b341f67.php 第 241 行.
INFO: Run ParseTemplate Behavior [ RunTime:0.109709s ]
INFO: [ view_parse ] --END-- [ RunTime:0.109818s ]
INFO: [ view_filter ] --START--
INFO: Run ContentReplace Behavior [ RunTime:0.001792s ]
INFO: Run TokenBuild Behavior [ RunTime:0.001480s ]
INFO: Run WriteHtmlCache Behavior [ RunTime:0.001309s ]
INFO: Run ShowRuntime Behavior [ RunTime:0.001727s ]
INFO: [ view_filter ] --END-- [ RunTime:0.006514s ]
INFO: [ view_end ] --START--
INFO: Run ShowPageTrace Behavior [ RunTime:0.001653s ]
INFO: [ view_end ] --END-- [ RunTime:0.001726s ]

[ 2014-03-22T13:58:52+08:00 ] 66.249.65.34 /index.php/index/index_index.xml
INFO: [ route_check ] --START--
INFO: Run CheckRoute Behavior [ RunTime:0.001865s ]
INFO: [ route_check ] --END-- [ RunTime:0.001962s ]
INFO: [ app_begin ] --START--
INFO: Run ReadHtmlCache Behavior [ RunTime:0.000380s ]
INFO: [ app_begin ] --END-- [ RunTime:0.000447s ]
SQL: SHOW COLUMNS FROM `lj_cheats` [ RunTime:0.037676s ]
SQL: SHOW COLUMNS FROM `lj_cheats` [ RunTime:0.000725s ]
SQL: SELECT * FROM `lj_cheats` ORDER BY cheats_id desc LIMIT 8   [ RunTime:0.000264s ]
SQL: SHOW COLUMNS FROM `lj_post_main` [ RunTime:0.000580s ]
SQL: SHOW COLUMNS FROM `lj_post_main` [ RunTime:0.000583s ]
SQL: SELECT * FROM `lj_post_main` ORDER BY post_id desc LIMIT 8   [ RunTime:0.004070s ]
SQL: SHOW COLUMNS FROM `lj_cheats_hot` [ RunTime:0.000446s ]
SQL: SHOW COLUMNS FROM `lj_cheats_hot` [ RunTime:0.000462s ]
SQL: SELECT * FROM `lj_cheats_hot` LIMIT 8   [ RunTime:0.000098s ]
SQL: SELECT * FROM `lj_cheats` WHERE ( `cheats_id` = 1 )  [ RunTime:0.000101s ]
SQL: SELECT * FROM `lj_cheats` WHERE ( `cheats_id` = 12 )  [ RunTime:0.000122s ]
SQL: SELECT * FROM `lj_cheats` WHERE ( `cheats_id` = 13 )  [ RunTime:0.000098s ]
SQL: SELECT * FROM `lj_cheats` WHERE ( `cheats_id` = 14 )  [ RunTime:0.000098s ]
SQL: SELECT * FROM `lj_cheats` WHERE ( `cheats_id` = 19 )  [ RunTime:0.000102s ]
SQL: SELECT * FROM `lj_cheats` WHERE ( `cheats_id` = 16 )  [ RunTime:0.000099s ]
SQL: SELECT * FROM `lj_cheats` WHERE ( `cheats_id` = 17 )  [ RunTime:0.000132s ]
SQL: SELECT * FROM `lj_cheats` WHERE ( `cheats_id` = 33 )  [ RunTime:0.000118s ]
SQL: SHOW COLUMNS FROM `lj_post_hot` [ RunTime:0.000438s ]
SQL: SHOW COLUMNS FROM `lj_post_hot` [ RunTime:0.000452s ]
SQL: SELECT * FROM `lj_post_hot` LIMIT 8   [ RunTime:0.000091s ]
SQL: SELECT * FROM `lj_post_main` WHERE ( `post_id` = 9 )  [ RunTime:0.000269s ]
SQL: SELECT * FROM `lj_post_main` WHERE ( `post_id` = 1 )  [ RunTime:0.000206s ]
SQL: SELECT * FROM `lj_post_main` WHERE ( `post_id` = 8 )  [ RunTime:0.000205s ]
SQL: SELECT * FROM `lj_post_main` WHERE ( `post_id` = 11 )  [ RunTime:0.000210s ]
SQL: SELECT * FROM `lj_post_main` WHERE ( `post_id` = 10 )  [ RunTime:0.000202s ]
SQL: SELECT * FROM `lj_post_main` WHERE ( `post_id` = 18 )  [ RunTime:0.000241s ]
SQL: SELECT * FROM `lj_post_main` WHERE ( `post_id` = 17 )  [ RunTime:0.000094s ]
SQL: SHOW COLUMNS FROM `lj_board` [ RunTime:0.000533s ]
SQL: SHOW COLUMNS FROM `lj_board` [ RunTime:0.000475s ]
SQL: SELECT * FROM `lj_board` ORDER BY Id desc LIMIT 6   [ RunTime:0.000096s ]
SQL: SHOW COLUMNS FROM `lj_get_gl_from_other_site` [ RunTime:0.010567s ]
SQL: SELECT * FROM `lj_get_gl_from_other_site` ORDER BY datetime LIMIT 0,16   [ RunTime:0.021540s ]
SQL: SELECT * FROM `lj_get_gl_from_other_site` ORDER BY datetime desc LIMIT 0,16   [ RunTime:0.000126s ]
SQL: SELECT COUNT(*) AS tp_count FROM `lj_get_gl_from_other_site` LIMIT 1   [ RunTime:0.000088s ]
NOTIC: [2] Missing argument 1 for Action::show(), called in /mnt/www/html/lejun/HOME/Lib/Action/IndexAction.class.php on line 72 and defined /mnt/www/html/lejun/ThinkPHP/Lib/Core/Action.class.php 第 113 行.
NOTIC: [8] Undefined variable: content /mnt/www/html/lejun/ThinkPHP/Lib/Core/Action.class.php 第 115 行.
INFO: [ view_template ] --START--
INFO: Run LocationTemplate Behavior [ RunTime:0.004082s ]
INFO: [ view_template ] --END-- [ RunTime:0.004158s ]
INFO: [ view_parse ] --START--
NOTIC: [8] A session had already been started - ignoring session_start() /mnt/www/html/lejun/HOME/Runtime/Cache/7a41a6bbe13c5876cd2302dcb6d58711.php 第 1 行.
NOTIC: [8] A session had already been started - ignoring session_start() /mnt/www/html/lejun/HOME/Runtime/Cache/7a41a6bbe13c5876cd2302dcb6d58711.php 第 3 行.
NOTIC: [8] A session had already been started - ignoring session_start() /mnt/www/html/lejun/HOME/Runtime/Cache/7a41a6bbe13c5876cd2302dcb6d58711.php 第 140 行.
INFO: Run ParseTemplate Behavior [ RunTime:0.152049s ]
INFO: [ view_parse ] --END-- [ RunTime:0.152141s ]
INFO: [ view_filter ] --START--
INFO: Run ContentReplace Behavior [ RunTime:0.002232s ]
INFO: Run TokenBuild Behavior [ RunTime:0.001533s ]
INFO: Run WriteHtmlCache Behavior [ RunTime:0.001424s ]
INFO: Run ShowRuntime Behavior [ RunTime:0.001548s ]
INFO: [ view_filter ] --END-- [ RunTime:0.006936s ]
INFO: [ view_end ] --START--
INFO: Run ShowPageTrace Behavior [ RunTime:0.002179s ]
INFO: [ view_end ] --END-- [ RunTime:0.002306s ]

[ 2014-03-22T16:17:19+08:00 ] 221.209.27.143 /index.php/index/index_index.xml
INFO: [ route_check ] --START--
INFO: Run CheckRoute Behavior [ RunTime:0.015012s ]
INFO: [ route_check ] --END-- [ RunTime:0.015132s ]
INFO: [ app_begin ] --START--
INFO: Run ReadHtmlCache Behavior [ RunTime:0.000410s ]
INFO: [ app_begin ] --END-- [ RunTime:0.000477s ]
SQL: SHOW COLUMNS FROM `lj_cheats` [ RunTime:0.006615s ]
SQL: SHOW COLUMNS FROM `lj_cheats` [ RunTime:0.000913s ]
SQL: SELECT * FROM `lj_cheats` ORDER BY cheats_id desc LIMIT 8   [ RunTime:0.000252s ]
SQL: SHOW COLUMNS FROM `lj_post_main` [ RunTime:0.000626s ]
SQL: SHOW COLUMNS FROM `lj_post_main` [ RunTime:0.000597s ]
SQL: SELECT * FROM `lj_post_main` ORDER BY post_id desc LIMIT 8   [ RunTime:0.000107s ]
SQL: SHOW COLUMNS FROM `lj_cheats_hot` [ RunTime:0.000463s ]
SQL: SHOW COLUMNS FROM `lj_cheats_hot` [ RunTime:0.000465s ]
SQL: SELECT * FROM `lj_cheats_hot` LIMIT 8   [ RunTime:0.000099s ]
SQL: SELECT * FROM `lj_cheats` WHERE ( `cheats_id` = 1 )  [ RunTime:0.000096s ]
SQL: SELECT * FROM `lj_cheats` WHERE ( `cheats_id` = 12 )  [ RunTime:0.000129s ]
SQL: SELECT * FROM `lj_cheats` WHERE ( `cheats_id` = 13 )  [ RunTime:0.000094s ]
SQL: SELECT * FROM `lj_cheats` WHERE ( `cheats_id` = 14 )  [ RunTime:0.000095s ]
SQL: SELECT * FROM `lj_cheats` WHERE ( `cheats_id` = 19 )  [ RunTime:0.000125s ]
SQL: SELECT * FROM `lj_cheats` WHERE ( `cheats_id` = 16 )  [ RunTime:0.000096s ]
SQL: SELECT * FROM `lj_cheats` WHERE ( `cheats_id` = 17 )  [ RunTime:0.000128s ]
SQL: SELECT * FROM `lj_cheats` WHERE ( `cheats_id` = 33 )  [ RunTime:0.000115s ]
SQL: SHOW COLUMNS FROM `lj_post_hot` [ RunTime:0.000418s ]
SQL: SHOW COLUMNS FROM `lj_post_hot` [ RunTime:0.000446s ]
SQL: SELECT * FROM `lj_post_hot` LIMIT 8   [ RunTime:0.000089s ]
SQL: SELECT * FROM `lj_post_main` WHERE ( `post_id` = 9 )  [ RunTime:0.000090s ]
SQL: SELECT * FROM `lj_post_main` WHERE ( `post_id` = 1 )  [ RunTime:0.000116s ]
SQL: SELECT * FROM `lj_post_main` WHERE ( `post_id` = 8 )  [ RunTime:0.000088s ]
SQL: SELECT * FROM `lj_post_main` WHERE ( `post_id` = 11 )  [ RunTime:0.000090s ]
SQL: SELECT * FROM `lj_post_main` WHERE ( `post_id` = 10 )  [ RunTime:0.000087s ]
SQL: SELECT * FROM `lj_post_main` WHERE ( `post_id` = 18 )  [ RunTime:0.000094s ]
SQL: SELECT * FROM `lj_post_main` WHERE ( `post_id` = 17 )  [ RunTime:0.000090s ]
SQL: SHOW COLUMNS FROM `lj_board` [ RunTime:0.004299s ]
SQL: SHOW COLUMNS FROM `lj_board` [ RunTime:0.000484s ]
SQL: SELECT * FROM `lj_board` ORDER BY Id desc LIMIT 6   [ RunTime:0.000120s ]
SQL: SHOW COLUMNS FROM `lj_get_gl_from_other_site` [ RunTime:0.000529s ]
SQL: SELECT * FROM `lj_get_gl_from_other_site` ORDER BY datetime LIMIT 0,16   [ RunTime:0.000150s ]
SQL: SELECT * FROM `lj_get_gl_from_other_site` ORDER BY datetime desc LIMIT 0,16   [ RunTime:0.000097s ]
SQL: SELECT COUNT(*) AS tp_count FROM `lj_get_gl_from_other_site` LIMIT 1   [ RunTime:0.000083s ]
NOTIC: [2] Missing argument 1 for Action::show(), called in /mnt/www/html/lejun/HOME/Lib/Action/IndexAction.class.php on line 72 and defined /mnt/www/html/lejun/ThinkPHP/Lib/Core/Action.class.php 第 113 行.
NOTIC: [8] Undefined variable: content /mnt/www/html/lejun/ThinkPHP/Lib/Core/Action.class.php 第 115 行.
INFO: [ view_template ] --START--
INFO: Run LocationTemplate Behavior [ RunTime:0.003957s ]
INFO: [ view_template ] --END-- [ RunTime:0.004025s ]
INFO: [ view_parse ] --START--
NOTIC: [8] A session had already been started - ignoring session_start() /mnt/www/html/lejun/HOME/Runtime/Cache/7a41a6bbe13c5876cd2302dcb6d58711.php 第 1 行.
NOTIC: [8] A session had already been started - ignoring session_start() /mnt/www/html/lejun/HOME/Runtime/Cache/7a41a6bbe13c5876cd2302dcb6d58711.php 第 3 行.
NOTIC: [8] A session had already been started - ignoring session_start() /mnt/www/html/lejun/HOME/Runtime/Cache/7a41a6bbe13c5876cd2302dcb6d58711.php 第 140 行.
INFO: Run ParseTemplate Behavior [ RunTime:0.185881s ]
INFO: [ view_parse ] --END-- [ RunTime:0.185963s ]
INFO: [ view_filter ] --START--
INFO: Run ContentReplace Behavior [ RunTime:0.003081s ]
INFO: Run TokenBuild Behavior [ RunTime:0.001853s ]
INFO: Run WriteHtmlCache Behavior [ RunTime:0.002176s ]
INFO: Run ShowRuntime Behavior [ RunTime:0.001721s ]
INFO: [ view_filter ] --END-- [ RunTime:0.009075s ]
INFO: [ view_end ] --START--
INFO: Run ShowPageTrace Behavior [ RunTime:0.001842s ]
INFO: [ view_end ] --END-- [ RunTime:0.001909s ]

[ 2014-03-22T16:17:21+08:00 ] 221.209.27.143 /index.php/Public/code
INFO: [ route_check ] --START--
INFO: Run CheckRoute Behavior [ RunTime:0.000602s ]
INFO: [ route_check ] --END-- [ RunTime:0.000719s ]
INFO: [ app_begin ] --START--
INFO: Run ReadHtmlCache Behavior [ RunTime:0.000378s ]
INFO: [ app_begin ] --END-- [ RunTime:0.000444s ]

[ 2014-03-22T16:22:33+08:00 ] 123.125.71.17 /index.php/Show/show_gl?cheat_id=14
INFO: [ route_check ] --START--
INFO: Run CheckRoute Behavior [ RunTime:0.003990s ]
INFO: [ route_check ] --END-- [ RunTime:0.004116s ]
INFO: [ app_begin ] --START--
INFO: Run ReadHtmlCache Behavior [ RunTime:0.002507s ]
INFO: [ app_begin ] --END-- [ RunTime:0.002583s ]
SQL: SHOW COLUMNS FROM `lj_cheats` [ RunTime:0.036158s ]
SQL: UPDATE `lj_cheats` SET `clicks`=clicks+1 WHERE ( `cheats_id` = 14 ) [ RunTime:0.117143s ]
SQL: SELECT * FROM `lj_cheats` WHERE ( `cheats_id` = 14 )  [ RunTime:0.002007s ]
SQL: SHOW COLUMNS FROM `lj_user_information` [ RunTime:0.001221s ]
SQL: SELECT * FROM `lj_user_information` WHERE ( `Id` = 1 )  [ RunTime:0.017356s ]
SQL: SHOW COLUMNS FROM `lj_cheats_replay` [ RunTime:0.000616s ]
SQL: SELECT * FROM `lj_cheats_replay` WHERE ( `cheats_id` = 14 )  [ RunTime:0.010960s ]
INFO: [ view_template ] --START--
INFO: Run LocationTemplate Behavior [ RunTime:0.006616s ]
INFO: [ view_template ] --END-- [ RunTime:0.006702s ]
INFO: [ view_parse ] --START--
NOTIC: [8] A session had already been started - ignoring session_start() /mnt/www/html/lejun/HOME/Runtime/Cache/167632789be96827d074595d44c7deb4.php 第 1 行.
NOTIC: [8] A session had already been started - ignoring session_start() /mnt/www/html/lejun/HOME/Runtime/Cache/167632789be96827d074595d44c7deb4.php 第 138 行.
NOTIC: [8] Undefined index: user /mnt/www/html/lejun/HOME/Runtime/Cache/167632789be96827d074595d44c7deb4.php 第 243 行.
INFO: Run ParseTemplate Behavior [ RunTime:0.252133s ]
INFO: [ view_parse ] --END-- [ RunTime:0.252230s ]
INFO: [ view_filter ] --START--
INFO: Run ContentReplace Behavior [ RunTime:0.001774s ]
INFO: Run TokenBuild Behavior [ RunTime:0.001567s ]
INFO: Run WriteHtmlCache Behavior [ RunTime:0.001366s ]
INFO: Run ShowRuntime Behavior [ RunTime:0.001616s ]
INFO: [ view_filter ] --END-- [ RunTime:0.006519s ]
INFO: [ view_end ] --START--
INFO: Run ShowPageTrace Behavior [ RunTime:0.001858s ]
INFO: [ view_end ] --END-- [ RunTime:0.001933s ]

[ 2014-03-22T16:47:21+08:00 ] 180.153.201.66 /index.php/Public/code
INFO: [ route_check ] --START--
INFO: Run CheckRoute Behavior [ RunTime:0.004267s ]
INFO: [ route_check ] --END-- [ RunTime:0.004390s ]
INFO: [ app_begin ] --START--
INFO: Run ReadHtmlCache Behavior [ RunTime:0.001746s ]
INFO: [ app_begin ] --END-- [ RunTime:0.001816s ]

[ 2014-03-22T17:35:18+08:00 ] 66.249.65.34 /index.php/Show/show_tz?post_id=18
INFO: [ route_check ] --START--
INFO: Run CheckRoute Behavior [ RunTime:0.004426s ]
INFO: [ route_check ] --END-- [ RunTime:0.004559s ]
INFO: [ app_begin ] --START--
INFO: Run ReadHtmlCache Behavior [ RunTime:0.002368s ]
INFO: [ app_begin ] --END-- [ RunTime:0.002439s ]
SQL: SHOW COLUMNS FROM `lj_post_main` [ RunTime:0.078445s ]
SQL: UPDATE `lj_post_main` SET `clicks`=clicks+1 WHERE ( `post_id` = 18 ) [ RunTime:0.076362s ]
SQL: SELECT * FROM `lj_post_main` WHERE ( `post_id` = 18 )  [ RunTime:0.010307s ]
SQL: SHOW COLUMNS FROM `lj_user_information` [ RunTime:0.015288s ]
SQL: SELECT * FROM `lj_user_information` WHERE ( `Id` = 27 )  [ RunTime:0.000142s ]
SQL: SHOW COLUMNS FROM `lj_post_replay` [ RunTime:0.000488s ]
SQL: SELECT * FROM `lj_post_replay` WHERE ( `post_id` = 18 )  [ RunTime:0.009339s ]
SQL: SELECT * FROM `lj_user_information` WHERE ( `Id` = 22 )  [ RunTime:0.022671s ]
INFO: [ view_template ] --START--
INFO: Run LocationTemplate Behavior [ RunTime:0.027493s ]
INFO: [ view_template ] --END-- [ RunTime:0.027577s ]
INFO: [ view_parse ] --START--
NOTIC: [8] A session had already been started - ignoring session_start() /mnt/www/html/lejun/HOME/Runtime/Cache/1ccbe0629693240b941e461e7b341f67.php 第 1 行.
NOTIC: [8] A session had already been started - ignoring session_start() /mnt/www/html/lejun/HOME/Runtime/Cache/1ccbe0629693240b941e461e7b341f67.php 第 138 行.
NOTIC: [8] Undefined index: user /mnt/www/html/lejun/HOME/Runtime/Cache/1ccbe0629693240b941e461e7b341f67.php 第 241 行.
INFO: Run ParseTemplate Behavior [ RunTime:0.265207s ]
INFO: [ view_parse ] --END-- [ RunTime:0.265304s ]
INFO: [ view_filter ] --START--
INFO: Run ContentReplace Behavior [ RunTime:0.009258s ]
INFO: Run TokenBuild Behavior [ RunTime:0.002416s ]
INFO: Run WriteHtmlCache Behavior [ RunTime:0.002305s ]
INFO: Run ShowRuntime Behavior [ RunTime:0.001944s ]
INFO: [ view_filter ] --END-- [ RunTime:0.016133s ]
INFO: [ view_end ] --START--
INFO: Run ShowPageTrace Behavior [ RunTime:0.002248s ]
INFO: [ view_end ] --END-- [ RunTime:0.002339s ]

[ 2014-03-22T18:14:34+08:00 ] 221.209.27.143 /index.php/index/index_index.xml
INFO: [ route_check ] --START--
INFO: Run CheckRoute Behavior [ RunTime:0.002027s ]
INFO: [ route_check ] --END-- [ RunTime:0.002121s ]
INFO: [ app_begin ] --START--
INFO: Run ReadHtmlCache Behavior [ RunTime:0.000381s ]
INFO: [ app_begin ] --END-- [ RunTime:0.000448s ]
SQL: SHOW COLUMNS FROM `lj_cheats` [ RunTime:0.015467s ]
SQL: SHOW COLUMNS FROM `lj_cheats` [ RunTime:0.000823s ]
SQL: SELECT * FROM `lj_cheats` ORDER BY cheats_id desc LIMIT 8   [ RunTime:0.043564s ]
SQL: SHOW COLUMNS FROM `lj_post_main` [ RunTime:0.000692s ]
SQL: SHOW COLUMNS FROM `lj_post_main` [ RunTime:0.000561s ]
SQL: SELECT * FROM `lj_post_main` ORDER BY post_id desc LIMIT 8   [ RunTime:0.002137s ]
SQL: SHOW COLUMNS FROM `lj_cheats_hot` [ RunTime:0.000443s ]
SQL: SHOW COLUMNS FROM `lj_cheats_hot` [ RunTime:0.000450s ]
SQL: SELECT * FROM `lj_cheats_hot` LIMIT 8   [ RunTime:0.000098s ]
SQL: SELECT * FROM `lj_cheats` WHERE ( `cheats_id` = 1 )  [ RunTime:0.002381s ]
SQL: SELECT * FROM `lj_cheats` WHERE ( `cheats_id` = 12 )  [ RunTime:0.002174s ]
SQL: SELECT * FROM `lj_cheats` WHERE ( `cheats_id` = 13 )  [ RunTime:0.000257s ]
SQL: SELECT * FROM `lj_cheats` WHERE ( `cheats_id` = 14 )  [ RunTime:0.000101s ]
SQL: SELECT * FROM `lj_cheats` WHERE ( `cheats_id` = 19 )  [ RunTime:0.000228s ]
SQL: SELECT * FROM `lj_cheats` WHERE ( `cheats_id` = 16 )  [ RunTime:0.000220s ]
SQL: SELECT * FROM `lj_cheats` WHERE ( `cheats_id` = 17 )  [ RunTime:0.000305s ]
SQL: SELECT * FROM `lj_cheats` WHERE ( `cheats_id` = 33 )  [ RunTime:0.000217s ]
SQL: SHOW COLUMNS FROM `lj_post_hot` [ RunTime:0.000460s ]
SQL: SHOW COLUMNS FROM `lj_post_hot` [ RunTime:0.000426s ]
SQL: SELECT * FROM `lj_post_hot` LIMIT 8   [ RunTime:0.000092s ]
SQL: SELECT * FROM `lj_post_main` WHERE ( `post_id` = 9 )  [ RunTime:0.000207s ]
SQL: SELECT * FROM `lj_post_main` WHERE ( `post_id` = 1 )  [ RunTime:0.000259s ]
SQL: SELECT * FROM `lj_post_main` WHERE ( `post_id` = 8 )  [ RunTime:0.000204s ]
SQL: SELECT * FROM `lj_post_main` WHERE ( `post_id` = 11 )  [ RunTime:0.000205s ]
SQL: SELECT * FROM `lj_post_main` WHERE ( `post_id` = 10 )  [ RunTime:0.000208s ]
SQL: SELECT * FROM `lj_post_main` WHERE ( `post_id` = 18 )  [ RunTime:0.000097s ]
SQL: SELECT * FROM `lj_post_main` WHERE ( `post_id` = 17 )  [ RunTime:0.000225s ]
SQL: SHOW COLUMNS FROM `lj_board` [ RunTime:0.000497s ]
SQL: SHOW COLUMNS FROM `lj_board` [ RunTime:0.000520s ]
SQL: SELECT * FROM `lj_board` ORDER BY Id desc LIMIT 6   [ RunTime:0.000096s ]
SQL: SHOW COLUMNS FROM `lj_get_gl_from_other_site` [ RunTime:0.002772s ]
SQL: SELECT * FROM `lj_get_gl_from_other_site` ORDER BY datetime LIMIT 0,16   [ RunTime:0.007884s ]
SQL: SELECT * FROM `lj_get_gl_from_other_site` ORDER BY datetime desc LIMIT 0,16   [ RunTime:0.000151s ]
SQL: SELECT COUNT(*) AS tp_count FROM `lj_get_gl_from_other_site` LIMIT 1   [ RunTime:0.000108s ]
NOTIC: [2] Missing argument 1 for Action::show(), called in /mnt/www/html/lejun/HOME/Lib/Action/IndexAction.class.php on line 72 and defined /mnt/www/html/lejun/ThinkPHP/Lib/Core/Action.class.php 第 113 行.
NOTIC: [8] Undefined variable: content /mnt/www/html/lejun/ThinkPHP/Lib/Core/Action.class.php 第 115 行.
INFO: [ view_template ] --START--
INFO: Run LocationTemplate Behavior [ RunTime:0.004161s ]
INFO: [ view_template ] --END-- [ RunTime:0.004237s ]
INFO: [ view_parse ] --START--
NOTIC: [8] A session had already been started - ignoring session_start() /mnt/www/html/lejun/HOME/Runtime/Cache/7a41a6bbe13c5876cd2302dcb6d58711.php 第 1 行.
NOTIC: [8] A session had already been started - ignoring session_start() /mnt/www/html/lejun/HOME/Runtime/Cache/7a41a6bbe13c5876cd2302dcb6d58711.php 第 3 行.
NOTIC: [8] A session had already been started - ignoring session_start() /mnt/www/html/lejun/HOME/Runtime/Cache/7a41a6bbe13c5876cd2302dcb6d58711.php 第 140 行.
INFO: Run ParseTemplate Behavior [ RunTime:0.131810s ]
INFO: [ view_parse ] --END-- [ RunTime:0.131918s ]
INFO: [ view_filter ] --START--
INFO: Run ContentReplace Behavior [ RunTime:0.002041s ]
INFO: Run TokenBuild Behavior [ RunTime:0.001509s ]
INFO: Run WriteHtmlCache Behavior [ RunTime:0.001478s ]
INFO: Run ShowRuntime Behavior [ RunTime:0.001675s ]
INFO: [ view_filter ] --END-- [ RunTime:0.006940s ]
INFO: [ view_end ] --START--
INFO: Run ShowPageTrace Behavior [ RunTime:0.001805s ]
INFO: [ view_end ] --END-- [ RunTime:0.001870s ]

[ 2014-03-22T18:14:34+08:00 ] 221.209.27.143 /index.php/Public/code
INFO: [ route_check ] --START--
INFO: Run CheckRoute Behavior [ RunTime:0.000618s ]
INFO: [ route_check ] --END-- [ RunTime:0.000716s ]
INFO: [ app_begin ] --START--
INFO: Run ReadHtmlCache Behavior [ RunTime:0.000374s ]
INFO: [ app_begin ] --END-- [ RunTime:0.000439s ]

[ 2014-03-22T18:15:25+08:00 ] 221.209.27.143 /index.php/Login/do_login
INFO: [ route_check ] --START--
INFO: Run CheckRoute Behavior [ RunTime:0.000606s ]
INFO: [ route_check ] --END-- [ RunTime:0.000713s ]
INFO: [ app_begin ] --START--
INFO: Run ReadHtmlCache Behavior [ RunTime:0.000439s ]
INFO: [ app_begin ] --END-- [ RunTime:0.000504s ]
SQL: SHOW COLUMNS FROM `lj_user_information` [ RunTime:0.020274s ]
SQL: SELECT * FROM `lj_user_information` WHERE ( `username` = 'nele' ) AND ( `password` = 'ec376c558693fb9bf1a416bf65d3021f' )  [ RunTime:0.004027s ]
SQL: UPDATE `lj_user_information` SET `login_ip`='221.209.27.143',`last_logn_time`='2014-03-22 18:15:25' WHERE ( `username` = 'nele' ) AND ( `password` = 'ec376c558693fb9bf1a416bf65d3021f' ) [ RunTime:0.083051s ]

[ 2014-03-22T18:15:25+08:00 ] 221.209.27.143 /index.php/Index/index_index
INFO: [ route_check ] --START--
INFO: Run CheckRoute Behavior [ RunTime:0.000616s ]
INFO: [ route_check ] --END-- [ RunTime:0.000719s ]
INFO: [ app_begin ] --START--
INFO: Run ReadHtmlCache Behavior [ RunTime:0.000376s ]
INFO: [ app_begin ] --END-- [ RunTime:0.000443s ]
SQL: SHOW COLUMNS FROM `lj_cheats` [ RunTime:0.000924s ]
SQL: SHOW COLUMNS FROM `lj_cheats` [ RunTime:0.000659s ]
SQL: SELECT * FROM `lj_cheats` ORDER BY cheats_id desc LIMIT 8   [ RunTime:0.000258s ]
SQL: SHOW COLUMNS FROM `lj_post_main` [ RunTime:0.000590s ]
SQL: SHOW COLUMNS FROM `lj_post_main` [ RunTime:0.000615s ]
SQL: SELECT * FROM `lj_post_main` ORDER BY post_id desc LIMIT 8   [ RunTime:0.000106s ]
SQL: SHOW COLUMNS FROM `lj_cheats_hot` [ RunTime:0.000438s ]
SQL: SHOW COLUMNS FROM `lj_cheats_hot` [ RunTime:0.000433s ]
SQL: SELECT * FROM `lj_cheats_hot` LIMIT 8   [ RunTime:0.000093s ]
SQL: SELECT * FROM `lj_cheats` WHERE ( `cheats_id` = 1 )  [ RunTime:0.000097s ]
SQL: SELECT * FROM `lj_cheats` WHERE ( `cheats_id` = 12 )  [ RunTime:0.000128s ]
SQL: SELECT * FROM `lj_cheats` WHERE ( `cheats_id` = 13 )  [ RunTime:0.000094s ]
SQL: SELECT * FROM `lj_cheats` WHERE ( `cheats_id` = 14 )  [ RunTime:0.000120s ]
SQL: SELECT * FROM `lj_cheats` WHERE ( `cheats_id` = 19 )  [ RunTime:0.000096s ]
SQL: SELECT * FROM `lj_cheats` WHERE ( `cheats_id` = 16 )  [ RunTime:0.000093s ]
SQL: SELECT * FROM `lj_cheats` WHERE ( `cheats_id` = 17 )  [ RunTime:0.000146s ]
SQL: SELECT * FROM `lj_cheats` WHERE ( `cheats_id` = 33 )  [ RunTime:0.000094s ]
SQL: SHOW COLUMNS FROM `lj_post_hot` [ RunTime:0.000424s ]
SQL: SHOW COLUMNS FROM `lj_post_hot` [ RunTime:0.000416s ]
SQL: SELECT * FROM `lj_post_hot` LIMIT 8   [ RunTime:0.000088s ]
SQL: SELECT * FROM `lj_post_main` WHERE ( `post_id` = 9 )  [ RunTime:0.000119s ]
SQL: SELECT * FROM `lj_post_main` WHERE ( `post_id` = 1 )  [ RunTime:0.000088s ]
SQL: SELECT * FROM `lj_post_main` WHERE ( `post_id` = 8 )  [ RunTime:0.000088s ]
SQL: SELECT * FROM `lj_post_main` WHERE ( `post_id` = 11 )  [ RunTime:0.000089s ]
SQL: SELECT * FROM `lj_post_main` WHERE ( `post_id` = 10 )  [ RunTime:0.000089s ]
SQL: SELECT * FROM `lj_post_main` WHERE ( `post_id` = 18 )  [ RunTime:0.000090s ]
SQL: SELECT * FROM `lj_post_main` WHERE ( `post_id` = 17 )  [ RunTime:0.000087s ]
SQL: SHOW COLUMNS FROM `lj_board` [ RunTime:0.000502s ]
SQL: SHOW COLUMNS FROM `lj_board` [ RunTime:0.000494s ]
SQL: SELECT * FROM `lj_board` ORDER BY Id desc LIMIT 6   [ RunTime:0.000093s ]
SQL: SHOW COLUMNS FROM `lj_get_gl_from_other_site` [ RunTime:0.016985s ]
SQL: SELECT * FROM `lj_get_gl_from_other_site` ORDER BY datetime LIMIT 0,16   [ RunTime:0.000171s ]
SQL: SELECT * FROM `lj_get_gl_from_other_site` ORDER BY datetime desc LIMIT 0,16   [ RunTime:0.000099s ]
SQL: SELECT COUNT(*) AS tp_count FROM `lj_get_gl_from_other_site` LIMIT 1   [ RunTime:0.000085s ]
NOTIC: [2] Missing argument 1 for Action::show(), called in /mnt/www/html/lejun/HOME/Lib/Action/IndexAction.class.php on line 72 and defined /mnt/www/html/lejun/ThinkPHP/Lib/Core/Action.class.php 第 113 行.
NOTIC: [8] Undefined variable: content /mnt/www/html/lejun/ThinkPHP/Lib/Core/Action.class.php 第 115 行.
INFO: [ view_template ] --START--
INFO: Run LocationTemplate Behavior [ RunTime:0.002216s ]
INFO: [ view_template ] --END-- [ RunTime:0.002289s ]
INFO: [ view_parse ] --START--
NOTIC: [8] A session had already been started - ignoring session_start() /mnt/www/html/lejun/HOME/Runtime/Cache/7a41a6bbe13c5876cd2302dcb6d58711.php 第 1 行.
NOTIC: [8] A session had already been started - ignoring session_start() /mnt/www/html/lejun/HOME/Runtime/Cache/7a41a6bbe13c5876cd2302dcb6d58711.php 第 238 行.
NOTIC: [8] A session had already been started - ignoring session_start() /mnt/www/html/lejun/HOME/Runtime/Cache/7a41a6bbe13c5876cd2302dcb6d58711.php 第 375 行.
INFO: Run ParseTemplate Behavior [ RunTime:0.061959s ]
INFO: [ view_parse ] --END-- [ RunTime:0.062038s ]
INFO: [ view_filter ] --START--
INFO: Run ContentReplace Behavior [ RunTime:0.000893s ]
INFO: Run TokenBuild Behavior [ RunTime:0.000290s ]
INFO: Run WriteHtmlCache Behavior [ RunTime:0.000173s ]
INFO: Run ShowRuntime Behavior [ RunTime:0.000384s ]
INFO: [ view_filter ] --END-- [ RunTime:0.001936s ]
INFO: [ view_end ] --START--
INFO: Run ShowPageTrace Behavior [ RunTime:0.002002s ]
INFO: [ view_end ] --END-- [ RunTime:0.002069s ]

[ 2014-03-22T18:15:29+08:00 ] 221.209.27.143 /index.php/Public/code
INFO: [ route_check ] --START--
INFO: Run CheckRoute Behavior [ RunTime:0.000613s ]
INFO: [ route_check ] --END-- [ RunTime:0.000711s ]
INFO: [ app_begin ] --START--
INFO: Run ReadHtmlCache Behavior [ RunTime:0.000404s ]
INFO: [ app_begin ] --END-- [ RunTime:0.000469s ]

[ 2014-03-22T18:17:00+08:00 ] 221.209.27.143 /index.php/Publish/show_publish_gl
INFO: [ route_check ] --START--
INFO: Run CheckRoute Behavior [ RunTime:0.000613s ]
INFO: [ route_check ] --END-- [ RunTime:0.000715s ]
INFO: [ app_begin ] --START--
INFO: Run ReadHtmlCache Behavior [ RunTime:0.000373s ]
INFO: [ app_begin ] --END-- [ RunTime:0.000438s ]
NOTIC: [8] A session had already been started - ignoring session_start() /mnt/www/html/lejun/HOME/Lib/Action/PublishAction.class.php 第 59 行.
SQL: SHOW COLUMNS FROM `lj_game_list` [ RunTime:0.000648s ]
SQL: SELECT * FROM `lj_game_list`  [ RunTime:0.012944s ]
SQL: SHOW COLUMNS FROM `lj_game_list_small` [ RunTime:0.000435s ]
SQL: SELECT * FROM `lj_game_list_small`  [ RunTime:0.005465s ]
INFO: [ view_template ] --START--
INFO: Run LocationTemplate Behavior [ RunTime:0.001529s ]
INFO: [ view_template ] --END-- [ RunTime:0.001625s ]
INFO: [ view_parse ] --START--
NOTIC: [8] A session had already been started - ignoring session_start() /mnt/www/html/lejun/HOME/Runtime/Cache/7c9a9bc2ce89a0d7afb2d71ebd41c465.php 第 1 行.
NOTIC: [8] A session had already been started - ignoring session_start() /mnt/www/html/lejun/HOME/Runtime/Cache/7c9a9bc2ce89a0d7afb2d71ebd41c465.php 第 138 行.
INFO: Run ParseTemplate Behavior [ RunTime:0.038118s ]
INFO: [ view_parse ] --END-- [ RunTime:0.038188s ]
INFO: [ view_filter ] --START--
INFO: Run ContentReplace Behavior [ RunTime:0.000708s ]
INFO: Run TokenBuild Behavior [ RunTime:0.000311s ]
INFO: Run WriteHtmlCache Behavior [ RunTime:0.000172s ]
INFO: Run ShowRuntime Behavior [ RunTime:0.000367s ]
INFO: [ view_filter ] --END-- [ RunTime:0.001770s ]
INFO: [ view_end ] --START--
INFO: Run ShowPageTrace Behavior [ RunTime:0.000473s ]
INFO: [ view_end ] --END-- [ RunTime:0.000544s ]

[ 2014-03-22T18:17:00+08:00 ] 221.209.27.143 /index.php/Public/code
INFO: [ route_check ] --START--
INFO: Run CheckRoute Behavior [ RunTime:0.000579s ]
INFO: [ route_check ] --END-- [ RunTime:0.000695s ]
INFO: [ app_begin ] --START--
INFO: Run ReadHtmlCache Behavior [ RunTime:0.000377s ]
INFO: [ app_begin ] --END-- [ RunTime:0.000443s ]

[ 2014-03-22T18:22:56+08:00 ] 66.249.65.148 /index.php/index/index_index.xml
INFO: [ route_check ] --START--
INFO: Run CheckRoute Behavior [ RunTime:0.000600s ]
INFO: [ route_check ] --END-- [ RunTime:0.000702s ]
INFO: [ app_begin ] --START--
INFO: Run ReadHtmlCache Behavior [ RunTime:0.000567s ]
INFO: [ app_begin ] --END-- [ RunTime:0.000671s ]
SQL: SHOW COLUMNS FROM `lj_cheats` [ RunTime:0.000925s ]
SQL: SHOW COLUMNS FROM `lj_cheats` [ RunTime:0.000768s ]
SQL: SELECT * FROM `lj_cheats` ORDER BY cheats_id desc LIMIT 8   [ RunTime:0.000254s ]
SQL: SHOW COLUMNS FROM `lj_post_main` [ RunTime:0.000580s ]
SQL: SHOW COLUMNS FROM `lj_post_main` [ RunTime:0.000592s ]
SQL: SELECT * FROM `lj_post_main` ORDER BY post_id desc LIMIT 8   [ RunTime:0.000106s ]
SQL: SHOW COLUMNS FROM `lj_cheats_hot` [ RunTime:0.000475s ]
SQL: SHOW COLUMNS FROM `lj_cheats_hot` [ RunTime:0.000463s ]
SQL: SELECT * FROM `lj_cheats_hot` LIMIT 8   [ RunTime:0.000095s ]
SQL: SELECT * FROM `lj_cheats` WHERE ( `cheats_id` = 1 )  [ RunTime:0.000096s ]
SQL: SELECT * FROM `lj_cheats` WHERE ( `cheats_id` = 12 )  [ RunTime:0.000118s ]
SQL: SELECT * FROM `lj_cheats` WHERE ( `cheats_id` = 13 )  [ RunTime:0.000096s ]
SQL: SELECT * FROM `lj_cheats` WHERE ( `cheats_id` = 14 )  [ RunTime:0.000094s ]
SQL: SELECT * FROM `lj_cheats` WHERE ( `cheats_id` = 19 )  [ RunTime:0.000098s ]
SQL: SELECT * FROM `lj_cheats` WHERE ( `cheats_id` = 16 )  [ RunTime:0.000100s ]
SQL: SELECT * FROM `lj_cheats` WHERE ( `cheats_id` = 17 )  [ RunTime:0.000124s ]
SQL: SELECT * FROM `lj_cheats` WHERE ( `cheats_id` = 33 )  [ RunTime:0.000093s ]
SQL: SHOW COLUMNS FROM `lj_post_hot` [ RunTime:0.000458s ]
SQL: SHOW COLUMNS FROM `lj_post_hot` [ RunTime:0.000464s ]
SQL: SELECT * FROM `lj_post_hot` LIMIT 8   [ RunTime:0.000089s ]
SQL: SELECT * FROM `lj_post_main` WHERE ( `post_id` = 9 )  [ RunTime:0.000088s ]
SQL: SELECT * FROM `lj_post_main` WHERE ( `post_id` = 1 )  [ RunTime:0.000090s ]
SQL: SELECT * FROM `lj_post_main` WHERE ( `post_id` = 8 )  [ RunTime:0.000086s ]
SQL: SELECT * FROM `lj_post_main` WHERE ( `post_id` = 11 )  [ RunTime:0.000089s ]
SQL: SELECT * FROM `lj_post_main` WHERE ( `post_id` = 10 )  [ RunTime:0.000113s ]
SQL: SELECT * FROM `lj_post_main` WHERE ( `post_id` = 18 )  [ RunTime:0.000091s ]
SQL: SELECT * FROM `lj_post_main` WHERE ( `post_id` = 17 )  [ RunTime:0.000086s ]
SQL: SHOW COLUMNS FROM `lj_board` [ RunTime:0.000509s ]
SQL: SHOW COLUMNS FROM `lj_board` [ RunTime:0.000463s ]
SQL: SELECT * FROM `lj_board` ORDER BY Id desc LIMIT 6   [ RunTime:0.000092s ]
SQL: SHOW COLUMNS FROM `lj_get_gl_from_other_site` [ RunTime:0.000524s ]
SQL: SELECT * FROM `lj_get_gl_from_other_site` ORDER BY datetime LIMIT 0,16   [ RunTime:0.000118s ]
SQL: SELECT * FROM `lj_get_gl_from_other_site` ORDER BY datetime desc LIMIT 0,16   [ RunTime:0.000095s ]
SQL: SELECT COUNT(*) AS tp_count FROM `lj_get_gl_from_other_site` LIMIT 1   [ RunTime:0.000082s ]
NOTIC: [2] Missing argument 1 for Action::show(), called in /mnt/www/html/lejun/HOME/Lib/Action/IndexAction.class.php on line 72 and defined /mnt/www/html/lejun/ThinkPHP/Lib/Core/Action.class.php 第 113 行.
NOTIC: [8] Undefined variable: content /mnt/www/html/lejun/ThinkPHP/Lib/Core/Action.class.php 第 115 行.
INFO: [ view_template ] --START--
INFO: Run LocationTemplate Behavior [ RunTime:0.000253s ]
INFO: [ view_template ] --END-- [ RunTime:0.000316s ]
INFO: [ view_parse ] --START--
NOTIC: [8] A session had already been started - ignoring session_start() /mnt/www/html/lejun/HOME/Runtime/Cache/7a41a6bbe13c5876cd2302dcb6d58711.php 第 1 行.
NOTIC: [8] A session had already been started - ignoring session_start() /mnt/www/html/lejun/HOME/Runtime/Cache/7a41a6bbe13c5876cd2302dcb6d58711.php 第 3 行.
NOTIC: [8] A session had already been started - ignoring session_start() /mnt/www/html/lejun/HOME/Runtime/Cache/7a41a6bbe13c5876cd2302dcb6d58711.php 第 140 行.
INFO: Run ParseTemplate Behavior [ RunTime:0.040648s ]
INFO: [ view_parse ] --END-- [ RunTime:0.040725s ]
INFO: [ view_filter ] --START--
INFO: Run ContentReplace Behavior [ RunTime:0.000862s ]
INFO: Run TokenBuild Behavior [ RunTime:0.000283s ]
INFO: Run WriteHtmlCache Behavior [ RunTime:0.000167s ]
INFO: Run ShowRuntime Behavior [ RunTime:0.000411s ]
INFO: [ view_filter ] --END-- [ RunTime:0.001915s ]
INFO: [ view_end ] --START--
INFO: Run ShowPageTrace Behavior [ RunTime:0.000727s ]
INFO: [ view_end ] --END-- [ RunTime:0.000852s ]

[ 2014-03-22T20:05:21+08:00 ] 220.181.108.186 /index.php/Show/show_gl?cheat_id=27
INFO: [ route_check ] --START--
INFO: Run CheckRoute Behavior [ RunTime:0.003370s ]
INFO: [ route_check ] --END-- [ RunTime:0.003481s ]
INFO: [ app_begin ] --START--
INFO: Run ReadHtmlCache Behavior [ RunTime:0.001934s ]
INFO: [ app_begin ] --END-- [ RunTime:0.002006s ]
SQL: SHOW COLUMNS FROM `lj_cheats` [ RunTime:0.042201s ]
SQL: UPDATE `lj_cheats` SET `clicks`=clicks+1 WHERE ( `cheats_id` = 27 ) [ RunTime:0.043840s ]
SQL: SELECT * FROM `lj_cheats` WHERE ( `cheats_id` = 27 )  [ RunTime:0.002662s ]
SQL: SHOW COLUMNS FROM `lj_user_information` [ RunTime:0.001167s ]
SQL: SELECT * FROM `lj_user_information` WHERE ( `Id` = 6 )  [ RunTime:0.007054s ]
SQL: SHOW COLUMNS FROM `lj_cheats_replay` [ RunTime:0.000505s ]
SQL: SELECT * FROM `lj_cheats_replay` WHERE ( `cheats_id` = 27 )  [ RunTime:0.010159s ]
INFO: [ view_template ] --START--
INFO: Run LocationTemplate Behavior [ RunTime:0.004972s ]
INFO: [ view_template ] --END-- [ RunTime:0.005046s ]
INFO: [ view_parse ] --START--
NOTIC: [8] A session had already been started - ignoring session_start() /mnt/www/html/lejun/HOME/Runtime/Cache/167632789be96827d074595d44c7deb4.php 第 1 行.
NOTIC: [8] A session had already been started - ignoring session_start() /mnt/www/html/lejun/HOME/Runtime/Cache/167632789be96827d074595d44c7deb4.php 第 138 行.
NOTIC: [8] Undefined index: user /mnt/www/html/lejun/HOME/Runtime/Cache/167632789be96827d074595d44c7deb4.php 第 243 行.
INFO: Run ParseTemplate Behavior [ RunTime:0.177881s ]
INFO: [ view_parse ] --END-- [ RunTime:0.177996s ]
INFO: [ view_filter ] --START--
INFO: Run ContentReplace Behavior [ RunTime:0.002212s ]
INFO: Run TokenBuild Behavior [ RunTime:0.001619s ]
INFO: Run WriteHtmlCache Behavior [ RunTime:0.001342s ]
INFO: Run ShowRuntime Behavior [ RunTime:0.001573s ]
INFO: [ view_filter ] --END-- [ RunTime:0.007090s ]
INFO: [ view_end ] --START--
INFO: Run ShowPageTrace Behavior [ RunTime:0.001604s ]
INFO: [ view_end ] --END-- [ RunTime:0.001678s ]

[ 2014-03-22T22:17:58+08:00 ] 66.249.67.20 /index.php/index/index_index.xml
INFO: [ route_check ] --START--
INFO: Run CheckRoute Behavior [ RunTime:0.002215s ]
INFO: [ route_check ] --END-- [ RunTime:0.002329s ]
INFO: [ app_begin ] --START--
INFO: Run ReadHtmlCache Behavior [ RunTime:0.000666s ]
INFO: [ app_begin ] --END-- [ RunTime:0.000737s ]
SQL: SHOW COLUMNS FROM `lj_cheats` [ RunTime:0.009217s ]
SQL: SHOW COLUMNS FROM `lj_cheats` [ RunTime:0.000698s ]
SQL: SELECT * FROM `lj_cheats` ORDER BY cheats_id desc LIMIT 8   [ RunTime:0.058417s ]
SQL: SHOW COLUMNS FROM `lj_post_main` [ RunTime:0.000617s ]
SQL: SHOW COLUMNS FROM `lj_post_main` [ RunTime:0.000576s ]
SQL: SELECT * FROM `lj_post_main` ORDER BY post_id desc LIMIT 8   [ RunTime:0.001947s ]
SQL: SHOW COLUMNS FROM `lj_cheats_hot` [ RunTime:0.055400s ]
SQL: SHOW COLUMNS FROM `lj_cheats_hot` [ RunTime:0.000485s ]
SQL: SELECT * FROM `lj_cheats_hot` LIMIT 8   [ RunTime:0.001450s ]
SQL: SELECT * FROM `lj_cheats` WHERE ( `cheats_id` = 1 )  [ RunTime:0.019649s ]
SQL: SELECT * FROM `lj_cheats` WHERE ( `cheats_id` = 12 )  [ RunTime:0.002731s ]
SQL: SELECT * FROM `lj_cheats` WHERE ( `cheats_id` = 13 )  [ RunTime:0.000246s ]
SQL: SELECT * FROM `lj_cheats` WHERE ( `cheats_id` = 14 )  [ RunTime:0.000227s ]
SQL: SELECT * FROM `lj_cheats` WHERE ( `cheats_id` = 19 )  [ RunTime:0.000223s ]
SQL: SELECT * FROM `lj_cheats` WHERE ( `cheats_id` = 16 )  [ RunTime:0.000223s ]
SQL: SELECT * FROM `lj_cheats` WHERE ( `cheats_id` = 17 )  [ RunTime:0.000303s ]
SQL: SELECT * FROM `lj_cheats` WHERE ( `cheats_id` = 33 )  [ RunTime:0.000218s ]
SQL: SHOW COLUMNS FROM `lj_post_hot` [ RunTime:0.033821s ]
SQL: SHOW COLUMNS FROM `lj_post_hot` [ RunTime:0.000413s ]
SQL: SELECT * FROM `lj_post_hot` LIMIT 8   [ RunTime:0.001844s ]
SQL: SELECT * FROM `lj_post_main` WHERE ( `post_id` = 9 )  [ RunTime:0.000215s ]
SQL: SELECT * FROM `lj_post_main` WHERE ( `post_id` = 1 )  [ RunTime:0.000200s ]
SQL: SELECT * FROM `lj_post_main` WHERE ( `post_id` = 8 )  [ RunTime:0.000202s ]
SQL: SELECT * FROM `lj_post_main` WHERE ( `post_id` = 11 )  [ RunTime:0.000237s ]
SQL: SELECT * FROM `lj_post_main` WHERE ( `post_id` = 10 )  [ RunTime:0.000228s ]
SQL: SELECT * FROM `lj_post_main` WHERE ( `post_id` = 18 )  [ RunTime:0.000205s ]
SQL: SELECT * FROM `lj_post_main` WHERE ( `post_id` = 17 )  [ RunTime:0.000229s ]
SQL: SHOW COLUMNS FROM `lj_board` [ RunTime:0.031005s ]
SQL: SHOW COLUMNS FROM `lj_board` [ RunTime:0.000555s ]
SQL: SELECT * FROM `lj_board` ORDER BY Id desc LIMIT 6   [ RunTime:0.001452s ]
SQL: SHOW COLUMNS FROM `lj_get_gl_from_other_site` [ RunTime:0.064826s ]
SQL: SELECT * FROM `lj_get_gl_from_other_site` ORDER BY datetime LIMIT 0,16   [ RunTime:0.006474s ]
SQL: SELECT * FROM `lj_get_gl_from_other_site` ORDER BY datetime desc LIMIT 0,16   [ RunTime:0.000700s ]
SQL: SELECT COUNT(*) AS tp_count FROM `lj_get_gl_from_other_site` LIMIT 1   [ RunTime:0.000513s ]
NOTIC: [2] Missing argument 1 for Action::show(), called in /mnt/www/html/lejun/HOME/Lib/Action/IndexAction.class.php on line 72 and defined /mnt/www/html/lejun/ThinkPHP/Lib/Core/Action.class.php 第 113 行.
NOTIC: [8] Undefined variable: content /mnt/www/html/lejun/ThinkPHP/Lib/Core/Action.class.php 第 115 行.
INFO: [ view_template ] --START--
INFO: Run LocationTemplate Behavior [ RunTime:0.003892s ]
INFO: [ view_template ] --END-- [ RunTime:0.003967s ]
INFO: [ view_parse ] --START--
NOTIC: [8] A session had already been started - ignoring session_start() /mnt/www/html/lejun/HOME/Runtime/Cache/7a41a6bbe13c5876cd2302dcb6d58711.php 第 1 行.
NOTIC: [8] A session had already been started - ignoring session_start() /mnt/www/html/lejun/HOME/Runtime/Cache/7a41a6bbe13c5876cd2302dcb6d58711.php 第 3 行.
NOTIC: [8] A session had already been started - ignoring session_start() /mnt/www/html/lejun/HOME/Runtime/Cache/7a41a6bbe13c5876cd2302dcb6d58711.php 第 140 行.
INFO: Run ParseTemplate Behavior [ RunTime:0.201262s ]
INFO: [ view_parse ] --END-- [ RunTime:0.201374s ]
INFO: [ view_filter ] --START--
INFO: Run ContentReplace Behavior [ RunTime:0.002028s ]
INFO: Run TokenBuild Behavior [ RunTime:0.001412s ]
INFO: Run WriteHtmlCache Behavior [ RunTime:0.001371s ]
INFO: Run ShowRuntime Behavior [ RunTime:0.001790s ]
INFO: [ view_filter ] --END-- [ RunTime:0.006819s ]
INFO: [ view_end ] --START--
INFO: Run ShowPageTrace Behavior [ RunTime:0.002438s ]
INFO: [ view_end ] --END-- [ RunTime:0.002565s ]

[ 2014-03-22T23:07:17+08:00 ] 61.146.178.189 /index.php/index/index_index.xml
INFO: [ route_check ] --START--
INFO: Run CheckRoute Behavior [ RunTime:0.001937s ]
INFO: [ route_check ] --END-- [ RunTime:0.002040s ]
INFO: [ app_begin ] --START--
INFO: Run ReadHtmlCache Behavior [ RunTime:0.000379s ]
INFO: [ app_begin ] --END-- [ RunTime:0.000444s ]
SQL: SHOW COLUMNS FROM `lj_cheats` [ RunTime:0.022323s ]
SQL: SHOW COLUMNS FROM `lj_cheats` [ RunTime:0.000671s ]
SQL: SELECT * FROM `lj_cheats` ORDER BY cheats_id desc LIMIT 8   [ RunTime:0.000254s ]
SQL: SHOW COLUMNS FROM `lj_post_main` [ RunTime:0.000587s ]
SQL: SHOW COLUMNS FROM `lj_post_main` [ RunTime:0.000572s ]
SQL: SELECT * FROM `lj_post_main` ORDER BY post_id desc LIMIT 8   [ RunTime:0.000102s ]
SQL: SHOW COLUMNS FROM `lj_cheats_hot` [ RunTime:0.000477s ]
SQL: SHOW COLUMNS FROM `lj_cheats_hot` [ RunTime:0.000416s ]
SQL: SELECT * FROM `lj_cheats_hot` LIMIT 8   [ RunTime:0.000090s ]
SQL: SELECT * FROM `lj_cheats` WHERE ( `cheats_id` = 1 )  [ RunTime:0.000095s ]
SQL: SELECT * FROM `lj_cheats` WHERE ( `cheats_id` = 12 )  [ RunTime:0.000127s ]
SQL: SELECT * FROM `lj_cheats` WHERE ( `cheats_id` = 13 )  [ RunTime:0.000093s ]
SQL: SELECT * FROM `lj_cheats` WHERE ( `cheats_id` = 14 )  [ RunTime:0.000093s ]
SQL: SELECT * FROM `lj_cheats` WHERE ( `cheats_id` = 19 )  [ RunTime:0.000095s ]
SQL: SELECT * FROM `lj_cheats` WHERE ( `cheats_id` = 16 )  [ RunTime:0.000090s ]
SQL: SELECT * FROM `lj_cheats` WHERE ( `cheats_id` = 17 )  [ RunTime:0.000123s ]
SQL: SELECT * FROM `lj_cheats` WHERE ( `cheats_id` = 33 )  [ RunTime:0.000089s ]
SQL: SHOW COLUMNS FROM `lj_post_hot` [ RunTime:0.000481s ]
SQL: SHOW COLUMNS FROM `lj_post_hot` [ RunTime:0.000480s ]
SQL: SELECT * FROM `lj_post_hot` LIMIT 8   [ RunTime:0.000145s ]
SQL: SELECT * FROM `lj_post_main` WHERE ( `post_id` = 9 )  [ RunTime:0.000099s ]
SQL: SELECT * FROM `lj_post_main` WHERE ( `post_id` = 1 )  [ RunTime:0.000093s ]
SQL: SELECT * FROM `lj_post_main` WHERE ( `post_id` = 8 )  [ RunTime:0.000119s ]
SQL: SELECT * FROM `lj_post_main` WHERE ( `post_id` = 11 )  [ RunTime:0.000096s ]
SQL: SELECT * FROM `lj_post_main` WHERE ( `post_id` = 10 )  [ RunTime:0.000090s ]
SQL: SELECT * FROM `lj_post_main` WHERE ( `post_id` = 18 )  [ RunTime:0.000093s ]
SQL: SELECT * FROM `lj_post_main` WHERE ( `post_id` = 17 )  [ RunTime:0.000090s ]
SQL: SHOW COLUMNS FROM `lj_board` [ RunTime:0.000493s ]
SQL: SHOW COLUMNS FROM `lj_board` [ RunTime:0.000469s ]
SQL: SELECT * FROM `lj_board` ORDER BY Id desc LIMIT 6   [ RunTime:0.000094s ]
SQL: SHOW COLUMNS FROM `lj_get_gl_from_other_site` [ RunTime:0.014403s ]
SQL: SELECT * FROM `lj_get_gl_from_other_site` ORDER BY datetime LIMIT 0,16   [ RunTime:0.011541s ]
SQL: SELECT * FROM `lj_get_gl_from_other_site` ORDER BY datetime desc LIMIT 0,16   [ RunTime:0.000101s ]
SQL: SELECT COUNT(*) AS tp_count FROM `lj_get_gl_from_other_site` LIMIT 1   [ RunTime:0.000085s ]
NOTIC: [2] Missing argument 1 for Action::show(), called in /mnt/www/html/lejun/HOME/Lib/Action/IndexAction.class.php on line 72 and defined /mnt/www/html/lejun/ThinkPHP/Lib/Core/Action.class.php 第 113 行.
NOTIC: [8] Undefined variable: content /mnt/www/html/lejun/ThinkPHP/Lib/Core/Action.class.php 第 115 行.
INFO: [ view_template ] --START--
INFO: Run LocationTemplate Behavior [ RunTime:0.004253s ]
INFO: [ view_template ] --END-- [ RunTime:0.004324s ]
INFO: [ view_parse ] --START--
NOTIC: [8] A session had already been started - ignoring session_start() /mnt/www/html/lejun/HOME/Runtime/Cache/7a41a6bbe13c5876cd2302dcb6d58711.php 第 1 行.
NOTIC: [8] A session had already been started - ignoring session_start() /mnt/www/html/lejun/HOME/Runtime/Cache/7a41a6bbe13c5876cd2302dcb6d58711.php 第 3 行.
NOTIC: [8] A session had already been started - ignoring session_start() /mnt/www/html/lejun/HOME/Runtime/Cache/7a41a6bbe13c5876cd2302dcb6d58711.php 第 140 行.
INFO: Run ParseTemplate Behavior [ RunTime:0.131332s ]
INFO: [ view_parse ] --END-- [ RunTime:0.131417s ]
INFO: [ view_filter ] --START--
INFO: Run ContentReplace Behavior [ RunTime:0.002079s ]
INFO: Run TokenBuild Behavior [ RunTime:0.001542s ]
INFO: Run WriteHtmlCache Behavior [ RunTime:0.001463s ]
INFO: Run ShowRuntime Behavior [ RunTime:0.001981s ]
INFO: [ view_filter ] --END-- [ RunTime:0.007291s ]
INFO: [ view_end ] --START--
INFO: Run ShowPageTrace Behavior [ RunTime:0.001787s ]
INFO: [ view_end ] --END-- [ RunTime:0.001854s ]

