[ 2014-04-23T02:10:09+08:00 ] 127.0.0.1 /index.php/index/index_index.xml
INFO: [ route_check ] --START--
INFO: Run CheckRoute Behavior [ RunTime:0.003439s ]
INFO: [ route_check ] --END-- [ RunTime:0.003542s ]
INFO: [ app_begin ] --START--
INFO: Run ReadHtmlCache Behavior [ RunTime:0.000410s ]
INFO: [ app_begin ] --END-- [ RunTime:0.000476s ]
SQL: SHOW COLUMNS FROM `lj_cheats` [ RunTime:0.032337s ]
SQL: SHOW COLUMNS FROM `lj_cheats` [ RunTime:0.000726s ]
SQL: SELECT * FROM `lj_cheats` ORDER BY cheats_id desc LIMIT 8   [ RunTime:0.058179s ]
SQL: SHOW COLUMNS FROM `lj_post_main` [ RunTime:0.000639s ]
SQL: SHOW COLUMNS FROM `lj_post_main` [ RunTime:0.000585s ]
SQL: SELECT * FROM `lj_post_main` ORDER BY post_id desc LIMIT 8   [ RunTime:0.035386s ]
SQL: SHOW COLUMNS FROM `lj_cheats_hot` [ RunTime:0.035264s ]
SQL: SHOW COLUMNS FROM `lj_cheats_hot` [ RunTime:0.000429s ]
SQL: SELECT * FROM `lj_cheats_hot` LIMIT 8   [ RunTime:0.001424s ]
SQL: SELECT * FROM `lj_cheats` WHERE ( `cheats_id` = 1 )  [ RunTime:0.014410s ]
SQL: SELECT * FROM `lj_cheats` WHERE ( `cheats_id` = 12 )  [ RunTime:0.002132s ]
SQL: SELECT * FROM `lj_cheats` WHERE ( `cheats_id` = 13 )  [ RunTime:0.000225s ]
SQL: SELECT * FROM `lj_cheats` WHERE ( `cheats_id` = 14 )  [ RunTime:0.000246s ]
SQL: SELECT * FROM `lj_cheats` WHERE ( `cheats_id` = 19 )  [ RunTime:0.000249s ]
SQL: SELECT * FROM `lj_cheats` WHERE ( `cheats_id` = 16 )  [ RunTime:0.000249s ]
SQL: SELECT * FROM `lj_cheats` WHERE ( `cheats_id` = 17 )  [ RunTime:0.000262s ]
SQL: SELECT * FROM `lj_cheats` WHERE ( `cheats_id` = 33 )  [ RunTime:0.000235s ]
SQL: SHOW COLUMNS FROM `lj_post_hot` [ RunTime:0.031000s ]
SQL: SHOW COLUMNS FROM `lj_post_hot` [ RunTime:0.000411s ]
SQL: SELECT * FROM `lj_post_hot` LIMIT 8   [ RunTime:0.007248s ]
SQL: SELECT * FROM `lj_post_main` WHERE ( `post_id` = 9 )  [ RunTime:0.000209s ]
SQL: SELECT * FROM `lj_post_main` WHERE ( `post_id` = 1 )  [ RunTime:0.000227s ]
SQL: SELECT * FROM `lj_post_main` WHERE ( `post_id` = 8 )  [ RunTime:0.000240s ]
SQL: SELECT * FROM `lj_post_main` WHERE ( `post_id` = 11 )  [ RunTime:0.000206s ]
SQL: SELECT * FROM `lj_post_main` WHERE ( `post_id` = 10 )  [ RunTime:0.000202s ]
SQL: SELECT * FROM `lj_post_main` WHERE ( `post_id` = 18 )  [ RunTime:0.000209s ]
SQL: SELECT * FROM `lj_post_main` WHERE ( `post_id` = 17 )  [ RunTime:0.000233s ]
SQL: SHOW COLUMNS FROM `lj_board` [ RunTime:0.036884s ]
SQL: SHOW COLUMNS FROM `lj_board` [ RunTime:0.000470s ]
SQL: SELECT * FROM `lj_board` ORDER BY Id desc LIMIT 6   [ RunTime:0.002293s ]
SQL: SHOW COLUMNS FROM `lj_get_gl_from_other_site` [ RunTime:0.153277s ]
SQL: SELECT * FROM `lj_get_gl_from_other_site` ORDER BY datetime LIMIT 0,16   [ RunTime:0.003498s ]
SQL: SELECT * FROM `lj_get_gl_from_other_site` ORDER BY datetime desc LIMIT 0,16   [ RunTime:0.000724s ]
SQL: SELECT COUNT(*) AS tp_count FROM `lj_get_gl_from_other_site` LIMIT 1   [ RunTime:0.000350s ]
NOTIC: [2] Missing argument 1 for Action::show(), called in /mnt/www/html/lejun/HOME/Lib/Action/IndexAction.class.php on line 72 and defined /mnt/www/html/lejun/ThinkPHP/Lib/Core/Action.class.php 第 113 行.
NOTIC: [8] Undefined variable: content /mnt/www/html/lejun/ThinkPHP/Lib/Core/Action.class.php 第 115 行.
INFO: [ view_template ] --START--
INFO: Run LocationTemplate Behavior [ RunTime:0.005799s ]
INFO: [ view_template ] --END-- [ RunTime:0.005876s ]
INFO: [ view_parse ] --START--
NOTIC: [8] A session had already been started - ignoring session_start() /mnt/www/html/lejun/HOME/Runtime/Cache/7a41a6bbe13c5876cd2302dcb6d58711.php 第 1 行.
NOTIC: [8] A session had already been started - ignoring session_start() /mnt/www/html/lejun/HOME/Runtime/Cache/7a41a6bbe13c5876cd2302dcb6d58711.php 第 3 行.
NOTIC: [8] A session had already been started - ignoring session_start() /mnt/www/html/lejun/HOME/Runtime/Cache/7a41a6bbe13c5876cd2302dcb6d58711.php 第 140 行.
INFO: Run ParseTemplate Behavior [ RunTime:0.197437s ]
INFO: [ view_parse ] --END-- [ RunTime:0.197531s ]
INFO: [ view_filter ] --START--
INFO: Run ContentReplace Behavior [ RunTime:0.005672s ]
INFO: Run TokenBuild Behavior [ RunTime:0.002254s ]
INFO: Run WriteHtmlCache Behavior [ RunTime:0.002306s ]
INFO: Run ShowRuntime Behavior [ RunTime:0.002394s ]
INFO: [ view_filter ] --END-- [ RunTime:0.012840s ]
INFO: [ view_end ] --START--
INFO: Run ShowPageTrace Behavior [ RunTime:0.002525s ]
INFO: [ view_end ] --END-- [ RunTime:0.002604s ]

[ 2014-04-23T04:47:56+08:00 ] 66.249.74.151 /index.php/index/index_index.xml
INFO: [ route_check ] --START--
INFO: Run CheckRoute Behavior [ RunTime:0.003189s ]
INFO: [ route_check ] --END-- [ RunTime:0.003318s ]
INFO: [ app_begin ] --START--
INFO: Run ReadHtmlCache Behavior [ RunTime:0.000417s ]
INFO: [ app_begin ] --END-- [ RunTime:0.000482s ]
SQL: SHOW COLUMNS FROM `lj_cheats` [ RunTime:0.057960s ]
SQL: SHOW COLUMNS FROM `lj_cheats` [ RunTime:0.000698s ]
SQL: SELECT * FROM `lj_cheats` ORDER BY cheats_id desc LIMIT 8   [ RunTime:0.059533s ]
SQL: SHOW COLUMNS FROM `lj_post_main` [ RunTime:0.000797s ]
SQL: SHOW COLUMNS FROM `lj_post_main` [ RunTime:0.000544s ]
SQL: SELECT * FROM `lj_post_main` ORDER BY post_id desc LIMIT 8   [ RunTime:0.026274s ]
SQL: SHOW COLUMNS FROM `lj_cheats_hot` [ RunTime:0.054830s ]
SQL: SHOW COLUMNS FROM `lj_cheats_hot` [ RunTime:0.000438s ]
SQL: SELECT * FROM `lj_cheats_hot` LIMIT 8   [ RunTime:0.002204s ]
SQL: SELECT * FROM `lj_cheats` WHERE ( `cheats_id` = 1 )  [ RunTime:0.010919s ]
SQL: SELECT * FROM `lj_cheats` WHERE ( `cheats_id` = 12 )  [ RunTime:0.002751s ]
SQL: SELECT * FROM `lj_cheats` WHERE ( `cheats_id` = 13 )  [ RunTime:0.000261s ]
SQL: SELECT * FROM `lj_cheats` WHERE ( `cheats_id` = 14 )  [ RunTime:0.000217s ]
SQL: SELECT * FROM `lj_cheats` WHERE ( `cheats_id` = 19 )  [ RunTime:0.000223s ]
SQL: SELECT * FROM `lj_cheats` WHERE ( `cheats_id` = 16 )  [ RunTime:0.000245s ]
SQL: SELECT * FROM `lj_cheats` WHERE ( `cheats_id` = 17 )  [ RunTime:0.000275s ]
SQL: SELECT * FROM `lj_cheats` WHERE ( `cheats_id` = 33 )  [ RunTime:0.000213s ]
SQL: SHOW COLUMNS FROM `lj_post_hot` [ RunTime:0.015401s ]
SQL: SHOW COLUMNS FROM `lj_post_hot` [ RunTime:0.000403s ]
SQL: SELECT * FROM `lj_post_hot` LIMIT 8   [ RunTime:0.002158s ]
SQL: SELECT * FROM `lj_post_main` WHERE ( `post_id` = 9 )  [ RunTime:0.000205s ]
SQL: SELECT * FROM `lj_post_main` WHERE ( `post_id` = 1 )  [ RunTime:0.000202s ]
SQL: SELECT * FROM `lj_post_main` WHERE ( `post_id` = 8 )  [ RunTime:0.000233s ]
SQL: SELECT * FROM `lj_post_main` WHERE ( `post_id` = 11 )  [ RunTime:0.000202s ]
SQL: SELECT * FROM `lj_post_main` WHERE ( `post_id` = 10 )  [ RunTime:0.000204s ]
SQL: SELECT * FROM `lj_post_main` WHERE ( `post_id` = 18 )  [ RunTime:0.000208s ]
SQL: SELECT * FROM `lj_post_main` WHERE ( `post_id` = 17 )  [ RunTime:0.000229s ]
SQL: SHOW COLUMNS FROM `lj_board` [ RunTime:0.028829s ]
SQL: SHOW COLUMNS FROM `lj_board` [ RunTime:0.000481s ]
SQL: SELECT * FROM `lj_board` ORDER BY Id desc LIMIT 6   [ RunTime:0.003159s ]
SQL: SHOW COLUMNS FROM `lj_get_gl_from_other_site` [ RunTime:0.283956s ]
SQL: SELECT * FROM `lj_get_gl_from_other_site` ORDER BY datetime LIMIT 0,16   [ RunTime:0.010037s ]
SQL: SELECT * FROM `lj_get_gl_from_other_site` ORDER BY datetime desc LIMIT 0,16   [ RunTime:0.000720s ]
SQL: SELECT COUNT(*) AS tp_count FROM `lj_get_gl_from_other_site` LIMIT 1   [ RunTime:0.000408s ]
NOTIC: [2] Missing argument 1 for Action::show(), called in /mnt/www/html/lejun/HOME/Lib/Action/IndexAction.class.php on line 72 and defined /mnt/www/html/lejun/ThinkPHP/Lib/Core/Action.class.php 第 113 行.
NOTIC: [8] Undefined variable: content /mnt/www/html/lejun/ThinkPHP/Lib/Core/Action.class.php 第 115 行.
INFO: [ view_template ] --START--
INFO: Run LocationTemplate Behavior [ RunTime:0.005989s ]
INFO: [ view_template ] --END-- [ RunTime:0.006078s ]
INFO: [ view_parse ] --START--
NOTIC: [8] A session had already been started - ignoring session_start() /mnt/www/html/lejun/HOME/Runtime/Cache/7a41a6bbe13c5876cd2302dcb6d58711.php 第 1 行.
NOTIC: [8] A session had already been started - ignoring session_start() /mnt/www/html/lejun/HOME/Runtime/Cache/7a41a6bbe13c5876cd2302dcb6d58711.php 第 3 行.
NOTIC: [8] A session had already been started - ignoring session_start() /mnt/www/html/lejun/HOME/Runtime/Cache/7a41a6bbe13c5876cd2302dcb6d58711.php 第 140 行.
INFO: Run ParseTemplate Behavior [ RunTime:0.195144s ]
INFO: [ view_parse ] --END-- [ RunTime:0.195232s ]
INFO: [ view_filter ] --START--
INFO: Run ContentReplace Behavior [ RunTime:0.002967s ]
INFO: Run TokenBuild Behavior [ RunTime:0.001860s ]
INFO: Run WriteHtmlCache Behavior [ RunTime:0.001991s ]
INFO: Run ShowRuntime Behavior [ RunTime:0.001884s ]
INFO: [ view_filter ] --END-- [ RunTime:0.008896s ]
INFO: [ view_end ] --START--
INFO: Run ShowPageTrace Behavior [ RunTime:0.002533s ]
INFO: [ view_end ] --END-- [ RunTime:0.002664s ]

[ 2014-04-23T05:22:10+08:00 ] 66.249.79.251 /index.php/index/index_index.xml
INFO: [ route_check ] --START--
INFO: Run CheckRoute Behavior [ RunTime:0.002936s ]
INFO: [ route_check ] --END-- [ RunTime:0.003034s ]
INFO: [ app_begin ] --START--
INFO: Run ReadHtmlCache Behavior [ RunTime:0.000382s ]
INFO: [ app_begin ] --END-- [ RunTime:0.000450s ]
SQL: SHOW COLUMNS FROM `lj_cheats` [ RunTime:0.059566s ]
SQL: SHOW COLUMNS FROM `lj_cheats` [ RunTime:0.001016s ]
SQL: SELECT * FROM `lj_cheats` ORDER BY cheats_id desc LIMIT 8   [ RunTime:0.000263s ]
SQL: SHOW COLUMNS FROM `lj_post_main` [ RunTime:0.000622s ]
SQL: SHOW COLUMNS FROM `lj_post_main` [ RunTime:0.000585s ]
SQL: SELECT * FROM `lj_post_main` ORDER BY post_id desc LIMIT 8   [ RunTime:0.000105s ]
SQL: SHOW COLUMNS FROM `lj_cheats_hot` [ RunTime:0.000465s ]
SQL: SHOW COLUMNS FROM `lj_cheats_hot` [ RunTime:0.000421s ]
SQL: SELECT * FROM `lj_cheats_hot` LIMIT 8   [ RunTime:0.000094s ]
SQL: SELECT * FROM `lj_cheats` WHERE ( `cheats_id` = 1 )  [ RunTime:0.000096s ]
SQL: SELECT * FROM `lj_cheats` WHERE ( `cheats_id` = 12 )  [ RunTime:0.000127s ]
SQL: SELECT * FROM `lj_cheats` WHERE ( `cheats_id` = 13 )  [ RunTime:0.000099s ]
SQL: SELECT * FROM `lj_cheats` WHERE ( `cheats_id` = 14 )  [ RunTime:0.000133s ]
SQL: SELECT * FROM `lj_cheats` WHERE ( `cheats_id` = 19 )  [ RunTime:0.000099s ]
SQL: SELECT * FROM `lj_cheats` WHERE ( `cheats_id` = 16 )  [ RunTime:0.000096s ]
SQL: SELECT * FROM `lj_cheats` WHERE ( `cheats_id` = 17 )  [ RunTime:0.000128s ]
SQL: SELECT * FROM `lj_cheats` WHERE ( `cheats_id` = 33 )  [ RunTime:0.000095s ]
SQL: SHOW COLUMNS FROM `lj_post_hot` [ RunTime:0.000450s ]
SQL: SHOW COLUMNS FROM `lj_post_hot` [ RunTime:0.000405s ]
SQL: SELECT * FROM `lj_post_hot` LIMIT 8   [ RunTime:0.000089s ]
SQL: SELECT * FROM `lj_post_main` WHERE ( `post_id` = 9 )  [ RunTime:0.000093s ]
SQL: SELECT * FROM `lj_post_main` WHERE ( `post_id` = 1 )  [ RunTime:0.000091s ]
SQL: SELECT * FROM `lj_post_main` WHERE ( `post_id` = 8 )  [ RunTime:0.000090s ]
SQL: SELECT * FROM `lj_post_main` WHERE ( `post_id` = 11 )  [ RunTime:0.000090s ]
SQL: SELECT * FROM `lj_post_main` WHERE ( `post_id` = 10 )  [ RunTime:0.000091s ]
SQL: SELECT * FROM `lj_post_main` WHERE ( `post_id` = 18 )  [ RunTime:0.000091s ]
SQL: SELECT * FROM `lj_post_main` WHERE ( `post_id` = 17 )  [ RunTime:0.000090s ]
SQL: SHOW COLUMNS FROM `lj_board` [ RunTime:0.000480s ]
SQL: SHOW COLUMNS FROM `lj_board` [ RunTime:0.000493s ]
SQL: SELECT * FROM `lj_board` ORDER BY Id desc LIMIT 6   [ RunTime:0.000092s ]
SQL: SHOW COLUMNS FROM `lj_get_gl_from_other_site` [ RunTime:0.043923s ]
SQL: SELECT * FROM `lj_get_gl_from_other_site` ORDER BY datetime LIMIT 0,16   [ RunTime:0.011636s ]
SQL: SELECT * FROM `lj_get_gl_from_other_site` ORDER BY datetime desc LIMIT 0,16   [ RunTime:0.000122s ]
SQL: SELECT COUNT(*) AS tp_count FROM `lj_get_gl_from_other_site` LIMIT 1   [ RunTime:0.000086s ]
NOTIC: [2] Missing argument 1 for Action::show(), called in /mnt/www/html/lejun/HOME/Lib/Action/IndexAction.class.php on line 72 and defined /mnt/www/html/lejun/ThinkPHP/Lib/Core/Action.class.php 第 113 行.
NOTIC: [8] Undefined variable: content /mnt/www/html/lejun/ThinkPHP/Lib/Core/Action.class.php 第 115 行.
INFO: [ view_template ] --START--
INFO: Run LocationTemplate Behavior [ RunTime:0.005289s ]
INFO: [ view_template ] --END-- [ RunTime:0.005373s ]
INFO: [ view_parse ] --START--
NOTIC: [8] A session had already been started - ignoring session_start() /mnt/www/html/lejun/HOME/Runtime/Cache/7a41a6bbe13c5876cd2302dcb6d58711.php 第 1 行.
NOTIC: [8] A session had already been started - ignoring session_start() /mnt/www/html/lejun/HOME/Runtime/Cache/7a41a6bbe13c5876cd2302dcb6d58711.php 第 3 行.
NOTIC: [8] A session had already been started - ignoring session_start() /mnt/www/html/lejun/HOME/Runtime/Cache/7a41a6bbe13c5876cd2302dcb6d58711.php 第 140 行.
INFO: Run ParseTemplate Behavior [ RunTime:0.211692s ]
INFO: [ view_parse ] --END-- [ RunTime:0.211804s ]
INFO: [ view_filter ] --START--
INFO: Run ContentReplace Behavior [ RunTime:0.002505s ]
INFO: Run TokenBuild Behavior [ RunTime:0.002047s ]
INFO: Run WriteHtmlCache Behavior [ RunTime:0.001798s ]
INFO: Run ShowRuntime Behavior [ RunTime:0.002317s ]
INFO: [ view_filter ] --END-- [ RunTime:0.008887s ]
INFO: [ view_end ] --START--
INFO: Run ShowPageTrace Behavior [ RunTime:0.002504s ]
INFO: [ view_end ] --END-- [ RunTime:0.002612s ]

[ 2014-04-23T05:37:12+08:00 ] 66.249.74.156 /index.php/index/index_index.xml
INFO: [ route_check ] --START--
INFO: Run CheckRoute Behavior [ RunTime:0.002972s ]
INFO: [ route_check ] --END-- [ RunTime:0.003075s ]
INFO: [ app_begin ] --START--
INFO: Run ReadHtmlCache Behavior [ RunTime:0.000381s ]
INFO: [ app_begin ] --END-- [ RunTime:0.000448s ]
SQL: SHOW COLUMNS FROM `lj_cheats` [ RunTime:0.042541s ]
SQL: SHOW COLUMNS FROM `lj_cheats` [ RunTime:0.000749s ]
SQL: SELECT * FROM `lj_cheats` ORDER BY cheats_id desc LIMIT 8   [ RunTime:0.000276s ]
SQL: SHOW COLUMNS FROM `lj_post_main` [ RunTime:0.000823s ]
SQL: SHOW COLUMNS FROM `lj_post_main` [ RunTime:0.000562s ]
SQL: SELECT * FROM `lj_post_main` ORDER BY post_id desc LIMIT 8   [ RunTime:0.000107s ]
SQL: SHOW COLUMNS FROM `lj_cheats_hot` [ RunTime:0.000431s ]
SQL: SHOW COLUMNS FROM `lj_cheats_hot` [ RunTime:0.000425s ]
SQL: SELECT * FROM `lj_cheats_hot` LIMIT 8   [ RunTime:0.000092s ]
SQL: SELECT * FROM `lj_cheats` WHERE ( `cheats_id` = 1 )  [ RunTime:0.000095s ]
SQL: SELECT * FROM `lj_cheats` WHERE ( `cheats_id` = 12 )  [ RunTime:0.000129s ]
SQL: SELECT * FROM `lj_cheats` WHERE ( `cheats_id` = 13 )  [ RunTime:0.000098s ]
SQL: SELECT * FROM `lj_cheats` WHERE ( `cheats_id` = 14 )  [ RunTime:0.000120s ]
SQL: SELECT * FROM `lj_cheats` WHERE ( `cheats_id` = 19 )  [ RunTime:0.000098s ]
SQL: SELECT * FROM `lj_cheats` WHERE ( `cheats_id` = 16 )  [ RunTime:0.000094s ]
SQL: SELECT * FROM `lj_cheats` WHERE ( `cheats_id` = 17 )  [ RunTime:0.000150s ]
SQL: SELECT * FROM `lj_cheats` WHERE ( `cheats_id` = 33 )  [ RunTime:0.000095s ]
SQL: SHOW COLUMNS FROM `lj_post_hot` [ RunTime:0.000423s ]
SQL: SHOW COLUMNS FROM `lj_post_hot` [ RunTime:0.000418s ]
SQL: SELECT * FROM `lj_post_hot` LIMIT 8   [ RunTime:0.000087s ]
SQL: SELECT * FROM `lj_post_main` WHERE ( `post_id` = 9 )  [ RunTime:0.000093s ]
SQL: SELECT * FROM `lj_post_main` WHERE ( `post_id` = 1 )  [ RunTime:0.000091s ]
SQL: SELECT * FROM `lj_post_main` WHERE ( `post_id` = 8 )  [ RunTime:0.000088s ]
SQL: SELECT * FROM `lj_post_main` WHERE ( `post_id` = 11 )  [ RunTime:0.000089s ]
SQL: SELECT * FROM `lj_post_main` WHERE ( `post_id` = 10 )  [ RunTime:0.000089s ]
SQL: SELECT * FROM `lj_post_main` WHERE ( `post_id` = 18 )  [ RunTime:0.000091s ]
SQL: SELECT * FROM `lj_post_main` WHERE ( `post_id` = 17 )  [ RunTime:0.000089s ]
SQL: SHOW COLUMNS FROM `lj_board` [ RunTime:0.000502s ]
SQL: SHOW COLUMNS FROM `lj_board` [ RunTime:0.000487s ]
SQL: SELECT * FROM `lj_board` ORDER BY Id desc LIMIT 6   [ RunTime:0.000093s ]
SQL: SHOW COLUMNS FROM `lj_get_gl_from_other_site` [ RunTime:0.034349s ]
SQL: SELECT * FROM `lj_get_gl_from_other_site` ORDER BY datetime LIMIT 0,16   [ RunTime:0.011891s ]
SQL: SELECT * FROM `lj_get_gl_from_other_site` ORDER BY datetime desc LIMIT 0,16   [ RunTime:0.000099s ]
SQL: SELECT COUNT(*) AS tp_count FROM `lj_get_gl_from_other_site` LIMIT 1   [ RunTime:0.000085s ]
NOTIC: [2] Missing argument 1 for Action::show(), called in /mnt/www/html/lejun/HOME/Lib/Action/IndexAction.class.php on line 72 and defined /mnt/www/html/lejun/ThinkPHP/Lib/Core/Action.class.php 第 113 行.
NOTIC: [8] Undefined variable: content /mnt/www/html/lejun/ThinkPHP/Lib/Core/Action.class.php 第 115 行.
INFO: [ view_template ] --START--
INFO: Run LocationTemplate Behavior [ RunTime:0.005070s ]
INFO: [ view_template ] --END-- [ RunTime:0.005139s ]
INFO: [ view_parse ] --START--
NOTIC: [8] A session had already been started - ignoring session_start() /mnt/www/html/lejun/HOME/Runtime/Cache/7a41a6bbe13c5876cd2302dcb6d58711.php 第 1 行.
NOTIC: [8] A session had already been started - ignoring session_start() /mnt/www/html/lejun/HOME/Runtime/Cache/7a41a6bbe13c5876cd2302dcb6d58711.php 第 3 行.
NOTIC: [8] A session had already been started - ignoring session_start() /mnt/www/html/lejun/HOME/Runtime/Cache/7a41a6bbe13c5876cd2302dcb6d58711.php 第 140 行.
INFO: Run ParseTemplate Behavior [ RunTime:0.225245s ]
INFO: [ view_parse ] --END-- [ RunTime:0.225332s ]
INFO: [ view_filter ] --START--
INFO: Run ContentReplace Behavior [ RunTime:0.002633s ]
INFO: Run TokenBuild Behavior [ RunTime:0.001857s ]
INFO: Run WriteHtmlCache Behavior [ RunTime:0.001707s ]
INFO: Run ShowRuntime Behavior [ RunTime:0.001812s ]
INFO: [ view_filter ] --END-- [ RunTime:0.008207s ]
INFO: [ view_end ] --START--
INFO: Run ShowPageTrace Behavior [ RunTime:0.005675s ]
INFO: [ view_end ] --END-- [ RunTime:0.005834s ]

[ 2014-04-23T05:47:41+08:00 ] 66.249.79.194 /index.php/Show/show_tz?post_id=12
INFO: [ route_check ] --START--
INFO: Run CheckRoute Behavior [ RunTime:0.004531s ]
INFO: [ route_check ] --END-- [ RunTime:0.018958s ]
INFO: [ app_begin ] --START--
INFO: Run ReadHtmlCache Behavior [ RunTime:0.002214s ]
INFO: [ app_begin ] --END-- [ RunTime:0.002286s ]
SQL: SHOW COLUMNS FROM `lj_post_main` [ RunTime:0.067454s ]
SQL: UPDATE `lj_post_main` SET `clicks`=clicks+1 WHERE ( `post_id` = 12 ) [ RunTime:0.035424s ]
SQL: SELECT * FROM `lj_post_main` WHERE ( `post_id` = 12 )  [ RunTime:0.003731s ]
SQL: SHOW COLUMNS FROM `lj_user_information` [ RunTime:0.086719s ]
SQL: SELECT * FROM `lj_user_information` WHERE ( `Id` = null )  [ RunTime:0.000286s ]
SQL: SHOW COLUMNS FROM `lj_post_replay` [ RunTime:0.045090s ]
SQL: SELECT * FROM `lj_post_replay` WHERE ( `post_id` = 12 )  [ RunTime:0.002166s ]
INFO: [ view_template ] --START--
INFO: Run LocationTemplate Behavior [ RunTime:0.007702s ]
INFO: [ view_template ] --END-- [ RunTime:0.007779s ]
INFO: [ view_parse ] --START--
NOTIC: [8] A session had already been started - ignoring session_start() /mnt/www/html/lejun/HOME/Runtime/Cache/1ccbe0629693240b941e461e7b341f67.php 第 1 行.
NOTIC: [8] A session had already been started - ignoring session_start() /mnt/www/html/lejun/HOME/Runtime/Cache/1ccbe0629693240b941e461e7b341f67.php 第 138 行.
NOTIC: [8] Undefined index: user /mnt/www/html/lejun/HOME/Runtime/Cache/1ccbe0629693240b941e461e7b341f67.php 第 241 行.
INFO: Run ParseTemplate Behavior [ RunTime:0.233228s ]
INFO: [ view_parse ] --END-- [ RunTime:0.233318s ]
INFO: [ view_filter ] --START--
INFO: Run ContentReplace Behavior [ RunTime:0.003032s ]
INFO: Run TokenBuild Behavior [ RunTime:0.005266s ]
INFO: Run WriteHtmlCache Behavior [ RunTime:0.001855s ]
INFO: Run ShowRuntime Behavior [ RunTime:0.002344s ]
INFO: [ view_filter ] --END-- [ RunTime:0.012710s ]
INFO: [ view_end ] --START--
INFO: Run ShowPageTrace Behavior [ RunTime:0.002544s ]
INFO: [ view_end ] --END-- [ RunTime:0.002641s ]

[ 2014-04-23T06:42:42+08:00 ] 66.249.79.239 /index.php/Show/show_gl?cheat_id=7
INFO: [ route_check ] --START--
INFO: Run CheckRoute Behavior [ RunTime:0.006279s ]
INFO: [ route_check ] --END-- [ RunTime:0.006383s ]
INFO: [ app_begin ] --START--
INFO: Run ReadHtmlCache Behavior [ RunTime:0.002107s ]
INFO: [ app_begin ] --END-- [ RunTime:0.002180s ]
SQL: SHOW COLUMNS FROM `lj_cheats` [ RunTime:0.023810s ]
SQL: UPDATE `lj_cheats` SET `clicks`=clicks+1 WHERE ( `cheats_id` = 7 ) [ RunTime:0.042208s ]
SQL: SELECT * FROM `lj_cheats` WHERE ( `cheats_id` = 7 )  [ RunTime:0.000255s ]
SQL: SHOW COLUMNS FROM `lj_user_information` [ RunTime:0.001086s ]
SQL: SELECT * FROM `lj_user_information` WHERE ( `Id` = null )  [ RunTime:0.000117s ]
SQL: SHOW COLUMNS FROM `lj_cheats_replay` [ RunTime:0.060200s ]
SQL: SELECT * FROM `lj_cheats_replay` WHERE ( `cheats_id` = 7 )  [ RunTime:0.002105s ]
INFO: [ view_template ] --START--
INFO: Run LocationTemplate Behavior [ RunTime:0.006790s ]
INFO: [ view_template ] --END-- [ RunTime:0.006864s ]
INFO: [ view_parse ] --START--
NOTIC: [8] A session had already been started - ignoring session_start() /mnt/www/html/lejun/HOME/Runtime/Cache/167632789be96827d074595d44c7deb4.php 第 1 行.
NOTIC: [8] A session had already been started - ignoring session_start() /mnt/www/html/lejun/HOME/Runtime/Cache/167632789be96827d074595d44c7deb4.php 第 138 行.
NOTIC: [8] Undefined index: user /mnt/www/html/lejun/HOME/Runtime/Cache/167632789be96827d074595d44c7deb4.php 第 243 行.
NOTIC: [8] Undefined index: cheats_id /mnt/www/html/lejun/HOME/Runtime/Cache/167632789be96827d074595d44c7deb4.php 第 244 行.
NOTIC: [8] Undefined index: datetime /mnt/www/html/lejun/HOME/Runtime/Cache/167632789be96827d074595d44c7deb4.php 第 247 行.
NOTIC: [8] Undefined index: content /mnt/www/html/lejun/HOME/Runtime/Cache/167632789be96827d074595d44c7deb4.php 第 248 行.
NOTIC: [8] Undefined index: clicks /mnt/www/html/lejun/HOME/Runtime/Cache/167632789be96827d074595d44c7deb4.php 第 253 行.
NOTIC: [8] Undefined index: praise /mnt/www/html/lejun/HOME/Runtime/Cache/167632789be96827d074595d44c7deb4.php 第 255 行.
INFO: Run ParseTemplate Behavior [ RunTime:0.190346s ]
INFO: [ view_parse ] --END-- [ RunTime:0.190448s ]
INFO: [ view_filter ] --START--
INFO: Run ContentReplace Behavior [ RunTime:0.002232s ]
INFO: Run TokenBuild Behavior [ RunTime:0.001880s ]
INFO: Run WriteHtmlCache Behavior [ RunTime:0.002159s ]
INFO: Run ShowRuntime Behavior [ RunTime:0.001944s ]
INFO: [ view_filter ] --END-- [ RunTime:0.008424s ]
INFO: [ view_end ] --START--
INFO: Run ShowPageTrace Behavior [ RunTime:0.002275s ]
INFO: [ view_end ] --END-- [ RunTime:0.002377s ]

[ 2014-04-23T06:45:31+08:00 ] 66.249.79.239 /index.php/Show/show_gl?cheat_id=1
INFO: [ route_check ] --START--
INFO: Run CheckRoute Behavior [ RunTime:0.003604s ]
INFO: [ route_check ] --END-- [ RunTime:0.003705s ]
INFO: [ app_begin ] --START--
INFO: Run ReadHtmlCache Behavior [ RunTime:0.002260s ]
INFO: [ app_begin ] --END-- [ RunTime:0.002332s ]
SQL: SHOW COLUMNS FROM `lj_cheats` [ RunTime:0.025491s ]
SQL: UPDATE `lj_cheats` SET `clicks`=clicks+1 WHERE ( `cheats_id` = 1 ) [ RunTime:0.049753s ]
SQL: SELECT * FROM `lj_cheats` WHERE ( `cheats_id` = 1 )  [ RunTime:0.000279s ]
SQL: SHOW COLUMNS FROM `lj_user_information` [ RunTime:0.001099s ]
SQL: SELECT * FROM `lj_user_information` WHERE ( `Id` = 6 )  [ RunTime:0.018865s ]
SQL: SHOW COLUMNS FROM `lj_cheats_replay` [ RunTime:0.000484s ]
SQL: SELECT * FROM `lj_cheats_replay` WHERE ( `cheats_id` = 1 )  [ RunTime:0.001772s ]
SQL: SELECT * FROM `lj_user_information` WHERE ( `Id` = 1 )  [ RunTime:0.000248s ]
SQL: SELECT * FROM `lj_user_information` WHERE ( `Id` = 6 )  [ RunTime:0.000107s ]
SQL: SELECT * FROM `lj_user_information` WHERE ( `Id` = 1 )  [ RunTime:0.000128s ]
INFO: [ view_template ] --START--
INFO: Run LocationTemplate Behavior [ RunTime:0.004741s ]
INFO: [ view_template ] --END-- [ RunTime:0.004834s ]
INFO: [ view_parse ] --START--
NOTIC: [8] A session had already been started - ignoring session_start() /mnt/www/html/lejun/HOME/Runtime/Cache/167632789be96827d074595d44c7deb4.php 第 1 行.
NOTIC: [8] A session had already been started - ignoring session_start() /mnt/www/html/lejun/HOME/Runtime/Cache/167632789be96827d074595d44c7deb4.php 第 138 行.
NOTIC: [8] Undefined index: user /mnt/www/html/lejun/HOME/Runtime/Cache/167632789be96827d074595d44c7deb4.php 第 243 行.
INFO: Run ParseTemplate Behavior [ RunTime:0.125329s ]
INFO: [ view_parse ] --END-- [ RunTime:0.125406s ]
INFO: [ view_filter ] --START--
INFO: Run ContentReplace Behavior [ RunTime:0.002283s ]
INFO: Run TokenBuild Behavior [ RunTime:0.001758s ]
INFO: Run WriteHtmlCache Behavior [ RunTime:0.001751s ]
INFO: Run ShowRuntime Behavior [ RunTime:0.002178s ]
INFO: [ view_filter ] --END-- [ RunTime:0.008164s ]
INFO: [ view_end ] --START--
INFO: Run ShowPageTrace Behavior [ RunTime:0.002248s ]
INFO: [ view_end ] --END-- [ RunTime:0.002320s ]

[ 2014-04-23T06:49:55+08:00 ] 94.242.255.240 /index.php/index/index_index.xml
INFO: [ route_check ] --START--
INFO: Run CheckRoute Behavior [ RunTime:0.002462s ]
INFO: [ route_check ] --END-- [ RunTime:0.002563s ]
INFO: [ app_begin ] --START--
INFO: Run ReadHtmlCache Behavior [ RunTime:0.000406s ]
INFO: [ app_begin ] --END-- [ RunTime:0.000472s ]
SQL: SHOW COLUMNS FROM `lj_cheats` [ RunTime:0.041100s ]
SQL: SHOW COLUMNS FROM `lj_cheats` [ RunTime:0.000712s ]
SQL: SELECT * FROM `lj_cheats` ORDER BY cheats_id desc LIMIT 8   [ RunTime:0.035120s ]
SQL: SHOW COLUMNS FROM `lj_post_main` [ RunTime:0.000636s ]
SQL: SHOW COLUMNS FROM `lj_post_main` [ RunTime:0.000602s ]
SQL: SELECT * FROM `lj_post_main` ORDER BY post_id desc LIMIT 8   [ RunTime:0.000105s ]
SQL: SHOW COLUMNS FROM `lj_cheats_hot` [ RunTime:0.000454s ]
SQL: SHOW COLUMNS FROM `lj_cheats_hot` [ RunTime:0.000469s ]
SQL: SELECT * FROM `lj_cheats_hot` LIMIT 8   [ RunTime:0.000110s ]
SQL: SELECT * FROM `lj_cheats` WHERE ( `cheats_id` = 1 )  [ RunTime:0.000096s ]
SQL: SELECT * FROM `lj_cheats` WHERE ( `cheats_id` = 12 )  [ RunTime:0.003513s ]
SQL: SELECT * FROM `lj_cheats` WHERE ( `cheats_id` = 13 )  [ RunTime:0.000218s ]
SQL: SELECT * FROM `lj_cheats` WHERE ( `cheats_id` = 14 )  [ RunTime:0.000222s ]
SQL: SELECT * FROM `lj_cheats` WHERE ( `cheats_id` = 19 )  [ RunTime:0.000248s ]
SQL: SELECT * FROM `lj_cheats` WHERE ( `cheats_id` = 16 )  [ RunTime:0.000233s ]
SQL: SELECT * FROM `lj_cheats` WHERE ( `cheats_id` = 17 )  [ RunTime:0.000275s ]
SQL: SELECT * FROM `lj_cheats` WHERE ( `cheats_id` = 33 )  [ RunTime:0.000219s ]
SQL: SHOW COLUMNS FROM `lj_post_hot` [ RunTime:0.000418s ]
SQL: SHOW COLUMNS FROM `lj_post_hot` [ RunTime:0.000428s ]
SQL: SELECT * FROM `lj_post_hot` LIMIT 8   [ RunTime:0.000087s ]
SQL: SELECT * FROM `lj_post_main` WHERE ( `post_id` = 9 )  [ RunTime:0.000116s ]
SQL: SELECT * FROM `lj_post_main` WHERE ( `post_id` = 1 )  [ RunTime:0.000091s ]
SQL: SELECT * FROM `lj_post_main` WHERE ( `post_id` = 8 )  [ RunTime:0.000089s ]
SQL: SELECT * FROM `lj_post_main` WHERE ( `post_id` = 11 )  [ RunTime:0.000092s ]
SQL: SELECT * FROM `lj_post_main` WHERE ( `post_id` = 10 )  [ RunTime:0.000089s ]
SQL: SELECT * FROM `lj_post_main` WHERE ( `post_id` = 18 )  [ RunTime:0.000089s ]
SQL: SELECT * FROM `lj_post_main` WHERE ( `post_id` = 17 )  [ RunTime:0.000089s ]
SQL: SHOW COLUMNS FROM `lj_board` [ RunTime:0.000502s ]
SQL: SHOW COLUMNS FROM `lj_board` [ RunTime:0.000506s ]
SQL: SELECT * FROM `lj_board` ORDER BY Id desc LIMIT 6   [ RunTime:0.000091s ]
SQL: SHOW COLUMNS FROM `lj_get_gl_from_other_site` [ RunTime:0.011262s ]
SQL: SELECT * FROM `lj_get_gl_from_other_site` ORDER BY datetime LIMIT 0,16   [ RunTime:0.011667s ]
SQL: SELECT * FROM `lj_get_gl_from_other_site` ORDER BY datetime desc LIMIT 0,16   [ RunTime:0.000097s ]
SQL: SELECT COUNT(*) AS tp_count FROM `lj_get_gl_from_other_site` LIMIT 1   [ RunTime:0.000085s ]
NOTIC: [2] Missing argument 1 for Action::show(), called in /mnt/www/html/lejun/HOME/Lib/Action/IndexAction.class.php on line 72 and defined /mnt/www/html/lejun/ThinkPHP/Lib/Core/Action.class.php 第 113 行.
NOTIC: [8] Undefined variable: content /mnt/www/html/lejun/ThinkPHP/Lib/Core/Action.class.php 第 115 行.
INFO: [ view_template ] --START--
INFO: Run LocationTemplate Behavior [ RunTime:0.005610s ]
INFO: [ view_template ] --END-- [ RunTime:0.005700s ]
INFO: [ view_parse ] --START--
NOTIC: [8] A session had already been started - ignoring session_start() /mnt/www/html/lejun/HOME/Runtime/Cache/7a41a6bbe13c5876cd2302dcb6d58711.php 第 1 行.
NOTIC: [8] A session had already been started - ignoring session_start() /mnt/www/html/lejun/HOME/Runtime/Cache/7a41a6bbe13c5876cd2302dcb6d58711.php 第 3 行.
NOTIC: [8] A session had already been started - ignoring session_start() /mnt/www/html/lejun/HOME/Runtime/Cache/7a41a6bbe13c5876cd2302dcb6d58711.php 第 140 行.
INFO: Run ParseTemplate Behavior [ RunTime:0.257133s ]
INFO: [ view_parse ] --END-- [ RunTime:0.257227s ]
INFO: [ view_filter ] --START--
INFO: Run ContentReplace Behavior [ RunTime:0.002588s ]
INFO: Run TokenBuild Behavior [ RunTime:0.001730s ]
INFO: Run WriteHtmlCache Behavior [ RunTime:0.001495s ]
INFO: Run ShowRuntime Behavior [ RunTime:0.002015s ]
INFO: [ view_filter ] --END-- [ RunTime:0.008027s ]
INFO: [ view_end ] --START--
INFO: Run ShowPageTrace Behavior [ RunTime:0.002405s ]
INFO: [ view_end ] --END-- [ RunTime:0.002474s ]

[ 2014-04-23T08:34:22+08:00 ] 66.249.79.148 /index.php/Show/show_gl?cheat_id=3
INFO: [ route_check ] --START--
INFO: Run CheckRoute Behavior [ RunTime:0.006008s ]
INFO: [ route_check ] --END-- [ RunTime:0.006161s ]
INFO: [ app_begin ] --START--
INFO: Run ReadHtmlCache Behavior [ RunTime:0.001964s ]
INFO: [ app_begin ] --END-- [ RunTime:0.002039s ]
SQL: SHOW COLUMNS FROM `lj_cheats` [ RunTime:0.054275s ]
SQL: UPDATE `lj_cheats` SET `clicks`=clicks+1 WHERE ( `cheats_id` = 3 ) [ RunTime:0.042099s ]
SQL: SELECT * FROM `lj_cheats` WHERE ( `cheats_id` = 3 )  [ RunTime:0.000390s ]
SQL: SHOW COLUMNS FROM `lj_user_information` [ RunTime:0.001311s ]
SQL: SELECT * FROM `lj_user_information` WHERE ( `Id` = null )  [ RunTime:0.000145s ]
SQL: SHOW COLUMNS FROM `lj_cheats_replay` [ RunTime:0.000738s ]
SQL: SELECT * FROM `lj_cheats_replay` WHERE ( `cheats_id` = 3 )  [ RunTime:0.002866s ]
INFO: [ view_template ] --START--
INFO: Run LocationTemplate Behavior [ RunTime:0.007799s ]
INFO: [ view_template ] --END-- [ RunTime:0.007928s ]
INFO: [ view_parse ] --START--
NOTIC: [8] A session had already been started - ignoring session_start() /mnt/www/html/lejun/HOME/Runtime/Cache/167632789be96827d074595d44c7deb4.php 第 1 行.
NOTIC: [8] A session had already been started - ignoring session_start() /mnt/www/html/lejun/HOME/Runtime/Cache/167632789be96827d074595d44c7deb4.php 第 138 行.
NOTIC: [8] Undefined index: user /mnt/www/html/lejun/HOME/Runtime/Cache/167632789be96827d074595d44c7deb4.php 第 243 行.
NOTIC: [8] Undefined index: cheats_id /mnt/www/html/lejun/HOME/Runtime/Cache/167632789be96827d074595d44c7deb4.php 第 244 行.
NOTIC: [8] Undefined index: datetime /mnt/www/html/lejun/HOME/Runtime/Cache/167632789be96827d074595d44c7deb4.php 第 247 行.
NOTIC: [8] Undefined index: content /mnt/www/html/lejun/HOME/Runtime/Cache/167632789be96827d074595d44c7deb4.php 第 248 行.
NOTIC: [8] Undefined index: clicks /mnt/www/html/lejun/HOME/Runtime/Cache/167632789be96827d074595d44c7deb4.php 第 253 行.
NOTIC: [8] Undefined index: praise /mnt/www/html/lejun/HOME/Runtime/Cache/167632789be96827d074595d44c7deb4.php 第 255 行.
INFO: Run ParseTemplate Behavior [ RunTime:0.238447s ]
INFO: [ view_parse ] --END-- [ RunTime:0.238551s ]
INFO: [ view_filter ] --START--
INFO: Run ContentReplace Behavior [ RunTime:0.002046s ]
INFO: Run TokenBuild Behavior [ RunTime:0.002370s ]
INFO: Run WriteHtmlCache Behavior [ RunTime:0.001532s ]
INFO: Run ShowRuntime Behavior [ RunTime:0.001862s ]
INFO: [ view_filter ] --END-- [ RunTime:0.008011s ]
INFO: [ view_end ] --START--
INFO: Run ShowPageTrace Behavior [ RunTime:0.002046s ]
INFO: [ view_end ] --END-- [ RunTime:0.002117s ]

[ 2014-04-23T08:42:24+08:00 ] 66.249.79.2 /index.php/Show/show_gl?cheat_id=3
INFO: [ route_check ] --START--
INFO: Run CheckRoute Behavior [ RunTime:0.004549s ]
INFO: [ route_check ] --END-- [ RunTime:0.053341s ]
INFO: [ app_begin ] --START--
INFO: Run ReadHtmlCache Behavior [ RunTime:0.002167s ]
INFO: [ app_begin ] --END-- [ RunTime:0.002313s ]
SQL: SHOW COLUMNS FROM `lj_cheats` [ RunTime:0.326060s ]
SQL: UPDATE `lj_cheats` SET `clicks`=clicks+1 WHERE ( `cheats_id` = 3 ) [ RunTime:0.259036s ]
SQL: SELECT * FROM `lj_cheats` WHERE ( `cheats_id` = 3 )  [ RunTime:0.000137s ]
SQL: SHOW COLUMNS FROM `lj_user_information` [ RunTime:0.027394s ]
SQL: SELECT * FROM `lj_user_information` WHERE ( `Id` = null )  [ RunTime:0.000134s ]
SQL: SHOW COLUMNS FROM `lj_cheats_replay` [ RunTime:0.002621s ]
SQL: SELECT * FROM `lj_cheats_replay` WHERE ( `cheats_id` = 3 )  [ RunTime:0.000117s ]
INFO: [ view_template ] --START--
INFO: Run LocationTemplate Behavior [ RunTime:0.006698s ]
INFO: [ view_template ] --END-- [ RunTime:0.006790s ]
INFO: [ view_parse ] --START--
NOTIC: [8] A session had already been started - ignoring session_start() /mnt/www/html/lejun/HOME/Runtime/Cache/167632789be96827d074595d44c7deb4.php 第 1 行.
NOTIC: [8] A session had already been started - ignoring session_start() /mnt/www/html/lejun/HOME/Runtime/Cache/167632789be96827d074595d44c7deb4.php 第 138 行.
NOTIC: [8] Undefined index: user /mnt/www/html/lejun/HOME/Runtime/Cache/167632789be96827d074595d44c7deb4.php 第 243 行.
NOTIC: [8] Undefined index: cheats_id /mnt/www/html/lejun/HOME/Runtime/Cache/167632789be96827d074595d44c7deb4.php 第 244 行.
NOTIC: [8] Undefined index: datetime /mnt/www/html/lejun/HOME/Runtime/Cache/167632789be96827d074595d44c7deb4.php 第 247 行.
NOTIC: [8] Undefined index: content /mnt/www/html/lejun/HOME/Runtime/Cache/167632789be96827d074595d44c7deb4.php 第 248 行.
NOTIC: [8] Undefined index: clicks /mnt/www/html/lejun/HOME/Runtime/Cache/167632789be96827d074595d44c7deb4.php 第 253 行.
NOTIC: [8] Undefined index: praise /mnt/www/html/lejun/HOME/Runtime/Cache/167632789be96827d074595d44c7deb4.php 第 255 行.
INFO: Run ParseTemplate Behavior [ RunTime:0.196131s ]
INFO: [ view_parse ] --END-- [ RunTime:0.200978s ]
INFO: [ view_filter ] --START--
INFO: Run ContentReplace Behavior [ RunTime:0.002270s ]
INFO: Run TokenBuild Behavior [ RunTime:0.002036s ]
INFO: Run WriteHtmlCache Behavior [ RunTime:0.001787s ]
INFO: Run ShowRuntime Behavior [ RunTime:0.001674s ]
INFO: [ view_filter ] --END-- [ RunTime:0.008011s ]
INFO: [ view_end ] --START--
INFO: Run ShowPageTrace Behavior [ RunTime:0.002367s ]
INFO: [ view_end ] --END-- [ RunTime:0.002477s ]

[ 2014-04-23T11:48:39+08:00 ] 61.146.178.189 /index.php/index/index_index.xml
INFO: [ route_check ] --START--
INFO: Run CheckRoute Behavior [ RunTime:0.007508s ]
INFO: [ route_check ] --END-- [ RunTime:0.007610s ]
INFO: [ app_begin ] --START--
INFO: Run ReadHtmlCache Behavior [ RunTime:0.000411s ]
INFO: [ app_begin ] --END-- [ RunTime:0.000478s ]
SQL: SHOW COLUMNS FROM `lj_cheats` [ RunTime:0.038770s ]
SQL: SHOW COLUMNS FROM `lj_cheats` [ RunTime:0.000727s ]
SQL: SELECT * FROM `lj_cheats` ORDER BY cheats_id desc LIMIT 8   [ RunTime:0.056672s ]
SQL: SHOW COLUMNS FROM `lj_post_main` [ RunTime:0.000649s ]
SQL: SHOW COLUMNS FROM `lj_post_main` [ RunTime:0.000559s ]
SQL: SELECT * FROM `lj_post_main` ORDER BY post_id desc LIMIT 8   [ RunTime:0.035329s ]
SQL: SHOW COLUMNS FROM `lj_cheats_hot` [ RunTime:0.089040s ]
SQL: SHOW COLUMNS FROM `lj_cheats_hot` [ RunTime:0.000516s ]
SQL: SELECT * FROM `lj_cheats_hot` LIMIT 8   [ RunTime:0.001393s ]
SQL: SELECT * FROM `lj_cheats` WHERE ( `cheats_id` = 1 )  [ RunTime:0.010490s ]
SQL: SELECT * FROM `lj_cheats` WHERE ( `cheats_id` = 12 )  [ RunTime:0.001674s ]
SQL: SELECT * FROM `lj_cheats` WHERE ( `cheats_id` = 13 )  [ RunTime:0.000273s ]
SQL: SELECT * FROM `lj_cheats` WHERE ( `cheats_id` = 14 )  [ RunTime:0.000228s ]
SQL: SELECT * FROM `lj_cheats` WHERE ( `cheats_id` = 19 )  [ RunTime:0.000257s ]
SQL: SELECT * FROM `lj_cheats` WHERE ( `cheats_id` = 16 )  [ RunTime:0.000228s ]
SQL: SELECT * FROM `lj_cheats` WHERE ( `cheats_id` = 17 )  [ RunTime:0.000293s ]
SQL: SELECT * FROM `lj_cheats` WHERE ( `cheats_id` = 33 )  [ RunTime:0.000224s ]
SQL: SHOW COLUMNS FROM `lj_post_hot` [ RunTime:0.017519s ]
SQL: SHOW COLUMNS FROM `lj_post_hot` [ RunTime:0.000423s ]
SQL: SELECT * FROM `lj_post_hot` LIMIT 8   [ RunTime:0.004193s ]
SQL: SELECT * FROM `lj_post_main` WHERE ( `post_id` = 9 )  [ RunTime:0.000254s ]
SQL: SELECT * FROM `lj_post_main` WHERE ( `post_id` = 1 )  [ RunTime:0.000261s ]
SQL: SELECT * FROM `lj_post_main` WHERE ( `post_id` = 8 )  [ RunTime:0.000209s ]
SQL: SELECT * FROM `lj_post_main` WHERE ( `post_id` = 11 )  [ RunTime:0.000212s ]
SQL: SELECT * FROM `lj_post_main` WHERE ( `post_id` = 10 )  [ RunTime:0.000219s ]
SQL: SELECT * FROM `lj_post_main` WHERE ( `post_id` = 18 )  [ RunTime:0.000215s ]
SQL: SELECT * FROM `lj_post_main` WHERE ( `post_id` = 17 )  [ RunTime:0.000215s ]
SQL: SHOW COLUMNS FROM `lj_board` [ RunTime:0.033610s ]
SQL: SHOW COLUMNS FROM `lj_board` [ RunTime:0.000478s ]
SQL: SELECT * FROM `lj_board` ORDER BY Id desc LIMIT 6   [ RunTime:0.007547s ]
SQL: SHOW COLUMNS FROM `lj_get_gl_from_other_site` [ RunTime:0.105443s ]
SQL: SELECT * FROM `lj_get_gl_from_other_site` ORDER BY datetime LIMIT 0,16   [ RunTime:0.009957s ]
SQL: SELECT * FROM `lj_get_gl_from_other_site` ORDER BY datetime desc LIMIT 0,16   [ RunTime:0.000746s ]
SQL: SELECT COUNT(*) AS tp_count FROM `lj_get_gl_from_other_site` LIMIT 1   [ RunTime:0.003984s ]
NOTIC: [2] Missing argument 1 for Action::show(), called in /mnt/www/html/lejun/HOME/Lib/Action/IndexAction.class.php on line 72 and defined /mnt/www/html/lejun/ThinkPHP/Lib/Core/Action.class.php 第 113 行.
NOTIC: [8] Undefined variable: content /mnt/www/html/lejun/ThinkPHP/Lib/Core/Action.class.php 第 115 行.
INFO: [ view_template ] --START--
INFO: Run LocationTemplate Behavior [ RunTime:0.005534s ]
INFO: [ view_template ] --END-- [ RunTime:0.005607s ]
INFO: [ view_parse ] --START--
NOTIC: [8] A session had already been started - ignoring session_start() /mnt/www/html/lejun/HOME/Runtime/Cache/7a41a6bbe13c5876cd2302dcb6d58711.php 第 1 行.
NOTIC: [8] A session had already been started - ignoring session_start() /mnt/www/html/lejun/HOME/Runtime/Cache/7a41a6bbe13c5876cd2302dcb6d58711.php 第 3 行.
NOTIC: [8] A session had already been started - ignoring session_start() /mnt/www/html/lejun/HOME/Runtime/Cache/7a41a6bbe13c5876cd2302dcb6d58711.php 第 140 行.
INFO: Run ParseTemplate Behavior [ RunTime:0.281869s ]
INFO: [ view_parse ] --END-- [ RunTime:0.281959s ]
INFO: [ view_filter ] --START--
INFO: Run ContentReplace Behavior [ RunTime:0.002822s ]
INFO: Run TokenBuild Behavior [ RunTime:0.002474s ]
INFO: Run WriteHtmlCache Behavior [ RunTime:0.001807s ]
INFO: Run ShowRuntime Behavior [ RunTime:0.001929s ]
INFO: [ view_filter ] --END-- [ RunTime:0.009227s ]
INFO: [ view_end ] --START--
INFO: Run ShowPageTrace Behavior [ RunTime:0.002098s ]
INFO: [ view_end ] --END-- [ RunTime:0.002164s ]

[ 2014-04-23T14:19:13+08:00 ] 61.180.205.194 /index.php/index/index_index.xml
INFO: [ route_check ] --START--
INFO: Run CheckRoute Behavior [ RunTime:0.002680s ]
INFO: [ route_check ] --END-- [ RunTime:0.002781s ]
INFO: [ app_begin ] --START--
INFO: Run ReadHtmlCache Behavior [ RunTime:0.000411s ]
INFO: [ app_begin ] --END-- [ RunTime:0.000477s ]
SQL: SHOW COLUMNS FROM `lj_cheats` [ RunTime:0.008236s ]
SQL: SHOW COLUMNS FROM `lj_cheats` [ RunTime:0.000794s ]
SQL: SELECT * FROM `lj_cheats` ORDER BY cheats_id desc LIMIT 8   [ RunTime:0.000268s ]
SQL: SHOW COLUMNS FROM `lj_post_main` [ RunTime:0.000569s ]
SQL: SHOW COLUMNS FROM `lj_post_main` [ RunTime:0.000591s ]
SQL: SELECT * FROM `lj_post_main` ORDER BY post_id desc LIMIT 8   [ RunTime:0.000106s ]
SQL: SHOW COLUMNS FROM `lj_cheats_hot` [ RunTime:0.000457s ]
SQL: SHOW COLUMNS FROM `lj_cheats_hot` [ RunTime:0.000450s ]
SQL: SELECT * FROM `lj_cheats_hot` LIMIT 8   [ RunTime:0.000095s ]
SQL: SELECT * FROM `lj_cheats` WHERE ( `cheats_id` = 1 )  [ RunTime:0.000098s ]
SQL: SELECT * FROM `lj_cheats` WHERE ( `cheats_id` = 12 )  [ RunTime:0.000170s ]
SQL: SELECT * FROM `lj_cheats` WHERE ( `cheats_id` = 13 )  [ RunTime:0.000097s ]
SQL: SELECT * FROM `lj_cheats` WHERE ( `cheats_id` = 14 )  [ RunTime:0.000096s ]
SQL: SELECT * FROM `lj_cheats` WHERE ( `cheats_id` = 19 )  [ RunTime:0.000133s ]
SQL: SELECT * FROM `lj_cheats` WHERE ( `cheats_id` = 16 )  [ RunTime:0.000097s ]
SQL: SELECT * FROM `lj_cheats` WHERE ( `cheats_id` = 17 )  [ RunTime:0.000334s ]
SQL: SELECT * FROM `lj_cheats` WHERE ( `cheats_id` = 33 )  [ RunTime:0.000107s ]
SQL: SHOW COLUMNS FROM `lj_post_hot` [ RunTime:0.000661s ]
SQL: SHOW COLUMNS FROM `lj_post_hot` [ RunTime:0.000421s ]
SQL: SELECT * FROM `lj_post_hot` LIMIT 8   [ RunTime:0.000118s ]
SQL: SELECT * FROM `lj_post_main` WHERE ( `post_id` = 9 )  [ RunTime:0.000093s ]
SQL: SELECT * FROM `lj_post_main` WHERE ( `post_id` = 1 )  [ RunTime:0.000094s ]
SQL: SELECT * FROM `lj_post_main` WHERE ( `post_id` = 8 )  [ RunTime:0.000120s ]
SQL: SELECT * FROM `lj_post_main` WHERE ( `post_id` = 11 )  [ RunTime:0.000097s ]
SQL: SELECT * FROM `lj_post_main` WHERE ( `post_id` = 10 )  [ RunTime:0.000093s ]
SQL: SELECT * FROM `lj_post_main` WHERE ( `post_id` = 18 )  [ RunTime:0.000093s ]
SQL: SELECT * FROM `lj_post_main` WHERE ( `post_id` = 17 )  [ RunTime:0.000091s ]
SQL: SHOW COLUMNS FROM `lj_board` [ RunTime:0.000499s ]
SQL: SHOW COLUMNS FROM `lj_board` [ RunTime:0.000469s ]
SQL: SELECT * FROM `lj_board` ORDER BY Id desc LIMIT 6   [ RunTime:0.000093s ]
SQL: SHOW COLUMNS FROM `lj_get_gl_from_other_site` [ RunTime:0.004199s ]
SQL: SELECT * FROM `lj_get_gl_from_other_site` ORDER BY datetime LIMIT 0,16   [ RunTime:0.011934s ]
SQL: SELECT * FROM `lj_get_gl_from_other_site` ORDER BY datetime desc LIMIT 0,16   [ RunTime:0.000122s ]
SQL: SELECT COUNT(*) AS tp_count FROM `lj_get_gl_from_other_site` LIMIT 1   [ RunTime:0.000112s ]
NOTIC: [2] Missing argument 1 for Action::show(), called in /mnt/www/html/lejun/HOME/Lib/Action/IndexAction.class.php on line 72 and defined /mnt/www/html/lejun/ThinkPHP/Lib/Core/Action.class.php 第 113 行.
NOTIC: [8] Undefined variable: content /mnt/www/html/lejun/ThinkPHP/Lib/Core/Action.class.php 第 115 行.
INFO: [ view_template ] --START--
INFO: Run LocationTemplate Behavior [ RunTime:0.005395s ]
INFO: [ view_template ] --END-- [ RunTime:0.005468s ]
INFO: [ view_parse ] --START--
NOTIC: [8] A session had already been started - ignoring session_start() /mnt/www/html/lejun/HOME/Runtime/Cache/7a41a6bbe13c5876cd2302dcb6d58711.php 第 1 行.
NOTIC: [8] A session had already been started - ignoring session_start() /mnt/www/html/lejun/HOME/Runtime/Cache/7a41a6bbe13c5876cd2302dcb6d58711.php 第 3 行.
NOTIC: [8] A session had already been started - ignoring session_start() /mnt/www/html/lejun/HOME/Runtime/Cache/7a41a6bbe13c5876cd2302dcb6d58711.php 第 140 行.
INFO: Run ParseTemplate Behavior [ RunTime:0.182433s ]
INFO: [ view_parse ] --END-- [ RunTime:0.182510s ]
INFO: [ view_filter ] --START--
INFO: Run ContentReplace Behavior [ RunTime:0.005386s ]
INFO: Run TokenBuild Behavior [ RunTime:0.001923s ]
INFO: Run WriteHtmlCache Behavior [ RunTime:0.001809s ]
INFO: Run ShowRuntime Behavior [ RunTime:0.002161s ]
INFO: [ view_filter ] --END-- [ RunTime:0.011477s ]
INFO: [ view_end ] --START--
INFO: Run ShowPageTrace Behavior [ RunTime:0.001969s ]
INFO: [ view_end ] --END-- [ RunTime:0.002039s ]

[ 2014-04-23T14:19:15+08:00 ] 61.180.205.194 /index.php/Public/code
INFO: [ route_check ] --START--
INFO: Run CheckRoute Behavior [ RunTime:0.000632s ]
INFO: [ route_check ] --END-- [ RunTime:0.000731s ]
INFO: [ app_begin ] --START--
INFO: Run ReadHtmlCache Behavior [ RunTime:0.000420s ]
INFO: [ app_begin ] --END-- [ RunTime:0.000487s ]

[ 2014-04-23T14:52:17+08:00 ] 220.181.108.100 /index.php/Zq/zq_game?game_list_id=3
INFO: [ route_check ] --START--
INFO: Run CheckRoute Behavior [ RunTime:0.006158s ]
INFO: [ route_check ] --END-- [ RunTime:0.006265s ]
INFO: [ app_begin ] --START--
INFO: Run ReadHtmlCache Behavior [ RunTime:0.001808s ]
INFO: [ app_begin ] --END-- [ RunTime:0.001879s ]
SQL: SHOW COLUMNS FROM `lj_game_list` [ RunTime:0.084745s ]
SQL: SELECT * FROM `lj_game_list` WHERE ( `list_id` = 3 )  [ RunTime:0.002600s ]
INFO: [ view_template ] --START--
INFO: Run LocationTemplate Behavior [ RunTime:0.005056s ]
INFO: [ view_template ] --END-- [ RunTime:0.005158s ]
INFO: [ view_parse ] --START--
NOTIC: [8] A session had already been started - ignoring session_start() /mnt/www/html/lejun/HOME/Runtime/Cache/539d31f04a3ed6b50ace3fa2114a93cb.php 第 1 行.
NOTIC: [8] A session had already been started - ignoring session_start() /mnt/www/html/lejun/HOME/Runtime/Cache/539d31f04a3ed6b50ace3fa2114a93cb.php 第 138 行.
INFO: Run ParseTemplate Behavior [ RunTime:0.156965s ]
INFO: [ view_parse ] --END-- [ RunTime:0.157045s ]
INFO: [ view_filter ] --START--
INFO: Run ContentReplace Behavior [ RunTime:0.001865s ]
INFO: Run TokenBuild Behavior [ RunTime:0.001734s ]
INFO: Run WriteHtmlCache Behavior [ RunTime:0.001560s ]
INFO: Run ShowRuntime Behavior [ RunTime:0.001735s ]
INFO: [ view_filter ] --END-- [ RunTime:0.007123s ]
INFO: [ view_end ] --START--
INFO: Run ShowPageTrace Behavior [ RunTime:0.002003s ]
INFO: [ view_end ] --END-- [ RunTime:0.002078s ]

[ 2014-04-23T16:30:20+08:00 ] 66.249.79.251 /index.php/index/index_index.xml
INFO: [ route_check ] --START--
INFO: Run CheckRoute Behavior [ RunTime:0.002309s ]
INFO: [ route_check ] --END-- [ RunTime:0.002417s ]
INFO: [ app_begin ] --START--
INFO: Run ReadHtmlCache Behavior [ RunTime:0.000394s ]
INFO: [ app_begin ] --END-- [ RunTime:0.000463s ]
SQL: SHOW COLUMNS FROM `lj_cheats` [ RunTime:0.060515s ]
SQL: SHOW COLUMNS FROM `lj_cheats` [ RunTime:0.000797s ]
SQL: SELECT * FROM `lj_cheats` ORDER BY cheats_id desc LIMIT 8   [ RunTime:0.000265s ]
SQL: SHOW COLUMNS FROM `lj_post_main` [ RunTime:0.000597s ]
SQL: SHOW COLUMNS FROM `lj_post_main` [ RunTime:0.000634s ]
SQL: SELECT * FROM `lj_post_main` ORDER BY post_id desc LIMIT 8   [ RunTime:0.000107s ]
SQL: SHOW COLUMNS FROM `lj_cheats_hot` [ RunTime:0.000609s ]
SQL: SHOW COLUMNS FROM `lj_cheats_hot` [ RunTime:0.001599s ]
SQL: SELECT * FROM `lj_cheats_hot` LIMIT 8   [ RunTime:0.000484s ]
SQL: SELECT * FROM `lj_cheats` WHERE ( `cheats_id` = 1 )  [ RunTime:0.000459s ]
SQL: SELECT * FROM `lj_cheats` WHERE ( `cheats_id` = 12 )  [ RunTime:0.000873s ]
SQL: SELECT * FROM `lj_cheats` WHERE ( `cheats_id` = 13 )  [ RunTime:0.000453s ]
SQL: SELECT * FROM `lj_cheats` WHERE ( `cheats_id` = 14 )  [ RunTime:0.000482s ]
SQL: SELECT * FROM `lj_cheats` WHERE ( `cheats_id` = 19 )  [ RunTime:0.000507s ]
SQL: SELECT * FROM `lj_cheats` WHERE ( `cheats_id` = 16 )  [ RunTime:0.000336s ]
SQL: SELECT * FROM `lj_cheats` WHERE ( `cheats_id` = 17 )  [ RunTime:0.000448s ]
SQL: SELECT * FROM `lj_cheats` WHERE ( `cheats_id` = 33 )  [ RunTime:0.000448s ]
SQL: SHOW COLUMNS FROM `lj_post_hot` [ RunTime:0.000698s ]
SQL: SHOW COLUMNS FROM `lj_post_hot` [ RunTime:0.000802s ]
SQL: SELECT * FROM `lj_post_hot` LIMIT 8   [ RunTime:0.000472s ]
SQL: SELECT * FROM `lj_post_main` WHERE ( `post_id` = 9 )  [ RunTime:0.000473s ]
SQL: SELECT * FROM `lj_post_main` WHERE ( `post_id` = 1 )  [ RunTime:0.000579s ]
SQL: SELECT * FROM `lj_post_main` WHERE ( `post_id` = 8 )  [ RunTime:0.000479s ]
SQL: SELECT * FROM `lj_post_main` WHERE ( `post_id` = 11 )  [ RunTime:0.000475s ]
SQL: SELECT * FROM `lj_post_main` WHERE ( `post_id` = 10 )  [ RunTime:0.000461s ]
SQL: SELECT * FROM `lj_post_main` WHERE ( `post_id` = 18 )  [ RunTime:0.000441s ]
SQL: SELECT * FROM `lj_post_main` WHERE ( `post_id` = 17 )  [ RunTime:0.000462s ]
SQL: SHOW COLUMNS FROM `lj_board` [ RunTime:0.000568s ]
SQL: SHOW COLUMNS FROM `lj_board` [ RunTime:0.000910s ]
SQL: SELECT * FROM `lj_board` ORDER BY Id desc LIMIT 6   [ RunTime:0.000441s ]
SQL: SHOW COLUMNS FROM `lj_get_gl_from_other_site` [ RunTime:0.010442s ]
SQL: SELECT * FROM `lj_get_gl_from_other_site` ORDER BY datetime LIMIT 0,16   [ RunTime:0.012292s ]
SQL: SELECT * FROM `lj_get_gl_from_other_site` ORDER BY datetime desc LIMIT 0,16   [ RunTime:0.000102s ]
SQL: SELECT COUNT(*) AS tp_count FROM `lj_get_gl_from_other_site` LIMIT 1   [ RunTime:0.000086s ]
NOTIC: [2] Missing argument 1 for Action::show(), called in /mnt/www/html/lejun/HOME/Lib/Action/IndexAction.class.php on line 72 and defined /mnt/www/html/lejun/ThinkPHP/Lib/Core/Action.class.php 第 113 行.
NOTIC: [8] Undefined variable: content /mnt/www/html/lejun/ThinkPHP/Lib/Core/Action.class.php 第 115 行.
INFO: [ view_template ] --START--
INFO: Run LocationTemplate Behavior [ RunTime:0.006370s ]
INFO: [ view_template ] --END-- [ RunTime:0.006442s ]
INFO: [ view_parse ] --START--
NOTIC: [8] A session had already been started - ignoring session_start() /mnt/www/html/lejun/HOME/Runtime/Cache/7a41a6bbe13c5876cd2302dcb6d58711.php 第 1 行.
NOTIC: [8] A session had already been started - ignoring session_start() /mnt/www/html/lejun/HOME/Runtime/Cache/7a41a6bbe13c5876cd2302dcb6d58711.php 第 3 行.
NOTIC: [8] A session had already been started - ignoring session_start() /mnt/www/html/lejun/HOME/Runtime/Cache/7a41a6bbe13c5876cd2302dcb6d58711.php 第 140 行.
INFO: Run ParseTemplate Behavior [ RunTime:0.489365s ]
INFO: [ view_parse ] --END-- [ RunTime:0.489455s ]
INFO: [ view_filter ] --START--
INFO: Run ContentReplace Behavior [ RunTime:0.002338s ]
INFO: Run TokenBuild Behavior [ RunTime:0.001794s ]
INFO: Run WriteHtmlCache Behavior [ RunTime:0.002498s ]
INFO: Run ShowRuntime Behavior [ RunTime:0.001940s ]
INFO: [ view_filter ] --END-- [ RunTime:0.008797s ]
INFO: [ view_end ] --START--
INFO: Run ShowPageTrace Behavior [ RunTime:0.003255s ]
INFO: [ view_end ] --END-- [ RunTime:0.003384s ]

[ 2014-04-23T17:28:57+08:00 ] 123.125.71.28 /index.php/Show/show_gl?cheat_id=24
INFO: [ route_check ] --START--
INFO: Run CheckRoute Behavior [ RunTime:0.005157s ]
INFO: [ route_check ] --END-- [ RunTime:0.005260s ]
INFO: [ app_begin ] --START--
INFO: Run ReadHtmlCache Behavior [ RunTime:0.001941s ]
INFO: [ app_begin ] --END-- [ RunTime:0.002012s ]
SQL: SHOW COLUMNS FROM `lj_cheats` [ RunTime:0.056257s ]
SQL: UPDATE `lj_cheats` SET `clicks`=clicks+1 WHERE ( `cheats_id` = 24 ) [ RunTime:0.071968s ]
SQL: SELECT * FROM `lj_cheats` WHERE ( `cheats_id` = 24 )  [ RunTime:0.000351s ]
SQL: SHOW COLUMNS FROM `lj_user_information` [ RunTime:0.029294s ]
SQL: SELECT * FROM `lj_user_information` WHERE ( `Id` = 6 )  [ RunTime:0.001889s ]
SQL: SHOW COLUMNS FROM `lj_cheats_replay` [ RunTime:0.032642s ]
SQL: SELECT * FROM `lj_cheats_replay` WHERE ( `cheats_id` = 24 )  [ RunTime:0.002146s ]
INFO: [ view_template ] --START--
INFO: Run LocationTemplate Behavior [ RunTime:0.005697s ]
INFO: [ view_template ] --END-- [ RunTime:0.005777s ]
INFO: [ view_parse ] --START--
NOTIC: [8] A session had already been started - ignoring session_start() /mnt/www/html/lejun/HOME/Runtime/Cache/167632789be96827d074595d44c7deb4.php 第 1 行.
NOTIC: [8] A session had already been started - ignoring session_start() /mnt/www/html/lejun/HOME/Runtime/Cache/167632789be96827d074595d44c7deb4.php 第 138 行.
NOTIC: [8] Undefined index: user /mnt/www/html/lejun/HOME/Runtime/Cache/167632789be96827d074595d44c7deb4.php 第 243 行.
INFO: Run ParseTemplate Behavior [ RunTime:0.393295s ]
INFO: [ view_parse ] --END-- [ RunTime:0.393383s ]
INFO: [ view_filter ] --START--
INFO: Run ContentReplace Behavior [ RunTime:0.004536s ]
INFO: Run TokenBuild Behavior [ RunTime:0.009171s ]
INFO: Run WriteHtmlCache Behavior [ RunTime:0.002347s ]
INFO: Run ShowRuntime Behavior [ RunTime:0.001707s ]
INFO: [ view_filter ] --END-- [ RunTime:0.017980s ]
INFO: [ view_end ] --START--
INFO: Run ShowPageTrace Behavior [ RunTime:0.002332s ]
INFO: [ view_end ] --END-- [ RunTime:0.002417s ]

[ 2014-04-23T18:40:34+08:00 ] 66.249.79.251 /index.php/Show/show_tz?post_id=1
INFO: [ route_check ] --START--
INFO: Run CheckRoute Behavior [ RunTime:0.003947s ]
INFO: [ route_check ] --END-- [ RunTime:0.004060s ]
INFO: [ app_begin ] --START--
INFO: Run ReadHtmlCache Behavior [ RunTime:0.002195s ]
INFO: [ app_begin ] --END-- [ RunTime:0.002276s ]
SQL: SHOW COLUMNS FROM `lj_post_main` [ RunTime:0.066901s ]
SQL: UPDATE `lj_post_main` SET `clicks`=clicks+1 WHERE ( `post_id` = 1 ) [ RunTime:0.044478s ]
SQL: SELECT * FROM `lj_post_main` WHERE ( `post_id` = 1 )  [ RunTime:0.003179s ]
SQL: SHOW COLUMNS FROM `lj_user_information` [ RunTime:0.001242s ]
SQL: SELECT * FROM `lj_user_information` WHERE ( `Id` = 1 )  [ RunTime:0.007332s ]
SQL: SHOW COLUMNS FROM `lj_post_replay` [ RunTime:0.050632s ]
SQL: SELECT * FROM `lj_post_replay` WHERE ( `post_id` = 1 )  [ RunTime:0.004229s ]
SQL: SELECT * FROM `lj_user_information` WHERE ( `Id` = 1 )  [ RunTime:0.000148s ]
SQL: SELECT * FROM `lj_user_information` WHERE ( `Id` = 1 )  [ RunTime:0.000111s ]
SQL: SELECT * FROM `lj_user_information` WHERE ( `Id` = 6 )  [ RunTime:0.000108s ]
INFO: [ view_template ] --START--
INFO: Run LocationTemplate Behavior [ RunTime:0.006256s ]
INFO: [ view_template ] --END-- [ RunTime:0.006346s ]
INFO: [ view_parse ] --START--
NOTIC: [8] A session had already been started - ignoring session_start() /mnt/www/html/lejun/HOME/Runtime/Cache/1ccbe0629693240b941e461e7b341f67.php 第 1 行.
NOTIC: [8] A session had already been started - ignoring session_start() /mnt/www/html/lejun/HOME/Runtime/Cache/1ccbe0629693240b941e461e7b341f67.php 第 138 行.
NOTIC: [8] Undefined index: user /mnt/www/html/lejun/HOME/Runtime/Cache/1ccbe0629693240b941e461e7b341f67.php 第 241 行.
INFO: Run ParseTemplate Behavior [ RunTime:0.205677s ]
INFO: [ view_parse ] --END-- [ RunTime:0.205773s ]
INFO: [ view_filter ] --START--
INFO: Run ContentReplace Behavior [ RunTime:0.002559s ]
INFO: Run TokenBuild Behavior [ RunTime:0.002952s ]
INFO: Run WriteHtmlCache Behavior [ RunTime:0.001670s ]
INFO: Run ShowRuntime Behavior [ RunTime:0.002165s ]
INFO: [ view_filter ] --END-- [ RunTime:0.009539s ]
INFO: [ view_end ] --START--
INFO: Run ShowPageTrace Behavior [ RunTime:0.002794s ]
INFO: [ view_end ] --END-- [ RunTime:0.002891s ]

[ 2014-04-23T18:41:27+08:00 ] 66.249.79.194 /index.php/Show/show_tz?post_id=13
INFO: [ route_check ] --START--
INFO: Run CheckRoute Behavior [ RunTime:0.000638s ]
INFO: [ route_check ] --END-- [ RunTime:0.000738s ]
INFO: [ app_begin ] --START--
INFO: Run ReadHtmlCache Behavior [ RunTime:0.000415s ]
INFO: [ app_begin ] --END-- [ RunTime:0.000481s ]
SQL: SHOW COLUMNS FROM `lj_post_main` [ RunTime:0.000793s ]
SQL: UPDATE `lj_post_main` SET `clicks`=clicks+1 WHERE ( `post_id` = 13 ) [ RunTime:0.000211s ]
SQL: SELECT * FROM `lj_post_main` WHERE ( `post_id` = 13 )  [ RunTime:0.000213s ]
SQL: SHOW COLUMNS FROM `lj_user_information` [ RunTime:0.001098s ]
SQL: SELECT * FROM `lj_user_information` WHERE ( `Id` = null )  [ RunTime:0.000241s ]
SQL: SHOW COLUMNS FROM `lj_post_replay` [ RunTime:0.000504s ]
SQL: SELECT * FROM `lj_post_replay` WHERE ( `post_id` = 13 )  [ RunTime:0.000214s ]
INFO: [ view_template ] --START--
INFO: Run LocationTemplate Behavior [ RunTime:0.000272s ]
INFO: [ view_template ] --END-- [ RunTime:0.000337s ]
INFO: [ view_parse ] --START--
NOTIC: [8] A session had already been started - ignoring session_start() /mnt/www/html/lejun/HOME/Runtime/Cache/1ccbe0629693240b941e461e7b341f67.php 第 1 行.
NOTIC: [8] A session had already been started - ignoring session_start() /mnt/www/html/lejun/HOME/Runtime/Cache/1ccbe0629693240b941e461e7b341f67.php 第 138 行.
NOTIC: [8] Undefined index: user /mnt/www/html/lejun/HOME/Runtime/Cache/1ccbe0629693240b941e461e7b341f67.php 第 241 行.
INFO: Run ParseTemplate Behavior [ RunTime:0.022745s ]
INFO: [ view_parse ] --END-- [ RunTime:0.022813s ]
INFO: [ view_filter ] --START--
INFO: Run ContentReplace Behavior [ RunTime:0.000428s ]
INFO: Run TokenBuild Behavior [ RunTime:0.000297s ]
INFO: Run WriteHtmlCache Behavior [ RunTime:0.000215s ]
INFO: Run ShowRuntime Behavior [ RunTime:0.000334s ]
INFO: [ view_filter ] --END-- [ RunTime:0.001483s ]
INFO: [ view_end ] --START--
INFO: Run ShowPageTrace Behavior [ RunTime:0.000498s ]
INFO: [ view_end ] --END-- [ RunTime:0.000569s ]

[ 2014-04-23T22:47:03+08:00 ] 111.206.36.19 /index.php/index/index_index.xml
INFO: [ route_check ] --START--
INFO: Run CheckRoute Behavior [ RunTime:0.002541s ]
INFO: [ route_check ] --END-- [ RunTime:0.002630s ]
INFO: [ app_begin ] --START--
INFO: Run ReadHtmlCache Behavior [ RunTime:0.000445s ]
INFO: [ app_begin ] --END-- [ RunTime:0.000512s ]
SQL: SHOW COLUMNS FROM `lj_cheats` [ RunTime:0.002310s ]
SQL: SHOW COLUMNS FROM `lj_cheats` [ RunTime:0.000731s ]
SQL: SELECT * FROM `lj_cheats` ORDER BY cheats_id desc LIMIT 8   [ RunTime:0.045992s ]
SQL: SHOW COLUMNS FROM `lj_post_main` [ RunTime:0.000645s ]
SQL: SHOW COLUMNS FROM `lj_post_main` [ RunTime:0.000577s ]
SQL: SELECT * FROM `lj_post_main` ORDER BY post_id desc LIMIT 8   [ RunTime:0.001327s ]
SQL: SHOW COLUMNS FROM `lj_cheats_hot` [ RunTime:0.000484s ]
SQL: SHOW COLUMNS FROM `lj_cheats_hot` [ RunTime:0.000432s ]
SQL: SELECT * FROM `lj_cheats_hot` LIMIT 8   [ RunTime:0.000101s ]
SQL: SELECT * FROM `lj_cheats` WHERE ( `cheats_id` = 1 )  [ RunTime:0.009386s ]
SQL: SELECT * FROM `lj_cheats` WHERE ( `cheats_id` = 12 )  [ RunTime:0.002454s ]
SQL: SELECT * FROM `lj_cheats` WHERE ( `cheats_id` = 13 )  [ RunTime:0.000248s ]
SQL: SELECT * FROM `lj_cheats` WHERE ( `cheats_id` = 14 )  [ RunTime:0.000247s ]
SQL: SELECT * FROM `lj_cheats` WHERE ( `cheats_id` = 19 )  [ RunTime:0.000251s ]
SQL: SELECT * FROM `lj_cheats` WHERE ( `cheats_id` = 16 )  [ RunTime:0.000234s ]
SQL: SELECT * FROM `lj_cheats` WHERE ( `cheats_id` = 17 )  [ RunTime:0.000356s ]
SQL: SELECT * FROM `lj_cheats` WHERE ( `cheats_id` = 33 )  [ RunTime:0.000222s ]
SQL: SHOW COLUMNS FROM `lj_post_hot` [ RunTime:0.000458s ]
SQL: SHOW COLUMNS FROM `lj_post_hot` [ RunTime:0.000416s ]
SQL: SELECT * FROM `lj_post_hot` LIMIT 8   [ RunTime:0.000092s ]
SQL: SELECT * FROM `lj_post_main` WHERE ( `post_id` = 9 )  [ RunTime:0.000213s ]
SQL: SELECT * FROM `lj_post_main` WHERE ( `post_id` = 1 )  [ RunTime:0.000110s ]
SQL: SELECT * FROM `lj_post_main` WHERE ( `post_id` = 8 )  [ RunTime:0.000241s ]
SQL: SELECT * FROM `lj_post_main` WHERE ( `post_id` = 11 )  [ RunTime:0.000211s ]
SQL: SELECT * FROM `lj_post_main` WHERE ( `post_id` = 10 )  [ RunTime:0.000237s ]
SQL: SELECT * FROM `lj_post_main` WHERE ( `post_id` = 18 )  [ RunTime:0.000208s ]
SQL: SELECT * FROM `lj_post_main` WHERE ( `post_id` = 17 )  [ RunTime:0.000209s ]
SQL: SHOW COLUMNS FROM `lj_board` [ RunTime:0.000522s ]
SQL: SHOW COLUMNS FROM `lj_board` [ RunTime:0.000506s ]
SQL: SELECT * FROM `lj_board` ORDER BY Id desc LIMIT 6   [ RunTime:0.000096s ]
SQL: SHOW COLUMNS FROM `lj_get_gl_from_other_site` [ RunTime:0.003361s ]
SQL: SELECT * FROM `lj_get_gl_from_other_site` ORDER BY datetime LIMIT 0,16   [ RunTime:0.006138s ]
SQL: SELECT * FROM `lj_get_gl_from_other_site` ORDER BY datetime desc LIMIT 0,16   [ RunTime:0.000105s ]
SQL: SELECT COUNT(*) AS tp_count FROM `lj_get_gl_from_other_site` LIMIT 1   [ RunTime:0.000090s ]
NOTIC: [2] Missing argument 1 for Action::show(), called in /mnt/www/html/lejun/HOME/Lib/Action/IndexAction.class.php on line 72 and defined /mnt/www/html/lejun/ThinkPHP/Lib/Core/Action.class.php 第 113 行.
NOTIC: [8] Undefined variable: content /mnt/www/html/lejun/ThinkPHP/Lib/Core/Action.class.php 第 115 行.
INFO: [ view_template ] --START--
INFO: Run LocationTemplate Behavior [ RunTime:0.004565s ]
INFO: [ view_template ] --END-- [ RunTime:0.004634s ]
INFO: [ view_parse ] --START--
NOTIC: [8] A session had already been started - ignoring session_start() /mnt/www/html/lejun/HOME/Runtime/Cache/7a41a6bbe13c5876cd2302dcb6d58711.php 第 1 行.
NOTIC: [8] A session had already been started - ignoring session_start() /mnt/www/html/lejun/HOME/Runtime/Cache/7a41a6bbe13c5876cd2302dcb6d58711.php 第 3 行.
NOTIC: [8] A session had already been started - ignoring session_start() /mnt/www/html/lejun/HOME/Runtime/Cache/7a41a6bbe13c5876cd2302dcb6d58711.php 第 140 行.
INFO: Run ParseTemplate Behavior [ RunTime:0.169633s ]
INFO: [ view_parse ] --END-- [ RunTime:0.169711s ]
INFO: [ view_filter ] --START--
INFO: Run ContentReplace Behavior [ RunTime:0.002572s ]
INFO: Run TokenBuild Behavior [ RunTime:0.001808s ]
INFO: Run WriteHtmlCache Behavior [ RunTime:0.001525s ]
INFO: Run ShowRuntime Behavior [ RunTime:0.001659s ]
INFO: [ view_filter ] --END-- [ RunTime:0.007760s ]
INFO: [ view_end ] --START--
INFO: Run ShowPageTrace Behavior [ RunTime:0.002228s ]
INFO: [ view_end ] --END-- [ RunTime:0.002298s ]

