[ 2014-04-21T00:35:06+08:00 ] ERR: (ThinkException) Lost connection to MySQL server at 'reading initial communication packet', system error: 111
[ 2014-04-21T01:21:45+08:00 ] ERR: (ThinkException) Lost connection to MySQL server at 'reading initial communication packet', system error: 111
[ 2014-04-21T02:55:48+08:00 ] ERR: (ThinkException) Lost connection to MySQL server at 'reading initial communication packet', system error: 111
[ 2014-04-21T04:33:13+08:00 ] ERR: (ThinkException) Lost connection to MySQL server at 'reading initial communication packet', system error: 111
[ 2014-04-21T04:41:53+08:00 ] ERR: (ThinkException) Lost connection to MySQL server at 'reading initial communication packet', system error: 111
[ 2014-04-21T04:41:53+08:00 ] ERR: (ThinkException) Lost connection to MySQL server at 'reading initial communication packet', system error: 111
[ 2014-04-21T05:34:45+08:00 ] ERR: (ThinkException) Lost connection to MySQL server at 'reading initial communication packet', system error: 111
[ 2014-04-21T06:42:24+08:00 ] 157.56.93.51 /index.php/Me/about_us
INFO: [ route_check ] --START--
INFO: Run CheckRoute Behavior [ RunTime:0.003826s ]
INFO: [ route_check ] --END-- [ RunTime:0.003960s ]
INFO: [ app_begin ] --START--
INFO: Run ReadHtmlCache Behavior [ RunTime:0.002180s ]
INFO: [ app_begin ] --END-- [ RunTime:0.002253s ]
INFO: [ view_template ] --START--
INFO: Run LocationTemplate Behavior [ RunTime:0.005536s ]
INFO: [ view_template ] --END-- [ RunTime:0.005644s ]
INFO: [ view_parse ] --START--
NOTIC: [8] A session had already been started - ignoring session_start() /mnt/www/html/lejun/HOME/Runtime/Cache/0b4e92dec7934973b56db46fd235d7f1.php 第 1 行.
NOTIC: [2] include_once(/mnt/www/html/lejun/renren): failed to open stream: No such file or directory /mnt/www/html/lejun/HOME/Runtime/Cache/0b4e92dec7934973b56db46fd235d7f1.php 第 1 行.
NOTIC: [2] include_once(): Failed opening './renren' for inclusion (include_path='.:/usr/share/pear:/usr/share/php:/mnt/www/html/lejun/ThinkPHP/Extend/Vendor/') /mnt/www/html/lejun/HOME/Runtime/Cache/0b4e92dec7934973b56db46fd235d7f1.php 第 1 行.
NOTIC: [8] A session had already been started - ignoring session_start() /mnt/www/html/lejun/HOME/Runtime/Cache/0b4e92dec7934973b56db46fd235d7f1.php 第 62 行.
NOTIC: [8] Undefined variable: config /mnt/www/html/lejun/HOME/Runtime/Cache/0b4e92dec7934973b56db46fd235d7f1.php 第 65 行.
NOTIC: [8] Trying to get property of non-object /mnt/www/html/lejun/HOME/Runtime/Cache/0b4e92dec7934973b56db46fd235d7f1.php 第 65 行.
NOTIC: [8] Undefined variable: config /mnt/www/html/lejun/HOME/Runtime/Cache/0b4e92dec7934973b56db46fd235d7f1.php 第 65 行.
NOTIC: [8] Trying to get property of non-object /mnt/www/html/lejun/HOME/Runtime/Cache/0b4e92dec7934973b56db46fd235d7f1.php 第 65 行.
NOTIC: [8] Undefined variable: config /mnt/www/html/lejun/HOME/Runtime/Cache/0b4e92dec7934973b56db46fd235d7f1.php 第 65 行.
NOTIC: [8] Trying to get property of non-object /mnt/www/html/lejun/HOME/Runtime/Cache/0b4e92dec7934973b56db46fd235d7f1.php 第 65 行.
INFO: Run ParseTemplate Behavior [ RunTime:0.173441s ]
INFO: [ view_parse ] --END-- [ RunTime:0.173525s ]
INFO: [ view_filter ] --START--
INFO: Run ContentReplace Behavior [ RunTime:0.002071s ]
INFO: Run TokenBuild Behavior [ RunTime:0.001660s ]
INFO: Run WriteHtmlCache Behavior [ RunTime:0.001846s ]
INFO: Run ShowRuntime Behavior [ RunTime:0.002288s ]
INFO: [ view_filter ] --END-- [ RunTime:0.008054s ]
INFO: [ view_end ] --START--
INFO: Run ShowPageTrace Behavior [ RunTime:0.002260s ]
INFO: [ view_end ] --END-- [ RunTime:0.002336s ]

[ 2014-04-21T10:38:09+08:00 ] ERR: (ThinkException) Lost connection to MySQL server at 'reading initial communication packet', system error: 111
[ 2014-04-21T10:50:53+08:00 ] ERR: (ThinkException) Lost connection to MySQL server at 'reading initial communication packet', system error: 111
[ 2014-04-21T12:42:16+08:00 ] ERR: (ThinkException) Lost connection to MySQL server at 'reading initial communication packet', system error: 111
[ 2014-04-21T15:41:35+08:00 ] ERR: (ThinkException) Lost connection to MySQL server at 'reading initial communication packet', system error: 111
[ 2014-04-21T16:40:57+08:00 ] ERR: (ThinkException) Lost connection to MySQL server at 'reading initial communication packet', system error: 111
[ 2014-04-21T17:04:20+08:00 ] ERR: (ThinkException) Lost connection to MySQL server at 'reading initial communication packet', system error: 111
[ 2014-04-21T17:38:49+08:00 ] ERR: (ThinkException) Lost connection to MySQL server at 'reading initial communication packet', system error: 111
[ 2014-04-21T17:50:58+08:00 ] ERR: (ThinkException) Lost connection to MySQL server at 'reading initial communication packet', system error: 111
[ 2014-04-21T18:39:21+08:00 ] ERR: (ThinkException) Lost connection to MySQL server at 'reading initial communication packet', system error: 111
[ 2014-04-21T20:35:06+08:00 ] ERR: (ThinkException) Lost connection to MySQL server at 'reading initial communication packet', system error: 111
[ 2014-04-21T20:47:11+08:00 ] 157.55.33.96 /index.php/Me/contact_us
INFO: [ route_check ] --START--
INFO: Run CheckRoute Behavior [ RunTime:0.000645s ]
INFO: [ route_check ] --END-- [ RunTime:0.000757s ]
INFO: [ app_begin ] --START--
INFO: Run ReadHtmlCache Behavior [ RunTime:0.000415s ]
INFO: [ app_begin ] --END-- [ RunTime:0.000483s ]
INFO: [ view_template ] --START--
INFO: Run LocationTemplate Behavior [ RunTime:0.025626s ]
INFO: [ view_template ] --END-- [ RunTime:0.025707s ]
INFO: [ view_parse ] --START--
NOTIC: [8] A session had already been started - ignoring session_start() /mnt/www/html/lejun/HOME/Runtime/Cache/e2abc022a359c97d0b18abc466023d4c.php 第 1 行.
NOTIC: [2] include_once(/mnt/www/html/lejun/renren): failed to open stream: No such file or directory /mnt/www/html/lejun/HOME/Runtime/Cache/e2abc022a359c97d0b18abc466023d4c.php 第 1 行.
NOTIC: [2] include_once(): Failed opening './renren' for inclusion (include_path='.:/usr/share/pear:/usr/share/php:/mnt/www/html/lejun/ThinkPHP/Extend/Vendor/') /mnt/www/html/lejun/HOME/Runtime/Cache/e2abc022a359c97d0b18abc466023d4c.php 第 1 行.
NOTIC: [8] A session had already been started - ignoring session_start() /mnt/www/html/lejun/HOME/Runtime/Cache/e2abc022a359c97d0b18abc466023d4c.php 第 62 行.
NOTIC: [8] Undefined variable: config /mnt/www/html/lejun/HOME/Runtime/Cache/e2abc022a359c97d0b18abc466023d4c.php 第 65 行.
NOTIC: [8] Trying to get property of non-object /mnt/www/html/lejun/HOME/Runtime/Cache/e2abc022a359c97d0b18abc466023d4c.php 第 65 行.
NOTIC: [8] Undefined variable: config /mnt/www/html/lejun/HOME/Runtime/Cache/e2abc022a359c97d0b18abc466023d4c.php 第 65 行.
NOTIC: [8] Trying to get property of non-object /mnt/www/html/lejun/HOME/Runtime/Cache/e2abc022a359c97d0b18abc466023d4c.php 第 65 行.
NOTIC: [8] Undefined variable: config /mnt/www/html/lejun/HOME/Runtime/Cache/e2abc022a359c97d0b18abc466023d4c.php 第 65 行.
NOTIC: [8] Trying to get property of non-object /mnt/www/html/lejun/HOME/Runtime/Cache/e2abc022a359c97d0b18abc466023d4c.php 第 65 行.
INFO: Run ParseTemplate Behavior [ RunTime:0.143548s ]
INFO: [ view_parse ] --END-- [ RunTime:0.143620s ]
INFO: [ view_filter ] --START--
INFO: Run ContentReplace Behavior [ RunTime:0.002300s ]
INFO: Run TokenBuild Behavior [ RunTime:0.001988s ]
INFO: Run WriteHtmlCache Behavior [ RunTime:0.001807s ]
INFO: Run ShowRuntime Behavior [ RunTime:0.002054s ]
INFO: [ view_filter ] --END-- [ RunTime:0.008346s ]
INFO: [ view_end ] --START--
INFO: Run ShowPageTrace Behavior [ RunTime:0.003127s ]
INFO: [ view_end ] --END-- [ RunTime:0.003219s ]

[ 2014-04-21T22:00:15+08:00 ] ERR: (ThinkException) Lost connection to MySQL server at 'reading initial communication packet', system error: 111
[ 2014-04-21T23:30:10+08:00 ] ERR: (ThinkException) Lost connection to MySQL server at 'reading initial communication packet', system error: 111
