[ 2014-04-25T00:20:39+08:00 ] 220.181.108.175 /index.php/Show/show_gl?cheat_id=24
INFO: [ route_check ] --START--
INFO: Run CheckRoute Behavior [ RunTime:0.003553s ]
INFO: [ route_check ] --END-- [ RunTime:0.003658s ]
INFO: [ app_begin ] --START--
INFO: Run ReadHtmlCache Behavior [ RunTime:0.002193s ]
INFO: [ app_begin ] --END-- [ RunTime:0.002264s ]
SQL: SHOW COLUMNS FROM `lj_cheats` [ RunTime:0.015170s ]
SQL: UPDATE `lj_cheats` SET `clicks`=clicks+1 WHERE ( `cheats_id` = 24 ) [ RunTime:0.061515s ]
SQL: SELECT * FROM `lj_cheats` WHERE ( `cheats_id` = 24 )  [ RunTime:0.000275s ]
SQL: SHOW COLUMNS FROM `lj_user_information` [ RunTime:0.001078s ]
SQL: SELECT * FROM `lj_user_information` WHERE ( `Id` = 6 )  [ RunTime:0.000113s ]
SQL: SHOW COLUMNS FROM `lj_cheats_replay` [ RunTime:0.000509s ]
SQL: SELECT * FROM `lj_cheats_replay` WHERE ( `cheats_id` = 24 )  [ RunTime:0.012681s ]
INFO: [ view_template ] --START--
INFO: Run LocationTemplate Behavior [ RunTime:0.007807s ]
INFO: [ view_template ] --END-- [ RunTime:0.007882s ]
INFO: [ view_parse ] --START--
NOTIC: [8] A session had already been started - ignoring session_start() /mnt/www/html/lejun/HOME/Runtime/Cache/167632789be96827d074595d44c7deb4.php 第 1 行.
NOTIC: [8] A session had already been started - ignoring session_start() /mnt/www/html/lejun/HOME/Runtime/Cache/167632789be96827d074595d44c7deb4.php 第 138 行.
NOTIC: [8] Undefined index: user /mnt/www/html/lejun/HOME/Runtime/Cache/167632789be96827d074595d44c7deb4.php 第 243 行.
INFO: Run ParseTemplate Behavior [ RunTime:0.270018s ]
INFO: [ view_parse ] --END-- [ RunTime:0.270095s ]
INFO: [ view_filter ] --START--
INFO: Run ContentReplace Behavior [ RunTime:0.002093s ]
INFO: Run TokenBuild Behavior [ RunTime:0.002551s ]
INFO: Run WriteHtmlCache Behavior [ RunTime:0.001944s ]
INFO: Run ShowRuntime Behavior [ RunTime:0.002285s ]
INFO: [ view_filter ] --END-- [ RunTime:0.009081s ]
INFO: [ view_end ] --START--
INFO: Run ShowPageTrace Behavior [ RunTime:0.002472s ]
INFO: [ view_end ] --END-- [ RunTime:0.002545s ]

[ 2014-04-25T01:51:51+08:00 ] 66.249.67.66 /index.php/index/index_index.xml
INFO: [ route_check ] --START--
INFO: Run CheckRoute Behavior [ RunTime:0.002625s ]
INFO: [ route_check ] --END-- [ RunTime:0.002748s ]
INFO: [ app_begin ] --START--
INFO: Run ReadHtmlCache Behavior [ RunTime:0.000427s ]
INFO: [ app_begin ] --END-- [ RunTime:0.000495s ]
SQL: SHOW COLUMNS FROM `lj_cheats` [ RunTime:0.031219s ]
SQL: SHOW COLUMNS FROM `lj_cheats` [ RunTime:0.000744s ]
SQL: SELECT * FROM `lj_cheats` ORDER BY cheats_id desc LIMIT 8   [ RunTime:0.046384s ]
SQL: SHOW COLUMNS FROM `lj_post_main` [ RunTime:0.000666s ]
SQL: SHOW COLUMNS FROM `lj_post_main` [ RunTime:0.000558s ]
SQL: SELECT * FROM `lj_post_main` ORDER BY post_id desc LIMIT 8   [ RunTime:0.000110s ]
SQL: SHOW COLUMNS FROM `lj_cheats_hot` [ RunTime:0.000430s ]
SQL: SHOW COLUMNS FROM `lj_cheats_hot` [ RunTime:0.000423s ]
SQL: SELECT * FROM `lj_cheats_hot` LIMIT 8   [ RunTime:0.000098s ]
SQL: SELECT * FROM `lj_cheats` WHERE ( `cheats_id` = 1 )  [ RunTime:0.001855s ]
SQL: SELECT * FROM `lj_cheats` WHERE ( `cheats_id` = 12 )  [ RunTime:0.002409s ]
SQL: SELECT * FROM `lj_cheats` WHERE ( `cheats_id` = 13 )  [ RunTime:0.000241s ]
SQL: SELECT * FROM `lj_cheats` WHERE ( `cheats_id` = 14 )  [ RunTime:0.000215s ]
SQL: SELECT * FROM `lj_cheats` WHERE ( `cheats_id` = 19 )  [ RunTime:0.000254s ]
SQL: SELECT * FROM `lj_cheats` WHERE ( `cheats_id` = 16 )  [ RunTime:0.000221s ]
SQL: SELECT * FROM `lj_cheats` WHERE ( `cheats_id` = 17 )  [ RunTime:0.000277s ]
SQL: SELECT * FROM `lj_cheats` WHERE ( `cheats_id` = 33 )  [ RunTime:0.000216s ]
SQL: SHOW COLUMNS FROM `lj_post_hot` [ RunTime:0.000421s ]
SQL: SHOW COLUMNS FROM `lj_post_hot` [ RunTime:0.000407s ]
SQL: SELECT * FROM `lj_post_hot` LIMIT 8   [ RunTime:0.000089s ]
SQL: SELECT * FROM `lj_post_main` WHERE ( `post_id` = 9 )  [ RunTime:0.000122s ]
SQL: SELECT * FROM `lj_post_main` WHERE ( `post_id` = 1 )  [ RunTime:0.000090s ]
SQL: SELECT * FROM `lj_post_main` WHERE ( `post_id` = 8 )  [ RunTime:0.000092s ]
SQL: SELECT * FROM `lj_post_main` WHERE ( `post_id` = 11 )  [ RunTime:0.000094s ]
SQL: SELECT * FROM `lj_post_main` WHERE ( `post_id` = 10 )  [ RunTime:0.000093s ]
SQL: SELECT * FROM `lj_post_main` WHERE ( `post_id` = 18 )  [ RunTime:0.000095s ]
SQL: SELECT * FROM `lj_post_main` WHERE ( `post_id` = 17 )  [ RunTime:0.000092s ]
SQL: SHOW COLUMNS FROM `lj_board` [ RunTime:0.000499s ]
SQL: SHOW COLUMNS FROM `lj_board` [ RunTime:0.000487s ]
SQL: SELECT * FROM `lj_board` ORDER BY Id desc LIMIT 6   [ RunTime:0.000094s ]
SQL: SHOW COLUMNS FROM `lj_get_gl_from_other_site` [ RunTime:0.010545s ]
SQL: SELECT * FROM `lj_get_gl_from_other_site` ORDER BY datetime LIMIT 0,16   [ RunTime:0.003785s ]
SQL: SELECT * FROM `lj_get_gl_from_other_site` ORDER BY datetime desc LIMIT 0,16   [ RunTime:0.000100s ]
SQL: SELECT COUNT(*) AS tp_count FROM `lj_get_gl_from_other_site` LIMIT 1   [ RunTime:0.000087s ]
NOTIC: [2] Missing argument 1 for Action::show(), called in /mnt/www/html/lejun/HOME/Lib/Action/IndexAction.class.php on line 72 and defined /mnt/www/html/lejun/ThinkPHP/Lib/Core/Action.class.php 第 113 行.
NOTIC: [8] Undefined variable: content /mnt/www/html/lejun/ThinkPHP/Lib/Core/Action.class.php 第 115 行.
INFO: [ view_template ] --START--
INFO: Run LocationTemplate Behavior [ RunTime:0.005066s ]
INFO: [ view_template ] --END-- [ RunTime:0.005136s ]
INFO: [ view_parse ] --START--
NOTIC: [8] A session had already been started - ignoring session_start() /mnt/www/html/lejun/HOME/Runtime/Cache/7a41a6bbe13c5876cd2302dcb6d58711.php 第 1 行.
NOTIC: [8] A session had already been started - ignoring session_start() /mnt/www/html/lejun/HOME/Runtime/Cache/7a41a6bbe13c5876cd2302dcb6d58711.php 第 3 行.
NOTIC: [8] A session had already been started - ignoring session_start() /mnt/www/html/lejun/HOME/Runtime/Cache/7a41a6bbe13c5876cd2302dcb6d58711.php 第 140 行.
INFO: Run ParseTemplate Behavior [ RunTime:0.168775s ]
INFO: [ view_parse ] --END-- [ RunTime:0.168854s ]
INFO: [ view_filter ] --START--
INFO: Run ContentReplace Behavior [ RunTime:0.002337s ]
INFO: Run TokenBuild Behavior [ RunTime:0.001857s ]
INFO: Run WriteHtmlCache Behavior [ RunTime:0.001918s ]
INFO: Run ShowRuntime Behavior [ RunTime:0.001682s ]
INFO: [ view_filter ] --END-- [ RunTime:0.007992s ]
INFO: [ view_end ] --START--
INFO: Run ShowPageTrace Behavior [ RunTime:0.002879s ]
INFO: [ view_end ] --END-- [ RunTime:0.003003s ]

[ 2014-04-25T02:24:34+08:00 ] 123.125.71.59 /index.php/index/index_index.xml
INFO: [ route_check ] --START--
INFO: Run CheckRoute Behavior [ RunTime:0.002960s ]
INFO: [ route_check ] --END-- [ RunTime:0.003052s ]
INFO: [ app_begin ] --START--
INFO: Run ReadHtmlCache Behavior [ RunTime:0.000415s ]
INFO: [ app_begin ] --END-- [ RunTime:0.000480s ]
SQL: SHOW COLUMNS FROM `lj_cheats` [ RunTime:0.009217s ]
SQL: SHOW COLUMNS FROM `lj_cheats` [ RunTime:0.000786s ]
SQL: SELECT * FROM `lj_cheats` ORDER BY cheats_id desc LIMIT 8   [ RunTime:0.000254s ]
SQL: SHOW COLUMNS FROM `lj_post_main` [ RunTime:0.000632s ]
SQL: SHOW COLUMNS FROM `lj_post_main` [ RunTime:0.000591s ]
SQL: SELECT * FROM `lj_post_main` ORDER BY post_id desc LIMIT 8   [ RunTime:0.000105s ]
SQL: SHOW COLUMNS FROM `lj_cheats_hot` [ RunTime:0.000493s ]
SQL: SHOW COLUMNS FROM `lj_cheats_hot` [ RunTime:0.000423s ]
SQL: SELECT * FROM `lj_cheats_hot` LIMIT 8   [ RunTime:0.000092s ]
SQL: SELECT * FROM `lj_cheats` WHERE ( `cheats_id` = 1 )  [ RunTime:0.000094s ]
SQL: SELECT * FROM `lj_cheats` WHERE ( `cheats_id` = 12 )  [ RunTime:0.000128s ]
SQL: SELECT * FROM `lj_cheats` WHERE ( `cheats_id` = 13 )  [ RunTime:0.000096s ]
SQL: SELECT * FROM `lj_cheats` WHERE ( `cheats_id` = 14 )  [ RunTime:0.000092s ]
SQL: SELECT * FROM `lj_cheats` WHERE ( `cheats_id` = 19 )  [ RunTime:0.000094s ]
SQL: SELECT * FROM `lj_cheats` WHERE ( `cheats_id` = 16 )  [ RunTime:0.000093s ]
SQL: SELECT * FROM `lj_cheats` WHERE ( `cheats_id` = 17 )  [ RunTime:0.000124s ]
SQL: SELECT * FROM `lj_cheats` WHERE ( `cheats_id` = 33 )  [ RunTime:0.000091s ]
SQL: SHOW COLUMNS FROM `lj_post_hot` [ RunTime:0.000449s ]
SQL: SHOW COLUMNS FROM `lj_post_hot` [ RunTime:0.000441s ]
SQL: SELECT * FROM `lj_post_hot` LIMIT 8   [ RunTime:0.000087s ]
SQL: SELECT * FROM `lj_post_main` WHERE ( `post_id` = 9 )  [ RunTime:0.000093s ]
SQL: SELECT * FROM `lj_post_main` WHERE ( `post_id` = 1 )  [ RunTime:0.000088s ]
SQL: SELECT * FROM `lj_post_main` WHERE ( `post_id` = 8 )  [ RunTime:0.000091s ]
SQL: SELECT * FROM `lj_post_main` WHERE ( `post_id` = 11 )  [ RunTime:0.000091s ]
SQL: SELECT * FROM `lj_post_main` WHERE ( `post_id` = 10 )  [ RunTime:0.000090s ]
SQL: SELECT * FROM `lj_post_main` WHERE ( `post_id` = 18 )  [ RunTime:0.000118s ]
SQL: SELECT * FROM `lj_post_main` WHERE ( `post_id` = 17 )  [ RunTime:0.000090s ]
SQL: SHOW COLUMNS FROM `lj_board` [ RunTime:0.000477s ]
SQL: SHOW COLUMNS FROM `lj_board` [ RunTime:0.000480s ]
SQL: SELECT * FROM `lj_board` ORDER BY Id desc LIMIT 6   [ RunTime:0.000092s ]
SQL: SHOW COLUMNS FROM `lj_get_gl_from_other_site` [ RunTime:0.000533s ]
SQL: SELECT * FROM `lj_get_gl_from_other_site` ORDER BY datetime LIMIT 0,16   [ RunTime:0.011153s ]
SQL: SELECT * FROM `lj_get_gl_from_other_site` ORDER BY datetime desc LIMIT 0,16   [ RunTime:0.000098s ]
SQL: SELECT COUNT(*) AS tp_count FROM `lj_get_gl_from_other_site` LIMIT 1   [ RunTime:0.000083s ]
NOTIC: [2] Missing argument 1 for Action::show(), called in /mnt/www/html/lejun/HOME/Lib/Action/IndexAction.class.php on line 72 and defined /mnt/www/html/lejun/ThinkPHP/Lib/Core/Action.class.php 第 113 行.
NOTIC: [8] Undefined variable: content /mnt/www/html/lejun/ThinkPHP/Lib/Core/Action.class.php 第 115 行.
INFO: [ view_template ] --START--
INFO: Run LocationTemplate Behavior [ RunTime:0.007709s ]
INFO: [ view_template ] --END-- [ RunTime:0.007785s ]
INFO: [ view_parse ] --START--
NOTIC: [8] A session had already been started - ignoring session_start() /mnt/www/html/lejun/HOME/Runtime/Cache/7a41a6bbe13c5876cd2302dcb6d58711.php 第 1 行.
NOTIC: [8] A session had already been started - ignoring session_start() /mnt/www/html/lejun/HOME/Runtime/Cache/7a41a6bbe13c5876cd2302dcb6d58711.php 第 3 行.
NOTIC: [8] A session had already been started - ignoring session_start() /mnt/www/html/lejun/HOME/Runtime/Cache/7a41a6bbe13c5876cd2302dcb6d58711.php 第 140 行.
INFO: Run ParseTemplate Behavior [ RunTime:0.183679s ]
INFO: [ view_parse ] --END-- [ RunTime:0.183761s ]
INFO: [ view_filter ] --START--
INFO: Run ContentReplace Behavior [ RunTime:0.002578s ]
INFO: Run TokenBuild Behavior [ RunTime:0.001986s ]
INFO: Run WriteHtmlCache Behavior [ RunTime:0.001657s ]
INFO: Run ShowRuntime Behavior [ RunTime:0.001790s ]
INFO: [ view_filter ] --END-- [ RunTime:0.008209s ]
INFO: [ view_end ] --START--
INFO: Run ShowPageTrace Behavior [ RunTime:0.002156s ]
INFO: [ view_end ] --END-- [ RunTime:0.002228s ]

[ 2014-04-25T02:35:34+08:00 ] 123.125.71.34 /index.php/Zq/zq_game?game_list_id=3
INFO: [ route_check ] --START--
INFO: Run CheckRoute Behavior [ RunTime:0.002303s ]
INFO: [ route_check ] --END-- [ RunTime:0.002420s ]
INFO: [ app_begin ] --START--
INFO: Run ReadHtmlCache Behavior [ RunTime:0.002301s ]
INFO: [ app_begin ] --END-- [ RunTime:0.002371s ]
SQL: SHOW COLUMNS FROM `lj_game_list` [ RunTime:0.093861s ]
SQL: SELECT * FROM `lj_game_list` WHERE ( `list_id` = 3 )  [ RunTime:0.002523s ]
INFO: [ view_template ] --START--
INFO: Run LocationTemplate Behavior [ RunTime:0.005169s ]
INFO: [ view_template ] --END-- [ RunTime:0.005242s ]
INFO: [ view_parse ] --START--
NOTIC: [8] A session had already been started - ignoring session_start() /mnt/www/html/lejun/HOME/Runtime/Cache/539d31f04a3ed6b50ace3fa2114a93cb.php 第 1 行.
NOTIC: [8] A session had already been started - ignoring session_start() /mnt/www/html/lejun/HOME/Runtime/Cache/539d31f04a3ed6b50ace3fa2114a93cb.php 第 138 行.
INFO: Run ParseTemplate Behavior [ RunTime:0.158844s ]
INFO: [ view_parse ] --END-- [ RunTime:0.158919s ]
INFO: [ view_filter ] --START--
INFO: Run ContentReplace Behavior [ RunTime:0.001995s ]
INFO: Run TokenBuild Behavior [ RunTime:0.001818s ]
INFO: Run WriteHtmlCache Behavior [ RunTime:0.001685s ]
INFO: Run ShowRuntime Behavior [ RunTime:0.002196s ]
INFO: [ view_filter ] --END-- [ RunTime:0.007890s ]
INFO: [ view_end ] --START--
INFO: Run ShowPageTrace Behavior [ RunTime:0.002395s ]
INFO: [ view_end ] --END-- [ RunTime:0.002469s ]

[ 2014-04-25T03:12:56+08:00 ] 101.226.168.204 /index.php/Show/show_tz?post_id=8
INFO: [ route_check ] --START--
INFO: Run CheckRoute Behavior [ RunTime:0.005328s ]
INFO: [ route_check ] --END-- [ RunTime:0.005442s ]
INFO: [ app_begin ] --START--
INFO: Run ReadHtmlCache Behavior [ RunTime:0.002094s ]
INFO: [ app_begin ] --END-- [ RunTime:0.002167s ]
SQL: SHOW COLUMNS FROM `lj_post_main` [ RunTime:0.145036s ]
SQL: UPDATE `lj_post_main` SET `clicks`=clicks+1 WHERE ( `post_id` = 8 ) [ RunTime:0.036695s ]
SQL: SELECT * FROM `lj_post_main` WHERE ( `post_id` = 8 )  [ RunTime:0.002956s ]
SQL: SHOW COLUMNS FROM `lj_user_information` [ RunTime:0.001439s ]
SQL: SELECT * FROM `lj_user_information` WHERE ( `Id` = 1 )  [ RunTime:0.016606s ]
SQL: SHOW COLUMNS FROM `lj_post_replay` [ RunTime:0.000602s ]
SQL: SELECT * FROM `lj_post_replay` WHERE ( `post_id` = 8 )  [ RunTime:0.002139s ]
SQL: SELECT * FROM `lj_user_information` WHERE ( `Id` = 1 )  [ RunTime:0.000112s ]
SQL: SELECT * FROM `lj_user_information` WHERE ( `Id` = 1 )  [ RunTime:0.000109s ]
SQL: SELECT * FROM `lj_user_information` WHERE ( `Id` = 1 )  [ RunTime:0.000110s ]
INFO: [ view_template ] --START--
INFO: Run LocationTemplate Behavior [ RunTime:0.006821s ]
INFO: [ view_template ] --END-- [ RunTime:0.006896s ]
INFO: [ view_parse ] --START--
NOTIC: [8] A session had already been started - ignoring session_start() /mnt/www/html/lejun/HOME/Runtime/Cache/1ccbe0629693240b941e461e7b341f67.php 第 1 行.
NOTIC: [8] A session had already been started - ignoring session_start() /mnt/www/html/lejun/HOME/Runtime/Cache/1ccbe0629693240b941e461e7b341f67.php 第 138 行.
NOTIC: [8] Undefined index: user /mnt/www/html/lejun/HOME/Runtime/Cache/1ccbe0629693240b941e461e7b341f67.php 第 241 行.
INFO: Run ParseTemplate Behavior [ RunTime:0.244494s ]
INFO: [ view_parse ] --END-- [ RunTime:0.244572s ]
INFO: [ view_filter ] --START--
INFO: Run ContentReplace Behavior [ RunTime:0.002508s ]
INFO: Run TokenBuild Behavior [ RunTime:0.001749s ]
INFO: Run WriteHtmlCache Behavior [ RunTime:0.001810s ]
INFO: Run ShowRuntime Behavior [ RunTime:0.003005s ]
INFO: [ view_filter ] --END-- [ RunTime:0.009270s ]
INFO: [ view_end ] --START--
INFO: Run ShowPageTrace Behavior [ RunTime:0.002799s ]
INFO: [ view_end ] --END-- [ RunTime:0.002886s ]

[ 2014-04-25T03:13:08+08:00 ] 101.226.167.244 /index.php/Show/show_tz?post_id=20
INFO: [ route_check ] --START--
INFO: Run CheckRoute Behavior [ RunTime:0.000664s ]
INFO: [ route_check ] --END-- [ RunTime:0.000756s ]
INFO: [ app_begin ] --START--
INFO: Run ReadHtmlCache Behavior [ RunTime:0.000377s ]
INFO: [ app_begin ] --END-- [ RunTime:0.000442s ]
SQL: SHOW COLUMNS FROM `lj_post_main` [ RunTime:0.000806s ]
SQL: UPDATE `lj_post_main` SET `clicks`=clicks+1 WHERE ( `post_id` = 20 ) [ RunTime:0.000294s ]
SQL: SELECT * FROM `lj_post_main` WHERE ( `post_id` = 20 )  [ RunTime:0.000235s ]
SQL: SHOW COLUMNS FROM `lj_user_information` [ RunTime:0.001080s ]
SQL: SELECT * FROM `lj_user_information` WHERE ( `Id` = 29 )  [ RunTime:0.000252s ]
SQL: SHOW COLUMNS FROM `lj_post_replay` [ RunTime:0.000504s ]
SQL: SELECT * FROM `lj_post_replay` WHERE ( `post_id` = 20 )  [ RunTime:0.000204s ]
INFO: [ view_template ] --START--
INFO: Run LocationTemplate Behavior [ RunTime:0.000263s ]
INFO: [ view_template ] --END-- [ RunTime:0.000330s ]
INFO: [ view_parse ] --START--
NOTIC: [8] A session had already been started - ignoring session_start() /mnt/www/html/lejun/HOME/Runtime/Cache/1ccbe0629693240b941e461e7b341f67.php 第 1 行.
NOTIC: [8] A session had already been started - ignoring session_start() /mnt/www/html/lejun/HOME/Runtime/Cache/1ccbe0629693240b941e461e7b341f67.php 第 138 行.
NOTIC: [8] Undefined index: user /mnt/www/html/lejun/HOME/Runtime/Cache/1ccbe0629693240b941e461e7b341f67.php 第 241 行.
INFO: Run ParseTemplate Behavior [ RunTime:0.023711s ]
INFO: [ view_parse ] --END-- [ RunTime:0.023785s ]
INFO: [ view_filter ] --START--
INFO: Run ContentReplace Behavior [ RunTime:0.000460s ]
INFO: Run TokenBuild Behavior [ RunTime:0.000271s ]
INFO: Run WriteHtmlCache Behavior [ RunTime:0.000168s ]
INFO: Run ShowRuntime Behavior [ RunTime:0.000365s ]
INFO: [ view_filter ] --END-- [ RunTime:0.001461s ]
INFO: [ view_end ] --START--
INFO: Run ShowPageTrace Behavior [ RunTime:0.000700s ]
INFO: [ view_end ] --END-- [ RunTime:0.000772s ]

[ 2014-04-25T03:24:54+08:00 ] 220.181.108.165 /index.php/Show/show_tz?post_id=11
INFO: [ route_check ] --START--
INFO: Run CheckRoute Behavior [ RunTime:0.000603s ]
INFO: [ route_check ] --END-- [ RunTime:0.000702s ]
INFO: [ app_begin ] --START--
INFO: Run ReadHtmlCache Behavior [ RunTime:0.000380s ]
INFO: [ app_begin ] --END-- [ RunTime:0.000447s ]
SQL: SHOW COLUMNS FROM `lj_post_main` [ RunTime:0.000780s ]
SQL: UPDATE `lj_post_main` SET `clicks`=clicks+1 WHERE ( `post_id` = 11 ) [ RunTime:0.000277s ]
SQL: SELECT * FROM `lj_post_main` WHERE ( `post_id` = 11 )  [ RunTime:0.000243s ]
SQL: SHOW COLUMNS FROM `lj_user_information` [ RunTime:0.001086s ]
SQL: SELECT * FROM `lj_user_information` WHERE ( `Id` = 1 )  [ RunTime:0.000113s ]
SQL: SHOW COLUMNS FROM `lj_post_replay` [ RunTime:0.000512s ]
SQL: SELECT * FROM `lj_post_replay` WHERE ( `post_id` = 11 )  [ RunTime:0.000212s ]
INFO: [ view_template ] --START--
INFO: Run LocationTemplate Behavior [ RunTime:0.000340s ]
INFO: [ view_template ] --END-- [ RunTime:0.000408s ]
INFO: [ view_parse ] --START--
NOTIC: [8] A session had already been started - ignoring session_start() /mnt/www/html/lejun/HOME/Runtime/Cache/1ccbe0629693240b941e461e7b341f67.php 第 1 行.
NOTIC: [8] A session had already been started - ignoring session_start() /mnt/www/html/lejun/HOME/Runtime/Cache/1ccbe0629693240b941e461e7b341f67.php 第 138 行.
NOTIC: [8] Undefined index: user /mnt/www/html/lejun/HOME/Runtime/Cache/1ccbe0629693240b941e461e7b341f67.php 第 241 行.
INFO: Run ParseTemplate Behavior [ RunTime:0.022450s ]
INFO: [ view_parse ] --END-- [ RunTime:0.022518s ]
INFO: [ view_filter ] --START--
INFO: Run ContentReplace Behavior [ RunTime:0.000443s ]
INFO: Run TokenBuild Behavior [ RunTime:0.000270s ]
INFO: Run WriteHtmlCache Behavior [ RunTime:0.000173s ]
INFO: Run ShowRuntime Behavior [ RunTime:0.000378s ]
INFO: [ view_filter ] --END-- [ RunTime:0.001452s ]
INFO: [ view_end ] --START--
INFO: Run ShowPageTrace Behavior [ RunTime:0.000479s ]
INFO: [ view_end ] --END-- [ RunTime:0.000579s ]

[ 2014-04-25T07:22:43+08:00 ] 66.249.67.84 /index.php/Show/show_gg?board_id=2
INFO: [ route_check ] --START--
INFO: Run CheckRoute Behavior [ RunTime:0.004417s ]
INFO: [ route_check ] --END-- [ RunTime:0.004516s ]
INFO: [ app_begin ] --START--
INFO: Run ReadHtmlCache Behavior [ RunTime:0.002046s ]
INFO: [ app_begin ] --END-- [ RunTime:0.002120s ]
SQL: SHOW COLUMNS FROM `lj_board` [ RunTime:0.006224s ]
SQL: SELECT * FROM `lj_board` WHERE ( `Id` = 2 )  [ RunTime:0.020836s ]
INFO: [ view_template ] --START--
INFO: Run LocationTemplate Behavior [ RunTime:0.007230s ]
INFO: [ view_template ] --END-- [ RunTime:0.007308s ]
INFO: [ view_parse ] --START--
NOTIC: [8] A session had already been started - ignoring session_start() /mnt/www/html/lejun/HOME/Runtime/Cache/3a15c1c4863b7642b8ac293c9b3f848c.php 第 1 行.
NOTIC: [2] include_once(/mnt/www/html/lejun/renren): failed to open stream: Success /mnt/www/html/lejun/HOME/Runtime/Cache/3a15c1c4863b7642b8ac293c9b3f848c.php 第 1 行.
NOTIC: [2] include_once(): Failed opening './renren' for inclusion (include_path='.:/usr/share/pear:/usr/share/php:/mnt/www/html/lejun/ThinkPHP/Extend/Vendor/') /mnt/www/html/lejun/HOME/Runtime/Cache/3a15c1c4863b7642b8ac293c9b3f848c.php 第 1 行.
NOTIC: [8] A session had already been started - ignoring session_start() /mnt/www/html/lejun/HOME/Runtime/Cache/3a15c1c4863b7642b8ac293c9b3f848c.php 第 62 行.
NOTIC: [8] Undefined variable: config /mnt/www/html/lejun/HOME/Runtime/Cache/3a15c1c4863b7642b8ac293c9b3f848c.php 第 65 行.
NOTIC: [8] Trying to get property of non-object /mnt/www/html/lejun/HOME/Runtime/Cache/3a15c1c4863b7642b8ac293c9b3f848c.php 第 65 行.
NOTIC: [8] Undefined variable: config /mnt/www/html/lejun/HOME/Runtime/Cache/3a15c1c4863b7642b8ac293c9b3f848c.php 第 65 行.
NOTIC: [8] Trying to get property of non-object /mnt/www/html/lejun/HOME/Runtime/Cache/3a15c1c4863b7642b8ac293c9b3f848c.php 第 65 行.
NOTIC: [8] Undefined variable: config /mnt/www/html/lejun/HOME/Runtime/Cache/3a15c1c4863b7642b8ac293c9b3f848c.php 第 65 行.
NOTIC: [8] Trying to get property of non-object /mnt/www/html/lejun/HOME/Runtime/Cache/3a15c1c4863b7642b8ac293c9b3f848c.php 第 65 行.
INFO: Run ParseTemplate Behavior [ RunTime:0.070253s ]
INFO: [ view_parse ] --END-- [ RunTime:0.070323s ]
INFO: [ view_filter ] --START--
INFO: Run ContentReplace Behavior [ RunTime:0.002488s ]
INFO: Run TokenBuild Behavior [ RunTime:0.002184s ]
INFO: Run WriteHtmlCache Behavior [ RunTime:0.001951s ]
INFO: Run ShowRuntime Behavior [ RunTime:0.002182s ]
INFO: [ view_filter ] --END-- [ RunTime:0.009007s ]
INFO: [ view_end ] --START--
INFO: Run ShowPageTrace Behavior [ RunTime:0.002356s ]
INFO: [ view_end ] --END-- [ RunTime:0.002427s ]

[ 2014-04-25T08:24:22+08:00 ] 66.249.67.84 /index.php/Show/show_tz?post_id=10
INFO: [ route_check ] --START--
INFO: Run CheckRoute Behavior [ RunTime:0.002638s ]
INFO: [ route_check ] --END-- [ RunTime:0.002753s ]
INFO: [ app_begin ] --START--
INFO: Run ReadHtmlCache Behavior [ RunTime:0.002281s ]
INFO: [ app_begin ] --END-- [ RunTime:0.002363s ]
SQL: SHOW COLUMNS FROM `lj_post_main` [ RunTime:0.065009s ]
SQL: UPDATE `lj_post_main` SET `clicks`=clicks+1 WHERE ( `post_id` = 10 ) [ RunTime:0.026934s ]
SQL: SELECT * FROM `lj_post_main` WHERE ( `post_id` = 10 )  [ RunTime:0.000333s ]
SQL: SHOW COLUMNS FROM `lj_user_information` [ RunTime:0.001242s ]
SQL: SELECT * FROM `lj_user_information` WHERE ( `Id` = 1 )  [ RunTime:0.000115s ]
SQL: SHOW COLUMNS FROM `lj_post_replay` [ RunTime:0.000516s ]
SQL: SELECT * FROM `lj_post_replay` WHERE ( `post_id` = 10 )  [ RunTime:0.010506s ]
INFO: [ view_template ] --START--
INFO: Run LocationTemplate Behavior [ RunTime:0.004414s ]
INFO: [ view_template ] --END-- [ RunTime:0.004492s ]
INFO: [ view_parse ] --START--
NOTIC: [8] A session had already been started - ignoring session_start() /mnt/www/html/lejun/HOME/Runtime/Cache/1ccbe0629693240b941e461e7b341f67.php 第 1 行.
NOTIC: [8] A session had already been started - ignoring session_start() /mnt/www/html/lejun/HOME/Runtime/Cache/1ccbe0629693240b941e461e7b341f67.php 第 138 行.
NOTIC: [8] Undefined index: user /mnt/www/html/lejun/HOME/Runtime/Cache/1ccbe0629693240b941e461e7b341f67.php 第 241 行.
INFO: Run ParseTemplate Behavior [ RunTime:0.139030s ]
INFO: [ view_parse ] --END-- [ RunTime:0.139119s ]
INFO: [ view_filter ] --START--
INFO: Run ContentReplace Behavior [ RunTime:0.002143s ]
INFO: Run TokenBuild Behavior [ RunTime:0.001899s ]
INFO: Run WriteHtmlCache Behavior [ RunTime:0.001716s ]
INFO: Run ShowRuntime Behavior [ RunTime:0.001922s ]
INFO: [ view_filter ] --END-- [ RunTime:0.007923s ]
INFO: [ view_end ] --START--
INFO: Run ShowPageTrace Behavior [ RunTime:0.002512s ]
INFO: [ view_end ] --END-- [ RunTime:0.002586s ]

[ 2014-04-25T12:14:44+08:00 ] 101.199.108.50 /index.php/index/index_index.xml
INFO: [ route_check ] --START--
INFO: Run CheckRoute Behavior [ RunTime:0.003563s ]
INFO: [ route_check ] --END-- [ RunTime:0.003696s ]
INFO: [ app_begin ] --START--
INFO: Run ReadHtmlCache Behavior [ RunTime:0.000392s ]
INFO: [ app_begin ] --END-- [ RunTime:0.000458s ]
SQL: SHOW COLUMNS FROM `lj_cheats` [ RunTime:0.177186s ]
SQL: SHOW COLUMNS FROM `lj_cheats` [ RunTime:0.000773s ]
SQL: SELECT * FROM `lj_cheats` ORDER BY cheats_id desc LIMIT 8   [ RunTime:0.000267s ]
SQL: SHOW COLUMNS FROM `lj_post_main` [ RunTime:0.000559s ]
SQL: SHOW COLUMNS FROM `lj_post_main` [ RunTime:0.000623s ]
SQL: SELECT * FROM `lj_post_main` ORDER BY post_id desc LIMIT 8   [ RunTime:0.001645s ]
SQL: SHOW COLUMNS FROM `lj_cheats_hot` [ RunTime:0.000455s ]
SQL: SHOW COLUMNS FROM `lj_cheats_hot` [ RunTime:0.000430s ]
SQL: SELECT * FROM `lj_cheats_hot` LIMIT 8   [ RunTime:0.000096s ]
SQL: SELECT * FROM `lj_cheats` WHERE ( `cheats_id` = 1 )  [ RunTime:0.000099s ]
SQL: SELECT * FROM `lj_cheats` WHERE ( `cheats_id` = 12 )  [ RunTime:0.000120s ]
SQL: SELECT * FROM `lj_cheats` WHERE ( `cheats_id` = 13 )  [ RunTime:0.000098s ]
SQL: SELECT * FROM `lj_cheats` WHERE ( `cheats_id` = 14 )  [ RunTime:0.000100s ]
SQL: SELECT * FROM `lj_cheats` WHERE ( `cheats_id` = 19 )  [ RunTime:0.000100s ]
SQL: SELECT * FROM `lj_cheats` WHERE ( `cheats_id` = 16 )  [ RunTime:0.000103s ]
SQL: SELECT * FROM `lj_cheats` WHERE ( `cheats_id` = 17 )  [ RunTime:0.000135s ]
SQL: SELECT * FROM `lj_cheats` WHERE ( `cheats_id` = 33 )  [ RunTime:0.000096s ]
SQL: SHOW COLUMNS FROM `lj_post_hot` [ RunTime:0.000469s ]
SQL: SHOW COLUMNS FROM `lj_post_hot` [ RunTime:0.000404s ]
SQL: SELECT * FROM `lj_post_hot` LIMIT 8   [ RunTime:0.000111s ]
SQL: SELECT * FROM `lj_post_main` WHERE ( `post_id` = 9 )  [ RunTime:0.000260s ]
SQL: SELECT * FROM `lj_post_main` WHERE ( `post_id` = 1 )  [ RunTime:0.000201s ]
SQL: SELECT * FROM `lj_post_main` WHERE ( `post_id` = 8 )  [ RunTime:0.000202s ]
SQL: SELECT * FROM `lj_post_main` WHERE ( `post_id` = 11 )  [ RunTime:0.000207s ]
SQL: SELECT * FROM `lj_post_main` WHERE ( `post_id` = 10 )  [ RunTime:0.000118s ]
SQL: SELECT * FROM `lj_post_main` WHERE ( `post_id` = 18 )  [ RunTime:0.000207s ]
SQL: SELECT * FROM `lj_post_main` WHERE ( `post_id` = 17 )  [ RunTime:0.000206s ]
SQL: SHOW COLUMNS FROM `lj_board` [ RunTime:0.000474s ]
SQL: SHOW COLUMNS FROM `lj_board` [ RunTime:0.000486s ]
SQL: SELECT * FROM `lj_board` ORDER BY Id desc LIMIT 6   [ RunTime:0.000093s ]
SQL: SHOW COLUMNS FROM `lj_get_gl_from_other_site` [ RunTime:0.007705s ]
SQL: SELECT * FROM `lj_get_gl_from_other_site` ORDER BY datetime LIMIT 0,16   [ RunTime:0.010113s ]
SQL: SELECT * FROM `lj_get_gl_from_other_site` ORDER BY datetime desc LIMIT 0,16   [ RunTime:0.000138s ]
SQL: SELECT COUNT(*) AS tp_count FROM `lj_get_gl_from_other_site` LIMIT 1   [ RunTime:0.000088s ]
NOTIC: [2] Missing argument 1 for Action::show(), called in /mnt/www/html/lejun/HOME/Lib/Action/IndexAction.class.php on line 72 and defined /mnt/www/html/lejun/ThinkPHP/Lib/Core/Action.class.php 第 113 行.
NOTIC: [8] Undefined variable: content /mnt/www/html/lejun/ThinkPHP/Lib/Core/Action.class.php 第 115 行.
INFO: [ view_template ] --START--
INFO: Run LocationTemplate Behavior [ RunTime:0.021765s ]
INFO: [ view_template ] --END-- [ RunTime:0.021843s ]
INFO: [ view_parse ] --START--
NOTIC: [8] A session had already been started - ignoring session_start() /mnt/www/html/lejun/HOME/Runtime/Cache/7a41a6bbe13c5876cd2302dcb6d58711.php 第 1 行.
NOTIC: [8] A session had already been started - ignoring session_start() /mnt/www/html/lejun/HOME/Runtime/Cache/7a41a6bbe13c5876cd2302dcb6d58711.php 第 3 行.
NOTIC: [8] A session had already been started - ignoring session_start() /mnt/www/html/lejun/HOME/Runtime/Cache/7a41a6bbe13c5876cd2302dcb6d58711.php 第 140 行.
INFO: Run ParseTemplate Behavior [ RunTime:0.265447s ]
INFO: [ view_parse ] --END-- [ RunTime:0.265556s ]
INFO: [ view_filter ] --START--
INFO: Run ContentReplace Behavior [ RunTime:0.003448s ]
INFO: Run TokenBuild Behavior [ RunTime:0.001926s ]
INFO: Run WriteHtmlCache Behavior [ RunTime:0.001892s ]
INFO: Run ShowRuntime Behavior [ RunTime:0.002637s ]
INFO: [ view_filter ] --END-- [ RunTime:0.010102s ]
INFO: [ view_end ] --START--
INFO: Run ShowPageTrace Behavior [ RunTime:0.003311s ]
INFO: [ view_end ] --END-- [ RunTime:0.003387s ]

[ 2014-04-25T14:53:42+08:00 ] 220.181.108.183 /index.php/Index/index_index
INFO: [ route_check ] --START--
INFO: Run CheckRoute Behavior [ RunTime:0.005268s ]
INFO: [ route_check ] --END-- [ RunTime:0.005390s ]
INFO: [ app_begin ] --START--
INFO: Run ReadHtmlCache Behavior [ RunTime:0.002950s ]
INFO: [ app_begin ] --END-- [ RunTime:0.003027s ]
SQL: SHOW COLUMNS FROM `lj_cheats` [ RunTime:0.039348s ]
SQL: SHOW COLUMNS FROM `lj_cheats` [ RunTime:0.000687s ]
SQL: SELECT * FROM `lj_cheats` ORDER BY cheats_id desc LIMIT 8   [ RunTime:0.051952s ]
SQL: SHOW COLUMNS FROM `lj_post_main` [ RunTime:0.000611s ]
SQL: SHOW COLUMNS FROM `lj_post_main` [ RunTime:0.000554s ]
SQL: SELECT * FROM `lj_post_main` ORDER BY post_id desc LIMIT 8   [ RunTime:0.035353s ]
SQL: SHOW COLUMNS FROM `lj_cheats_hot` [ RunTime:0.049033s ]
SQL: SHOW COLUMNS FROM `lj_cheats_hot` [ RunTime:0.000465s ]
SQL: SELECT * FROM `lj_cheats_hot` LIMIT 8   [ RunTime:0.001649s ]
SQL: SELECT * FROM `lj_cheats` WHERE ( `cheats_id` = 1 )  [ RunTime:0.017230s ]
SQL: SELECT * FROM `lj_cheats` WHERE ( `cheats_id` = 12 )  [ RunTime:0.003534s ]
SQL: SELECT * FROM `lj_cheats` WHERE ( `cheats_id` = 13 )  [ RunTime:0.000230s ]
SQL: SELECT * FROM `lj_cheats` WHERE ( `cheats_id` = 14 )  [ RunTime:0.000250s ]
SQL: SELECT * FROM `lj_cheats` WHERE ( `cheats_id` = 19 )  [ RunTime:0.000229s ]
SQL: SELECT * FROM `lj_cheats` WHERE ( `cheats_id` = 16 )  [ RunTime:0.000246s ]
SQL: SELECT * FROM `lj_cheats` WHERE ( `cheats_id` = 17 )  [ RunTime:0.000290s ]
SQL: SELECT * FROM `lj_cheats` WHERE ( `cheats_id` = 33 )  [ RunTime:0.000224s ]
SQL: SHOW COLUMNS FROM `lj_post_hot` [ RunTime:0.017254s ]
SQL: SHOW COLUMNS FROM `lj_post_hot` [ RunTime:0.000457s ]
SQL: SELECT * FROM `lj_post_hot` LIMIT 8   [ RunTime:0.003235s ]
SQL: SELECT * FROM `lj_post_main` WHERE ( `post_id` = 9 )  [ RunTime:0.000218s ]
SQL: SELECT * FROM `lj_post_main` WHERE ( `post_id` = 1 )  [ RunTime:0.000209s ]
SQL: SELECT * FROM `lj_post_main` WHERE ( `post_id` = 8 )  [ RunTime:0.000206s ]
SQL: SELECT * FROM `lj_post_main` WHERE ( `post_id` = 11 )  [ RunTime:0.000240s ]
SQL: SELECT * FROM `lj_post_main` WHERE ( `post_id` = 10 )  [ RunTime:0.000209s ]
SQL: SELECT * FROM `lj_post_main` WHERE ( `post_id` = 18 )  [ RunTime:0.000271s ]
SQL: SELECT * FROM `lj_post_main` WHERE ( `post_id` = 17 )  [ RunTime:0.000209s ]
SQL: SHOW COLUMNS FROM `lj_board` [ RunTime:0.033244s ]
SQL: SHOW COLUMNS FROM `lj_board` [ RunTime:0.000479s ]
SQL: SELECT * FROM `lj_board` ORDER BY Id desc LIMIT 6   [ RunTime:0.002726s ]
SQL: SHOW COLUMNS FROM `lj_get_gl_from_other_site` [ RunTime:0.129096s ]
SQL: SELECT * FROM `lj_get_gl_from_other_site` ORDER BY datetime LIMIT 0,16   [ RunTime:0.009370s ]
SQL: SELECT * FROM `lj_get_gl_from_other_site` ORDER BY datetime desc LIMIT 0,16   [ RunTime:0.000703s ]
SQL: SELECT COUNT(*) AS tp_count FROM `lj_get_gl_from_other_site` LIMIT 1   [ RunTime:0.010088s ]
NOTIC: [2] Missing argument 1 for Action::show(), called in /mnt/www/html/lejun/HOME/Lib/Action/IndexAction.class.php on line 72 and defined /mnt/www/html/lejun/ThinkPHP/Lib/Core/Action.class.php 第 113 行.
NOTIC: [8] Undefined variable: content /mnt/www/html/lejun/ThinkPHP/Lib/Core/Action.class.php 第 115 行.
INFO: [ view_template ] --START--
INFO: Run LocationTemplate Behavior [ RunTime:0.014209s ]
INFO: [ view_template ] --END-- [ RunTime:0.014279s ]
INFO: [ view_parse ] --START--
NOTIC: [8] A session had already been started - ignoring session_start() /mnt/www/html/lejun/HOME/Runtime/Cache/7a41a6bbe13c5876cd2302dcb6d58711.php 第 1 行.
NOTIC: [8] A session had already been started - ignoring session_start() /mnt/www/html/lejun/HOME/Runtime/Cache/7a41a6bbe13c5876cd2302dcb6d58711.php 第 3 行.
NOTIC: [8] A session had already been started - ignoring session_start() /mnt/www/html/lejun/HOME/Runtime/Cache/7a41a6bbe13c5876cd2302dcb6d58711.php 第 140 行.
INFO: Run ParseTemplate Behavior [ RunTime:0.283840s ]
INFO: [ view_parse ] --END-- [ RunTime:0.283939s ]
INFO: [ view_filter ] --START--
INFO: Run ContentReplace Behavior [ RunTime:0.002485s ]
INFO: Run TokenBuild Behavior [ RunTime:0.004788s ]
INFO: Run WriteHtmlCache Behavior [ RunTime:0.001886s ]
INFO: Run ShowRuntime Behavior [ RunTime:0.002174s ]
INFO: [ view_filter ] --END-- [ RunTime:0.011545s ]
INFO: [ view_end ] --START--
INFO: Run ShowPageTrace Behavior [ RunTime:0.002342s ]
INFO: [ view_end ] --END-- [ RunTime:0.002421s ]

[ 2014-04-25T16:18:41+08:00 ] 111.206.36.7 /index.php/index/index_index.xml
INFO: [ route_check ] --START--
INFO: Run CheckRoute Behavior [ RunTime:0.008679s ]
INFO: [ route_check ] --END-- [ RunTime:0.008767s ]
INFO: [ app_begin ] --START--
INFO: Run ReadHtmlCache Behavior [ RunTime:0.000375s ]
INFO: [ app_begin ] --END-- [ RunTime:0.000440s ]
SQL: SHOW COLUMNS FROM `lj_cheats` [ RunTime:0.178662s ]
SQL: SHOW COLUMNS FROM `lj_cheats` [ RunTime:0.000678s ]
SQL: SELECT * FROM `lj_cheats` ORDER BY cheats_id desc LIMIT 8   [ RunTime:0.000263s ]
SQL: SHOW COLUMNS FROM `lj_post_main` [ RunTime:0.000589s ]
SQL: SHOW COLUMNS FROM `lj_post_main` [ RunTime:0.000572s ]
SQL: SELECT * FROM `lj_post_main` ORDER BY post_id desc LIMIT 8   [ RunTime:0.000119s ]
SQL: SHOW COLUMNS FROM `lj_cheats_hot` [ RunTime:0.000553s ]
SQL: SHOW COLUMNS FROM `lj_cheats_hot` [ RunTime:0.000458s ]
SQL: SELECT * FROM `lj_cheats_hot` LIMIT 8   [ RunTime:0.000118s ]
SQL: SELECT * FROM `lj_cheats` WHERE ( `cheats_id` = 1 )  [ RunTime:0.000095s ]
SQL: SELECT * FROM `lj_cheats` WHERE ( `cheats_id` = 12 )  [ RunTime:0.000131s ]
SQL: SELECT * FROM `lj_cheats` WHERE ( `cheats_id` = 13 )  [ RunTime:0.000124s ]
SQL: SELECT * FROM `lj_cheats` WHERE ( `cheats_id` = 14 )  [ RunTime:0.000094s ]
SQL: SELECT * FROM `lj_cheats` WHERE ( `cheats_id` = 19 )  [ RunTime:0.000096s ]
SQL: SELECT * FROM `lj_cheats` WHERE ( `cheats_id` = 16 )  [ RunTime:0.000140s ]
SQL: SELECT * FROM `lj_cheats` WHERE ( `cheats_id` = 17 )  [ RunTime:0.000125s ]
SQL: SELECT * FROM `lj_cheats` WHERE ( `cheats_id` = 33 )  [ RunTime:0.000091s ]
SQL: SHOW COLUMNS FROM `lj_post_hot` [ RunTime:0.000447s ]
SQL: SHOW COLUMNS FROM `lj_post_hot` [ RunTime:0.000405s ]
SQL: SELECT * FROM `lj_post_hot` LIMIT 8   [ RunTime:0.000109s ]
SQL: SELECT * FROM `lj_post_main` WHERE ( `post_id` = 9 )  [ RunTime:0.000092s ]
SQL: SELECT * FROM `lj_post_main` WHERE ( `post_id` = 1 )  [ RunTime:0.000087s ]
SQL: SELECT * FROM `lj_post_main` WHERE ( `post_id` = 8 )  [ RunTime:0.000089s ]
SQL: SELECT * FROM `lj_post_main` WHERE ( `post_id` = 11 )  [ RunTime:0.000092s ]
SQL: SELECT * FROM `lj_post_main` WHERE ( `post_id` = 10 )  [ RunTime:0.000090s ]
SQL: SELECT * FROM `lj_post_main` WHERE ( `post_id` = 18 )  [ RunTime:0.000091s ]
SQL: SELECT * FROM `lj_post_main` WHERE ( `post_id` = 17 )  [ RunTime:0.000297s ]
SQL: SHOW COLUMNS FROM `lj_board` [ RunTime:0.000768s ]
SQL: SHOW COLUMNS FROM `lj_board` [ RunTime:0.000502s ]
SQL: SELECT * FROM `lj_board` ORDER BY Id desc LIMIT 6   [ RunTime:0.000097s ]
SQL: SHOW COLUMNS FROM `lj_get_gl_from_other_site` [ RunTime:0.009326s ]
SQL: SELECT * FROM `lj_get_gl_from_other_site` ORDER BY datetime LIMIT 0,16   [ RunTime:0.013257s ]
SQL: SELECT * FROM `lj_get_gl_from_other_site` ORDER BY datetime desc LIMIT 0,16   [ RunTime:0.000140s ]
SQL: SELECT COUNT(*) AS tp_count FROM `lj_get_gl_from_other_site` LIMIT 1   [ RunTime:0.000087s ]
NOTIC: [2] Missing argument 1 for Action::show(), called in /mnt/www/html/lejun/HOME/Lib/Action/IndexAction.class.php on line 72 and defined /mnt/www/html/lejun/ThinkPHP/Lib/Core/Action.class.php 第 113 行.
NOTIC: [8] Undefined variable: content /mnt/www/html/lejun/ThinkPHP/Lib/Core/Action.class.php 第 115 行.
INFO: [ view_template ] --START--
INFO: Run LocationTemplate Behavior [ RunTime:0.005577s ]
INFO: [ view_template ] --END-- [ RunTime:0.005652s ]
INFO: [ view_parse ] --START--
NOTIC: [8] A session had already been started - ignoring session_start() /mnt/www/html/lejun/HOME/Runtime/Cache/7a41a6bbe13c5876cd2302dcb6d58711.php 第 1 行.
NOTIC: [8] A session had already been started - ignoring session_start() /mnt/www/html/lejun/HOME/Runtime/Cache/7a41a6bbe13c5876cd2302dcb6d58711.php 第 3 行.
NOTIC: [8] A session had already been started - ignoring session_start() /mnt/www/html/lejun/HOME/Runtime/Cache/7a41a6bbe13c5876cd2302dcb6d58711.php 第 140 行.
INFO: Run ParseTemplate Behavior [ RunTime:0.234121s ]
INFO: [ view_parse ] --END-- [ RunTime:0.234201s ]
INFO: [ view_filter ] --START--
INFO: Run ContentReplace Behavior [ RunTime:0.002739s ]
INFO: Run TokenBuild Behavior [ RunTime:0.002091s ]
INFO: Run WriteHtmlCache Behavior [ RunTime:0.001849s ]
INFO: Run ShowRuntime Behavior [ RunTime:0.001893s ]
INFO: [ view_filter ] --END-- [ RunTime:0.008768s ]
INFO: [ view_end ] --START--
INFO: Run ShowPageTrace Behavior [ RunTime:0.002738s ]
INFO: [ view_end ] --END-- [ RunTime:0.002809s ]

[ 2014-04-25T16:26:33+08:00 ] 66.249.67.66 /index.php/index/index_index.xml
INFO: [ route_check ] --START--
INFO: Run CheckRoute Behavior [ RunTime:0.000659s ]
INFO: [ route_check ] --END-- [ RunTime:0.000756s ]
INFO: [ app_begin ] --START--
INFO: Run ReadHtmlCache Behavior [ RunTime:0.000446s ]
INFO: [ app_begin ] --END-- [ RunTime:0.000514s ]
SQL: SHOW COLUMNS FROM `lj_cheats` [ RunTime:0.000963s ]
SQL: SHOW COLUMNS FROM `lj_cheats` [ RunTime:0.000777s ]
SQL: SELECT * FROM `lj_cheats` ORDER BY cheats_id desc LIMIT 8   [ RunTime:0.000292s ]
SQL: SHOW COLUMNS FROM `lj_post_main` [ RunTime:0.000612s ]
SQL: SHOW COLUMNS FROM `lj_post_main` [ RunTime:0.000578s ]
SQL: SELECT * FROM `lj_post_main` ORDER BY post_id desc LIMIT 8   [ RunTime:0.000107s ]
SQL: SHOW COLUMNS FROM `lj_cheats_hot` [ RunTime:0.000449s ]
SQL: SHOW COLUMNS FROM `lj_cheats_hot` [ RunTime:0.000495s ]
SQL: SELECT * FROM `lj_cheats_hot` LIMIT 8   [ RunTime:0.000094s ]
SQL: SELECT * FROM `lj_cheats` WHERE ( `cheats_id` = 1 )  [ RunTime:0.000097s ]
SQL: SELECT * FROM `lj_cheats` WHERE ( `cheats_id` = 12 )  [ RunTime:0.000131s ]
SQL: SELECT * FROM `lj_cheats` WHERE ( `cheats_id` = 13 )  [ RunTime:0.000097s ]
SQL: SELECT * FROM `lj_cheats` WHERE ( `cheats_id` = 14 )  [ RunTime:0.000096s ]
SQL: SELECT * FROM `lj_cheats` WHERE ( `cheats_id` = 19 )  [ RunTime:0.000099s ]
SQL: SELECT * FROM `lj_cheats` WHERE ( `cheats_id` = 16 )  [ RunTime:0.000096s ]
SQL: SELECT * FROM `lj_cheats` WHERE ( `cheats_id` = 17 )  [ RunTime:0.000152s ]
SQL: SELECT * FROM `lj_cheats` WHERE ( `cheats_id` = 33 )  [ RunTime:0.000092s ]
SQL: SHOW COLUMNS FROM `lj_post_hot` [ RunTime:0.000427s ]
SQL: SHOW COLUMNS FROM `lj_post_hot` [ RunTime:0.000417s ]
SQL: SELECT * FROM `lj_post_hot` LIMIT 8   [ RunTime:0.000088s ]
SQL: SELECT * FROM `lj_post_main` WHERE ( `post_id` = 9 )  [ RunTime:0.000095s ]
SQL: SELECT * FROM `lj_post_main` WHERE ( `post_id` = 1 )  [ RunTime:0.000089s ]
SQL: SELECT * FROM `lj_post_main` WHERE ( `post_id` = 8 )  [ RunTime:0.000090s ]
SQL: SELECT * FROM `lj_post_main` WHERE ( `post_id` = 11 )  [ RunTime:0.000121s ]
SQL: SELECT * FROM `lj_post_main` WHERE ( `post_id` = 10 )  [ RunTime:0.000092s ]
SQL: SELECT * FROM `lj_post_main` WHERE ( `post_id` = 18 )  [ RunTime:0.000094s ]
SQL: SELECT * FROM `lj_post_main` WHERE ( `post_id` = 17 )  [ RunTime:0.000091s ]
SQL: SHOW COLUMNS FROM `lj_board` [ RunTime:0.000498s ]
SQL: SHOW COLUMNS FROM `lj_board` [ RunTime:0.000505s ]
SQL: SELECT * FROM `lj_board` ORDER BY Id desc LIMIT 6   [ RunTime:0.000094s ]
SQL: SHOW COLUMNS FROM `lj_get_gl_from_other_site` [ RunTime:0.000581s ]
SQL: SELECT * FROM `lj_get_gl_from_other_site` ORDER BY datetime LIMIT 0,16   [ RunTime:0.000120s ]
SQL: SELECT * FROM `lj_get_gl_from_other_site` ORDER BY datetime desc LIMIT 0,16   [ RunTime:0.000124s ]
SQL: SELECT COUNT(*) AS tp_count FROM `lj_get_gl_from_other_site` LIMIT 1   [ RunTime:0.000086s ]
NOTIC: [2] Missing argument 1 for Action::show(), called in /mnt/www/html/lejun/HOME/Lib/Action/IndexAction.class.php on line 72 and defined /mnt/www/html/lejun/ThinkPHP/Lib/Core/Action.class.php 第 113 行.
NOTIC: [8] Undefined variable: content /mnt/www/html/lejun/ThinkPHP/Lib/Core/Action.class.php 第 115 行.
INFO: [ view_template ] --START--
INFO: Run LocationTemplate Behavior [ RunTime:0.000286s ]
INFO: [ view_template ] --END-- [ RunTime:0.000348s ]
INFO: [ view_parse ] --START--
NOTIC: [8] A session had already been started - ignoring session_start() /mnt/www/html/lejun/HOME/Runtime/Cache/7a41a6bbe13c5876cd2302dcb6d58711.php 第 1 行.
NOTIC: [8] A session had already been started - ignoring session_start() /mnt/www/html/lejun/HOME/Runtime/Cache/7a41a6bbe13c5876cd2302dcb6d58711.php 第 3 行.
NOTIC: [8] A session had already been started - ignoring session_start() /mnt/www/html/lejun/HOME/Runtime/Cache/7a41a6bbe13c5876cd2302dcb6d58711.php 第 140 行.
INFO: Run ParseTemplate Behavior [ RunTime:0.041158s ]
INFO: [ view_parse ] --END-- [ RunTime:0.041230s ]
INFO: [ view_filter ] --START--
INFO: Run ContentReplace Behavior [ RunTime:0.000895s ]
INFO: Run TokenBuild Behavior [ RunTime:0.000295s ]
INFO: Run WriteHtmlCache Behavior [ RunTime:0.000176s ]
INFO: Run ShowRuntime Behavior [ RunTime:0.000386s ]
INFO: [ view_filter ] --END-- [ RunTime:0.001949s ]
INFO: [ view_end ] --START--
INFO: Run ShowPageTrace Behavior [ RunTime:0.000693s ]
INFO: [ view_end ] --END-- [ RunTime:0.000875s ]

[ 2014-04-25T22:09:49+08:00 ] 107.178.209.89 /index.php/index/index_index.xml
INFO: [ route_check ] --START--
INFO: Run CheckRoute Behavior [ RunTime:0.077075s ]
INFO: [ route_check ] --END-- [ RunTime:0.077179s ]
INFO: [ app_begin ] --START--
INFO: Run ReadHtmlCache Behavior [ RunTime:0.000398s ]
INFO: [ app_begin ] --END-- [ RunTime:0.000465s ]
SQL: SHOW COLUMNS FROM `lj_cheats` [ RunTime:0.073364s ]
SQL: SHOW COLUMNS FROM `lj_cheats` [ RunTime:0.000991s ]
SQL: SELECT * FROM `lj_cheats` ORDER BY cheats_id desc LIMIT 8   [ RunTime:0.000267s ]
SQL: SHOW COLUMNS FROM `lj_post_main` [ RunTime:0.000609s ]
SQL: SHOW COLUMNS FROM `lj_post_main` [ RunTime:0.000592s ]
SQL: SELECT * FROM `lj_post_main` ORDER BY post_id desc LIMIT 8   [ RunTime:0.000103s ]
SQL: SHOW COLUMNS FROM `lj_cheats_hot` [ RunTime:0.000484s ]
SQL: SHOW COLUMNS FROM `lj_cheats_hot` [ RunTime:0.000427s ]
SQL: SELECT * FROM `lj_cheats_hot` LIMIT 8   [ RunTime:0.000121s ]
SQL: SELECT * FROM `lj_cheats` WHERE ( `cheats_id` = 1 )  [ RunTime:0.000096s ]
SQL: SELECT * FROM `lj_cheats` WHERE ( `cheats_id` = 12 )  [ RunTime:0.000133s ]
SQL: SELECT * FROM `lj_cheats` WHERE ( `cheats_id` = 13 )  [ RunTime:0.000125s ]
SQL: SELECT * FROM `lj_cheats` WHERE ( `cheats_id` = 14 )  [ RunTime:0.000098s ]
SQL: SELECT * FROM `lj_cheats` WHERE ( `cheats_id` = 19 )  [ RunTime:0.000099s ]
SQL: SELECT * FROM `lj_cheats` WHERE ( `cheats_id` = 16 )  [ RunTime:0.000096s ]
SQL: SELECT * FROM `lj_cheats` WHERE ( `cheats_id` = 17 )  [ RunTime:0.000128s ]
SQL: SELECT * FROM `lj_cheats` WHERE ( `cheats_id` = 33 )  [ RunTime:0.000094s ]
SQL: SHOW COLUMNS FROM `lj_post_hot` [ RunTime:0.000446s ]
SQL: SHOW COLUMNS FROM `lj_post_hot` [ RunTime:0.000407s ]
SQL: SELECT * FROM `lj_post_hot` LIMIT 8   [ RunTime:0.000112s ]
SQL: SELECT * FROM `lj_post_main` WHERE ( `post_id` = 9 )  [ RunTime:0.000094s ]
SQL: SELECT * FROM `lj_post_main` WHERE ( `post_id` = 1 )  [ RunTime:0.000092s ]
SQL: SELECT * FROM `lj_post_main` WHERE ( `post_id` = 8 )  [ RunTime:0.000090s ]
SQL: SELECT * FROM `lj_post_main` WHERE ( `post_id` = 11 )  [ RunTime:0.000094s ]
SQL: SELECT * FROM `lj_post_main` WHERE ( `post_id` = 10 )  [ RunTime:0.000088s ]
SQL: SELECT * FROM `lj_post_main` WHERE ( `post_id` = 18 )  [ RunTime:0.000093s ]
SQL: SELECT * FROM `lj_post_main` WHERE ( `post_id` = 17 )  [ RunTime:0.000099s ]
SQL: SHOW COLUMNS FROM `lj_board` [ RunTime:0.000474s ]
SQL: SHOW COLUMNS FROM `lj_board` [ RunTime:0.000486s ]
SQL: SELECT * FROM `lj_board` ORDER BY Id desc LIMIT 6   [ RunTime:0.000093s ]
SQL: SHOW COLUMNS FROM `lj_get_gl_from_other_site` [ RunTime:0.019039s ]
SQL: SELECT * FROM `lj_get_gl_from_other_site` ORDER BY datetime LIMIT 0,16   [ RunTime:0.013445s ]
SQL: SELECT * FROM `lj_get_gl_from_other_site` ORDER BY datetime desc LIMIT 0,16   [ RunTime:0.000100s ]
SQL: SELECT COUNT(*) AS tp_count FROM `lj_get_gl_from_other_site` LIMIT 1   [ RunTime:0.000087s ]
NOTIC: [2] Missing argument 1 for Action::show(), called in /mnt/www/html/lejun/HOME/Lib/Action/IndexAction.class.php on line 72 and defined /mnt/www/html/lejun/ThinkPHP/Lib/Core/Action.class.php 第 113 行.
NOTIC: [8] Undefined variable: content /mnt/www/html/lejun/ThinkPHP/Lib/Core/Action.class.php 第 115 行.
INFO: [ view_template ] --START--
INFO: Run LocationTemplate Behavior [ RunTime:0.008083s ]
INFO: [ view_template ] --END-- [ RunTime:0.008153s ]
INFO: [ view_parse ] --START--
NOTIC: [8] A session had already been started - ignoring session_start() /mnt/www/html/lejun/HOME/Runtime/Cache/7a41a6bbe13c5876cd2302dcb6d58711.php 第 1 行.
NOTIC: [8] A session had already been started - ignoring session_start() /mnt/www/html/lejun/HOME/Runtime/Cache/7a41a6bbe13c5876cd2302dcb6d58711.php 第 3 行.
NOTIC: [8] A session had already been started - ignoring session_start() /mnt/www/html/lejun/HOME/Runtime/Cache/7a41a6bbe13c5876cd2302dcb6d58711.php 第 140 行.
INFO: Run ParseTemplate Behavior [ RunTime:0.245481s ]
INFO: [ view_parse ] --END-- [ RunTime:0.245591s ]
INFO: [ view_filter ] --START--
INFO: Run ContentReplace Behavior [ RunTime:0.002291s ]
INFO: Run TokenBuild Behavior [ RunTime:0.002327s ]
INFO: Run WriteHtmlCache Behavior [ RunTime:0.001877s ]
INFO: Run ShowRuntime Behavior [ RunTime:0.001773s ]
INFO: [ view_filter ] --END-- [ RunTime:0.008467s ]
INFO: [ view_end ] --START--
INFO: Run ShowPageTrace Behavior [ RunTime:0.002660s ]
INFO: [ view_end ] --END-- [ RunTime:0.002798s ]

[ 2014-04-25T23:36:09+08:00 ] 61.146.178.189 /index.php/index/index_index.xml
INFO: [ route_check ] --START--
INFO: Run CheckRoute Behavior [ RunTime:0.002414s ]
INFO: [ route_check ] --END-- [ RunTime:0.002508s ]
INFO: [ app_begin ] --START--
INFO: Run ReadHtmlCache Behavior [ RunTime:0.000384s ]
INFO: [ app_begin ] --END-- [ RunTime:0.000480s ]
SQL: SHOW COLUMNS FROM `lj_cheats` [ RunTime:0.027601s ]
SQL: SHOW COLUMNS FROM `lj_cheats` [ RunTime:0.000901s ]
SQL: SELECT * FROM `lj_cheats` ORDER BY cheats_id desc LIMIT 8   [ RunTime:0.000256s ]
SQL: SHOW COLUMNS FROM `lj_post_main` [ RunTime:0.000614s ]
SQL: SHOW COLUMNS FROM `lj_post_main` [ RunTime:0.000557s ]
SQL: SELECT * FROM `lj_post_main` ORDER BY post_id desc LIMIT 8   [ RunTime:0.000106s ]
SQL: SHOW COLUMNS FROM `lj_cheats_hot` [ RunTime:0.000464s ]
SQL: SHOW COLUMNS FROM `lj_cheats_hot` [ RunTime:0.000440s ]
SQL: SELECT * FROM `lj_cheats_hot` LIMIT 8   [ RunTime:0.000091s ]
SQL: SELECT * FROM `lj_cheats` WHERE ( `cheats_id` = 1 )  [ RunTime:0.000096s ]
SQL: SELECT * FROM `lj_cheats` WHERE ( `cheats_id` = 12 )  [ RunTime:0.000131s ]
SQL: SELECT * FROM `lj_cheats` WHERE ( `cheats_id` = 13 )  [ RunTime:0.000095s ]
SQL: SELECT * FROM `lj_cheats` WHERE ( `cheats_id` = 14 )  [ RunTime:0.000097s ]
SQL: SELECT * FROM `lj_cheats` WHERE ( `cheats_id` = 19 )  [ RunTime:0.000097s ]
SQL: SELECT * FROM `lj_cheats` WHERE ( `cheats_id` = 16 )  [ RunTime:0.000094s ]
SQL: SELECT * FROM `lj_cheats` WHERE ( `cheats_id` = 17 )  [ RunTime:0.000148s ]
SQL: SELECT * FROM `lj_cheats` WHERE ( `cheats_id` = 33 )  [ RunTime:0.000093s ]
SQL: SHOW COLUMNS FROM `lj_post_hot` [ RunTime:0.000410s ]
SQL: SHOW COLUMNS FROM `lj_post_hot` [ RunTime:0.000403s ]
SQL: SELECT * FROM `lj_post_hot` LIMIT 8   [ RunTime:0.000086s ]
SQL: SELECT * FROM `lj_post_main` WHERE ( `post_id` = 9 )  [ RunTime:0.000091s ]
SQL: SELECT * FROM `lj_post_main` WHERE ( `post_id` = 1 )  [ RunTime:0.000092s ]
SQL: SELECT * FROM `lj_post_main` WHERE ( `post_id` = 8 )  [ RunTime:0.000089s ]
SQL: SELECT * FROM `lj_post_main` WHERE ( `post_id` = 11 )  [ RunTime:0.000114s ]
SQL: SELECT * FROM `lj_post_main` WHERE ( `post_id` = 10 )  [ RunTime:0.000090s ]
SQL: SELECT * FROM `lj_post_main` WHERE ( `post_id` = 18 )  [ RunTime:0.000091s ]
SQL: SELECT * FROM `lj_post_main` WHERE ( `post_id` = 17 )  [ RunTime:0.000088s ]
SQL: SHOW COLUMNS FROM `lj_board` [ RunTime:0.000487s ]
SQL: SHOW COLUMNS FROM `lj_board` [ RunTime:0.000493s ]
SQL: SELECT * FROM `lj_board` ORDER BY Id desc LIMIT 6   [ RunTime:0.000120s ]
SQL: SHOW COLUMNS FROM `lj_get_gl_from_other_site` [ RunTime:0.013740s ]
SQL: SELECT * FROM `lj_get_gl_from_other_site` ORDER BY datetime LIMIT 0,16   [ RunTime:0.011717s ]
SQL: SELECT * FROM `lj_get_gl_from_other_site` ORDER BY datetime desc LIMIT 0,16   [ RunTime:0.000112s ]
SQL: SELECT COUNT(*) AS tp_count FROM `lj_get_gl_from_other_site` LIMIT 1   [ RunTime:0.000082s ]
NOTIC: [2] Missing argument 1 for Action::show(), called in /mnt/www/html/lejun/HOME/Lib/Action/IndexAction.class.php on line 72 and defined /mnt/www/html/lejun/ThinkPHP/Lib/Core/Action.class.php 第 113 行.
NOTIC: [8] Undefined variable: content /mnt/www/html/lejun/ThinkPHP/Lib/Core/Action.class.php 第 115 行.
INFO: [ view_template ] --START--
INFO: Run LocationTemplate Behavior [ RunTime:0.004743s ]
INFO: [ view_template ] --END-- [ RunTime:0.004832s ]
INFO: [ view_parse ] --START--
NOTIC: [8] A session had already been started - ignoring session_start() /mnt/www/html/lejun/HOME/Runtime/Cache/7a41a6bbe13c5876cd2302dcb6d58711.php 第 1 行.
NOTIC: [8] A session had already been started - ignoring session_start() /mnt/www/html/lejun/HOME/Runtime/Cache/7a41a6bbe13c5876cd2302dcb6d58711.php 第 3 行.
NOTIC: [8] A session had already been started - ignoring session_start() /mnt/www/html/lejun/HOME/Runtime/Cache/7a41a6bbe13c5876cd2302dcb6d58711.php 第 140 行.
INFO: Run ParseTemplate Behavior [ RunTime:0.199658s ]
INFO: [ view_parse ] --END-- [ RunTime:0.199741s ]
INFO: [ view_filter ] --START--
INFO: Run ContentReplace Behavior [ RunTime:0.002758s ]
INFO: Run TokenBuild Behavior [ RunTime:0.002181s ]
INFO: Run WriteHtmlCache Behavior [ RunTime:0.001700s ]
INFO: Run ShowRuntime Behavior [ RunTime:0.002247s ]
INFO: [ view_filter ] --END-- [ RunTime:0.009078s ]
INFO: [ view_end ] --START--
INFO: Run ShowPageTrace Behavior [ RunTime:0.002518s ]
INFO: [ view_end ] --END-- [ RunTime:0.002584s ]

