[ 2014-01-31T00:05:27+08:00 ] ERR: (ThinkException) 无法加载模块:zq
[ 2014-01-31T00:12:45+08:00 ] ERR: (ThinkException) 无法加载模块:show
[ 2014-01-31T02:19:21+08:00 ] ERR: (ThinkException) 非法操作:dist
[ 2014-01-31T18:32:35+08:00 ] ERR: (ThinkException) 无法加载模块:show
[ 2014-01-31T20:01:08+08:00 ] 27.28.149.4 /index.php/Login/do_login
INFO: [ app_begin ] --START--
INFO: Run ReadHtmlCache Behavior [ RunTime:0.000353s ]
INFO: [ app_begin ] --END-- [ RunTime:0.000415s ]
SQL: SHOW COLUMNS FROM `lj_user_information` [ RunTime:0.001263s ]
SQL: SELECT * FROM `lj_user_information` WHERE ( `username` = 'nele' ) AND ( `password` = '56f973cd9d759c5e80766b5236874613' )  [ RunTime:0.000372s ]

[ 2014-01-31T20:01:08+08:00 ] ERR: (ThinkException) 非法操作:index
[ 2014-01-31T20:01:37+08:00 ] 27.28.149.4 /index.php/Show/do_gl_replay
INFO: [ app_begin ] --START--
INFO: Run ReadHtmlCache Behavior [ RunTime:0.000381s ]
INFO: [ app_begin ] --END-- [ RunTime:0.000444s ]
NOTIC: [8] A session had already been started - ignoring session_start() /mnt/www/html/lejun/HOME/Lib/Action/ShowAction.class.php 第 66 行.
SQL: SHOW COLUMNS FROM `lj_cheats_replay` [ RunTime:0.000569s ]
SQL: INSERT INTO `lj_cheats_replay` (`content`,`datetime`,`replay_user_id`,`cheats_id`) VALUES ('<p>撒旦法士大夫</p>\n','2014-01-31 20:01:37',2,4) [ RunTime:0.000248s ]

[ 2014-01-31T22:05:30+08:00 ] 127.0.0.1 /lejun/index.php/Zq/sj_zq_latest_gl.htmk
INFO: [ app_begin ] --START--
INFO: Run ReadHtmlCache Behavior [ RunTime:0.000880s ]
INFO: [ app_begin ] --END-- [ RunTime:0.000982s ]
INFO: [ view_template ] --START--
INFO: Run LocationTemplate Behavior [ RunTime:0.002059s ]
INFO: [ view_template ] --END-- [ RunTime:0.002163s ]
INFO: [ view_parse ] --START--
INFO: Run ParseTemplate Behavior [ RunTime:0.027701s ]
INFO: [ view_parse ] --END-- [ RunTime:0.027857s ]
INFO: [ view_filter ] --START--
INFO: Run ContentReplace Behavior [ RunTime:0.002149s ]
INFO: Run TokenBuild Behavior [ RunTime:0.003202s ]
INFO: Run WriteHtmlCache Behavior [ RunTime:0.002280s ]
INFO: Run ShowRuntime Behavior [ RunTime:0.002254s ]
INFO: [ view_filter ] --END-- [ RunTime:0.010226s ]
INFO: [ view_end ] --START--
INFO: Run ShowPageTrace Behavior [ RunTime:0.002165s ]
INFO: [ view_end ] --END-- [ RunTime:0.002248s ]

[ 2014-01-31T22:05:32+08:00 ] 127.0.0.1 /lejun/index.php/Zq/sj_zq_latest_gl.htmk
INFO: [ app_begin ] --START--
INFO: Run ReadHtmlCache Behavior [ RunTime:0.000801s ]
INFO: [ app_begin ] --END-- [ RunTime:0.000905s ]
INFO: [ view_template ] --START--
INFO: Run LocationTemplate Behavior [ RunTime:0.000645s ]
INFO: [ view_template ] --END-- [ RunTime:0.000773s ]
INFO: [ view_parse ] --START--
INFO: Run ParseTemplate Behavior [ RunTime:0.010644s ]
INFO: [ view_parse ] --END-- [ RunTime:0.010767s ]
INFO: [ view_filter ] --START--
INFO: Run ContentReplace Behavior [ RunTime:0.000477s ]
INFO: Run TokenBuild Behavior [ RunTime:0.000527s ]
INFO: Run WriteHtmlCache Behavior [ RunTime:0.000383s ]
INFO: Run ShowRuntime Behavior [ RunTime:0.000579s ]
INFO: [ view_filter ] --END-- [ RunTime:0.002186s ]
INFO: [ view_end ] --START--
INFO: Run ShowPageTrace Behavior [ RunTime:0.000732s ]
INFO: [ view_end ] --END-- [ RunTime:0.000810s ]

[ 2014-01-31T22:05:35+08:00 ] 127.0.0.1 /lejun/index.php/Zq/sj_zq_latest_gl.htmk
INFO: [ app_begin ] --START--
INFO: Run ReadHtmlCache Behavior [ RunTime:0.000683s ]
INFO: [ app_begin ] --END-- [ RunTime:0.000767s ]
INFO: [ view_template ] --START--
INFO: Run LocationTemplate Behavior [ RunTime:0.000679s ]
INFO: [ view_template ] --END-- [ RunTime:0.000839s ]
INFO: [ view_parse ] --START--
INFO: Run ParseTemplate Behavior [ RunTime:0.010725s ]
INFO: [ view_parse ] --END-- [ RunTime:0.010850s ]
INFO: [ view_filter ] --START--
INFO: Run ContentReplace Behavior [ RunTime:0.000465s ]
INFO: Run TokenBuild Behavior [ RunTime:0.000472s ]
INFO: Run WriteHtmlCache Behavior [ RunTime:0.000397s ]
INFO: Run ShowRuntime Behavior [ RunTime:0.000578s ]
INFO: [ view_filter ] --END-- [ RunTime:0.002120s ]
INFO: [ view_end ] --START--
INFO: Run ShowPageTrace Behavior [ RunTime:0.000725s ]
INFO: [ view_end ] --END-- [ RunTime:0.000804s ]

[ 2014-01-31T22:05:38+08:00 ] 127.0.0.1 /lejun/index.php/Zq/sj_zq_latest_gl.htmk
INFO: [ app_begin ] --START--
INFO: Run ReadHtmlCache Behavior [ RunTime:0.000751s ]
INFO: [ app_begin ] --END-- [ RunTime:0.000886s ]
INFO: [ view_template ] --START--
INFO: Run LocationTemplate Behavior [ RunTime:0.000669s ]
INFO: [ view_template ] --END-- [ RunTime:0.000808s ]
INFO: [ view_parse ] --START--
INFO: Run ParseTemplate Behavior [ RunTime:0.011036s ]
INFO: [ view_parse ] --END-- [ RunTime:0.011176s ]
INFO: [ view_filter ] --START--
INFO: Run ContentReplace Behavior [ RunTime:0.000591s ]
INFO: Run TokenBuild Behavior [ RunTime:0.000472s ]
INFO: Run WriteHtmlCache Behavior [ RunTime:0.000345s ]
INFO: Run ShowRuntime Behavior [ RunTime:0.000573s ]
INFO: [ view_filter ] --END-- [ RunTime:0.002207s ]
INFO: [ view_end ] --START--
INFO: Run ShowPageTrace Behavior [ RunTime:0.000735s ]
INFO: [ view_end ] --END-- [ RunTime:0.000817s ]

[ 2014-01-31T22:05:41+08:00 ] 127.0.0.1 /lejun/index.php/Zq/sj_zq_latest_gl.htmk
INFO: [ app_begin ] --START--
INFO: Run ReadHtmlCache Behavior [ RunTime:0.001017s ]
INFO: [ app_begin ] --END-- [ RunTime:0.001141s ]
INFO: [ view_template ] --START--
INFO: Run LocationTemplate Behavior [ RunTime:0.000664s ]
INFO: [ view_template ] --END-- [ RunTime:0.000787s ]
INFO: [ view_parse ] --START--
INFO: Run ParseTemplate Behavior [ RunTime:0.009573s ]
INFO: [ view_parse ] --END-- [ RunTime:0.009681s ]
INFO: [ view_filter ] --START--
INFO: Run ContentReplace Behavior [ RunTime:0.000466s ]
INFO: Run TokenBuild Behavior [ RunTime:0.000466s ]
INFO: Run WriteHtmlCache Behavior [ RunTime:0.000347s ]
INFO: Run ShowRuntime Behavior [ RunTime:0.000571s ]
INFO: [ view_filter ] --END-- [ RunTime:0.002063s ]
INFO: [ view_end ] --START--
INFO: Run ShowPageTrace Behavior [ RunTime:0.001114s ]
INFO: [ view_end ] --END-- [ RunTime:0.001231s ]

[ 2014-01-31T22:05:57+08:00 ] 127.0.0.1 /lejun/index.php/Zq/sj_zq_latest_gl.htmk
INFO: [ app_begin ] --START--
INFO: Run ReadHtmlCache Behavior [ RunTime:0.000730s ]
INFO: [ app_begin ] --END-- [ RunTime:0.000814s ]
INFO: [ view_template ] --START--
INFO: Run LocationTemplate Behavior [ RunTime:0.001922s ]
INFO: [ view_template ] --END-- [ RunTime:0.002042s ]
INFO: [ view_parse ] --START--
INFO: Run ParseTemplate Behavior [ RunTime:0.019080s ]
INFO: [ view_parse ] --END-- [ RunTime:0.019230s ]
INFO: [ view_filter ] --START--
INFO: Run ContentReplace Behavior [ RunTime:0.002507s ]
INFO: Run TokenBuild Behavior [ RunTime:0.001942s ]
INFO: Run WriteHtmlCache Behavior [ RunTime:0.001710s ]
INFO: Run ShowRuntime Behavior [ RunTime:0.002163s ]
INFO: [ view_filter ] --END-- [ RunTime:0.008578s ]
INFO: [ view_end ] --START--
INFO: Run ShowPageTrace Behavior [ RunTime:0.002180s ]
INFO: [ view_end ] --END-- [ RunTime:0.002263s ]

[ 2014-01-31T22:06:06+08:00 ] 127.0.0.1 /lejun/index.php/Zq/sj_zq_latest_gl.htmk
INFO: [ app_begin ] --START--
INFO: Run ReadHtmlCache Behavior [ RunTime:0.000879s ]
INFO: [ app_begin ] --END-- [ RunTime:0.000992s ]
INFO: [ view_template ] --START--
INFO: Run LocationTemplate Behavior [ RunTime:0.000636s ]
INFO: [ view_template ] --END-- [ RunTime:0.000765s ]
INFO: [ view_parse ] --START--
INFO: Run ParseTemplate Behavior [ RunTime:0.009088s ]
INFO: [ view_parse ] --END-- [ RunTime:0.009199s ]
INFO: [ view_filter ] --START--
INFO: Run ContentReplace Behavior [ RunTime:0.000472s ]
INFO: Run TokenBuild Behavior [ RunTime:0.000501s ]
INFO: Run WriteHtmlCache Behavior [ RunTime:0.000337s ]
INFO: Run ShowRuntime Behavior [ RunTime:0.000589s ]
INFO: [ view_filter ] --END-- [ RunTime:0.002109s ]
INFO: [ view_end ] --START--
INFO: Run ShowPageTrace Behavior [ RunTime:0.000746s ]
INFO: [ view_end ] --END-- [ RunTime:0.000821s ]

[ 2014-01-31T22:06:08+08:00 ] 127.0.0.1 /lejun/index.php/Zq/sj_zq_latest_gl.htmk
INFO: [ app_begin ] --START--
INFO: Run ReadHtmlCache Behavior [ RunTime:0.000743s ]
INFO: [ app_begin ] --END-- [ RunTime:0.000838s ]
INFO: [ view_template ] --START--
INFO: Run LocationTemplate Behavior [ RunTime:0.000690s ]
INFO: [ view_template ] --END-- [ RunTime:0.000821s ]
INFO: [ view_parse ] --START--
INFO: Run ParseTemplate Behavior [ RunTime:0.011439s ]
INFO: [ view_parse ] --END-- [ RunTime:0.011582s ]
INFO: [ view_filter ] --START--
INFO: Run ContentReplace Behavior [ RunTime:0.000618s ]
INFO: Run TokenBuild Behavior [ RunTime:0.000639s ]
INFO: Run WriteHtmlCache Behavior [ RunTime:0.000494s ]
INFO: Run ShowRuntime Behavior [ RunTime:0.000794s ]
INFO: [ view_filter ] --END-- [ RunTime:0.002842s ]
INFO: [ view_end ] --START--
INFO: Run ShowPageTrace Behavior [ RunTime:0.001061s ]
INFO: [ view_end ] --END-- [ RunTime:0.001178s ]

[ 2014-01-31T22:07:50+08:00 ] 127.0.0.1 /lejun/index.php/Zq/sj_zq_latest_gl.htmk
INFO: [ app_begin ] --START--
INFO: Run ReadHtmlCache Behavior [ RunTime:0.002333s ]
INFO: [ app_begin ] --END-- [ RunTime:0.002455s ]
INFO: [ view_template ] --START--
INFO: Run LocationTemplate Behavior [ RunTime:0.001863s ]
INFO: [ view_template ] --END-- [ RunTime:0.001960s ]
INFO: [ view_parse ] --START--
INFO: Run ParseTemplate Behavior [ RunTime:0.018827s ]
INFO: [ view_parse ] --END-- [ RunTime:0.019067s ]
INFO: [ view_filter ] --START--
INFO: Run ContentReplace Behavior [ RunTime:0.002620s ]
INFO: Run TokenBuild Behavior [ RunTime:0.002045s ]
INFO: Run WriteHtmlCache Behavior [ RunTime:0.002128s ]
INFO: Run ShowRuntime Behavior [ RunTime:0.002380s ]
INFO: [ view_filter ] --END-- [ RunTime:0.009471s ]
INFO: [ view_end ] --START--
INFO: Run ShowPageTrace Behavior [ RunTime:0.002454s ]
INFO: [ view_end ] --END-- [ RunTime:0.002542s ]

[ 2014-01-31T22:07:52+08:00 ] 127.0.0.1 /lejun/index.php/Zq/sj_zq_latest_gl.htmk
INFO: [ app_begin ] --START--
INFO: Run ReadHtmlCache Behavior [ RunTime:0.000707s ]
INFO: [ app_begin ] --END-- [ RunTime:0.000794s ]
INFO: [ view_template ] --START--
INFO: Run LocationTemplate Behavior [ RunTime:0.000468s ]
INFO: [ view_template ] --END-- [ RunTime:0.000552s ]
INFO: [ view_parse ] --START--
INFO: Run ParseTemplate Behavior [ RunTime:0.010587s ]
INFO: [ view_parse ] --END-- [ RunTime:0.010730s ]
INFO: [ view_filter ] --START--
INFO: Run ContentReplace Behavior [ RunTime:0.000553s ]
INFO: Run TokenBuild Behavior [ RunTime:0.000631s ]
INFO: Run WriteHtmlCache Behavior [ RunTime:0.000497s ]
INFO: Run ShowRuntime Behavior [ RunTime:0.000788s ]
INFO: [ view_filter ] --END-- [ RunTime:0.002781s ]
INFO: [ view_end ] --START--
INFO: Run ShowPageTrace Behavior [ RunTime:0.001091s ]
INFO: [ view_end ] --END-- [ RunTime:0.001200s ]

[ 2014-01-31T22:08:07+08:00 ] 127.0.0.1 /lejun/index.php/Zq/sj_zq_latest_gl.htmk
INFO: [ app_begin ] --START--
INFO: Run ReadHtmlCache Behavior [ RunTime:0.001185s ]
INFO: [ app_begin ] --END-- [ RunTime:0.001276s ]
INFO: [ view_template ] --START--
INFO: Run LocationTemplate Behavior [ RunTime:0.000658s ]
INFO: [ view_template ] --END-- [ RunTime:0.000792s ]
INFO: [ view_parse ] --START--
INFO: Run ParseTemplate Behavior [ RunTime:0.013407s ]
INFO: [ view_parse ] --END-- [ RunTime:0.013531s ]
INFO: [ view_filter ] --START--
INFO: Run ContentReplace Behavior [ RunTime:0.000489s ]
INFO: Run TokenBuild Behavior [ RunTime:0.000470s ]
INFO: Run WriteHtmlCache Behavior [ RunTime:0.000408s ]
INFO: Run ShowRuntime Behavior [ RunTime:0.000603s ]
INFO: [ view_filter ] --END-- [ RunTime:0.002205s ]
INFO: [ view_end ] --START--
INFO: Run ShowPageTrace Behavior [ RunTime:0.001463s ]
INFO: [ view_end ] --END-- [ RunTime:0.001546s ]

[ 2014-01-31T22:08:10+08:00 ] 127.0.0.1 /lejun/index.php/Zq/sj_zq_latest_gl.htmk
INFO: [ app_begin ] --START--
INFO: Run ReadHtmlCache Behavior [ RunTime:0.000767s ]
INFO: [ app_begin ] --END-- [ RunTime:0.000861s ]
INFO: [ view_template ] --START--
INFO: Run LocationTemplate Behavior [ RunTime:0.000865s ]
INFO: [ view_template ] --END-- [ RunTime:0.001049s ]
INFO: [ view_parse ] --START--
INFO: Run ParseTemplate Behavior [ RunTime:0.013246s ]
INFO: [ view_parse ] --END-- [ RunTime:0.013382s ]
INFO: [ view_filter ] --START--
INFO: Run ContentReplace Behavior [ RunTime:0.000622s ]
INFO: Run TokenBuild Behavior [ RunTime:0.000637s ]
INFO: Run WriteHtmlCache Behavior [ RunTime:0.000443s ]
INFO: Run ShowRuntime Behavior [ RunTime:0.000795s ]
INFO: [ view_filter ] --END-- [ RunTime:0.002801s ]
INFO: [ view_end ] --START--
INFO: Run ShowPageTrace Behavior [ RunTime:0.001601s ]
INFO: [ view_end ] --END-- [ RunTime:0.001698s ]

[ 2014-01-31T22:12:02+08:00 ] 127.0.0.1 /lejun/index.php/Zq/sj_zq_latest_gl.htmk
INFO: [ app_begin ] --START--
INFO: Run ReadHtmlCache Behavior [ RunTime:0.002749s ]
INFO: [ app_begin ] --END-- [ RunTime:0.002859s ]
INFO: [ view_template ] --START--
INFO: Run LocationTemplate Behavior [ RunTime:0.002157s ]
INFO: [ view_template ] --END-- [ RunTime:0.002277s ]
INFO: [ view_parse ] --START--
INFO: Run ParseTemplate Behavior [ RunTime:0.019173s ]
INFO: [ view_parse ] --END-- [ RunTime:0.019340s ]
INFO: [ view_filter ] --START--
INFO: Run ContentReplace Behavior [ RunTime:0.002325s ]
INFO: Run TokenBuild Behavior [ RunTime:0.002018s ]
INFO: Run WriteHtmlCache Behavior [ RunTime:0.002990s ]
INFO: Run ShowRuntime Behavior [ RunTime:0.003260s ]
INFO: [ view_filter ] --END-- [ RunTime:0.011018s ]
INFO: [ view_end ] --START--
INFO: Run ShowPageTrace Behavior [ RunTime:0.003430s ]
INFO: [ view_end ] --END-- [ RunTime:0.003572s ]

[ 2014-01-31T22:21:25+08:00 ] 127.0.0.1 /lejun/index.php/Zq/sj_zq_latest_gl.htmk
INFO: [ app_begin ] --START--
INFO: Run ReadHtmlCache Behavior [ RunTime:0.000732s ]
INFO: [ app_begin ] --END-- [ RunTime:0.000819s ]
INFO: [ view_template ] --START--
INFO: Run LocationTemplate Behavior [ RunTime:0.005250s ]
INFO: [ view_template ] --END-- [ RunTime:0.005391s ]
INFO: [ view_parse ] --START--
INFO: Run ParseTemplate Behavior [ RunTime:0.023787s ]
INFO: [ view_parse ] --END-- [ RunTime:0.023926s ]
INFO: [ view_filter ] --START--
INFO: Run ContentReplace Behavior [ RunTime:0.001934s ]
INFO: Run TokenBuild Behavior [ RunTime:0.001872s ]
INFO: Run WriteHtmlCache Behavior [ RunTime:0.002367s ]
INFO: Run ShowRuntime Behavior [ RunTime:0.002003s ]
INFO: [ view_filter ] --END-- [ RunTime:0.008451s ]
INFO: [ view_end ] --START--
INFO: Run ShowPageTrace Behavior [ RunTime:0.002162s ]
INFO: [ view_end ] --END-- [ RunTime:0.002244s ]

[ 2014-01-31T22:26:30+08:00 ] 127.0.0.1 /lejun/index.php/Zq/sj_zq_latest_gl.htmk
INFO: [ app_begin ] --START--
INFO: Run ReadHtmlCache Behavior [ RunTime:0.003136s ]
INFO: [ app_begin ] --END-- [ RunTime:0.003267s ]
INFO: [ view_template ] --START--
INFO: Run LocationTemplate Behavior [ RunTime:0.002269s ]
INFO: [ view_template ] --END-- [ RunTime:0.002393s ]
INFO: [ view_parse ] --START--
INFO: Run ParseTemplate Behavior [ RunTime:0.017156s ]
INFO: [ view_parse ] --END-- [ RunTime:0.017268s ]
INFO: [ view_filter ] --START--
INFO: Run ContentReplace Behavior [ RunTime:0.001866s ]
INFO: Run TokenBuild Behavior [ RunTime:0.001834s ]
INFO: Run WriteHtmlCache Behavior [ RunTime:0.002001s ]
INFO: Run ShowRuntime Behavior [ RunTime:0.002196s ]
INFO: [ view_filter ] --END-- [ RunTime:0.008160s ]
INFO: [ view_end ] --START--
INFO: Run ShowPageTrace Behavior [ RunTime:0.002233s ]
INFO: [ view_end ] --END-- [ RunTime:0.002317s ]

[ 2014-01-31T22:27:29+08:00 ] 127.0.0.1 /lejun/index.php/Zq/sj_zq_latest_gl.htmk
INFO: [ app_begin ] --START--
INFO: Run ReadHtmlCache Behavior [ RunTime:0.000961s ]
INFO: [ app_begin ] --END-- [ RunTime:0.001083s ]
INFO: [ view_template ] --START--
INFO: Run LocationTemplate Behavior [ RunTime:0.002966s ]
INFO: [ view_template ] --END-- [ RunTime:0.003076s ]
INFO: [ view_parse ] --START--
INFO: Run ParseTemplate Behavior [ RunTime:0.014157s ]
INFO: [ view_parse ] --END-- [ RunTime:0.014275s ]
INFO: [ view_filter ] --START--
INFO: Run ContentReplace Behavior [ RunTime:0.000496s ]
INFO: Run TokenBuild Behavior [ RunTime:0.000472s ]
INFO: Run WriteHtmlCache Behavior [ RunTime:0.000361s ]
INFO: Run ShowRuntime Behavior [ RunTime:0.000582s ]
INFO: [ view_filter ] --END-- [ RunTime:0.002127s ]
INFO: [ view_end ] --START--
INFO: Run ShowPageTrace Behavior [ RunTime:0.001471s ]
INFO: [ view_end ] --END-- [ RunTime:0.001554s ]

[ 2014-01-31T22:27:31+08:00 ] 127.0.0.1 /lejun/index.php/Zq/sj_zq_latest_gl.htmk
INFO: [ app_begin ] --START--
INFO: Run ReadHtmlCache Behavior [ RunTime:0.001188s ]
INFO: [ app_begin ] --END-- [ RunTime:0.001327s ]
INFO: [ view_template ] --START--
INFO: Run LocationTemplate Behavior [ RunTime:0.003336s ]
INFO: [ view_template ] --END-- [ RunTime:0.003502s ]
INFO: [ view_parse ] --START--
INFO: Run ParseTemplate Behavior [ RunTime:0.015737s ]
INFO: [ view_parse ] --END-- [ RunTime:0.015885s ]
INFO: [ view_filter ] --START--
INFO: Run ContentReplace Behavior [ RunTime:0.000618s ]
INFO: Run TokenBuild Behavior [ RunTime:0.000647s ]
INFO: Run WriteHtmlCache Behavior [ RunTime:0.000452s ]
INFO: Run ShowRuntime Behavior [ RunTime:0.000795s ]
INFO: [ view_filter ] --END-- [ RunTime:0.002810s ]
INFO: [ view_end ] --START--
INFO: Run ShowPageTrace Behavior [ RunTime:0.002020s ]
INFO: [ view_end ] --END-- [ RunTime:0.002118s ]

[ 2014-01-31T22:34:59+08:00 ] 127.0.0.1 /lejun/index.php/Zq/sj_zq_latest_gl.htmk
INFO: [ app_begin ] --START--
INFO: Run ReadHtmlCache Behavior [ RunTime:0.002056s ]
INFO: [ app_begin ] --END-- [ RunTime:0.002147s ]
INFO: [ view_template ] --START--
INFO: Run LocationTemplate Behavior [ RunTime:0.002868s ]
INFO: [ view_template ] --END-- [ RunTime:0.003005s ]
INFO: [ view_parse ] --START--
INFO: Run ParseTemplate Behavior [ RunTime:0.018196s ]
INFO: [ view_parse ] --END-- [ RunTime:0.018350s ]
INFO: [ view_filter ] --START--
INFO: Run ContentReplace Behavior [ RunTime:0.002740s ]
INFO: Run TokenBuild Behavior [ RunTime:0.002649s ]
INFO: Run WriteHtmlCache Behavior [ RunTime:0.002550s ]
INFO: Run ShowRuntime Behavior [ RunTime:0.002030s ]
INFO: [ view_filter ] --END-- [ RunTime:0.010319s ]
INFO: [ view_end ] --START--
INFO: Run ShowPageTrace Behavior [ RunTime:0.002304s ]
INFO: [ view_end ] --END-- [ RunTime:0.002415s ]

[ 2014-01-31T22:36:20+08:00 ] 127.0.0.1 /lejun/index.php/Zq/sj_zq_latest_gl.htmk
INFO: [ app_begin ] --START--
INFO: Run ReadHtmlCache Behavior [ RunTime:0.000801s ]
INFO: [ app_begin ] --END-- [ RunTime:0.000895s ]
INFO: [ view_template ] --START--
INFO: Run LocationTemplate Behavior [ RunTime:0.005556s ]
INFO: [ view_template ] --END-- [ RunTime:0.005739s ]
INFO: [ view_parse ] --START--
INFO: Run ParseTemplate Behavior [ RunTime:0.022487s ]
INFO: [ view_parse ] --END-- [ RunTime:0.022613s ]
INFO: [ view_filter ] --START--
INFO: Run ContentReplace Behavior [ RunTime:0.001867s ]
INFO: Run TokenBuild Behavior [ RunTime:0.002190s ]
INFO: Run WriteHtmlCache Behavior [ RunTime:0.001919s ]
INFO: Run ShowRuntime Behavior [ RunTime:0.002142s ]
INFO: [ view_filter ] --END-- [ RunTime:0.008392s ]
INFO: [ view_end ] --START--
INFO: Run ShowPageTrace Behavior [ RunTime:0.002431s ]
INFO: [ view_end ] --END-- [ RunTime:0.002520s ]

[ 2014-01-31T22:45:40+08:00 ] 127.0.0.1 /lejun/index.php/Zq/sj_zq_latest_gl.html
INFO: [ app_begin ] --START--
INFO: Run ReadHtmlCache Behavior [ RunTime:0.000846s ]
INFO: [ app_begin ] --END-- [ RunTime:0.000959s ]
INFO: [ view_template ] --START--
INFO: Run LocationTemplate Behavior [ RunTime:0.000676s ]
INFO: [ view_template ] --END-- [ RunTime:0.000792s ]
INFO: [ view_parse ] --START--
INFO: Run ParseTemplate Behavior [ RunTime:0.009356s ]
INFO: [ view_parse ] --END-- [ RunTime:0.009464s ]
INFO: [ view_filter ] --START--
INFO: Run ContentReplace Behavior [ RunTime:0.000458s ]
INFO: Run TokenBuild Behavior [ RunTime:0.000478s ]
INFO: Run WriteHtmlCache Behavior [ RunTime:0.000332s ]
INFO: Run ShowRuntime Behavior [ RunTime:0.000588s ]
INFO: [ view_filter ] --END-- [ RunTime:0.002069s ]
INFO: [ view_end ] --START--
INFO: Run ShowPageTrace Behavior [ RunTime:0.000775s ]
INFO: [ view_end ] --END-- [ RunTime:0.000852s ]

[ 2014-01-31T22:45:42+08:00 ] 127.0.0.1 /lejun/index.php/Zq/sj_zq_latest_gl.html
INFO: [ app_begin ] --START--
INFO: Run ReadHtmlCache Behavior [ RunTime:0.001272s ]
INFO: [ app_begin ] --END-- [ RunTime:0.001418s ]
INFO: [ view_template ] --START--
INFO: Run LocationTemplate Behavior [ RunTime:0.000713s ]
INFO: [ view_template ] --END-- [ RunTime:0.000850s ]
INFO: [ view_parse ] --START--
INFO: Run ParseTemplate Behavior [ RunTime:0.010621s ]
INFO: [ view_parse ] --END-- [ RunTime:0.010754s ]
INFO: [ view_filter ] --START--
INFO: Run ContentReplace Behavior [ RunTime:0.000742s ]
INFO: Run TokenBuild Behavior [ RunTime:0.000655s ]
INFO: Run WriteHtmlCache Behavior [ RunTime:0.000352s ]
INFO: Run ShowRuntime Behavior [ RunTime:0.000585s ]
INFO: [ view_filter ] --END-- [ RunTime:0.002620s ]
INFO: [ view_end ] --START--
INFO: Run ShowPageTrace Behavior [ RunTime:0.000887s ]
INFO: [ view_end ] --END-- [ RunTime:0.001009s ]

[ 2014-01-31T22:45:43+08:00 ] 127.0.0.1 /lejun/index.php/Zq/sj_zq_latest_gl.html
INFO: [ app_begin ] --START--
INFO: Run ReadHtmlCache Behavior [ RunTime:0.000708s ]
INFO: [ app_begin ] --END-- [ RunTime:0.000794s ]
INFO: [ view_template ] --START--
INFO: Run LocationTemplate Behavior [ RunTime:0.000629s ]
INFO: [ view_template ] --END-- [ RunTime:0.000747s ]
INFO: [ view_parse ] --START--
INFO: Run ParseTemplate Behavior [ RunTime:0.008617s ]
INFO: [ view_parse ] --END-- [ RunTime:0.008747s ]
INFO: [ view_filter ] --START--
INFO: Run ContentReplace Behavior [ RunTime:0.000480s ]
INFO: Run TokenBuild Behavior [ RunTime:0.000465s ]
INFO: Run WriteHtmlCache Behavior [ RunTime:0.000367s ]
INFO: Run ShowRuntime Behavior [ RunTime:0.000571s ]
INFO: [ view_filter ] --END-- [ RunTime:0.002092s ]
INFO: [ view_end ] --START--
INFO: Run ShowPageTrace Behavior [ RunTime:0.000772s ]
INFO: [ view_end ] --END-- [ RunTime:0.000857s ]

[ 2014-01-31T22:45:43+08:00 ] 127.0.0.1 /lejun/index.php/Zq/sj_zq_latest_gl.html
INFO: [ app_begin ] --START--
INFO: Run ReadHtmlCache Behavior [ RunTime:0.001052s ]
INFO: [ app_begin ] --END-- [ RunTime:0.001186s ]
INFO: [ view_template ] --START--
INFO: Run LocationTemplate Behavior [ RunTime:0.000830s ]
INFO: [ view_template ] --END-- [ RunTime:0.001000s ]
INFO: [ view_parse ] --START--
INFO: Run ParseTemplate Behavior [ RunTime:0.010031s ]
INFO: [ view_parse ] --END-- [ RunTime:0.010178s ]
INFO: [ view_filter ] --START--
INFO: Run ContentReplace Behavior [ RunTime:0.000470s ]
INFO: Run TokenBuild Behavior [ RunTime:0.000479s ]
INFO: Run WriteHtmlCache Behavior [ RunTime:0.000460s ]
INFO: Run ShowRuntime Behavior [ RunTime:0.001045s ]
INFO: [ view_filter ] --END-- [ RunTime:0.002756s ]
INFO: [ view_end ] --START--
INFO: Run ShowPageTrace Behavior [ RunTime:0.001265s ]
INFO: [ view_end ] --END-- [ RunTime:0.001415s ]

[ 2014-01-31T22:45:44+08:00 ] 127.0.0.1 /lejun/index.php/Zq/sj_zq_latest_gl.html
INFO: [ app_begin ] --START--
INFO: Run ReadHtmlCache Behavior [ RunTime:0.001003s ]
INFO: [ app_begin ] --END-- [ RunTime:0.001157s ]
INFO: [ view_template ] --START--
INFO: Run LocationTemplate Behavior [ RunTime:0.000604s ]
INFO: [ view_template ] --END-- [ RunTime:0.000717s ]
INFO: [ view_parse ] --START--
INFO: Run ParseTemplate Behavior [ RunTime:0.009549s ]
INFO: [ view_parse ] --END-- [ RunTime:0.009666s ]
INFO: [ view_filter ] --START--
INFO: Run ContentReplace Behavior [ RunTime:0.000511s ]
INFO: Run TokenBuild Behavior [ RunTime:0.000477s ]
INFO: Run WriteHtmlCache Behavior [ RunTime:0.000335s ]
INFO: Run ShowRuntime Behavior [ RunTime:0.000581s ]
INFO: [ view_filter ] --END-- [ RunTime:0.002112s ]
INFO: [ view_end ] --START--
INFO: Run ShowPageTrace Behavior [ RunTime:0.000734s ]
INFO: [ view_end ] --END-- [ RunTime:0.000809s ]

[ 2014-01-31T22:45:45+08:00 ] 127.0.0.1 /lejun/index.php/Zq/sj_zq_latest_gl.html
INFO: [ app_begin ] --START--
INFO: Run ReadHtmlCache Behavior [ RunTime:0.000704s ]
INFO: [ app_begin ] --END-- [ RunTime:0.000788s ]
INFO: [ view_template ] --START--
INFO: Run LocationTemplate Behavior [ RunTime:0.000459s ]
INFO: [ view_template ] --END-- [ RunTime:0.000542s ]
INFO: [ view_parse ] --START--
INFO: Run ParseTemplate Behavior [ RunTime:0.009902s ]
INFO: [ view_parse ] --END-- [ RunTime:0.010039s ]
INFO: [ view_filter ] --START--
INFO: Run ContentReplace Behavior [ RunTime:0.000620s ]
INFO: Run TokenBuild Behavior [ RunTime:0.000651s ]
INFO: Run WriteHtmlCache Behavior [ RunTime:0.000455s ]
INFO: Run ShowRuntime Behavior [ RunTime:0.000808s ]
INFO: [ view_filter ] --END-- [ RunTime:0.002829s ]
INFO: [ view_end ] --START--
INFO: Run ShowPageTrace Behavior [ RunTime:0.000773s ]
INFO: [ view_end ] --END-- [ RunTime:0.000866s ]

[ 2014-01-31T22:45:46+08:00 ] 127.0.0.1 /lejun/index.php/Zq/sj_zq_latest_gl.html
INFO: [ app_begin ] --START--
INFO: Run ReadHtmlCache Behavior [ RunTime:0.000714s ]
INFO: [ app_begin ] --END-- [ RunTime:0.000799s ]
INFO: [ view_template ] --START--
INFO: Run LocationTemplate Behavior [ RunTime:0.000536s ]
INFO: [ view_template ] --END-- [ RunTime:0.000649s ]
INFO: [ view_parse ] --START--
INFO: Run ParseTemplate Behavior [ RunTime:0.010993s ]
INFO: [ view_parse ] --END-- [ RunTime:0.011139s ]
INFO: [ view_filter ] --START--
INFO: Run ContentReplace Behavior [ RunTime:0.001054s ]
INFO: Run TokenBuild Behavior [ RunTime:0.000683s ]
INFO: Run WriteHtmlCache Behavior [ RunTime:0.000654s ]
INFO: Run ShowRuntime Behavior [ RunTime:0.000910s ]
INFO: [ view_filter ] --END-- [ RunTime:0.003712s ]
INFO: [ view_end ] --START--
INFO: Run ShowPageTrace Behavior [ RunTime:0.001273s ]
INFO: [ view_end ] --END-- [ RunTime:0.001409s ]

[ 2014-01-31T22:45:46+08:00 ] 127.0.0.1 /lejun/index.php/Zq/sj_zq_latest_gl.html
INFO: [ app_begin ] --START--
INFO: Run ReadHtmlCache Behavior [ RunTime:0.000741s ]
INFO: [ app_begin ] --END-- [ RunTime:0.000837s ]
INFO: [ view_template ] --START--
INFO: Run LocationTemplate Behavior [ RunTime:0.000784s ]
INFO: [ view_template ] --END-- [ RunTime:0.000941s ]
INFO: [ view_parse ] --START--
INFO: Run ParseTemplate Behavior [ RunTime:0.010289s ]
INFO: [ view_parse ] --END-- [ RunTime:0.010451s ]
INFO: [ view_filter ] --START--
INFO: Run ContentReplace Behavior [ RunTime:0.000660s ]
INFO: Run TokenBuild Behavior [ RunTime:0.000658s ]
INFO: Run WriteHtmlCache Behavior [ RunTime:0.000459s ]
INFO: Run ShowRuntime Behavior [ RunTime:0.000705s ]
INFO: [ view_filter ] --END-- [ RunTime:0.002766s ]
INFO: [ view_end ] --START--
INFO: Run ShowPageTrace Behavior [ RunTime:0.000863s ]
INFO: [ view_end ] --END-- [ RunTime:0.000963s ]

[ 2014-01-31T22:45:47+08:00 ] 127.0.0.1 /lejun/index.php/Zq/sj_zq_latest_gl.html
INFO: [ app_begin ] --START--
INFO: Run ReadHtmlCache Behavior [ RunTime:0.000798s ]
INFO: [ app_begin ] --END-- [ RunTime:0.000896s ]
INFO: [ view_template ] --START--
INFO: Run LocationTemplate Behavior [ RunTime:0.000693s ]
INFO: [ view_template ] --END-- [ RunTime:0.000819s ]
INFO: [ view_parse ] --START--
INFO: Run ParseTemplate Behavior [ RunTime:0.009399s ]
INFO: [ view_parse ] --END-- [ RunTime:0.009522s ]
INFO: [ view_filter ] --START--
INFO: Run ContentReplace Behavior [ RunTime:0.000530s ]
INFO: Run TokenBuild Behavior [ RunTime:0.000469s ]
INFO: Run WriteHtmlCache Behavior [ RunTime:0.000335s ]
INFO: Run ShowRuntime Behavior [ RunTime:0.000686s ]
INFO: [ view_filter ] --END-- [ RunTime:0.002234s ]
INFO: [ view_end ] --START--
INFO: Run ShowPageTrace Behavior [ RunTime:0.000731s ]
INFO: [ view_end ] --END-- [ RunTime:0.000806s ]

[ 2014-01-31T22:46:10+08:00 ] 127.0.0.1 /lejun/index.php/Zq/sj_zq_latest_gl.html
INFO: [ app_begin ] --START--
INFO: Run ReadHtmlCache Behavior [ RunTime:0.000777s ]
INFO: [ app_begin ] --END-- [ RunTime:0.000907s ]
INFO: [ view_template ] --START--
INFO: Run LocationTemplate Behavior [ RunTime:0.005260s ]
INFO: [ view_template ] --END-- [ RunTime:0.005385s ]
INFO: [ view_parse ] --START--
INFO: Run ParseTemplate Behavior [ RunTime:0.021228s ]
INFO: [ view_parse ] --END-- [ RunTime:0.021354s ]
INFO: [ view_filter ] --START--
INFO: Run ContentReplace Behavior [ RunTime:0.002027s ]
INFO: Run TokenBuild Behavior [ RunTime:0.002598s ]
INFO: Run WriteHtmlCache Behavior [ RunTime:0.001914s ]
INFO: Run ShowRuntime Behavior [ RunTime:0.002534s ]
INFO: [ view_filter ] --END-- [ RunTime:0.009368s ]
INFO: [ view_end ] --START--
INFO: Run ShowPageTrace Behavior [ RunTime:0.002178s ]
INFO: [ view_end ] --END-- [ RunTime:0.002261s ]

[ 2014-01-31T22:46:42+08:00 ] 127.0.0.1 /lejun/index.php/Zq/sj_zq_latest_gl.html
INFO: [ app_begin ] --START--
INFO: Run ReadHtmlCache Behavior [ RunTime:0.000980s ]
INFO: [ app_begin ] --END-- [ RunTime:0.001105s ]
INFO: [ view_template ] --START--
INFO: Run LocationTemplate Behavior [ RunTime:0.003814s ]
INFO: [ view_template ] --END-- [ RunTime:0.003965s ]
INFO: [ view_parse ] --START--
INFO: Run ParseTemplate Behavior [ RunTime:0.018185s ]
INFO: [ view_parse ] --END-- [ RunTime:0.018337s ]
INFO: [ view_filter ] --START--
INFO: Run ContentReplace Behavior [ RunTime:0.000482s ]
INFO: Run TokenBuild Behavior [ RunTime:0.000474s ]
INFO: Run WriteHtmlCache Behavior [ RunTime:0.000336s ]
INFO: Run ShowRuntime Behavior [ RunTime:0.000634s ]
INFO: [ view_filter ] --END-- [ RunTime:0.002145s ]
INFO: [ view_end ] --START--
INFO: Run ShowPageTrace Behavior [ RunTime:0.001579s ]
INFO: [ view_end ] --END-- [ RunTime:0.001660s ]

[ 2014-01-31T22:46:43+08:00 ] 127.0.0.1 /lejun/index.php/Zq/sj_zq_latest_gl.html
INFO: [ app_begin ] --START--
INFO: Run ReadHtmlCache Behavior [ RunTime:0.000695s ]
INFO: [ app_begin ] --END-- [ RunTime:0.000785s ]
INFO: [ view_template ] --START--
INFO: Run LocationTemplate Behavior [ RunTime:0.002539s ]
INFO: [ view_template ] --END-- [ RunTime:0.002643s ]
INFO: [ view_parse ] --START--
INFO: Run ParseTemplate Behavior [ RunTime:0.014584s ]
INFO: [ view_parse ] --END-- [ RunTime:0.014719s ]
INFO: [ view_filter ] --START--
INFO: Run ContentReplace Behavior [ RunTime:0.000624s ]
INFO: Run TokenBuild Behavior [ RunTime:0.000638s ]
INFO: Run WriteHtmlCache Behavior [ RunTime:0.000380s ]
INFO: Run ShowRuntime Behavior [ RunTime:0.000609s ]
INFO: [ view_filter ] --END-- [ RunTime:0.002541s ]
INFO: [ view_end ] --START--
INFO: Run ShowPageTrace Behavior [ RunTime:0.001491s ]
INFO: [ view_end ] --END-- [ RunTime:0.001574s ]

[ 2014-01-31T22:46:44+08:00 ] 127.0.0.1 /lejun/index.php/Zq/sj_zq_latest_gl.html
INFO: [ app_begin ] --START--
INFO: Run ReadHtmlCache Behavior [ RunTime:0.000983s ]
INFO: [ app_begin ] --END-- [ RunTime:0.001098s ]
INFO: [ view_template ] --START--
INFO: Run LocationTemplate Behavior [ RunTime:0.002690s ]
INFO: [ view_template ] --END-- [ RunTime:0.002828s ]
INFO: [ view_parse ] --START--
INFO: Run ParseTemplate Behavior [ RunTime:0.014087s ]
INFO: [ view_parse ] --END-- [ RunTime:0.014200s ]
INFO: [ view_filter ] --START--
INFO: Run ContentReplace Behavior [ RunTime:0.000475s ]
INFO: Run TokenBuild Behavior [ RunTime:0.000477s ]
INFO: Run WriteHtmlCache Behavior [ RunTime:0.000332s ]
INFO: Run ShowRuntime Behavior [ RunTime:0.000594s ]
INFO: [ view_filter ] --END-- [ RunTime:0.002098s ]
INFO: [ view_end ] --START--
INFO: Run ShowPageTrace Behavior [ RunTime:0.001598s ]
INFO: [ view_end ] --END-- [ RunTime:0.001683s ]

[ 2014-01-31T22:48:59+08:00 ] 127.0.0.1 /lejun/index.php/Zq/sj_zq_latest_gl.html
INFO: [ app_begin ] --START--
INFO: Run ReadHtmlCache Behavior [ RunTime:0.000707s ]
INFO: [ app_begin ] --END-- [ RunTime:0.000790s ]
INFO: [ view_template ] --START--
INFO: Run LocationTemplate Behavior [ RunTime:0.001832s ]
INFO: [ view_template ] --END-- [ RunTime:0.001923s ]
INFO: [ view_parse ] --START--
INFO: Run ParseTemplate Behavior [ RunTime:0.021602s ]
INFO: [ view_parse ] --END-- [ RunTime:0.021723s ]
INFO: [ view_filter ] --START--
INFO: Run ContentReplace Behavior [ RunTime:0.002745s ]
INFO: Run TokenBuild Behavior [ RunTime:0.002630s ]
INFO: Run WriteHtmlCache Behavior [ RunTime:0.002155s ]
INFO: Run ShowRuntime Behavior [ RunTime:0.002357s ]
INFO: [ view_filter ] --END-- [ RunTime:0.010206s ]
INFO: [ view_end ] --START--
INFO: Run ShowPageTrace Behavior [ RunTime:0.002356s ]
INFO: [ view_end ] --END-- [ RunTime:0.002492s ]

[ 2014-01-31T22:58:24+08:00 ] 127.0.0.1 /lejun/index.php/Zq/sj_zq_latest_gl.html
INFO: [ app_begin ] --START--
INFO: Run ReadHtmlCache Behavior [ RunTime:0.002824s ]
INFO: [ app_begin ] --END-- [ RunTime:0.002970s ]
INFO: [ view_template ] --START--
INFO: Run LocationTemplate Behavior [ RunTime:0.002656s ]
INFO: [ view_template ] --END-- [ RunTime:0.002810s ]
INFO: [ view_parse ] --START--
INFO: Run ParseTemplate Behavior [ RunTime:0.020650s ]
INFO: [ view_parse ] --END-- [ RunTime:0.020790s ]
INFO: [ view_filter ] --START--
INFO: Run ContentReplace Behavior [ RunTime:0.001947s ]
INFO: Run TokenBuild Behavior [ RunTime:0.001855s ]
INFO: Run WriteHtmlCache Behavior [ RunTime:0.001700s ]
INFO: Run ShowRuntime Behavior [ RunTime:0.002252s ]
INFO: [ view_filter ] --END-- [ RunTime:0.008023s ]
INFO: [ view_end ] --START--
INFO: Run ShowPageTrace Behavior [ RunTime:0.002712s ]
INFO: [ view_end ] --END-- [ RunTime:0.002816s ]

