[ 2014-02-15T17:40:52+08:00 ] 127.0.0.1 /lejun/index.php/Zq/zq_game_hot_gl.html
INFO: [ app_begin ] --START--
INFO: Run ReadHtmlCache Behavior [ RunTime:0.000940s ]
INFO: [ app_begin ] --END-- [ RunTime:0.001083s ]
INFO: [ view_template ] --START--
INFO: Run LocationTemplate Behavior [ RunTime:0.003529s ]
INFO: [ view_template ] --END-- [ RunTime:0.003671s ]
INFO: [ view_parse ] --START--
INFO: Run ParseTemplate Behavior [ RunTime:0.018397s ]
INFO: [ view_parse ] --END-- [ RunTime:0.018574s ]
INFO: [ view_filter ] --START--
INFO: Run ContentReplace Behavior [ RunTime:0.000995s ]
INFO: Run TokenBuild Behavior [ RunTime:0.000980s ]
INFO: Run WriteHtmlCache Behavior [ RunTime:0.000550s ]
INFO: Run ShowRuntime Behavior [ RunTime:0.001260s ]
INFO: [ view_filter ] --END-- [ RunTime:0.004210s ]
INFO: [ view_end ] --START--
INFO: Run ShowPageTrace Behavior [ RunTime:0.001349s ]
INFO: [ view_end ] --END-- [ RunTime:0.001501s ]

[ 2014-02-15T17:40:54+08:00 ] 127.0.0.1 /lejun/index.php/Zq/zq_game_hot_gl.html
INFO: [ app_begin ] --START--
INFO: Run ReadHtmlCache Behavior [ RunTime:0.001145s ]
INFO: [ app_begin ] --END-- [ RunTime:0.001298s ]
INFO: [ view_template ] --START--
INFO: Run LocationTemplate Behavior [ RunTime:0.004519s ]
INFO: [ view_template ] --END-- [ RunTime:0.004704s ]
INFO: [ view_parse ] --START--
INFO: Run ParseTemplate Behavior [ RunTime:0.023548s ]
INFO: [ view_parse ] --END-- [ RunTime:0.023726s ]
INFO: [ view_filter ] --START--
INFO: Run ContentReplace Behavior [ RunTime:0.000775s ]
INFO: Run TokenBuild Behavior [ RunTime:0.000985s ]
INFO: Run WriteHtmlCache Behavior [ RunTime:0.000564s ]
INFO: Run ShowRuntime Behavior [ RunTime:0.000895s ]
INFO: [ view_filter ] --END-- [ RunTime:0.003599s ]
INFO: [ view_end ] --START--
INFO: Run ShowPageTrace Behavior [ RunTime:0.002323s ]
INFO: [ view_end ] --END-- [ RunTime:0.002517s ]

[ 2014-02-15T17:40:57+08:00 ] 127.0.0.1 /lejun/index.php/Zq/zq_game_hot_gl.html
INFO: [ app_begin ] --START--
INFO: Run ReadHtmlCache Behavior [ RunTime:0.001101s ]
INFO: [ app_begin ] --END-- [ RunTime:0.001263s ]
INFO: [ view_template ] --START--
INFO: Run LocationTemplate Behavior [ RunTime:0.005660s ]
INFO: [ view_template ] --END-- [ RunTime:0.005894s ]
INFO: [ view_parse ] --START--
INFO: Run ParseTemplate Behavior [ RunTime:0.018303s ]
INFO: [ view_parse ] --END-- [ RunTime:0.018470s ]
INFO: [ view_filter ] --START--
INFO: Run ContentReplace Behavior [ RunTime:0.000536s ]
INFO: Run TokenBuild Behavior [ RunTime:0.000593s ]
INFO: Run WriteHtmlCache Behavior [ RunTime:0.000494s ]
INFO: Run ShowRuntime Behavior [ RunTime:0.000905s ]
INFO: [ view_filter ] --END-- [ RunTime:0.002864s ]
INFO: [ view_end ] --START--
INFO: Run ShowPageTrace Behavior [ RunTime:0.002457s ]
INFO: [ view_end ] --END-- [ RunTime:0.002600s ]

[ 2014-02-15T17:41:03+08:00 ] 127.0.0.1 /lejun/index.php/Zq/zq_game_hot_gl.html
INFO: [ app_begin ] --START--
INFO: Run ReadHtmlCache Behavior [ RunTime:0.001243s ]
INFO: [ app_begin ] --END-- [ RunTime:0.001424s ]
INFO: [ view_template ] --START--
INFO: Run LocationTemplate Behavior [ RunTime:0.004755s ]
INFO: [ view_template ] --END-- [ RunTime:0.004972s ]
INFO: [ view_parse ] --START--
INFO: Run ParseTemplate Behavior [ RunTime:0.014496s ]
INFO: [ view_parse ] --END-- [ RunTime:0.014657s ]
INFO: [ view_filter ] --START--
INFO: Run ContentReplace Behavior [ RunTime:0.000734s ]
INFO: Run TokenBuild Behavior [ RunTime:0.000567s ]
INFO: Run WriteHtmlCache Behavior [ RunTime:0.000345s ]
INFO: Run ShowRuntime Behavior [ RunTime:0.000731s ]
INFO: [ view_filter ] --END-- [ RunTime:0.002670s ]
INFO: [ view_end ] --START--
INFO: Run ShowPageTrace Behavior [ RunTime:0.001141s ]
INFO: [ view_end ] --END-- [ RunTime:0.001267s ]

[ 2014-02-15T17:41:08+08:00 ] 127.0.0.1 /lejun/index.php/Zq/zq_game_hot_gl.html
INFO: [ app_begin ] --START--
INFO: Run ReadHtmlCache Behavior [ RunTime:0.001202s ]
INFO: [ app_begin ] --END-- [ RunTime:0.001349s ]
INFO: [ view_template ] --START--
INFO: Run LocationTemplate Behavior [ RunTime:0.005888s ]
INFO: [ view_template ] --END-- [ RunTime:0.006082s ]
INFO: [ view_parse ] --START--
INFO: Run ParseTemplate Behavior [ RunTime:0.018194s ]
INFO: [ view_parse ] --END-- [ RunTime:0.018434s ]
INFO: [ view_filter ] --START--
INFO: Run ContentReplace Behavior [ RunTime:0.001049s ]
INFO: Run TokenBuild Behavior [ RunTime:0.000816s ]
INFO: Run WriteHtmlCache Behavior [ RunTime:0.000549s ]
INFO: Run ShowRuntime Behavior [ RunTime:0.001057s ]
INFO: [ view_filter ] --END-- [ RunTime:0.003889s ]
INFO: [ view_end ] --START--
INFO: Run ShowPageTrace Behavior [ RunTime:0.001211s ]
INFO: [ view_end ] --END-- [ RunTime:0.001356s ]

[ 2014-02-15T19:35:02+08:00 ] 127.0.0.1 /lejun/index.php/Zq/zq_game_hot_gl.html
INFO: [ app_begin ] --START--
INFO: Run ReadHtmlCache Behavior [ RunTime:0.001203s ]
INFO: [ app_begin ] --END-- [ RunTime:0.001364s ]
INFO: [ view_template ] --START--
INFO: Run LocationTemplate Behavior [ RunTime:0.004554s ]
INFO: [ view_template ] --END-- [ RunTime:0.004738s ]
INFO: [ view_parse ] --START--
INFO: Run ParseTemplate Behavior [ RunTime:0.023654s ]
INFO: [ view_parse ] --END-- [ RunTime:0.023825s ]
INFO: [ view_filter ] --START--
INFO: Run ContentReplace Behavior [ RunTime:0.000974s ]
INFO: Run TokenBuild Behavior [ RunTime:0.000895s ]
INFO: Run WriteHtmlCache Behavior [ RunTime:0.000725s ]
INFO: Run ShowRuntime Behavior [ RunTime:0.001259s ]
INFO: [ view_filter ] --END-- [ RunTime:0.004304s ]
INFO: [ view_end ] --START--
INFO: Run ShowPageTrace Behavior [ RunTime:0.003180s ]
INFO: [ view_end ] --END-- [ RunTime:0.003327s ]

[ 2014-02-15T20:24:49+08:00 ] 127.0.0.1 /lejun/index.php/Zq/zq_game_hot_gl.html
INFO: [ app_begin ] --START--
INFO: Run ReadHtmlCache Behavior [ RunTime:0.001146s ]
INFO: [ app_begin ] --END-- [ RunTime:0.001299s ]
INFO: [ view_template ] --START--
INFO: Run LocationTemplate Behavior [ RunTime:0.007173s ]
INFO: [ view_template ] --END-- [ RunTime:0.007538s ]
INFO: [ view_parse ] --START--
INFO: Run ParseTemplate Behavior [ RunTime:0.021315s ]
INFO: [ view_parse ] --END-- [ RunTime:0.021934s ]
INFO: [ view_filter ] --START--
INFO: Run ContentReplace Behavior [ RunTime:0.000805s ]
INFO: Run TokenBuild Behavior [ RunTime:0.000709s ]
INFO: Run WriteHtmlCache Behavior [ RunTime:0.000484s ]
INFO: Run ShowRuntime Behavior [ RunTime:0.000852s ]
INFO: [ view_filter ] --END-- [ RunTime:0.003177s ]
INFO: [ view_end ] --START--
INFO: Run ShowPageTrace Behavior [ RunTime:0.002315s ]
INFO: [ view_end ] --END-- [ RunTime:0.002428s ]

[ 2014-02-15T22:23:34+08:00 ] 127.0.0.1 /lejun/index.php/Zq/zq_game_hot_gl.html
INFO: [ app_begin ] --START--
INFO: Run ReadHtmlCache Behavior [ RunTime:0.001054s ]
INFO: [ app_begin ] --END-- [ RunTime:0.001185s ]
INFO: [ view_template ] --START--
INFO: Run LocationTemplate Behavior [ RunTime:0.004128s ]
INFO: [ view_template ] --END-- [ RunTime:0.004306s ]
INFO: [ view_parse ] --START--
INFO: Run ParseTemplate Behavior [ RunTime:0.021923s ]
INFO: [ view_parse ] --END-- [ RunTime:0.022101s ]
INFO: [ view_filter ] --START--
INFO: Run ContentReplace Behavior [ RunTime:0.000768s ]
INFO: Run TokenBuild Behavior [ RunTime:0.000781s ]
INFO: Run WriteHtmlCache Behavior [ RunTime:0.004782s ]
INFO: Run ShowRuntime Behavior [ RunTime:0.000934s ]
INFO: [ view_filter ] --END-- [ RunTime:0.007679s ]
INFO: [ view_end ] --START--
INFO: Run ShowPageTrace Behavior [ RunTime:0.002475s ]
INFO: [ view_end ] --END-- [ RunTime:0.002664s ]

[ 2014-02-15T22:23:57+08:00 ] 127.0.0.1 /lejun/index.php/Zq/zq_game_hot_gl.html
INFO: [ app_begin ] --START--
INFO: Run ReadHtmlCache Behavior [ RunTime:0.001109s ]
INFO: [ app_begin ] --END-- [ RunTime:0.001249s ]
INFO: [ view_template ] --START--
INFO: Run LocationTemplate Behavior [ RunTime:0.005327s ]
INFO: [ view_template ] --END-- [ RunTime:0.005759s ]
INFO: [ view_parse ] --START--
INFO: Run ParseTemplate Behavior [ RunTime:0.020725s ]
INFO: [ view_parse ] --END-- [ RunTime:0.021195s ]
INFO: [ view_filter ] --START--
INFO: Run ContentReplace Behavior [ RunTime:0.000842s ]
INFO: Run TokenBuild Behavior [ RunTime:0.000986s ]
INFO: Run WriteHtmlCache Behavior [ RunTime:0.000548s ]
INFO: Run ShowRuntime Behavior [ RunTime:0.001403s ]
INFO: [ view_filter ] --END-- [ RunTime:0.004185s ]
INFO: [ view_end ] --START--
INFO: Run ShowPageTrace Behavior [ RunTime:0.002516s ]
INFO: [ view_end ] --END-- [ RunTime:0.002691s ]

[ 2014-02-15T22:23:59+08:00 ] 127.0.0.1 /lejun/index.php/Zq/zq_game_hot_gl.html
INFO: [ app_begin ] --START--
INFO: Run ReadHtmlCache Behavior [ RunTime:0.001219s ]
INFO: [ app_begin ] --END-- [ RunTime:0.001443s ]
INFO: [ view_template ] --START--
INFO: Run LocationTemplate Behavior [ RunTime:0.005215s ]
INFO: [ view_template ] --END-- [ RunTime:0.005400s ]
INFO: [ view_parse ] --START--
INFO: Run ParseTemplate Behavior [ RunTime:0.022119s ]
INFO: [ view_parse ] --END-- [ RunTime:0.022304s ]
INFO: [ view_filter ] --START--
INFO: Run ContentReplace Behavior [ RunTime:0.000829s ]
INFO: Run TokenBuild Behavior [ RunTime:0.000795s ]
INFO: Run WriteHtmlCache Behavior [ RunTime:0.000470s ]
INFO: Run ShowRuntime Behavior [ RunTime:0.000819s ]
INFO: [ view_filter ] --END-- [ RunTime:0.003244s ]
INFO: [ view_end ] --START--
INFO: Run ShowPageTrace Behavior [ RunTime:0.003637s ]
INFO: [ view_end ] --END-- [ RunTime:0.003774s ]

[ 2014-02-15T22:57:37+08:00 ] 127.0.0.1 /lejun/index.php/Zq/zq_game_hot_gl.html
INFO: [ app_begin ] --START--
INFO: Run ReadHtmlCache Behavior [ RunTime:0.001231s ]
INFO: [ app_begin ] --END-- [ RunTime:0.001364s ]
INFO: [ view_template ] --START--
INFO: Run LocationTemplate Behavior [ RunTime:0.007410s ]
INFO: [ view_template ] --END-- [ RunTime:0.007611s ]
INFO: [ view_parse ] --START--
INFO: Run ParseTemplate Behavior [ RunTime:0.024146s ]
INFO: [ view_parse ] --END-- [ RunTime:0.024337s ]
INFO: [ view_filter ] --START--
INFO: Run ContentReplace Behavior [ RunTime:0.000808s ]
INFO: Run TokenBuild Behavior [ RunTime:0.000833s ]
INFO: Run WriteHtmlCache Behavior [ RunTime:0.000560s ]
INFO: Run ShowRuntime Behavior [ RunTime:0.001416s ]
INFO: [ view_filter ] --END-- [ RunTime:0.004030s ]
INFO: [ view_end ] --START--
INFO: Run ShowPageTrace Behavior [ RunTime:0.002369s ]
INFO: [ view_end ] --END-- [ RunTime:0.002521s ]

[ 2014-02-15T22:58:14+08:00 ] 127.0.0.1 /lejun/index.php/Zq/zq_game_hot_gl.html
INFO: [ app_begin ] --START--
INFO: Run ReadHtmlCache Behavior [ RunTime:0.001174s ]
INFO: [ app_begin ] --END-- [ RunTime:0.001333s ]
INFO: [ view_template ] --START--
INFO: Run LocationTemplate Behavior [ RunTime:0.006872s ]
INFO: [ view_template ] --END-- [ RunTime:0.007056s ]
INFO: [ view_parse ] --START--
INFO: Run ParseTemplate Behavior [ RunTime:0.028013s ]
INFO: [ view_parse ] --END-- [ RunTime:0.028196s ]
INFO: [ view_filter ] --START--
INFO: Run ContentReplace Behavior [ RunTime:0.001338s ]
INFO: Run TokenBuild Behavior [ RunTime:0.001088s ]
INFO: Run WriteHtmlCache Behavior [ RunTime:0.001992s ]
INFO: Run ShowRuntime Behavior [ RunTime:0.001145s ]
INFO: [ view_filter ] --END-- [ RunTime:0.006135s ]
INFO: [ view_end ] --START--
INFO: Run ShowPageTrace Behavior [ RunTime:0.002245s ]
INFO: [ view_end ] --END-- [ RunTime:0.002379s ]

[ 2014-02-15T22:59:35+08:00 ] 127.0.0.1 /lejun/index.php/Zq/zq_game_hot_gl.html
INFO: [ app_begin ] --START--
INFO: Run ReadHtmlCache Behavior [ RunTime:0.001097s ]
INFO: [ app_begin ] --END-- [ RunTime:0.001244s ]
INFO: [ view_template ] --START--
INFO: Run LocationTemplate Behavior [ RunTime:0.005221s ]
INFO: [ view_template ] --END-- [ RunTime:0.005407s ]
INFO: [ view_parse ] --START--
INFO: Run ParseTemplate Behavior [ RunTime:0.022559s ]
INFO: [ view_parse ] --END-- [ RunTime:0.022740s ]
INFO: [ view_filter ] --START--
INFO: Run ContentReplace Behavior [ RunTime:0.000724s ]
INFO: Run TokenBuild Behavior [ RunTime:0.000747s ]
INFO: Run WriteHtmlCache Behavior [ RunTime:0.000504s ]
INFO: Run ShowRuntime Behavior [ RunTime:0.001848s ]
INFO: [ view_filter ] --END-- [ RunTime:0.004282s ]
INFO: [ view_end ] --START--
INFO: Run ShowPageTrace Behavior [ RunTime:0.002620s ]
INFO: [ view_end ] --END-- [ RunTime:0.002763s ]

[ 2014-02-15T23:30:54+08:00 ] 127.0.0.1 /lejun/index.php/Login/do_login
INFO: [ app_begin ] --START--
INFO: Run ReadHtmlCache Behavior [ RunTime:0.001183s ]
INFO: [ app_begin ] --END-- [ RunTime:0.001350s ]
SQL: SHOW COLUMNS FROM `lj_user_information` [ RunTime:0.054517s ]
SQL: SELECT * FROM `lj_user_information` WHERE ( `username` = 'nele' ) AND ( `password` = '56f973cd9d759c5e80766b5236874613' )  [ RunTime:0.054556s ]

[ 2014-02-15T23:50:04+08:00 ] 127.0.0.1 /lejun/index.php/Zq/zq_game_hot_gl.html
INFO: [ app_begin ] --START--
INFO: Run ReadHtmlCache Behavior [ RunTime:0.001786s ]
INFO: [ app_begin ] --END-- [ RunTime:0.001957s ]
INFO: [ view_template ] --START--
INFO: Run LocationTemplate Behavior [ RunTime:0.006402s ]
INFO: [ view_template ] --END-- [ RunTime:0.006639s ]
INFO: [ view_parse ] --START--
INFO: Run ParseTemplate Behavior [ RunTime:0.018167s ]
INFO: [ view_parse ] --END-- [ RunTime:0.018312s ]
INFO: [ view_filter ] --START--
INFO: Run ContentReplace Behavior [ RunTime:0.000513s ]
INFO: Run TokenBuild Behavior [ RunTime:0.000506s ]
INFO: Run WriteHtmlCache Behavior [ RunTime:0.000384s ]
INFO: Run ShowRuntime Behavior [ RunTime:0.000811s ]
INFO: [ view_filter ] --END-- [ RunTime:0.002512s ]
INFO: [ view_end ] --START--
INFO: Run ShowPageTrace Behavior [ RunTime:0.002243s ]
INFO: [ view_end ] --END-- [ RunTime:0.002380s ]

[ 2014-02-15T23:50:18+08:00 ] 127.0.0.1 /lejun/index.php/Zq/zq_game_hot_gl.html
INFO: [ app_begin ] --START--
INFO: Run ReadHtmlCache Behavior [ RunTime:0.000816s ]
INFO: [ app_begin ] --END-- [ RunTime:0.000923s ]
INFO: [ view_template ] --START--
INFO: Run LocationTemplate Behavior [ RunTime:0.002929s ]
INFO: [ view_template ] --END-- [ RunTime:0.003081s ]
INFO: [ view_parse ] --START--
INFO: Run ParseTemplate Behavior [ RunTime:0.021701s ]
INFO: [ view_parse ] --END-- [ RunTime:0.021875s ]
INFO: [ view_filter ] --START--
INFO: Run ContentReplace Behavior [ RunTime:0.001308s ]
INFO: Run TokenBuild Behavior [ RunTime:0.000815s ]
INFO: Run WriteHtmlCache Behavior [ RunTime:0.001005s ]
INFO: Run ShowRuntime Behavior [ RunTime:0.001242s ]
INFO: [ view_filter ] --END-- [ RunTime:0.004964s ]
INFO: [ view_end ] --START--
INFO: Run ShowPageTrace Behavior [ RunTime:0.002908s ]
INFO: [ view_end ] --END-- [ RunTime:0.003078s ]

[ 2014-02-15T23:51:45+08:00 ] 127.0.0.1 /lejun/index.php/Zq/zq_game_hot_gl.html
INFO: [ app_begin ] --START--
INFO: Run ReadHtmlCache Behavior [ RunTime:0.001104s ]
INFO: [ app_begin ] --END-- [ RunTime:0.001261s ]
INFO: [ view_template ] --START--
INFO: Run LocationTemplate Behavior [ RunTime:0.004356s ]
INFO: [ view_template ] --END-- [ RunTime:0.004548s ]
INFO: [ view_parse ] --START--
INFO: Run ParseTemplate Behavior [ RunTime:0.020650s ]
INFO: [ view_parse ] --END-- [ RunTime:0.020825s ]
INFO: [ view_filter ] --START--
INFO: Run ContentReplace Behavior [ RunTime:0.000728s ]
INFO: Run TokenBuild Behavior [ RunTime:0.000877s ]
INFO: Run WriteHtmlCache Behavior [ RunTime:0.000675s ]
INFO: Run ShowRuntime Behavior [ RunTime:0.001079s ]
INFO: [ view_filter ] --END-- [ RunTime:0.003832s ]
INFO: [ view_end ] --START--
INFO: Run ShowPageTrace Behavior [ RunTime:0.002461s ]
INFO: [ view_end ] --END-- [ RunTime:0.002615s ]

[ 2014-02-15T23:53:06+08:00 ] 127.0.0.1 /lejun/index.php/Zq/zq_game_hot_gl.html
INFO: [ app_begin ] --START--
INFO: Run ReadHtmlCache Behavior [ RunTime:0.001208s ]
INFO: [ app_begin ] --END-- [ RunTime:0.001366s ]
INFO: [ view_template ] --START--
INFO: Run LocationTemplate Behavior [ RunTime:0.008707s ]
INFO: [ view_template ] --END-- [ RunTime:0.008897s ]
INFO: [ view_parse ] --START--
INFO: Run ParseTemplate Behavior [ RunTime:0.039984s ]
INFO: [ view_parse ] --END-- [ RunTime:0.040161s ]
INFO: [ view_filter ] --START--
INFO: Run ContentReplace Behavior [ RunTime:0.003799s ]
INFO: Run TokenBuild Behavior [ RunTime:0.003438s ]
INFO: Run WriteHtmlCache Behavior [ RunTime:0.003594s ]
INFO: Run ShowRuntime Behavior [ RunTime:0.027224s ]
INFO: [ view_filter ] --END-- [ RunTime:0.038547s ]
INFO: [ view_end ] --START--
INFO: Run ShowPageTrace Behavior [ RunTime:0.004160s ]
INFO: [ view_end ] --END-- [ RunTime:0.004329s ]

[ 2014-02-15T23:54:51+08:00 ] 127.0.0.1 /lejun/index.php/Zq/zq_game_hot_gl.html
INFO: [ app_begin ] --START--
INFO: Run ReadHtmlCache Behavior [ RunTime:0.001128s ]
INFO: [ app_begin ] --END-- [ RunTime:0.001270s ]
INFO: [ view_template ] --START--
INFO: Run LocationTemplate Behavior [ RunTime:0.006685s ]
INFO: [ view_template ] --END-- [ RunTime:0.006882s ]
INFO: [ view_parse ] --START--
INFO: Run ParseTemplate Behavior [ RunTime:0.035708s ]
INFO: [ view_parse ] --END-- [ RunTime:0.035883s ]
INFO: [ view_filter ] --START--
INFO: Run ContentReplace Behavior [ RunTime:0.004841s ]
INFO: Run TokenBuild Behavior [ RunTime:0.003630s ]
INFO: Run WriteHtmlCache Behavior [ RunTime:0.006392s ]
INFO: Run ShowRuntime Behavior [ RunTime:0.003318s ]
INFO: [ view_filter ] --END-- [ RunTime:0.018621s ]
INFO: [ view_end ] --START--
INFO: Run ShowPageTrace Behavior [ RunTime:0.003162s ]
INFO: [ view_end ] --END-- [ RunTime:0.003300s ]

