[ 2014-02-12T13:48:25+08:00 ] 111.177.206.85 /index.php/Zq/zq_game_hot_gl.html
INFO: [ app_begin ] --START--
INFO: Run ReadHtmlCache Behavior [ RunTime:0.000384s ]
INFO: [ app_begin ] --END-- [ RunTime:0.000445s ]
INFO: [ view_template ] --START--
INFO: Run LocationTemplate Behavior [ RunTime:0.000201s ]
INFO: [ view_template ] --END-- [ RunTime:0.000260s ]
INFO: [ view_parse ] --START--
INFO: Run ParseTemplate Behavior [ RunTime:0.004593s ]
INFO: [ view_parse ] --END-- [ RunTime:0.004658s ]
INFO: [ view_filter ] --START--
INFO: Run ContentReplace Behavior [ RunTime:0.000220s ]
INFO: Run TokenBuild Behavior [ RunTime:0.000256s ]
INFO: Run WriteHtmlCache Behavior [ RunTime:0.000153s ]
INFO: Run ShowRuntime Behavior [ RunTime:0.000292s ]
INFO: [ view_filter ] --END-- [ RunTime:0.001079s ]
INFO: [ view_end ] --START--
INFO: Run ShowPageTrace Behavior [ RunTime:0.000470s ]
INFO: [ view_end ] --END-- [ RunTime:0.000524s ]

[ 2014-02-12T13:53:25+08:00 ] ERR: (ThinkException) 无法加载模块:public
[ 2014-02-12T14:10:16+08:00 ] ERR: (ThinkException) 无法加载模块:public
[ 2014-02-12T14:11:12+08:00 ] 111.177.206.85 /index.php/Login/do_login
INFO: [ app_begin ] --START--
INFO: Run ReadHtmlCache Behavior [ RunTime:0.000385s ]
INFO: [ app_begin ] --END-- [ RunTime:0.000447s ]
SQL: SHOW COLUMNS FROM `lj_user_information` [ RunTime:0.001226s ]
SQL: SELECT * FROM `lj_user_information` WHERE ( `username` = 'nele' ) AND ( `password` = '56f973cd9d759c5e80766b5236874613' )  [ RunTime:0.000119s ]

[ 2014-02-12T15:00:32+08:00 ] 111.177.206.85 /index.php/Zq/zq_game_hot_gl.html
INFO: [ app_begin ] --START--
INFO: Run ReadHtmlCache Behavior [ RunTime:0.000377s ]
INFO: [ app_begin ] --END-- [ RunTime:0.000438s ]
INFO: [ view_template ] --START--
INFO: Run LocationTemplate Behavior [ RunTime:0.000200s ]
INFO: [ view_template ] --END-- [ RunTime:0.000260s ]
INFO: [ view_parse ] --START--
INFO: Run ParseTemplate Behavior [ RunTime:0.004445s ]
INFO: [ view_parse ] --END-- [ RunTime:0.004508s ]
INFO: [ view_filter ] --START--
INFO: Run ContentReplace Behavior [ RunTime:0.000225s ]
INFO: Run TokenBuild Behavior [ RunTime:0.000231s ]
INFO: Run WriteHtmlCache Behavior [ RunTime:0.000142s ]
INFO: Run ShowRuntime Behavior [ RunTime:0.000315s ]
INFO: [ view_filter ] --END-- [ RunTime:0.001093s ]
INFO: [ view_end ] --START--
INFO: Run ShowPageTrace Behavior [ RunTime:0.000400s ]
INFO: [ view_end ] --END-- [ RunTime:0.000453s ]

[ 2014-02-12T15:00:36+08:00 ] 111.177.206.85 /index.php/Zq/zq_game_latest_gl.html
INFO: [ app_begin ] --START--
INFO: Run ReadHtmlCache Behavior [ RunTime:0.000348s ]
INFO: [ app_begin ] --END-- [ RunTime:0.000409s ]
INFO: [ view_template ] --START--
INFO: Run LocationTemplate Behavior [ RunTime:0.000198s ]
INFO: [ view_template ] --END-- [ RunTime:0.000284s ]
INFO: [ view_parse ] --START--
INFO: Run ParseTemplate Behavior [ RunTime:0.004695s ]
INFO: [ view_parse ] --END-- [ RunTime:0.004763s ]
INFO: [ view_filter ] --START--
INFO: Run ContentReplace Behavior [ RunTime:0.000256s ]
INFO: Run TokenBuild Behavior [ RunTime:0.000257s ]
INFO: Run WriteHtmlCache Behavior [ RunTime:0.000145s ]
INFO: Run ShowRuntime Behavior [ RunTime:0.000292s ]
INFO: [ view_filter ] --END-- [ RunTime:0.001156s ]
INFO: [ view_end ] --START--
INFO: Run ShowPageTrace Behavior [ RunTime:0.000403s ]
INFO: [ view_end ] --END-- [ RunTime:0.000499s ]

[ 2014-02-12T15:00:37+08:00 ] 111.177.206.85 /index.php/Zq/zq_game_hot_gl.html
INFO: [ app_begin ] --START--
INFO: Run ReadHtmlCache Behavior [ RunTime:0.000350s ]
INFO: [ app_begin ] --END-- [ RunTime:0.000409s ]
INFO: [ view_template ] --START--
INFO: Run LocationTemplate Behavior [ RunTime:0.000198s ]
INFO: [ view_template ] --END-- [ RunTime:0.000256s ]
INFO: [ view_parse ] --START--
INFO: Run ParseTemplate Behavior [ RunTime:0.004554s ]
INFO: [ view_parse ] --END-- [ RunTime:0.004620s ]
INFO: [ view_filter ] --START--
INFO: Run ContentReplace Behavior [ RunTime:0.000217s ]
INFO: Run TokenBuild Behavior [ RunTime:0.000255s ]
INFO: Run WriteHtmlCache Behavior [ RunTime:0.000138s ]
INFO: Run ShowRuntime Behavior [ RunTime:0.000286s ]
INFO: [ view_filter ] --END-- [ RunTime:0.001052s ]
INFO: [ view_end ] --START--
INFO: Run ShowPageTrace Behavior [ RunTime:0.000452s ]
INFO: [ view_end ] --END-- [ RunTime:0.000505s ]

[ 2014-02-12T15:00:39+08:00 ] 111.177.206.85 /index.php/Zq/zq_game_latest_gl.html
INFO: [ app_begin ] --START--
INFO: Run ReadHtmlCache Behavior [ RunTime:0.000361s ]
INFO: [ app_begin ] --END-- [ RunTime:0.000422s ]
INFO: [ view_template ] --START--
INFO: Run LocationTemplate Behavior [ RunTime:0.000202s ]
INFO: [ view_template ] --END-- [ RunTime:0.000263s ]
INFO: [ view_parse ] --START--
INFO: Run ParseTemplate Behavior [ RunTime:0.004797s ]
INFO: [ view_parse ] --END-- [ RunTime:0.004880s ]
INFO: [ view_filter ] --START--
INFO: Run ContentReplace Behavior [ RunTime:0.000224s ]
INFO: Run TokenBuild Behavior [ RunTime:0.000240s ]
INFO: Run WriteHtmlCache Behavior [ RunTime:0.000147s ]
INFO: Run ShowRuntime Behavior [ RunTime:0.000304s ]
INFO: [ view_filter ] --END-- [ RunTime:0.001111s ]
INFO: [ view_end ] --START--
INFO: Run ShowPageTrace Behavior [ RunTime:0.000454s ]
INFO: [ view_end ] --END-- [ RunTime:0.000512s ]

[ 2014-02-12T15:00:40+08:00 ] 111.177.206.85 /index.php/Zq/zq_game_latest_post.html
INFO: [ app_begin ] --START--
INFO: Run ReadHtmlCache Behavior [ RunTime:0.000374s ]
INFO: [ app_begin ] --END-- [ RunTime:0.000435s ]
INFO: [ view_template ] --START--
INFO: Run LocationTemplate Behavior [ RunTime:0.000228s ]
INFO: [ view_template ] --END-- [ RunTime:0.000288s ]
INFO: [ view_parse ] --START--
INFO: Run ParseTemplate Behavior [ RunTime:0.004520s ]
INFO: [ view_parse ] --END-- [ RunTime:0.004585s ]
INFO: [ view_filter ] --START--
INFO: Run ContentReplace Behavior [ RunTime:0.000303s ]
INFO: Run TokenBuild Behavior [ RunTime:0.000233s ]
INFO: Run WriteHtmlCache Behavior [ RunTime:0.000141s ]
INFO: Run ShowRuntime Behavior [ RunTime:0.000288s ]
INFO: [ view_filter ] --END-- [ RunTime:0.001123s ]
INFO: [ view_end ] --START--
INFO: Run ShowPageTrace Behavior [ RunTime:0.000425s ]
INFO: [ view_end ] --END-- [ RunTime:0.000480s ]

[ 2014-02-12T15:00:41+08:00 ] 111.177.206.85 /index.php/Zq/zq_game_hot_post.html
INFO: [ app_begin ] --START--
INFO: Run ReadHtmlCache Behavior [ RunTime:0.000377s ]
INFO: [ app_begin ] --END-- [ RunTime:0.000438s ]
INFO: [ view_template ] --START--
INFO: Run LocationTemplate Behavior [ RunTime:0.000196s ]
INFO: [ view_template ] --END-- [ RunTime:0.000256s ]
INFO: [ view_parse ] --START--
INFO: Run ParseTemplate Behavior [ RunTime:0.004714s ]
INFO: [ view_parse ] --END-- [ RunTime:0.004778s ]
INFO: [ view_filter ] --START--
INFO: Run ContentReplace Behavior [ RunTime:0.000217s ]
INFO: Run TokenBuild Behavior [ RunTime:0.000223s ]
INFO: Run WriteHtmlCache Behavior [ RunTime:0.000136s ]
INFO: Run ShowRuntime Behavior [ RunTime:0.000346s ]
INFO: [ view_filter ] --END-- [ RunTime:0.001076s ]
INFO: [ view_end ] --START--
INFO: Run ShowPageTrace Behavior [ RunTime:0.000397s ]
INFO: [ view_end ] --END-- [ RunTime:0.000452s ]

[ 2014-02-12T15:00:57+08:00 ] 111.177.206.85 /index.php/Zq/zq_game_latest_gl.html
INFO: [ app_begin ] --START--
INFO: Run ReadHtmlCache Behavior [ RunTime:0.000352s ]
INFO: [ app_begin ] --END-- [ RunTime:0.000415s ]
INFO: [ view_template ] --START--
INFO: Run LocationTemplate Behavior [ RunTime:0.000225s ]
INFO: [ view_template ] --END-- [ RunTime:0.000290s ]
INFO: [ view_parse ] --START--
INFO: Run ParseTemplate Behavior [ RunTime:0.004851s ]
INFO: [ view_parse ] --END-- [ RunTime:0.004931s ]
INFO: [ view_filter ] --START--
INFO: Run ContentReplace Behavior [ RunTime:0.000265s ]
INFO: Run TokenBuild Behavior [ RunTime:0.000239s ]
INFO: Run WriteHtmlCache Behavior [ RunTime:0.000144s ]
INFO: Run ShowRuntime Behavior [ RunTime:0.000306s ]
INFO: [ view_filter ] --END-- [ RunTime:0.001125s ]
INFO: [ view_end ] --START--
INFO: Run ShowPageTrace Behavior [ RunTime:0.000422s ]
INFO: [ view_end ] --END-- [ RunTime:0.000482s ]

[ 2014-02-12T15:00:58+08:00 ] 111.177.206.85 /index.php/Zq/zq_game_hot_gl.html
INFO: [ app_begin ] --START--
INFO: Run ReadHtmlCache Behavior [ RunTime:0.000351s ]
INFO: [ app_begin ] --END-- [ RunTime:0.000412s ]
INFO: [ view_template ] --START--
INFO: Run LocationTemplate Behavior [ RunTime:0.000200s ]
INFO: [ view_template ] --END-- [ RunTime:0.000260s ]
INFO: [ view_parse ] --START--
INFO: Run ParseTemplate Behavior [ RunTime:0.004484s ]
INFO: [ view_parse ] --END-- [ RunTime:0.004547s ]
INFO: [ view_filter ] --START--
INFO: Run ContentReplace Behavior [ RunTime:0.000219s ]
INFO: Run TokenBuild Behavior [ RunTime:0.000229s ]
INFO: Run WriteHtmlCache Behavior [ RunTime:0.000141s ]
INFO: Run ShowRuntime Behavior [ RunTime:0.000315s ]
INFO: [ view_filter ] --END-- [ RunTime:0.001060s ]
INFO: [ view_end ] --START--
INFO: Run ShowPageTrace Behavior [ RunTime:0.000399s ]
INFO: [ view_end ] --END-- [ RunTime:0.000451s ]

[ 2014-02-12T15:15:37+08:00 ] 111.177.206.85 /index.php/Zq/zq_game_hot_gl.html
INFO: [ app_begin ] --START--
INFO: Run ReadHtmlCache Behavior [ RunTime:0.000348s ]
INFO: [ app_begin ] --END-- [ RunTime:0.000408s ]
INFO: [ view_template ] --START--
INFO: Run LocationTemplate Behavior [ RunTime:0.000198s ]
INFO: [ view_template ] --END-- [ RunTime:0.000257s ]
INFO: [ view_parse ] --START--
INFO: Run ParseTemplate Behavior [ RunTime:0.004502s ]
INFO: [ view_parse ] --END-- [ RunTime:0.004566s ]
INFO: [ view_filter ] --START--
INFO: Run ContentReplace Behavior [ RunTime:0.000217s ]
INFO: Run TokenBuild Behavior [ RunTime:0.000229s ]
INFO: Run WriteHtmlCache Behavior [ RunTime:0.000175s ]
INFO: Run ShowRuntime Behavior [ RunTime:0.000290s ]
INFO: [ view_filter ] --END-- [ RunTime:0.001065s ]
INFO: [ view_end ] --START--
INFO: Run ShowPageTrace Behavior [ RunTime:0.000397s ]
INFO: [ view_end ] --END-- [ RunTime:0.000451s ]

[ 2014-02-12T15:15:40+08:00 ] 111.177.206.85 /index.php/Zq/zq_game_hot_gl.html
INFO: [ app_begin ] --START--
INFO: Run ReadHtmlCache Behavior [ RunTime:0.000352s ]
INFO: [ app_begin ] --END-- [ RunTime:0.000412s ]
INFO: [ view_template ] --START--
INFO: Run LocationTemplate Behavior [ RunTime:0.000201s ]
INFO: [ view_template ] --END-- [ RunTime:0.000261s ]
INFO: [ view_parse ] --START--
INFO: Run ParseTemplate Behavior [ RunTime:0.004481s ]
INFO: [ view_parse ] --END-- [ RunTime:0.004546s ]
INFO: [ view_filter ] --START--
INFO: Run ContentReplace Behavior [ RunTime:0.000222s ]
INFO: Run TokenBuild Behavior [ RunTime:0.000228s ]
INFO: Run WriteHtmlCache Behavior [ RunTime:0.000169s ]
INFO: Run ShowRuntime Behavior [ RunTime:0.000290s ]
INFO: [ view_filter ] --END-- [ RunTime:0.001065s ]
INFO: [ view_end ] --START--
INFO: Run ShowPageTrace Behavior [ RunTime:0.000396s ]
INFO: [ view_end ] --END-- [ RunTime:0.000451s ]

[ 2014-02-12T15:18:11+08:00 ] 111.177.206.85 /index.php/UserInfo/user_info.html
INFO: [ app_begin ] --START--
INFO: Run ReadHtmlCache Behavior [ RunTime:0.000377s ]
INFO: [ app_begin ] --END-- [ RunTime:0.000437s ]
INFO: [ view_template ] --START--
INFO: Run LocationTemplate Behavior [ RunTime:0.000229s ]
INFO: [ view_template ] --END-- [ RunTime:0.000288s ]
INFO: [ view_parse ] --START--
NOTIC: [8] Undefined index: e-mail_tf /mnt/www/html/lejun/HOME/Runtime/Cache/2db06a70a453497812f918c1254c1dfa.php 第 3 行.
INFO: Run ParseTemplate Behavior [ RunTime:0.005611s ]
INFO: [ view_parse ] --END-- [ RunTime:0.005666s ]
INFO: [ view_filter ] --START--
INFO: Run ContentReplace Behavior [ RunTime:0.000254s ]
INFO: Run TokenBuild Behavior [ RunTime:0.000226s ]
INFO: Run WriteHtmlCache Behavior [ RunTime:0.000185s ]
INFO: Run ShowRuntime Behavior [ RunTime:0.000472s ]
INFO: [ view_filter ] --END-- [ RunTime:0.001290s ]
INFO: [ view_end ] --START--
INFO: Run ShowPageTrace Behavior [ RunTime:0.000408s ]
INFO: [ view_end ] --END-- [ RunTime:0.000462s ]

[ 2014-02-12T15:18:20+08:00 ] 111.177.206.85 /index.php/UserInfo/user_info_ly.html
INFO: [ app_begin ] --START--
INFO: Run ReadHtmlCache Behavior [ RunTime:0.000571s ]
INFO: [ app_begin ] --END-- [ RunTime:0.000679s ]
INFO: [ view_template ] --START--
INFO: Run LocationTemplate Behavior [ RunTime:0.000234s ]
INFO: [ view_template ] --END-- [ RunTime:0.000293s ]
INFO: [ view_parse ] --START--
INFO: Run ParseTemplate Behavior [ RunTime:0.005074s ]
INFO: [ view_parse ] --END-- [ RunTime:0.005157s ]
INFO: [ view_filter ] --START--
INFO: Run ContentReplace Behavior [ RunTime:0.000251s ]
INFO: Run TokenBuild Behavior [ RunTime:0.000262s ]
INFO: Run WriteHtmlCache Behavior [ RunTime:0.000208s ]
INFO: Run ShowRuntime Behavior [ RunTime:0.000311s ]
INFO: [ view_filter ] --END-- [ RunTime:0.001207s ]
INFO: [ view_end ] --START--
INFO: Run ShowPageTrace Behavior [ RunTime:0.000472s ]
INFO: [ view_end ] --END-- [ RunTime:0.000532s ]

[ 2014-02-12T15:18:21+08:00 ] 111.177.206.85 /index.php/UserInfo/user_info_gl.html
INFO: [ app_begin ] --START--
INFO: Run ReadHtmlCache Behavior [ RunTime:0.000376s ]
INFO: [ app_begin ] --END-- [ RunTime:0.000437s ]
INFO: [ view_template ] --START--
INFO: Run LocationTemplate Behavior [ RunTime:0.000198s ]
INFO: [ view_template ] --END-- [ RunTime:0.000257s ]
INFO: [ view_parse ] --START--
INFO: Run ParseTemplate Behavior [ RunTime:0.005233s ]
INFO: [ view_parse ] --END-- [ RunTime:0.005325s ]
INFO: [ view_filter ] --START--
INFO: Run ContentReplace Behavior [ RunTime:0.000234s ]
INFO: Run TokenBuild Behavior [ RunTime:0.000227s ]
INFO: Run WriteHtmlCache Behavior [ RunTime:0.000165s ]
INFO: Run ShowRuntime Behavior [ RunTime:0.000294s ]
INFO: [ view_filter ] --END-- [ RunTime:0.001118s ]
INFO: [ view_end ] --START--
INFO: Run ShowPageTrace Behavior [ RunTime:0.000410s ]
INFO: [ view_end ] --END-- [ RunTime:0.000464s ]

[ 2014-02-12T15:18:23+08:00 ] 111.177.206.85 /index.php/UserInfo/user_info_tz.html
INFO: [ app_begin ] --START--
INFO: Run ReadHtmlCache Behavior [ RunTime:0.000743s ]
INFO: [ app_begin ] --END-- [ RunTime:0.000837s ]
INFO: [ view_template ] --START--
INFO: Run LocationTemplate Behavior [ RunTime:0.000220s ]
INFO: [ view_template ] --END-- [ RunTime:0.000286s ]
INFO: [ view_parse ] --START--
INFO: Run ParseTemplate Behavior [ RunTime:0.004946s ]
INFO: [ view_parse ] --END-- [ RunTime:0.005026s ]
INFO: [ view_filter ] --START--
INFO: Run ContentReplace Behavior [ RunTime:0.000256s ]
INFO: Run TokenBuild Behavior [ RunTime:0.000237s ]
INFO: Run WriteHtmlCache Behavior [ RunTime:0.000143s ]
INFO: Run ShowRuntime Behavior [ RunTime:0.000298s ]
INFO: [ view_filter ] --END-- [ RunTime:0.001097s ]
INFO: [ view_end ] --START--
INFO: Run ShowPageTrace Behavior [ RunTime:0.000432s ]
INFO: [ view_end ] --END-- [ RunTime:0.000487s ]

[ 2014-02-12T15:18:24+08:00 ] 111.177.206.85 /index.php/UserInfo/user_info_gl.html
INFO: [ app_begin ] --START--
INFO: Run ReadHtmlCache Behavior [ RunTime:0.000352s ]
INFO: [ app_begin ] --END-- [ RunTime:0.000414s ]
INFO: [ view_template ] --START--
INFO: Run LocationTemplate Behavior [ RunTime:0.000201s ]
INFO: [ view_template ] --END-- [ RunTime:0.000262s ]
INFO: [ view_parse ] --START--
INFO: Run ParseTemplate Behavior [ RunTime:0.005270s ]
INFO: [ view_parse ] --END-- [ RunTime:0.005334s ]
INFO: [ view_filter ] --START--
INFO: Run ContentReplace Behavior [ RunTime:0.000239s ]
INFO: Run TokenBuild Behavior [ RunTime:0.000231s ]
INFO: Run WriteHtmlCache Behavior [ RunTime:0.000141s ]
INFO: Run ShowRuntime Behavior [ RunTime:0.000319s ]
INFO: [ view_filter ] --END-- [ RunTime:0.001090s ]
INFO: [ view_end ] --START--
INFO: Run ShowPageTrace Behavior [ RunTime:0.000410s ]
INFO: [ view_end ] --END-- [ RunTime:0.000465s ]

[ 2014-02-12T15:18:25+08:00 ] 111.177.206.85 /index.php/UserInfo/user_info_tz.html
INFO: [ app_begin ] --START--
INFO: Run ReadHtmlCache Behavior [ RunTime:0.000351s ]
INFO: [ app_begin ] --END-- [ RunTime:0.000411s ]
INFO: [ view_template ] --START--
INFO: Run LocationTemplate Behavior [ RunTime:0.000250s ]
INFO: [ view_template ] --END-- [ RunTime:0.000348s ]
INFO: [ view_parse ] --START--
INFO: Run ParseTemplate Behavior [ RunTime:0.005041s ]
INFO: [ view_parse ] --END-- [ RunTime:0.005152s ]
INFO: [ view_filter ] --START--
INFO: Run ContentReplace Behavior [ RunTime:0.000233s ]
INFO: Run TokenBuild Behavior [ RunTime:0.000230s ]
INFO: Run WriteHtmlCache Behavior [ RunTime:0.000143s ]
INFO: Run ShowRuntime Behavior [ RunTime:0.000365s ]
INFO: [ view_filter ] --END-- [ RunTime:0.001130s ]
INFO: [ view_end ] --START--
INFO: Run ShowPageTrace Behavior [ RunTime:0.000399s ]
INFO: [ view_end ] --END-- [ RunTime:0.000452s ]

[ 2014-02-12T15:18:27+08:00 ] 111.177.206.85 /index.php/UserInfo/user_info_gl.html
INFO: [ app_begin ] --START--
INFO: Run ReadHtmlCache Behavior [ RunTime:0.000358s ]
INFO: [ app_begin ] --END-- [ RunTime:0.000485s ]
INFO: [ view_template ] --START--
INFO: Run LocationTemplate Behavior [ RunTime:0.000202s ]
INFO: [ view_template ] --END-- [ RunTime:0.000262s ]
INFO: [ view_parse ] --START--
INFO: Run ParseTemplate Behavior [ RunTime:0.005293s ]
INFO: [ view_parse ] --END-- [ RunTime:0.005356s ]
INFO: [ view_filter ] --START--
INFO: Run ContentReplace Behavior [ RunTime:0.000262s ]
INFO: Run TokenBuild Behavior [ RunTime:0.000229s ]
INFO: Run WriteHtmlCache Behavior [ RunTime:0.000140s ]
INFO: Run ShowRuntime Behavior [ RunTime:0.000294s ]
INFO: [ view_filter ] --END-- [ RunTime:0.001084s ]
INFO: [ view_end ] --START--
INFO: Run ShowPageTrace Behavior [ RunTime:0.000432s ]
INFO: [ view_end ] --END-- [ RunTime:0.000487s ]

[ 2014-02-12T15:18:33+08:00 ] 111.177.206.85 /index.php/UserInfo/user_info_ly.html
INFO: [ app_begin ] --START--
INFO: Run ReadHtmlCache Behavior [ RunTime:0.000352s ]
INFO: [ app_begin ] --END-- [ RunTime:0.000438s ]
INFO: [ view_template ] --START--
INFO: Run LocationTemplate Behavior [ RunTime:0.000200s ]
INFO: [ view_template ] --END-- [ RunTime:0.000260s ]
INFO: [ view_parse ] --START--
INFO: Run ParseTemplate Behavior [ RunTime:0.004706s ]
INFO: [ view_parse ] --END-- [ RunTime:0.004801s ]
INFO: [ view_filter ] --START--
INFO: Run ContentReplace Behavior [ RunTime:0.000244s ]
INFO: Run TokenBuild Behavior [ RunTime:0.000229s ]
INFO: Run WriteHtmlCache Behavior [ RunTime:0.000142s ]
INFO: Run ShowRuntime Behavior [ RunTime:0.000294s ]
INFO: [ view_filter ] --END-- [ RunTime:0.001067s ]
INFO: [ view_end ] --START--
INFO: Run ShowPageTrace Behavior [ RunTime:0.000431s ]
INFO: [ view_end ] --END-- [ RunTime:0.000485s ]

[ 2014-02-12T15:18:34+08:00 ] 111.177.206.85 /index.php/UserInfo/user_info.html
INFO: [ app_begin ] --START--
INFO: Run ReadHtmlCache Behavior [ RunTime:0.000351s ]
INFO: [ app_begin ] --END-- [ RunTime:0.000411s ]
INFO: [ view_template ] --START--
INFO: Run LocationTemplate Behavior [ RunTime:0.000200s ]
INFO: [ view_template ] --END-- [ RunTime:0.000259s ]
INFO: [ view_parse ] --START--
NOTIC: [8] Undefined index: e-mail_tf /mnt/www/html/lejun/HOME/Runtime/Cache/2db06a70a453497812f918c1254c1dfa.php 第 3 行.
INFO: Run ParseTemplate Behavior [ RunTime:0.005934s ]
INFO: [ view_parse ] --END-- [ RunTime:0.006010s ]
INFO: [ view_filter ] --START--
INFO: Run ContentReplace Behavior [ RunTime:0.000222s ]
INFO: Run TokenBuild Behavior [ RunTime:0.000229s ]
INFO: Run WriteHtmlCache Behavior [ RunTime:0.000167s ]
INFO: Run ShowRuntime Behavior [ RunTime:0.000306s ]
INFO: [ view_filter ] --END-- [ RunTime:0.001083s ]
INFO: [ view_end ] --START--
INFO: Run ShowPageTrace Behavior [ RunTime:0.000478s ]
INFO: [ view_end ] --END-- [ RunTime:0.000535s ]

[ 2014-02-12T15:18:35+08:00 ] 111.177.206.85 /index.php/UserInfo/user_info_notice.html
INFO: [ app_begin ] --START--
INFO: Run ReadHtmlCache Behavior [ RunTime:0.000346s ]
INFO: [ app_begin ] --END-- [ RunTime:0.000434s ]
INFO: [ view_template ] --START--
INFO: Run LocationTemplate Behavior [ RunTime:0.000197s ]
INFO: [ view_template ] --END-- [ RunTime:0.000257s ]
INFO: [ view_parse ] --START--
NOTIC: [8] Undefined index: username /mnt/www/html/lejun/HOME/Runtime/Cache/4b6ecffccfad1021fac2db3beb8a196b.php 第 4 行.
INFO: Run ParseTemplate Behavior [ RunTime:0.005276s ]
INFO: [ view_parse ] --END-- [ RunTime:0.005332s ]
INFO: [ view_filter ] --START--
INFO: Run ContentReplace Behavior [ RunTime:0.000224s ]
INFO: Run TokenBuild Behavior [ RunTime:0.000268s ]
INFO: Run WriteHtmlCache Behavior [ RunTime:0.000164s ]
INFO: Run ShowRuntime Behavior [ RunTime:0.000293s ]
INFO: [ view_filter ] --END-- [ RunTime:0.001106s ]
INFO: [ view_end ] --START--
INFO: Run ShowPageTrace Behavior [ RunTime:0.000398s ]
INFO: [ view_end ] --END-- [ RunTime:0.000451s ]

[ 2014-02-12T15:18:39+08:00 ] 111.177.206.85 /index.php/UserInfo/user_info.html
INFO: [ app_begin ] --START--
INFO: Run ReadHtmlCache Behavior [ RunTime:0.000352s ]
INFO: [ app_begin ] --END-- [ RunTime:0.000411s ]
INFO: [ view_template ] --START--
INFO: Run LocationTemplate Behavior [ RunTime:0.000201s ]
INFO: [ view_template ] --END-- [ RunTime:0.000261s ]
INFO: [ view_parse ] --START--
NOTIC: [8] Undefined index: e-mail_tf /mnt/www/html/lejun/HOME/Runtime/Cache/2db06a70a453497812f918c1254c1dfa.php 第 3 行.
INFO: Run ParseTemplate Behavior [ RunTime:0.005466s ]
INFO: [ view_parse ] --END-- [ RunTime:0.005524s ]
INFO: [ view_filter ] --START--
INFO: Run ContentReplace Behavior [ RunTime:0.000222s ]
INFO: Run TokenBuild Behavior [ RunTime:0.000234s ]
INFO: Run WriteHtmlCache Behavior [ RunTime:0.000142s ]
INFO: Run ShowRuntime Behavior [ RunTime:0.000369s ]
INFO: [ view_filter ] --END-- [ RunTime:0.001122s ]
INFO: [ view_end ] --START--
INFO: Run ShowPageTrace Behavior [ RunTime:0.000415s ]
INFO: [ view_end ] --END-- [ RunTime:0.000468s ]

[ 2014-02-12T15:18:43+08:00 ] 111.177.206.85 /index.php/UserInfo/user_info.html
INFO: [ app_begin ] --START--
INFO: Run ReadHtmlCache Behavior [ RunTime:0.000380s ]
INFO: [ app_begin ] --END-- [ RunTime:0.000440s ]
INFO: [ view_template ] --START--
INFO: Run LocationTemplate Behavior [ RunTime:0.000253s ]
INFO: [ view_template ] --END-- [ RunTime:0.000331s ]
INFO: [ view_parse ] --START--
NOTIC: [8] Undefined index: e-mail_tf /mnt/www/html/lejun/HOME/Runtime/Cache/2db06a70a453497812f918c1254c1dfa.php 第 3 行.
INFO: Run ParseTemplate Behavior [ RunTime:0.005778s ]
INFO: [ view_parse ] --END-- [ RunTime:0.005841s ]
INFO: [ view_filter ] --START--
INFO: Run ContentReplace Behavior [ RunTime:0.000223s ]
INFO: Run TokenBuild Behavior [ RunTime:0.000226s ]
INFO: Run WriteHtmlCache Behavior [ RunTime:0.000136s ]
INFO: Run ShowRuntime Behavior [ RunTime:0.000317s ]
INFO: [ view_filter ] --END-- [ RunTime:0.001053s ]
INFO: [ view_end ] --START--
INFO: Run ShowPageTrace Behavior [ RunTime:0.000399s ]
INFO: [ view_end ] --END-- [ RunTime:0.000451s ]

[ 2014-02-12T15:18:46+08:00 ] 111.177.206.85 /index.php/UserInfo/user_info_ly.html
INFO: [ app_begin ] --START--
INFO: Run ReadHtmlCache Behavior [ RunTime:0.000787s ]
INFO: [ app_begin ] --END-- [ RunTime:0.000855s ]
INFO: [ view_template ] --START--
INFO: Run LocationTemplate Behavior [ RunTime:0.000220s ]
INFO: [ view_template ] --END-- [ RunTime:0.000286s ]
INFO: [ view_parse ] --START--
INFO: Run ParseTemplate Behavior [ RunTime:0.005182s ]
INFO: [ view_parse ] --END-- [ RunTime:0.005262s ]
INFO: [ view_filter ] --START--
INFO: Run ContentReplace Behavior [ RunTime:0.000233s ]
INFO: Run TokenBuild Behavior [ RunTime:0.000240s ]
INFO: Run WriteHtmlCache Behavior [ RunTime:0.000171s ]
INFO: Run ShowRuntime Behavior [ RunTime:0.000312s ]
INFO: [ view_filter ] --END-- [ RunTime:0.001119s ]
INFO: [ view_end ] --START--
INFO: Run ShowPageTrace Behavior [ RunTime:0.000501s ]
INFO: [ view_end ] --END-- [ RunTime:0.000562s ]

[ 2014-02-12T15:18:46+08:00 ] 111.177.206.85 /index.php/UserInfo/user_info_gl.html
INFO: [ app_begin ] --START--
INFO: Run ReadHtmlCache Behavior [ RunTime:0.000600s ]
INFO: [ app_begin ] --END-- [ RunTime:0.000727s ]
INFO: [ view_template ] --START--
INFO: Run LocationTemplate Behavior [ RunTime:0.000251s ]
INFO: [ view_template ] --END-- [ RunTime:0.000321s ]
INFO: [ view_parse ] --START--
INFO: Run ParseTemplate Behavior [ RunTime:0.006166s ]
INFO: [ view_parse ] --END-- [ RunTime:0.006252s ]
INFO: [ view_filter ] --START--
INFO: Run ContentReplace Behavior [ RunTime:0.000321s ]
INFO: Run TokenBuild Behavior [ RunTime:0.000286s ]
INFO: Run WriteHtmlCache Behavior [ RunTime:0.000221s ]
INFO: Run ShowRuntime Behavior [ RunTime:0.000368s ]
INFO: [ view_filter ] --END-- [ RunTime:0.001391s ]
INFO: [ view_end ] --START--
INFO: Run ShowPageTrace Behavior [ RunTime:0.000439s ]
INFO: [ view_end ] --END-- [ RunTime:0.000494s ]

[ 2014-02-12T15:18:47+08:00 ] ERR: (ThinkException) 非法操作:index
[ 2014-02-12T15:18:48+08:00 ] 111.177.206.85 /index.php/UserInfo/user_info_ly.html
INFO: [ app_begin ] --START--
INFO: Run ReadHtmlCache Behavior [ RunTime:0.000357s ]
INFO: [ app_begin ] --END-- [ RunTime:0.000417s ]
INFO: [ view_template ] --START--
INFO: Run LocationTemplate Behavior [ RunTime:0.000196s ]
INFO: [ view_template ] --END-- [ RunTime:0.000260s ]
INFO: [ view_parse ] --START--
INFO: Run ParseTemplate Behavior [ RunTime:0.004408s ]
INFO: [ view_parse ] --END-- [ RunTime:0.004472s ]
INFO: [ view_filter ] --START--
INFO: Run ContentReplace Behavior [ RunTime:0.000216s ]
INFO: Run TokenBuild Behavior [ RunTime:0.000223s ]
INFO: Run WriteHtmlCache Behavior [ RunTime:0.000135s ]
INFO: Run ShowRuntime Behavior [ RunTime:0.000289s ]
INFO: [ view_filter ] --END-- [ RunTime:0.001043s ]
INFO: [ view_end ] --START--
INFO: Run ShowPageTrace Behavior [ RunTime:0.000393s ]
INFO: [ view_end ] --END-- [ RunTime:0.000445s ]

[ 2014-02-12T15:18:49+08:00 ] 111.177.206.85 /index.php/UserInfo/user_info.html
INFO: [ app_begin ] --START--
INFO: Run ReadHtmlCache Behavior [ RunTime:0.000363s ]
INFO: [ app_begin ] --END-- [ RunTime:0.000428s ]
INFO: [ view_template ] --START--
INFO: Run LocationTemplate Behavior [ RunTime:0.000234s ]
INFO: [ view_template ] --END-- [ RunTime:0.000293s ]
INFO: [ view_parse ] --START--
NOTIC: [8] Undefined index: e-mail_tf /mnt/www/html/lejun/HOME/Runtime/Cache/2db06a70a453497812f918c1254c1dfa.php 第 3 行.
INFO: Run ParseTemplate Behavior [ RunTime:0.012044s ]
INFO: [ view_parse ] --END-- [ RunTime:0.012116s ]
INFO: [ view_filter ] --START--
INFO: Run ContentReplace Behavior [ RunTime:0.000333s ]
INFO: Run TokenBuild Behavior [ RunTime:0.000453s ]
INFO: Run WriteHtmlCache Behavior [ RunTime:0.000277s ]
INFO: Run ShowRuntime Behavior [ RunTime:0.000697s ]
INFO: [ view_filter ] --END-- [ RunTime:0.002116s ]
INFO: [ view_end ] --START--
INFO: Run ShowPageTrace Behavior [ RunTime:0.003559s ]
INFO: [ view_end ] --END-- [ RunTime:0.003632s ]

[ 2014-02-12T15:18:50+08:00 ] 111.177.206.85 /index.php/UserInfo/user_info_ly.html
INFO: [ app_begin ] --START--
INFO: Run ReadHtmlCache Behavior [ RunTime:0.000343s ]
INFO: [ app_begin ] --END-- [ RunTime:0.000403s ]
INFO: [ view_template ] --START--
INFO: Run LocationTemplate Behavior [ RunTime:0.000195s ]
INFO: [ view_template ] --END-- [ RunTime:0.000256s ]
INFO: [ view_parse ] --START--
INFO: Run ParseTemplate Behavior [ RunTime:0.004438s ]
INFO: [ view_parse ] --END-- [ RunTime:0.004507s ]
INFO: [ view_filter ] --START--
INFO: Run ContentReplace Behavior [ RunTime:0.000217s ]
INFO: Run TokenBuild Behavior [ RunTime:0.000224s ]
INFO: Run WriteHtmlCache Behavior [ RunTime:0.000137s ]
INFO: Run ShowRuntime Behavior [ RunTime:0.000385s ]
INFO: [ view_filter ] --END-- [ RunTime:0.001147s ]
INFO: [ view_end ] --START--
INFO: Run ShowPageTrace Behavior [ RunTime:0.000488s ]
INFO: [ view_end ] --END-- [ RunTime:0.000544s ]

[ 2014-02-12T15:18:50+08:00 ] 111.177.206.85 /index.php/UserInfo/user_info_gl.html
INFO: [ app_begin ] --START--
INFO: Run ReadHtmlCache Behavior [ RunTime:0.000348s ]
INFO: [ app_begin ] --END-- [ RunTime:0.000407s ]
INFO: [ view_template ] --START--
INFO: Run LocationTemplate Behavior [ RunTime:0.000212s ]
INFO: [ view_template ] --END-- [ RunTime:0.000288s ]
INFO: [ view_parse ] --START--
INFO: Run ParseTemplate Behavior [ RunTime:0.007404s ]
INFO: [ view_parse ] --END-- [ RunTime:0.007473s ]
INFO: [ view_filter ] --START--
INFO: Run ContentReplace Behavior [ RunTime:0.000280s ]
INFO: Run TokenBuild Behavior [ RunTime:0.000252s ]
INFO: Run WriteHtmlCache Behavior [ RunTime:0.000194s ]
INFO: Run ShowRuntime Behavior [ RunTime:0.000351s ]
INFO: [ view_filter ] --END-- [ RunTime:0.001246s ]
INFO: [ view_end ] --START--
INFO: Run ShowPageTrace Behavior [ RunTime:0.000409s ]
INFO: [ view_end ] --END-- [ RunTime:0.000487s ]

[ 2014-02-12T15:18:51+08:00 ] 111.177.206.85 /index.php/UserInfo/user_info_tz.html
INFO: [ app_begin ] --START--
INFO: Run ReadHtmlCache Behavior [ RunTime:0.000367s ]
INFO: [ app_begin ] --END-- [ RunTime:0.000427s ]
INFO: [ view_template ] --START--
INFO: Run LocationTemplate Behavior [ RunTime:0.000201s ]
INFO: [ view_template ] --END-- [ RunTime:0.000273s ]
INFO: [ view_parse ] --START--
INFO: Run ParseTemplate Behavior [ RunTime:0.004548s ]
INFO: [ view_parse ] --END-- [ RunTime:0.004622s ]
INFO: [ view_filter ] --START--
INFO: Run ContentReplace Behavior [ RunTime:0.000215s ]
INFO: Run TokenBuild Behavior [ RunTime:0.000260s ]
INFO: Run WriteHtmlCache Behavior [ RunTime:0.000139s ]
INFO: Run ShowRuntime Behavior [ RunTime:0.000313s ]
INFO: [ view_filter ] --END-- [ RunTime:0.001082s ]
INFO: [ view_end ] --START--
INFO: Run ShowPageTrace Behavior [ RunTime:0.000430s ]
INFO: [ view_end ] --END-- [ RunTime:0.000484s ]

[ 2014-02-12T15:18:51+08:00 ] 111.177.206.85 /index.php/UserInfo/user_info_ly.html
INFO: [ app_begin ] --START--
INFO: Run ReadHtmlCache Behavior [ RunTime:0.000347s ]
INFO: [ app_begin ] --END-- [ RunTime:0.000407s ]
INFO: [ view_template ] --START--
INFO: Run LocationTemplate Behavior [ RunTime:0.000198s ]
INFO: [ view_template ] --END-- [ RunTime:0.000257s ]
INFO: [ view_parse ] --START--
INFO: Run ParseTemplate Behavior [ RunTime:0.008541s ]
INFO: [ view_parse ] --END-- [ RunTime:0.008604s ]
INFO: [ view_filter ] --START--
INFO: Run ContentReplace Behavior [ RunTime:0.000212s ]
INFO: Run TokenBuild Behavior [ RunTime:0.000224s ]
INFO: Run WriteHtmlCache Behavior [ RunTime:0.000173s ]
INFO: Run ShowRuntime Behavior [ RunTime:0.000295s ]
INFO: [ view_filter ] --END-- [ RunTime:0.001085s ]
INFO: [ view_end ] --START--
INFO: Run ShowPageTrace Behavior [ RunTime:0.000401s ]
INFO: [ view_end ] --END-- [ RunTime:0.000453s ]

[ 2014-02-12T15:18:55+08:00 ] 111.177.206.85 /index.php/Zq/zq_game_hot_gl.html
INFO: [ app_begin ] --START--
INFO: Run ReadHtmlCache Behavior [ RunTime:0.000390s ]
INFO: [ app_begin ] --END-- [ RunTime:0.000455s ]
INFO: [ view_template ] --START--
INFO: Run LocationTemplate Behavior [ RunTime:0.000201s ]
INFO: [ view_template ] --END-- [ RunTime:0.000263s ]
INFO: [ view_parse ] --START--
INFO: Run ParseTemplate Behavior [ RunTime:0.004662s ]
INFO: [ view_parse ] --END-- [ RunTime:0.004728s ]
INFO: [ view_filter ] --START--
INFO: Run ContentReplace Behavior [ RunTime:0.000221s ]
INFO: Run TokenBuild Behavior [ RunTime:0.000226s ]
INFO: Run WriteHtmlCache Behavior [ RunTime:0.000171s ]
INFO: Run ShowRuntime Behavior [ RunTime:0.000298s ]
INFO: [ view_filter ] --END-- [ RunTime:0.001081s ]
INFO: [ view_end ] --START--
INFO: Run ShowPageTrace Behavior [ RunTime:0.000454s ]
INFO: [ view_end ] --END-- [ RunTime:0.000513s ]

[ 2014-02-12T15:18:56+08:00 ] ERR: (ThinkException) 非法操作:dist
[ 2014-02-12T15:18:56+08:00 ] ERR: (ThinkException) 非法操作:dist
[ 2014-02-12T15:18:57+08:00 ] ERR: (ThinkException) 非法操作:dist
[ 2014-02-12T15:19:03+08:00 ] ERR: (ThinkException) 无法加载模块:phpinfo
[ 2014-02-12T15:19:03+08:00 ] ERR: (ThinkException) 非法操作:phpinfo
[ 2014-02-12T15:19:03+08:00 ] ERR: (ThinkException) 无法加载模块:iprober
[ 2014-02-12T15:19:03+08:00 ] ERR: (ThinkException) 非法操作:iprober
[ 2014-02-12T15:19:03+08:00 ] ERR: (ThinkException) 非法操作:phpinfo
[ 2014-02-12T15:19:03+08:00 ] ERR: (ThinkException) 非法操作:phpinfo
[ 2014-02-12T15:19:03+08:00 ] ERR: (ThinkException) 非法操作:iprober
[ 2014-02-12T15:19:03+08:00 ] ERR: (ThinkException) 非法操作:phpinfo
[ 2014-02-12T15:19:03+08:00 ] ERR: (ThinkException) 非法操作:phpinfo
[ 2014-02-12T15:19:03+08:00 ] ERR: (ThinkException) 非法操作:phpinfo
[ 2014-02-12T15:19:03+08:00 ] ERR: (ThinkException) 非法操作:phpinfo
[ 2014-02-12T15:19:03+08:00 ] ERR: (ThinkException) 无法加载模块:index1
[ 2014-02-12T15:19:03+08:00 ] ERR: (ThinkException) 非法操作:tz
[ 2014-02-12T15:19:03+08:00 ] ERR: (ThinkException) 非法操作:tz
[ 2014-02-12T15:19:03+08:00 ] ERR: (ThinkException) 非法操作:tz
[ 2014-02-12T15:19:03+08:00 ] ERR: (ThinkException) 非法操作:tz
[ 2014-02-12T15:19:03+08:00 ] ERR: (ThinkException) 无法加载模块:tz
[ 2014-02-12T15:19:03+08:00 ] ERR: (ThinkException) 非法操作:index1
[ 2014-02-12T15:19:03+08:00 ] ERR: (ThinkException) 非法操作:index1
[ 2014-02-12T15:19:03+08:00 ] ERR: (ThinkException) 非法操作:tz
[ 2014-02-12T15:19:03+08:00 ] ERR: (ThinkException) 非法操作:tz
[ 2014-02-12T15:19:03+08:00 ] ERR: (ThinkException) 非法操作:tz
[ 2014-02-12T15:19:04+08:00 ] ERR: (ThinkException) 非法操作:i
[ 2014-02-12T15:19:04+08:00 ] ERR: (ThinkException) 非法操作:phpcheck
[ 2014-02-12T15:19:04+08:00 ] ERR: (ThinkException) 无法加载模块:i
[ 2014-02-12T15:19:04+08:00 ] ERR: (ThinkException) 无法加载模块:phpcheck
[ 2014-02-12T15:19:04+08:00 ] ERR: (ThinkException) 非法操作:i
[ 2014-02-12T15:19:04+08:00 ] ERR: (ThinkException) 非法操作:i
[ 2014-02-12T15:19:04+08:00 ] ERR: (ThinkException) 非法操作:i
[ 2014-02-12T15:19:04+08:00 ] ERR: (ThinkException) 非法操作:i
[ 2014-02-12T15:19:04+08:00 ] ERR: (ThinkException) 非法操作:phpcheck
[ 2014-02-12T15:19:04+08:00 ] ERR: (ThinkException) 非法操作:i
[ 2014-02-12T15:19:04+08:00 ] ERR: (ThinkException) 非法操作:i
[ 2014-02-12T15:19:04+08:00 ] ERR: (ThinkException) 非法操作:iprober
[ 2014-02-12T15:19:04+08:00 ] ERR: (ThinkException) 无法加载模块:iprober
[ 2014-02-12T15:19:04+08:00 ] ERR: (ThinkException) 非法操作:i
[ 2014-02-12T15:19:04+08:00 ] ERR: (ThinkException) 无法加载模块:i
[ 2014-02-12T15:19:04+08:00 ] ERR: (ThinkException) 非法操作:iprober
[ 2014-02-12T15:19:04+08:00 ] ERR: (ThinkException) 非法操作:iprober
[ 2014-02-12T15:19:04+08:00 ] ERR: (ThinkException) 非法操作:iprober
[ 2014-02-12T15:19:04+08:00 ] ERR: (ThinkException) 非法操作:i
[ 2014-02-12T15:19:04+08:00 ] ERR: (ThinkException) 非法操作:iprober
[ 2014-02-12T15:19:04+08:00 ] ERR: (ThinkException) 非法操作:iprober
[ 2014-02-12T15:19:04+08:00 ] ERR: (ThinkException) 非法操作:iprober
[ 2014-02-12T15:19:04+08:00 ] ERR: (ThinkException) 非法操作:p
[ 2014-02-12T15:19:04+08:00 ] ERR: (ThinkException) 非法操作:p
[ 2014-02-12T15:19:04+08:00 ] ERR: (ThinkException) 无法加载模块:p
[ 2014-02-12T15:19:04+08:00 ] ERR: (ThinkException) 无法加载模块:p
[ 2014-02-12T15:19:04+08:00 ] ERR: (ThinkException) 非法操作:p
[ 2014-02-12T15:19:04+08:00 ] ERR: (ThinkException) 非法操作:p
[ 2014-02-12T15:19:04+08:00 ] ERR: (ThinkException) 非法操作:p
[ 2014-02-12T15:19:04+08:00 ] ERR: (ThinkException) 非法操作:p
[ 2014-02-12T15:19:04+08:00 ] ERR: (ThinkException) 非法操作:p
[ 2014-02-12T15:19:04+08:00 ] ERR: (ThinkException) 非法操作:p
[ 2014-02-12T15:19:04+08:00 ] ERR: (ThinkException) 非法操作:p
[ 2014-02-12T15:19:05+08:00 ] ERR: (ThinkException) 非法操作:iprober
[ 2014-02-12T15:19:05+08:00 ] ERR: (ThinkException) 非法操作:tz
[ 2014-02-12T15:19:05+08:00 ] ERR: (ThinkException) 无法加载模块:php
[ 2014-02-12T15:19:05+08:00 ] ERR: (ThinkException) 非法操作:iprober
[ 2014-02-12T15:19:05+08:00 ] ERR: (ThinkException) 非法操作:php
[ 2014-02-12T15:19:05+08:00 ] ERR: (ThinkException) 无法加载模块:tz
[ 2014-02-12T15:19:05+08:00 ] ERR: (ThinkException) 非法操作:php
[ 2014-02-12T15:19:05+08:00 ] ERR: (ThinkException) 非法操作:php
[ 2014-02-12T15:19:05+08:00 ] ERR: (ThinkException) 非法操作:tz
[ 2014-02-12T15:19:05+08:00 ] ERR: (ThinkException) 非法操作:php
[ 2014-02-12T15:19:05+08:00 ] ERR: (ThinkException) 非法操作:php
[ 2014-02-12T15:19:05+08:00 ] ERR: (ThinkException) 非法操作:php
[ 2014-02-12T15:19:05+08:00 ] ERR: (ThinkException) 非法操作:php
[ 2014-02-12T15:19:05+08:00 ] ERR: (ThinkException) 非法操作:iprober
[ 2014-02-12T15:19:05+08:00 ] ERR: (ThinkException) 非法操作:index1
[ 2014-02-12T15:19:05+08:00 ] ERR: (ThinkException) 非法操作:iprober
[ 2014-02-12T15:19:05+08:00 ] ERR: (ThinkException) 无法加载模块:phpcheck
[ 2014-02-12T15:19:05+08:00 ] ERR: (ThinkException) 非法操作:phpcheck
[ 2014-02-12T15:19:05+08:00 ] ERR: (ThinkException) 非法操作:tz
[ 2014-02-12T15:19:05+08:00 ] ERR: (ThinkException) 非法操作:index1
[ 2014-02-12T15:19:05+08:00 ] ERR: (ThinkException) 无法加载模块:tz
[ 2014-02-12T15:19:05+08:00 ] ERR: (ThinkException) 非法操作:phpcheck
[ 2014-02-12T15:19:05+08:00 ] ERR: (ThinkException) 非法操作:iprober
[ 2014-02-12T15:19:05+08:00 ] ERR: (ThinkException) 非法操作:phpcheck
[ 2014-02-12T15:19:05+08:00 ] ERR: (ThinkException) 非法操作:phpcheck
[ 2014-02-12T15:19:06+08:00 ] ERR: (ThinkException) 非法操作:phpcheck
[ 2014-02-12T15:19:06+08:00 ] ERR: (ThinkException) 非法操作:phpcheck
[ 2014-02-12T15:19:06+08:00 ] ERR: (ThinkException) 非法操作:phpcheck
[ 2014-02-12T15:19:06+08:00 ] ERR: (ThinkException) 非法操作:tz
[ 2014-02-12T15:19:06+08:00 ] ERR: (ThinkException) 无法加载模块:wwwroot
[ 2014-02-12T15:19:06+08:00 ] ERR: (ThinkException) 非法操作:phpcheck
[ 2014-02-12T15:19:06+08:00 ] ERR: (ThinkException) 非法操作:index1
[ 2014-02-12T15:19:06+08:00 ] ERR: (ThinkException) 无法加载模块:test
[ 2014-02-12T15:19:06+08:00 ] ERR: (ThinkException) 非法操作:aspcheck
[ 2014-02-12T15:19:06+08:00 ] ERR: (ThinkException) 非法操作:test
[ 2014-02-12T15:19:06+08:00 ] ERR: (ThinkException) 非法操作:index1
[ 2014-02-12T15:19:06+08:00 ] ERR: (ThinkException) 非法操作:phpcheck
[ 2014-02-12T15:19:06+08:00 ] ERR: (ThinkException) 无法加载模块:aspcheck
[ 2014-02-12T15:19:06+08:00 ] ERR: (ThinkException) 非法操作:test
[ 2014-02-12T15:19:06+08:00 ] ERR: (ThinkException) 非法操作:test
[ 2014-02-12T15:19:06+08:00 ] ERR: (ThinkException) 非法操作:index1
[ 2014-02-12T15:19:06+08:00 ] ERR: (ThinkException) 非法操作:test
[ 2014-02-12T15:19:06+08:00 ] ERR: (ThinkException) 非法操作:test
[ 2014-02-12T15:19:06+08:00 ] ERR: (ThinkException) 无法加载模块:htdocs
[ 2014-02-12T15:19:06+08:00 ] ERR: (ThinkException) 非法操作:test
[ 2014-02-12T15:19:06+08:00 ] ERR: (ThinkException) 非法操作:aspcheck
[ 2014-02-12T15:19:06+08:00 ] ERR: (ThinkException) 非法操作:test
[ 2014-02-12T15:19:06+08:00 ] ERR: (ThinkException) 非法操作:phpcheck
[ 2014-02-12T15:19:06+08:00 ] ERR: (ThinkException) 非法操作:i
[ 2014-02-12T15:19:06+08:00 ] ERR: (ThinkException) 无法加载模块:1
[ 2014-02-12T15:19:06+08:00 ] ERR: (ThinkException) 非法操作:1
[ 2014-02-12T15:19:06+08:00 ] ERR: (ThinkException) 非法操作:phpcheck
[ 2014-02-12T15:19:06+08:00 ] ERR: (ThinkException) 非法操作:DotNetInfo
[ 2014-02-12T15:19:06+08:00 ] ERR: (ThinkException) 无法加载模块:DotNetInfo
[ 2014-02-12T15:19:06+08:00 ] ERR: (ThinkException) 非法操作:i
[ 2014-02-12T15:19:06+08:00 ] ERR: (ThinkException) 非法操作:1
[ 2014-02-12T15:19:06+08:00 ] ERR: (ThinkException) 非法操作:1
[ 2014-02-12T15:19:06+08:00 ] ERR: (ThinkException) 非法操作:phpcheck
[ 2014-02-12T15:19:06+08:00 ] ERR: (ThinkException) 非法操作:1
[ 2014-02-12T15:19:06+08:00 ] ERR: (ThinkException) 无法加载模块:backup
[ 2014-02-12T15:19:06+08:00 ] ERR: (ThinkException) 非法操作:1
[ 2014-02-12T15:19:06+08:00 ] ERR: (ThinkException) 非法操作:1
[ 2014-02-12T15:19:06+08:00 ] ERR: (ThinkException) 非法操作:index
[ 2014-02-12T15:19:06+08:00 ] ERR: (ThinkException) 非法操作:i
[ 2014-02-12T15:19:06+08:00 ] ERR: (ThinkException) 非法操作:1
[ 2014-02-12T15:19:06+08:00 ] ERR: (ThinkException) 非法操作:DotNetInfo
[ 2014-02-12T15:19:06+08:00 ] ERR: (ThinkException) 非法操作:p
[ 2014-02-12T15:19:06+08:00 ] ERR: (ThinkException) 无法加载模块:index
[ 2014-02-12T15:19:06+08:00 ] ERR: (ThinkException) 非法操作:i
[ 2014-02-12T15:19:06+08:00 ] ERR: (ThinkException) 非法操作:jspcheck
[ 2014-02-12T15:19:07+08:00 ] ERR: (ThinkException) 非法操作:i
[ 2014-02-12T15:19:07+08:00 ] ERR: (ThinkException) 非法操作:p
[ 2014-02-12T15:19:07+08:00 ] ERR: (ThinkException) 无法加载模块:jspcheck
[ 2014-02-12T15:19:07+08:00 ] ERR: (ThinkException) 非法操作:index
[ 2014-02-12T15:19:07+08:00 ] ERR: (ThinkException) 非法操作:index
[ 2014-02-12T15:19:07+08:00 ] ERR: (ThinkException) 非法操作:index
[ 2014-02-12T15:19:07+08:00 ] ERR: (ThinkException) 非法操作:index
[ 2014-02-12T15:19:07+08:00 ] ERR: (ThinkException) 无法加载模块:backup.tar
[ 2014-02-12T15:19:07+08:00 ] ERR: (ThinkException) 非法操作:tz
[ 2014-02-12T15:19:07+08:00 ] ERR: (ThinkException) 无法加载模块:index1
[ 2014-02-12T15:19:07+08:00 ] ERR: (ThinkException) 非法操作:jspcheck
[ 2014-02-12T15:19:07+08:00 ] ERR: (ThinkException) 非法操作:index
[ 2014-02-12T15:19:07+08:00 ] ERR: (ThinkException) 非法操作:p
[ 2014-02-12T15:19:07+08:00 ] ERR: (ThinkException) 非法操作:index
[ 2014-02-12T15:19:07+08:00 ] ERR: (ThinkException) 非法操作:index1
[ 2014-02-12T15:19:07+08:00 ] ERR: (ThinkException) 非法操作:tz
[ 2014-02-12T15:19:07+08:00 ] ERR: (ThinkException) 非法操作:p
[ 2014-02-12T15:19:07+08:00 ] ERR: (ThinkException) 非法操作:p
[ 2014-02-12T15:19:07+08:00 ] ERR: (ThinkException) 非法操作:tz
[ 2014-02-12T15:19:07+08:00 ] ERR: (ThinkException) 非法操作:index1
[ 2014-02-12T15:19:07+08:00 ] ERR: (ThinkException) 无法加载模块:tz
[ 2014-02-12T15:19:07+08:00 ] ERR: (ThinkException) 非法操作:index1
[ 2014-02-12T15:19:07+08:00 ] ERR: (ThinkException) 非法操作:index1
[ 2014-02-12T15:19:07+08:00 ] ERR: (ThinkException) 无法加载模块:htdocs.tar
[ 2014-02-12T15:19:07+08:00 ] ERR: (ThinkException) 非法操作:index1
[ 2014-02-12T15:19:07+08:00 ] ERR: (ThinkException) 非法操作:tz
[ 2014-02-12T15:19:07+08:00 ] ERR: (ThinkException) 非法操作:index1
[ 2014-02-12T15:19:07+08:00 ] ERR: (ThinkException) 无法加载模块:t
[ 2014-02-12T15:19:07+08:00 ] ERR: (ThinkException) 非法操作:t
[ 2014-02-12T15:19:07+08:00 ] ERR: (ThinkException) 非法操作:index1
[ 2014-02-12T15:19:07+08:00 ] ERR: (ThinkException) 非法操作:tz
[ 2014-02-12T15:19:07+08:00 ] ERR: (ThinkException) 非法操作:tz
[ 2014-02-12T15:19:07+08:00 ] ERR: (ThinkException) 非法操作:tz
[ 2014-02-12T15:19:07+08:00 ] ERR: (ThinkException) 非法操作:tz
[ 2014-02-12T15:19:07+08:00 ] ERR: (ThinkException) 非法操作:tz
[ 2014-02-12T15:19:07+08:00 ] ERR: (ThinkException) 非法操作:t
[ 2014-02-12T15:19:07+08:00 ] ERR: (ThinkException) 非法操作:t
[ 2014-02-12T15:19:07+08:00 ] ERR: (ThinkException) 非法操作:wwwroot
[ 2014-02-12T15:19:07+08:00 ] ERR: (ThinkException) 非法操作:t
[ 2014-02-12T15:19:07+08:00 ] ERR: (ThinkException) 非法操作:t
[ 2014-02-12T15:19:07+08:00 ] ERR: (ThinkException) 无法加载模块:config
[ 2014-02-12T15:19:08+08:00 ] ERR: (ThinkException) 非法操作:t
[ 2014-02-12T15:19:08+08:00 ] ERR: (ThinkException) 非法操作:wwwroot
[ 2014-02-12T15:19:08+08:00 ] ERR: (ThinkException) 非法操作:t
[ 2014-02-12T15:19:08+08:00 ] ERR: (ThinkException) 非法操作:wwwroot
[ 2014-02-12T15:19:08+08:00 ] ERR: (ThinkException) 非法操作:wwwroot
[ 2014-02-12T15:19:08+08:00 ] ERR: (ThinkException) 非法操作:aspcheck
[ 2014-02-12T15:19:08+08:00 ] ERR: (ThinkException) 非法操作:tz
[ 2014-02-12T15:19:08+08:00 ] ERR: (ThinkException) 非法操作:tz
[ 2014-02-12T15:19:08+08:00 ] ERR: (ThinkException) 非法操作:tz
[ 2014-02-12T15:19:08+08:00 ] ERR: (ThinkException) 非法操作:aspcheck
[ 2014-02-12T15:19:08+08:00 ] ERR: (ThinkException) 非法操作:wwwroot
[ 2014-02-12T15:19:08+08:00 ] ERR: (ThinkException) 非法操作:htdocs
[ 2014-02-12T15:19:08+08:00 ] ERR: (ThinkException) 非法操作:wwwroot
[ 2014-02-12T15:19:08+08:00 ] ERR: (ThinkException) 非法操作:wwwroot
[ 2014-02-12T15:19:08+08:00 ] ERR: (ThinkException) 无法加载模块:phpMyAdmin
[ 2014-02-12T15:19:08+08:00 ] ERR: (ThinkException) 非法操作:htdocs
[ 2014-02-12T15:19:08+08:00 ] ERR: (ThinkException) 非法操作:htdocs
[ 2014-02-12T15:19:08+08:00 ] ERR: (ThinkException) 非法操作:aspcheck
[ 2014-02-12T15:19:08+08:00 ] ERR: (ThinkException) 非法操作:htdocs
[ 2014-02-12T15:19:08+08:00 ] ERR: (ThinkException) 非法操作:DotNetInfo
[ 2014-02-12T15:19:08+08:00 ] ERR: (ThinkException) 非法操作:aspcheck
[ 2014-02-12T15:19:08+08:00 ] ERR: (ThinkException) 非法操作:aspcheck
[ 2014-02-12T15:19:08+08:00 ] ERR: (ThinkException) 非法操作:DotNetInfo
[ 2014-02-12T15:19:08+08:00 ] ERR: (ThinkException) 非法操作:backup
[ 2014-02-12T15:19:08+08:00 ] ERR: (ThinkException) 非法操作:htdocs
[ 2014-02-12T15:19:08+08:00 ] ERR: (ThinkException) 非法操作:htdocs
[ 2014-02-12T15:19:08+08:00 ] ERR: (ThinkException) 非法操作:htdocs
[ 2014-02-12T15:19:08+08:00 ] ERR: (ThinkException) 无法加载模块:phpmyadmin
[ 2014-02-12T15:19:08+08:00 ] ERR: (ThinkException) 非法操作:backup
[ 2014-02-12T15:19:08+08:00 ] ERR: (ThinkException) 非法操作:backup
[ 2014-02-12T15:19:08+08:00 ] ERR: (ThinkException) 非法操作:DotNetInfo
[ 2014-02-12T15:19:08+08:00 ] ERR: (ThinkException) 非法操作:backup
[ 2014-02-12T15:19:09+08:00 ] ERR: (ThinkException) 非法操作:jspcheck
[ 2014-02-12T15:19:09+08:00 ] ERR: (ThinkException) 非法操作:DotNetInfo
[ 2014-02-12T15:19:09+08:00 ] ERR: (ThinkException) 非法操作:jspcheck
[ 2014-02-12T15:19:09+08:00 ] ERR: (ThinkException) 非法操作:DotNetInfo
[ 2014-02-12T15:19:09+08:00 ] ERR: (ThinkException) 非法操作:backup.tar
[ 2014-02-12T15:19:09+08:00 ] ERR: (ThinkException) 非法操作:backup
[ 2014-02-12T15:19:09+08:00 ] ERR: (ThinkException) 非法操作:backup
[ 2014-02-12T15:19:09+08:00 ] ERR: (ThinkException) 非法操作:backup
[ 2014-02-12T15:19:09+08:00 ] ERR: (ThinkException) 非法操作:backup.tar
[ 2014-02-12T15:19:09+08:00 ] ERR: (ThinkException) 非法操作:backup.tar
[ 2014-02-12T15:19:09+08:00 ] ERR: (ThinkException) 非法操作:backup.tar
[ 2014-02-12T15:19:09+08:00 ] ERR: (ThinkException) 非法操作:jspcheck
[ 2014-02-12T15:19:09+08:00 ] ERR: (ThinkException) 非法操作:tz
[ 2014-02-12T15:19:09+08:00 ] ERR: (ThinkException) 非法操作:jspcheck
[ 2014-02-12T15:19:09+08:00 ] ERR: (ThinkException) 非法操作:tz
[ 2014-02-12T15:19:09+08:00 ] ERR: (ThinkException) 非法操作:jspcheck
[ 2014-02-12T15:19:09+08:00 ] ERR: (ThinkException) 非法操作:htdocs.tar
[ 2014-02-12T15:19:09+08:00 ] ERR: (ThinkException) 非法操作:backup.tar
[ 2014-02-12T15:19:09+08:00 ] ERR: (ThinkException) 非法操作:backup.tar
[ 2014-02-12T15:19:09+08:00 ] ERR: (ThinkException) 非法操作:backup.tar
[ 2014-02-12T15:19:10+08:00 ] ERR: (ThinkException) 非法操作:phpMyAdmin
[ 2014-02-12T15:19:10+08:00 ] ERR: (ThinkException) 非法操作:htdocs.tar
[ 2014-02-12T15:19:10+08:00 ] ERR: (ThinkException) 非法操作:htdocs.tar
[ 2014-02-12T15:19:10+08:00 ] ERR: (ThinkException) 非法操作:phpMyAdmin
[ 2014-02-12T15:19:10+08:00 ] ERR: (ThinkException) 非法操作:htdocs.tar
[ 2014-02-12T15:19:10+08:00 ] ERR: (ThinkException) 非法操作:tz
[ 2014-02-12T15:19:10+08:00 ] ERR: (ThinkException) 非法操作:tz
[ 2014-02-12T15:19:10+08:00 ] ERR: (ThinkException) 非法操作:config
[ 2014-02-12T15:19:10+08:00 ] ERR: (ThinkException) 非法操作:htdocs.tar
[ 2014-02-12T15:19:10+08:00 ] ERR: (ThinkException) 非法操作:tz
[ 2014-02-12T15:19:10+08:00 ] ERR: (ThinkException) 非法操作:phpMyAdmin
[ 2014-02-12T15:19:11+08:00 ] ERR: (ThinkException) 非法操作:htdocs.tar
[ 2014-02-12T15:19:11+08:00 ] 111.177.206.85 /index.php/Zq/zq_game_hot_gl.html
INFO: [ app_begin ] --START--
INFO: Run ReadHtmlCache Behavior [ RunTime:0.000354s ]
INFO: [ app_begin ] --END-- [ RunTime:0.000418s ]
INFO: [ view_template ] --START--
INFO: Run LocationTemplate Behavior [ RunTime:0.000201s ]
INFO: [ view_template ] --END-- [ RunTime:0.000264s ]
INFO: [ view_parse ] --START--
INFO: Run ParseTemplate Behavior [ RunTime:0.006859s ]
INFO: [ view_parse ] --END-- [ RunTime:0.006922s ]
INFO: [ view_filter ] --START--
INFO: Run ContentReplace Behavior [ RunTime:0.000222s ]
INFO: Run TokenBuild Behavior [ RunTime:0.000232s ]
INFO: Run WriteHtmlCache Behavior [ RunTime:0.000138s ]
INFO: Run ShowRuntime Behavior [ RunTime:0.000287s ]
INFO: [ view_filter ] --END-- [ RunTime:0.001063s ]
INFO: [ view_end ] --START--
INFO: Run ShowPageTrace Behavior [ RunTime:0.000428s ]
INFO: [ view_end ] --END-- [ RunTime:0.000482s ]

[ 2014-02-12T15:19:11+08:00 ] ERR: (ThinkException) 非法操作:htdocs.tar
[ 2014-02-12T15:19:11+08:00 ] ERR: (ThinkException) 非法操作:phpmyadmin
[ 2014-02-12T15:19:11+08:00 ] ERR: (ThinkException) 非法操作:config
[ 2014-02-12T15:19:11+08:00 ] ERR: (ThinkException) 非法操作:phpmyadmin
[ 2014-02-12T15:19:11+08:00 ] ERR: (ThinkException) 非法操作:config
[ 2014-02-12T15:19:11+08:00 ] ERR: (ThinkException) 无法加载模块:phpadmin
[ 2014-02-12T15:19:11+08:00 ] ERR: (ThinkException) 非法操作:config
[ 2014-02-12T15:19:11+08:00 ] ERR: (ThinkException) 非法操作:phpMyAdmin
[ 2014-02-12T15:19:11+08:00 ] ERR: (ThinkException) 非法操作:phpMyAdmin
[ 2014-02-12T15:19:11+08:00 ] ERR: (ThinkException) 非法操作:phpMyAdmin
[ 2014-02-12T15:19:11+08:00 ] ERR: (ThinkException) 非法操作:config
[ 2014-02-12T15:19:11+08:00 ] ERR: (ThinkException) 非法操作:phpMyAdmin
[ 2014-02-12T15:19:11+08:00 ] ERR: (ThinkException) 非法操作:phpmyadmin
[ 2014-02-12T15:19:11+08:00 ] ERR: (ThinkException) 非法操作:config
[ 2014-02-12T15:19:11+08:00 ] ERR: (ThinkException) 非法操作:config
[ 2014-02-12T15:19:12+08:00 ] ERR: (ThinkException) 无法加载模块:.svn
[ 2014-02-12T15:19:12+08:00 ] ERR: (ThinkException) 无法加载模块:myadmin
[ 2014-02-12T15:19:12+08:00 ] ERR: (ThinkException) 非法操作:phpmyadmin
[ 2014-02-12T15:19:12+08:00 ] ERR: (ThinkException) 非法操作:phpmyadmin
[ 2014-02-12T15:19:12+08:00 ] ERR: (ThinkException) 非法操作:phpmyadmin
[ 2014-02-12T15:19:12+08:00 ] ERR: (ThinkException) 非法操作:.svn
[ 2014-02-12T15:19:12+08:00 ] ERR: (ThinkException) 非法操作:phpmyadmin
[ 2014-02-12T15:19:12+08:00 ] ERR: (ThinkException) 非法操作:.svn
[ 2014-02-12T15:19:13+08:00 ] ERR: (ThinkException) 无法加载模块:sqladmin3
[ 2014-02-12T15:19:13+08:00 ] ERR: (ThinkException) 无法加载模块:CVS
[ 2014-02-12T15:19:13+08:00 ] ERR: (ThinkException) 非法操作:CVS
[ 2014-02-12T15:19:13+08:00 ] ERR: (ThinkException) 非法操作:CVS
[ 2014-02-12T15:19:14+08:00 ] ERR: (ThinkException) 无法加载模块:.git
[ 2014-02-12T15:19:14+08:00 ] ERR: (ThinkException) 无法加载模块:php
[ 2014-02-12T15:19:14+08:00 ] ERR: (ThinkException) 非法操作:.git
[ 2014-02-12T15:19:14+08:00 ] ERR: (ThinkException) 非法操作:phpadmin
[ 2014-02-12T15:19:14+08:00 ] ERR: (ThinkException) 非法操作:.git
[ 2014-02-12T15:19:15+08:00 ] ERR: (ThinkException) 非法操作:phpadmin
[ 2014-02-12T15:19:15+08:00 ] ERR: (ThinkException) 非法操作:phpadmin
[ 2014-02-12T15:19:15+08:00 ] ERR: (ThinkException) 非法操作:.svn
[ 2014-02-12T15:19:16+08:00 ] ERR: (ThinkException) 非法操作:.svn
[ 2014-02-12T15:19:16+08:00 ] ERR: (ThinkException) 非法操作:phpadmin
[ 2014-02-12T15:19:16+08:00 ] ERR: (ThinkException) 非法操作:phpadmin
[ 2014-02-12T15:19:16+08:00 ] ERR: (ThinkException) 无法加载模块:.hg
[ 2014-02-12T15:19:16+08:00 ] ERR: (ThinkException) 非法操作:.svn
[ 2014-02-12T15:19:16+08:00 ] ERR: (ThinkException) 非法操作:phpadmin
[ 2014-02-12T15:19:16+08:00 ] ERR: (ThinkException) 非法操作:.svn
[ 2014-02-12T15:19:16+08:00 ] ERR: (ThinkException) 无法加载模块:pma
[ 2014-02-12T15:19:16+08:00 ] ERR: (ThinkException) 非法操作:phpadmin
[ 2014-02-12T15:19:16+08:00 ] ERR: (ThinkException) 非法操作:myadmin
[ 2014-02-12T15:19:16+08:00 ] ERR: (ThinkException) 非法操作:.hg
[ 2014-02-12T15:19:16+08:00 ] ERR: (ThinkException) 非法操作:myadmin
[ 2014-02-12T15:19:16+08:00 ] ERR: (ThinkException) 非法操作:.hg
[ 2014-02-12T15:19:16+08:00 ] ERR: (ThinkException) 非法操作:CVS
[ 2014-02-12T15:19:16+08:00 ] ERR: (ThinkException) 非法操作:.svn
[ 2014-02-12T15:19:16+08:00 ] ERR: (ThinkException) 非法操作:myadmin
[ 2014-02-12T15:19:16+08:00 ] ERR: (ThinkException) 非法操作:CVS
[ 2014-02-12T15:19:16+08:00 ] ERR: (ThinkException) 无法加载模块:examples
[ 2014-02-12T15:19:16+08:00 ] ERR: (ThinkException) 非法操作:CVS
[ 2014-02-12T15:19:16+08:00 ] ERR: (ThinkException) 非法操作:myadmin
[ 2014-02-12T15:19:16+08:00 ] ERR: (ThinkException) 非法操作:examples
[ 2014-02-12T15:19:16+08:00 ] ERR: (ThinkException) 非法操作:myadmin
[ 2014-02-12T15:19:16+08:00 ] ERR: (ThinkException) 非法操作:examples
[ 2014-02-12T15:19:16+08:00 ] ERR: (ThinkException) 非法操作:sqladmin3
[ 2014-02-12T15:19:16+08:00 ] ERR: (ThinkException) 非法操作:examples
[ 2014-02-12T15:19:16+08:00 ] ERR: (ThinkException) 非法操作:sqladmin3
[ 2014-02-12T15:19:16+08:00 ] ERR: (ThinkException) 非法操作:myadmin
[ 2014-02-12T15:19:16+08:00 ] ERR: (ThinkException) 非法操作:.git
[ 2014-02-12T15:19:16+08:00 ] ERR: (ThinkException) 非法操作:CVS
[ 2014-02-12T15:19:16+08:00 ] ERR: (ThinkException) 非法操作:myadmin
[ 2014-02-12T15:19:16+08:00 ] ERR: (ThinkException) 非法操作:CVS
[ 2014-02-12T15:19:16+08:00 ] ERR: (ThinkException) 非法操作:sqladmin3
[ 2014-02-12T15:19:16+08:00 ] ERR: (ThinkException) 非法操作:.git
[ 2014-02-12T15:19:16+08:00 ] ERR: (ThinkException) 非法操作:examples
[ 2014-02-12T15:19:16+08:00 ] ERR: (ThinkException) 非法操作:examples
[ 2014-02-12T15:19:16+08:00 ] ERR: (ThinkException) 非法操作:examples
[ 2014-02-12T15:19:16+08:00 ] ERR: (ThinkException) 非法操作:sqladmin3
[ 2014-02-12T15:19:16+08:00 ] ERR: (ThinkException) 非法操作:sqladmin3
[ 2014-02-12T15:19:16+08:00 ] ERR: (ThinkException) 非法操作:examples
[ 2014-02-12T15:19:16+08:00 ] ERR: (ThinkException) 非法操作:.git
[ 2014-02-12T15:19:17+08:00 ] ERR: (ThinkException) 非法操作:.hg
[ 2014-02-12T15:19:17+08:00 ] ERR: (ThinkException) 无法加载模块:usage
[ 2014-02-12T15:19:17+08:00 ] ERR: (ThinkException) 非法操作:sqladmin3
[ 2014-02-12T15:19:17+08:00 ] ERR: (ThinkException) 非法操作:php
[ 2014-02-12T15:19:17+08:00 ] ERR: (ThinkException) 非法操作:.git
[ 2014-02-12T15:19:17+08:00 ] ERR: (ThinkException) 非法操作:php
[ 2014-02-12T15:19:17+08:00 ] ERR: (ThinkException) 非法操作:usage
[ 2014-02-12T15:19:17+08:00 ] ERR: (ThinkException) 非法操作:.hg
[ 2014-02-12T15:19:17+08:00 ] ERR: (ThinkException) 非法操作:php
[ 2014-02-12T15:19:17+08:00 ] ERR: (ThinkException) 非法操作:usage
[ 2014-02-12T15:19:17+08:00 ] ERR: (ThinkException) 非法操作:sqladmin3
[ 2014-02-12T15:19:17+08:00 ] ERR: (ThinkException) 非法操作:.git
[ 2014-02-12T15:19:17+08:00 ] ERR: (ThinkException) 非法操作:php
[ 2014-02-12T15:19:17+08:00 ] ERR: (ThinkException) 非法操作:usage
[ 2014-02-12T15:19:17+08:00 ] ERR: (ThinkException) 非法操作:php
[ 2014-02-12T15:19:17+08:00 ] ERR: (ThinkException) 非法操作:.hg
[ 2014-02-12T15:19:17+08:00 ] ERR: (ThinkException) 非法操作:.hg
[ 2014-02-12T15:19:17+08:00 ] ERR: (ThinkException) 无法加载模块:counter
[ 2014-02-12T15:19:17+08:00 ] ERR: (ThinkException) 非法操作:php
[ 2014-02-12T15:19:17+08:00 ] ERR: (ThinkException) 非法操作:usage
[ 2014-02-12T15:19:17+08:00 ] ERR: (ThinkException) 非法操作:pma
[ 2014-02-12T15:19:17+08:00 ] ERR: (ThinkException) 非法操作:pma
[ 2014-02-12T15:19:17+08:00 ] ERR: (ThinkException) 非法操作:counter
[ 2014-02-12T15:19:17+08:00 ] ERR: (ThinkException) 非法操作:usage
[ 2014-02-12T15:19:17+08:00 ] ERR: (ThinkException) 非法操作:pma
[ 2014-02-12T15:19:17+08:00 ] ERR: (ThinkException) 非法操作:usage
[ 2014-02-12T15:19:17+08:00 ] ERR: (ThinkException) 非法操作:php
[ 2014-02-12T15:19:17+08:00 ] ERR: (ThinkException) 非法操作:pma
[ 2014-02-12T15:19:17+08:00 ] ERR: (ThinkException) 非法操作:counter
[ 2014-02-12T15:19:17+08:00 ] ERR: (ThinkException) 非法操作:usage
[ 2014-02-12T15:19:17+08:00 ] ERR: (ThinkException) 非法操作:pma
[ 2014-02-12T15:19:17+08:00 ] ERR: (ThinkException) 非法操作:.hg
[ 2014-02-12T15:19:17+08:00 ] ERR: (ThinkException) 非法操作:counter
[ 2014-02-12T15:19:17+08:00 ] ERR: (ThinkException) 无法加载模块:server-status
[ 2014-02-12T15:19:18+08:00 ] ERR: (ThinkException) 非法操作:counter
[ 2014-02-12T15:19:18+08:00 ] ERR: (ThinkException) 非法操作:server-status
[ 2014-02-12T15:19:18+08:00 ] ERR: (ThinkException) 非法操作:server-status
[ 2014-02-12T15:19:18+08:00 ] ERR: (ThinkException) 非法操作:pma
[ 2014-02-12T15:19:18+08:00 ] ERR: (ThinkException) 非法操作:server-status
[ 2014-02-12T15:19:18+08:00 ] ERR: (ThinkException) 非法操作:counter
[ 2014-02-12T15:19:18+08:00 ] ERR: (ThinkException) 非法操作:counter
[ 2014-02-12T15:19:18+08:00 ] ERR: (ThinkException) 非法操作:counter
[ 2014-02-12T15:19:18+08:00 ] ERR: (ThinkException) 非法操作:server-status
[ 2014-02-12T15:19:18+08:00 ] ERR: (ThinkException) 非法操作:pma
[ 2014-02-12T15:19:18+08:00 ] ERR: (ThinkException) 非法操作:admin
[ 2014-02-12T15:19:18+08:00 ] ERR: (ThinkException) 非法操作:server-status
[ 2014-02-12T15:19:18+08:00 ] ERR: (ThinkException) 无法加载模块:admin
[ 2014-02-12T15:19:18+08:00 ] ERR: (ThinkException) 非法操作:server-status
[ 2014-02-12T15:19:18+08:00 ] ERR: (ThinkException) 非法操作:server-status
[ 2014-02-12T15:19:18+08:00 ] ERR: (ThinkException) 非法操作:admin
[ 2014-02-12T15:19:18+08:00 ] ERR: (ThinkException) 非法操作:access
[ 2014-02-12T15:19:18+08:00 ] ERR: (ThinkException) 无法加载模块:access
[ 2014-02-12T15:19:18+08:00 ] ERR: (ThinkException) 非法操作:admin
[ 2014-02-12T15:19:18+08:00 ] ERR: (ThinkException) 非法操作:access
[ 2014-02-12T15:19:18+08:00 ] ERR: (ThinkException) 非法操作:admin
[ 2014-02-12T15:19:18+08:00 ] ERR: (ThinkException) 非法操作:access
[ 2014-02-12T15:19:18+08:00 ] ERR: (ThinkException) 非法操作:access
[ 2014-02-12T15:19:18+08:00 ] ERR: (ThinkException) 非法操作:admin
[ 2014-02-12T15:19:18+08:00 ] ERR: (ThinkException) 非法操作:access
[ 2014-02-12T15:19:18+08:00 ] ERR: (ThinkException) 非法操作:access
[ 2014-02-12T15:19:18+08:00 ] ERR: (ThinkException) 非法操作:access
[ 2014-02-12T15:19:18+08:00 ] ERR: (ThinkException) 非法操作:admin
[ 2014-02-12T15:19:18+08:00 ] ERR: (ThinkException) 非法操作:admin
[ 2014-02-12T15:19:18+08:00 ] ERR: (ThinkException) 无法加载模块:error
[ 2014-02-12T15:19:18+08:00 ] ERR: (ThinkException) 非法操作:error
[ 2014-02-12T15:19:18+08:00 ] ERR: (ThinkException) 非法操作:error
[ 2014-02-12T15:19:18+08:00 ] ERR: (ThinkException) 非法操作:error
[ 2014-02-12T15:19:18+08:00 ] ERR: (ThinkException) 非法操作:error
[ 2014-02-12T15:19:18+08:00 ] ERR: (ThinkException) 非法操作:error
[ 2014-02-12T15:19:18+08:00 ] ERR: (ThinkException) 非法操作:error
[ 2014-02-12T15:19:18+08:00 ] ERR: (ThinkException) 非法操作:error
[ 2014-02-12T16:24:23+08:00 ] 124.79.153.106 /index.php/Zq/zq_hot_game_hot_gl.html
INFO: [ app_begin ] --START--
INFO: Run ReadHtmlCache Behavior [ RunTime:0.000348s ]
INFO: [ app_begin ] --END-- [ RunTime:0.000410s ]
INFO: [ view_template ] --START--
INFO: Run LocationTemplate Behavior [ RunTime:0.000295s ]
INFO: [ view_template ] --END-- [ RunTime:0.000386s ]
INFO: [ view_parse ] --START--
INFO: Run ParseTemplate Behavior [ RunTime:0.004671s ]
INFO: [ view_parse ] --END-- [ RunTime:0.004742s ]
INFO: [ view_filter ] --START--
INFO: Run ContentReplace Behavior [ RunTime:0.000254s ]
INFO: Run TokenBuild Behavior [ RunTime:0.000230s ]
INFO: Run WriteHtmlCache Behavior [ RunTime:0.000145s ]
INFO: Run ShowRuntime Behavior [ RunTime:0.000339s ]
INFO: [ view_filter ] --END-- [ RunTime:0.001135s ]
INFO: [ view_end ] --START--
INFO: Run ShowPageTrace Behavior [ RunTime:0.000435s ]
INFO: [ view_end ] --END-- [ RunTime:0.000536s ]

[ 2014-02-12T17:36:28+08:00 ] 116.9.38.225 /index.php/Zq/zq_hot_game_hot_gl.html
INFO: [ app_begin ] --START--
INFO: Run ReadHtmlCache Behavior [ RunTime:0.000349s ]
INFO: [ app_begin ] --END-- [ RunTime:0.000417s ]
INFO: [ view_template ] --START--
INFO: Run LocationTemplate Behavior [ RunTime:0.000199s ]
INFO: [ view_template ] --END-- [ RunTime:0.000259s ]
INFO: [ view_parse ] --START--
INFO: Run ParseTemplate Behavior [ RunTime:0.004541s ]
INFO: [ view_parse ] --END-- [ RunTime:0.004604s ]
INFO: [ view_filter ] --START--
INFO: Run ContentReplace Behavior [ RunTime:0.000219s ]
INFO: Run TokenBuild Behavior [ RunTime:0.000224s ]
INFO: Run WriteHtmlCache Behavior [ RunTime:0.000166s ]
INFO: Run ShowRuntime Behavior [ RunTime:0.000287s ]
INFO: [ view_filter ] --END-- [ RunTime:0.001050s ]
INFO: [ view_end ] --START--
INFO: Run ShowPageTrace Behavior [ RunTime:0.000397s ]
INFO: [ view_end ] --END-- [ RunTime:0.000450s ]

[ 2014-02-12T18:42:11+08:00 ] 111.177.206.85 /index.php/Zq/zq_game_hot_gl.html
INFO: [ app_begin ] --START--
INFO: Run ReadHtmlCache Behavior [ RunTime:0.000383s ]
INFO: [ app_begin ] --END-- [ RunTime:0.000446s ]
INFO: [ view_template ] --START--
INFO: Run LocationTemplate Behavior [ RunTime:0.000226s ]
INFO: [ view_template ] --END-- [ RunTime:0.000287s ]
INFO: [ view_parse ] --START--
INFO: Run ParseTemplate Behavior [ RunTime:0.004417s ]
INFO: [ view_parse ] --END-- [ RunTime:0.004478s ]
INFO: [ view_filter ] --START--
INFO: Run ContentReplace Behavior [ RunTime:0.000247s ]
INFO: Run TokenBuild Behavior [ RunTime:0.000231s ]
INFO: Run WriteHtmlCache Behavior [ RunTime:0.000140s ]
INFO: Run ShowRuntime Behavior [ RunTime:0.000289s ]
INFO: [ view_filter ] --END-- [ RunTime:0.001061s ]
INFO: [ view_end ] --START--
INFO: Run ShowPageTrace Behavior [ RunTime:0.000426s ]
INFO: [ view_end ] --END-- [ RunTime:0.000479s ]

[ 2014-02-12T19:33:53+08:00 ] 116.237.191.121 /index.php/Login/do_login
INFO: [ app_begin ] --START--
INFO: Run ReadHtmlCache Behavior [ RunTime:0.000348s ]
INFO: [ app_begin ] --END-- [ RunTime:0.000413s ]
SQL: SHOW COLUMNS FROM `lj_user_information` [ RunTime:0.001338s ]
SQL: SELECT * FROM `lj_user_information` WHERE ( `username` = 'fanfzj' ) AND ( `password` = 'a72f533c3f1d8d937a74463ad53a086c' )  [ RunTime:0.000121s ]

[ 2014-02-12T19:34:11+08:00 ] 111.177.206.85 /index.php/Zq/zq_game_hot_gl.html
INFO: [ app_begin ] --START--
INFO: Run ReadHtmlCache Behavior [ RunTime:0.000377s ]
INFO: [ app_begin ] --END-- [ RunTime:0.000436s ]
INFO: [ view_template ] --START--
INFO: Run LocationTemplate Behavior [ RunTime:0.000200s ]
INFO: [ view_template ] --END-- [ RunTime:0.000262s ]
INFO: [ view_parse ] --START--
INFO: Run ParseTemplate Behavior [ RunTime:0.004536s ]
INFO: [ view_parse ] --END-- [ RunTime:0.004623s ]
INFO: [ view_filter ] --START--
INFO: Run ContentReplace Behavior [ RunTime:0.000223s ]
INFO: Run TokenBuild Behavior [ RunTime:0.000279s ]
INFO: Run WriteHtmlCache Behavior [ RunTime:0.000144s ]
INFO: Run ShowRuntime Behavior [ RunTime:0.000320s ]
INFO: [ view_filter ] --END-- [ RunTime:0.001122s ]
INFO: [ view_end ] --START--
INFO: Run ShowPageTrace Behavior [ RunTime:0.000397s ]
INFO: [ view_end ] --END-- [ RunTime:0.000450s ]

[ 2014-02-12T19:34:24+08:00 ] 111.177.206.85 /index.php/Zq/zq_game_hot_gl.html
INFO: [ app_begin ] --START--
INFO: Run ReadHtmlCache Behavior [ RunTime:0.000353s ]
INFO: [ app_begin ] --END-- [ RunTime:0.000413s ]
INFO: [ view_template ] --START--
INFO: Run LocationTemplate Behavior [ RunTime:0.000204s ]
INFO: [ view_template ] --END-- [ RunTime:0.000294s ]
INFO: [ view_parse ] --START--
INFO: Run ParseTemplate Behavior [ RunTime:0.004545s ]
INFO: [ view_parse ] --END-- [ RunTime:0.004606s ]
INFO: [ view_filter ] --START--
INFO: Run ContentReplace Behavior [ RunTime:0.000225s ]
INFO: Run TokenBuild Behavior [ RunTime:0.000233s ]
INFO: Run WriteHtmlCache Behavior [ RunTime:0.000141s ]
INFO: Run ShowRuntime Behavior [ RunTime:0.000296s ]
INFO: [ view_filter ] --END-- [ RunTime:0.001077s ]
INFO: [ view_end ] --START--
INFO: Run ShowPageTrace Behavior [ RunTime:0.000427s ]
INFO: [ view_end ] --END-- [ RunTime:0.000481s ]

[ 2014-02-12T19:46:40+08:00 ] 116.237.191.121 /index.php/Publish/do_publish_gl
INFO: [ app_begin ] --START--
INFO: Run ReadHtmlCache Behavior [ RunTime:0.000380s ]
INFO: [ app_begin ] --END-- [ RunTime:0.000443s ]
NOTIC: [8] A session had already been started - ignoring session_start() /mnt/www/html/lejun/HOME/Lib/Action/PublishAction.class.php 第 104 行.
SQL: SHOW COLUMNS FROM `lj_cheats` [ RunTime:0.000915s ]
SQL: INSERT INTO `lj_cheats` (`theme`,`content`,`datetime`,`game_id`,`game_list_small_id`,`game_list_large_id`,`user_id`) VALUES ('龙之谷弓箭手加点','<pre>\n我建议你用<a href=\"http://zhidao.baidu.com/search?word=%E9%95%BF%E5%BC%93&amp;fr=qb_search_exp&amp;ie=utf8\" target=\"_blank\">长弓</a>，一是狠，二是远。看见网上有SB箭神近身打，拿自己当游侠。箭神近身就是个P，必死。加点建议走物理流。魔法流的G不见得比物理的高多少。关键是物理流的招几乎都带击退，对于一个远程职业，你应该明白这意味着什么。。。衣服我的建议是有的穿就行。。。只要你把闪避加满，你不会被打到几下（被打很多的话你还是换职业吧）武器建议你自己去做，到武器商人那里做蓝的（极低时还是做得好，极高就不解释了）。要箭袋和<a href=\"http://zhidao.baidu.com/search?word=%E9%95%BF%E5%BC%93&amp;fr=qb_search_exp&amp;ie=utf8\" target=\"_blank\">长弓</a>，还有套装效果~~\n\n至于加点。我看就这么一种，我这种加点要求你懂得啥叫闪避（这个对箭神的重要性不解释）\n二连+1  就是为了击退\n穿刺+满 主要输出之一，用了就明白\n翻滚+满 就是我说的闪避。和后续技能结合用你就明白啥叫箭&ldquo;神&rdquo;了。\n急闪+1  够了，就是以防万一。\n多段+1  技能成长太低，价高就是浪费，主要是要他的效果。\n鹰眼+1  说加满和不加的都是SB。\n回旋 扫堂 起身  各+1 够了。\n浮空调整+1 会用就是神技。怪那你根本没办法。僵直就急闪，浮空就调整。\n<a href=\"http://zhidao.baidu.com/search?word=%E8%81%9A%E8%83%BD&amp;fr=qb_search_exp&amp;ie=utf8\" target=\"_blank\">聚能</a>+满 强力输出。但是注意怪和你的距离，一位吟唱很长。不然。。。\n飞空 加满 自己体会，感觉不好用就别玩箭神了。\n包围 +满 神技，用过你就明白了。很霸气，根本不留脸。\n箭雨 箭神就为了这个。和瞄准&middot;鹰眼一起用，你就明白什么叫除了你之外，别人就是摆设了。\n瞄准 +满\n虚晃 +2 闪避的技能。+2为了前置。自己也很好用。\n三角 +1 PK和刷图都好用。\n\n这么加完，你还有60SP。（以后还可能加20SP的任务）爱加点啥就加啥。基本上面的练好了，你就是神了。</pre>\n','2014-02-12 19:46:40','2',2,3,6) [ RunTime:0.000363s ]

[ 2014-02-12T20:20:44+08:00 ] 116.237.191.121 /index.php/Show/do_gl_praise
INFO: [ app_begin ] --START--
INFO: Run ReadHtmlCache Behavior [ RunTime:0.000355s ]
INFO: [ app_begin ] --END-- [ RunTime:0.000415s ]
NOTIC: [8] A session had already been started - ignoring session_start() /mnt/www/html/lejun/HOME/Lib/Action/ShowAction.class.php 第 98 行.
SQL: SHOW COLUMNS FROM `lj_cheats_z` [ RunTime:0.000642s ]
SQL: SELECT * FROM `lj_cheats_z` WHERE ( `user_id` = 6 ) AND ( `cheats_id` = 16 )  [ RunTime:0.000318s ]
SQL: SHOW COLUMNS FROM `lj_cheats` [ RunTime:0.000688s ]
SQL: UPDATE `lj_cheats` SET `praise`=praise+1 WHERE ( `cheats_id` = 16 ) [ RunTime:0.000277s ]
SQL: INSERT INTO `lj_cheats_z` (`user_id`,`cheats_id`) VALUES (6,16) [ RunTime:0.033429s ]

[ 2014-02-12T20:20:45+08:00 ] 116.237.191.121 /index.php/Show/do_gl_praise
INFO: [ app_begin ] --START--
INFO: Run ReadHtmlCache Behavior [ RunTime:0.000383s ]
INFO: [ app_begin ] --END-- [ RunTime:0.000445s ]
NOTIC: [8] A session had already been started - ignoring session_start() /mnt/www/html/lejun/HOME/Lib/Action/ShowAction.class.php 第 98 行.
SQL: SHOW COLUMNS FROM `lj_cheats_z` [ RunTime:0.000613s ]
SQL: SELECT * FROM `lj_cheats_z` WHERE ( `user_id` = 6 ) AND ( `cheats_id` = 16 )  [ RunTime:0.000325s ]

[ 2014-02-12T20:20:45+08:00 ] 116.237.191.121 /index.php/Show/do_gl_praise
INFO: [ app_begin ] --START--
INFO: Run ReadHtmlCache Behavior [ RunTime:0.000420s ]
INFO: [ app_begin ] --END-- [ RunTime:0.000484s ]
NOTIC: [8] A session had already been started - ignoring session_start() /mnt/www/html/lejun/HOME/Lib/Action/ShowAction.class.php 第 98 行.
SQL: SHOW COLUMNS FROM `lj_cheats_z` [ RunTime:0.000599s ]
SQL: SELECT * FROM `lj_cheats_z` WHERE ( `user_id` = 6 ) AND ( `cheats_id` = 16 )  [ RunTime:0.000133s ]

[ 2014-02-12T20:20:45+08:00 ] 116.237.191.121 /index.php/Show/do_gl_praise
INFO: [ app_begin ] --START--
INFO: Run ReadHtmlCache Behavior [ RunTime:0.000401s ]
INFO: [ app_begin ] --END-- [ RunTime:0.000476s ]
NOTIC: [8] A session had already been started - ignoring session_start() /mnt/www/html/lejun/HOME/Lib/Action/ShowAction.class.php 第 98 行.
SQL: SHOW COLUMNS FROM `lj_cheats_z` [ RunTime:0.000612s ]
SQL: SELECT * FROM `lj_cheats_z` WHERE ( `user_id` = 6 ) AND ( `cheats_id` = 16 )  [ RunTime:0.000125s ]

[ 2014-02-12T20:20:46+08:00 ] 116.237.191.121 /index.php/Show/do_gl_praise
INFO: [ app_begin ] --START--
INFO: Run ReadHtmlCache Behavior [ RunTime:0.000391s ]
INFO: [ app_begin ] --END-- [ RunTime:0.000465s ]
NOTIC: [8] A session had already been started - ignoring session_start() /mnt/www/html/lejun/HOME/Lib/Action/ShowAction.class.php 第 98 行.
SQL: SHOW COLUMNS FROM `lj_cheats_z` [ RunTime:0.000627s ]
SQL: SELECT * FROM `lj_cheats_z` WHERE ( `user_id` = 6 ) AND ( `cheats_id` = 16 )  [ RunTime:0.000111s ]

[ 2014-02-12T20:20:47+08:00 ] 116.237.191.121 /index.php/Show/do_gl_praise
INFO: [ app_begin ] --START--
INFO: Run ReadHtmlCache Behavior [ RunTime:0.000382s ]
INFO: [ app_begin ] --END-- [ RunTime:0.000444s ]
NOTIC: [8] A session had already been started - ignoring session_start() /mnt/www/html/lejun/HOME/Lib/Action/ShowAction.class.php 第 98 行.
SQL: SHOW COLUMNS FROM `lj_cheats_z` [ RunTime:0.000648s ]
SQL: SELECT * FROM `lj_cheats_z` WHERE ( `user_id` = 6 ) AND ( `cheats_id` = 16 )  [ RunTime:0.000107s ]

[ 2014-02-12T20:20:48+08:00 ] 116.237.191.121 /index.php/Show/do_gl_praise
INFO: [ app_begin ] --START--
INFO: Run ReadHtmlCache Behavior [ RunTime:0.000430s ]
INFO: [ app_begin ] --END-- [ RunTime:0.000511s ]
NOTIC: [8] A session had already been started - ignoring session_start() /mnt/www/html/lejun/HOME/Lib/Action/ShowAction.class.php 第 98 行.
SQL: SHOW COLUMNS FROM `lj_cheats_z` [ RunTime:0.000773s ]
SQL: SELECT * FROM `lj_cheats_z` WHERE ( `user_id` = 6 ) AND ( `cheats_id` = 16 )  [ RunTime:0.000134s ]

[ 2014-02-12T20:23:53+08:00 ] 111.177.206.85 /index.php/Zq/zq_game_hot_gl.html
INFO: [ app_begin ] --START--
INFO: Run ReadHtmlCache Behavior [ RunTime:0.000352s ]
INFO: [ app_begin ] --END-- [ RunTime:0.000413s ]
INFO: [ view_template ] --START--
INFO: Run LocationTemplate Behavior [ RunTime:0.000200s ]
INFO: [ view_template ] --END-- [ RunTime:0.000262s ]
INFO: [ view_parse ] --START--
INFO: Run ParseTemplate Behavior [ RunTime:0.004541s ]
INFO: [ view_parse ] --END-- [ RunTime:0.004603s ]
INFO: [ view_filter ] --START--
INFO: Run ContentReplace Behavior [ RunTime:0.000219s ]
INFO: Run TokenBuild Behavior [ RunTime:0.000224s ]
INFO: Run WriteHtmlCache Behavior [ RunTime:0.000164s ]
INFO: Run ShowRuntime Behavior [ RunTime:0.000287s ]
INFO: [ view_filter ] --END-- [ RunTime:0.001049s ]
INFO: [ view_end ] --START--
INFO: Run ShowPageTrace Behavior [ RunTime:0.000389s ]
INFO: [ view_end ] --END-- [ RunTime:0.000441s ]

[ 2014-02-12T20:45:58+08:00 ] 111.177.206.85 /index.php/Zq/zq_game_hot_gl.html
INFO: [ app_begin ] --START--
INFO: Run ReadHtmlCache Behavior [ RunTime:0.000353s ]
INFO: [ app_begin ] --END-- [ RunTime:0.000413s ]
INFO: [ view_template ] --START--
INFO: Run LocationTemplate Behavior [ RunTime:0.000203s ]
INFO: [ view_template ] --END-- [ RunTime:0.000267s ]
INFO: [ view_parse ] --START--
INFO: Run ParseTemplate Behavior [ RunTime:0.004478s ]
INFO: [ view_parse ] --END-- [ RunTime:0.004539s ]
INFO: [ view_filter ] --START--
INFO: Run ContentReplace Behavior [ RunTime:0.000223s ]
INFO: Run TokenBuild Behavior [ RunTime:0.000229s ]
INFO: Run WriteHtmlCache Behavior [ RunTime:0.000144s ]
INFO: Run ShowRuntime Behavior [ RunTime:0.000318s ]
INFO: [ view_filter ] --END-- [ RunTime:0.001097s ]
INFO: [ view_end ] --START--
INFO: Run ShowPageTrace Behavior [ RunTime:0.000427s ]
INFO: [ view_end ] --END-- [ RunTime:0.000481s ]

[ 2014-02-12T20:46:44+08:00 ] 111.177.206.85 /index.php/Zq/zq_game_hot_gl.html
INFO: [ app_begin ] --START--
INFO: Run ReadHtmlCache Behavior [ RunTime:0.000762s ]
INFO: [ app_begin ] --END-- [ RunTime:0.000908s ]
INFO: [ view_template ] --START--
INFO: Run LocationTemplate Behavior [ RunTime:0.000241s ]
INFO: [ view_template ] --END-- [ RunTime:0.000329s ]
INFO: [ view_parse ] --START--
INFO: Run ParseTemplate Behavior [ RunTime:0.007919s ]
INFO: [ view_parse ] --END-- [ RunTime:0.007991s ]
INFO: [ view_filter ] --START--
INFO: Run ContentReplace Behavior [ RunTime:0.000238s ]
INFO: Run TokenBuild Behavior [ RunTime:0.000227s ]
INFO: Run WriteHtmlCache Behavior [ RunTime:0.000144s ]
INFO: Run ShowRuntime Behavior [ RunTime:0.000331s ]
INFO: [ view_filter ] --END-- [ RunTime:0.001179s ]
INFO: [ view_end ] --START--
INFO: Run ShowPageTrace Behavior [ RunTime:0.000526s ]
INFO: [ view_end ] --END-- [ RunTime:0.000594s ]

[ 2014-02-12T20:47:00+08:00 ] 111.177.206.85 /index.php/Zq/zq_game_hot_gl.html
INFO: [ app_begin ] --START--
INFO: Run ReadHtmlCache Behavior [ RunTime:0.000371s ]
INFO: [ app_begin ] --END-- [ RunTime:0.000434s ]
INFO: [ view_template ] --START--
INFO: Run LocationTemplate Behavior [ RunTime:0.000228s ]
INFO: [ view_template ] --END-- [ RunTime:0.000290s ]
INFO: [ view_parse ] --START--
INFO: Run ParseTemplate Behavior [ RunTime:0.004538s ]
INFO: [ view_parse ] --END-- [ RunTime:0.004603s ]
INFO: [ view_filter ] --START--
INFO: Run ContentReplace Behavior [ RunTime:0.000254s ]
INFO: Run TokenBuild Behavior [ RunTime:0.000229s ]
INFO: Run WriteHtmlCache Behavior [ RunTime:0.000150s ]
INFO: Run ShowRuntime Behavior [ RunTime:0.000359s ]
INFO: [ view_filter ] --END-- [ RunTime:0.001186s ]
INFO: [ view_end ] --START--
INFO: Run ShowPageTrace Behavior [ RunTime:0.000441s ]
INFO: [ view_end ] --END-- [ RunTime:0.000502s ]

[ 2014-02-12T20:47:22+08:00 ] 111.177.206.85 /index.php/Zq/zq_game_hot_gl.html
INFO: [ app_begin ] --START--
INFO: Run ReadHtmlCache Behavior [ RunTime:0.000373s ]
INFO: [ app_begin ] --END-- [ RunTime:0.000436s ]
INFO: [ view_template ] --START--
INFO: Run LocationTemplate Behavior [ RunTime:0.000227s ]
INFO: [ view_template ] --END-- [ RunTime:0.000290s ]
INFO: [ view_parse ] --START--
INFO: Run ParseTemplate Behavior [ RunTime:0.004550s ]
INFO: [ view_parse ] --END-- [ RunTime:0.004611s ]
INFO: [ view_filter ] --START--
INFO: Run ContentReplace Behavior [ RunTime:0.000250s ]
INFO: Run TokenBuild Behavior [ RunTime:0.000227s ]
INFO: Run WriteHtmlCache Behavior [ RunTime:0.000140s ]
INFO: Run ShowRuntime Behavior [ RunTime:0.000287s ]
INFO: [ view_filter ] --END-- [ RunTime:0.001060s ]
INFO: [ view_end ] --START--
INFO: Run ShowPageTrace Behavior [ RunTime:0.000399s ]
INFO: [ view_end ] --END-- [ RunTime:0.000455s ]

[ 2014-02-12T22:22:31+08:00 ] 111.177.206.85 /index.php/Zq/zq_game_hot_gl.html
INFO: [ app_begin ] --START--
INFO: Run ReadHtmlCache Behavior [ RunTime:0.000410s ]
INFO: [ app_begin ] --END-- [ RunTime:0.000517s ]
INFO: [ view_template ] --START--
INFO: Run LocationTemplate Behavior [ RunTime:0.000236s ]
INFO: [ view_template ] --END-- [ RunTime:0.000308s ]
INFO: [ view_parse ] --START--
INFO: Run ParseTemplate Behavior [ RunTime:0.004679s ]
INFO: [ view_parse ] --END-- [ RunTime:0.004745s ]
INFO: [ view_filter ] --START--
INFO: Run ContentReplace Behavior [ RunTime:0.000224s ]
INFO: Run TokenBuild Behavior [ RunTime:0.000259s ]
INFO: Run WriteHtmlCache Behavior [ RunTime:0.000144s ]
INFO: Run ShowRuntime Behavior [ RunTime:0.000294s ]
INFO: [ view_filter ] --END-- [ RunTime:0.001082s ]
INFO: [ view_end ] --START--
INFO: Run ShowPageTrace Behavior [ RunTime:0.000460s ]
INFO: [ view_end ] --END-- [ RunTime:0.000514s ]

[ 2014-02-12T22:22:49+08:00 ] 111.177.206.85 /index.php/Zq/zq_game_hot_gl.html
INFO: [ app_begin ] --START--
INFO: Run ReadHtmlCache Behavior [ RunTime:0.000351s ]
INFO: [ app_begin ] --END-- [ RunTime:0.000412s ]
INFO: [ view_template ] --START--
INFO: Run LocationTemplate Behavior [ RunTime:0.000262s ]
INFO: [ view_template ] --END-- [ RunTime:0.000352s ]
INFO: [ view_parse ] --START--
INFO: Run ParseTemplate Behavior [ RunTime:0.004823s ]
INFO: [ view_parse ] --END-- [ RunTime:0.004887s ]
INFO: [ view_filter ] --START--
INFO: Run ContentReplace Behavior [ RunTime:0.000226s ]
INFO: Run TokenBuild Behavior [ RunTime:0.000229s ]
INFO: Run WriteHtmlCache Behavior [ RunTime:0.000143s ]
INFO: Run ShowRuntime Behavior [ RunTime:0.000321s ]
INFO: [ view_filter ] --END-- [ RunTime:0.001075s ]
INFO: [ view_end ] --START--
INFO: Run ShowPageTrace Behavior [ RunTime:0.000404s ]
INFO: [ view_end ] --END-- [ RunTime:0.000458s ]

[ 2014-02-12T22:23:21+08:00 ] 111.177.206.85 /index.php/Zq/zq_game_hot_gl.html
INFO: [ app_begin ] --START--
INFO: Run ReadHtmlCache Behavior [ RunTime:0.000351s ]
INFO: [ app_begin ] --END-- [ RunTime:0.000413s ]
INFO: [ view_template ] --START--
INFO: Run LocationTemplate Behavior [ RunTime:0.000203s ]
INFO: [ view_template ] --END-- [ RunTime:0.000279s ]
INFO: [ view_parse ] --START--
INFO: Run ParseTemplate Behavior [ RunTime:0.004936s ]
INFO: [ view_parse ] --END-- [ RunTime:0.005003s ]
INFO: [ view_filter ] --START--
INFO: Run ContentReplace Behavior [ RunTime:0.000251s ]
INFO: Run TokenBuild Behavior [ RunTime:0.000234s ]
INFO: Run WriteHtmlCache Behavior [ RunTime:0.000145s ]
INFO: Run ShowRuntime Behavior [ RunTime:0.000305s ]
INFO: [ view_filter ] --END-- [ RunTime:0.001101s ]
INFO: [ view_end ] --START--
INFO: Run ShowPageTrace Behavior [ RunTime:0.000455s ]
INFO: [ view_end ] --END-- [ RunTime:0.000514s ]

