[ 2014-01-29T01:10:56+08:00 ] 192.168.1.2 /lejun/index.php/Publish/do_publish_gl
INFO: [ app_begin ] --START--
INFO: Run ReadHtmlCache Behavior [ RunTime:0.000589s ]
INFO: [ app_begin ] --END-- [ RunTime:0.000675s ]
SQL: SHOW COLUMNS FROM `lj_cheats` [ RunTime:0.000620s ]
SQL: INSERT INTO `lj_cheats` (`theme`,`content`,`datetime`,`game_name`,`game_list_small_id`,`game_list_large_id`,`user_id`) VALUES ('nele','<p>nele哈哈哈哈哈nele</p>\n','2014-01-29 01:10:56','asasasasas',1,1,0) [ RunTime:0.000313s ]

[ 2014-01-29T02:06:37+08:00 ] 192.168.1.2 /lejun/index.php/Publish/do_publish_gl
INFO: [ app_begin ] --START--
INFO: Run ReadHtmlCache Behavior [ RunTime:0.000315s ]
INFO: [ app_begin ] --END-- [ RunTime:0.000367s ]
SQL: SHOW COLUMNS FROM `lj_cheats` [ RunTime:0.000859s ]
SQL: INSERT INTO `lj_cheats` (`theme`,`content`,`datetime`,`game_name`,`game_list_small_id`,`game_list_large_id`,`user_id`) VALUES ('这是sphinx的测试','<p>及时测试 delta</p>\n','2014-01-29 02:06:37','撒旦',1,1,0) [ RunTime:0.000379s ]

[ 2014-01-29T18:50:00+08:00 ] ERR: (ThinkException) Can't connect to local MySQL server through socket '/var/lib/mysql/mysql.sock' (111)
[ 2014-01-29T18:51:23+08:00 ] ERR: (ThinkException) Can't connect to local MySQL server through socket '/var/lib/mysql/mysql.sock' (111)
[ 2014-01-29T18:51:24+08:00 ] ERR: (ThinkException) Can't connect to local MySQL server through socket '/var/lib/mysql/mysql.sock' (111)
[ 2014-01-29T18:58:27+08:00 ] ERR: (ThinkException) Can't connect to local MySQL server through socket '/var/lib/mysql/mysql.sock' (111)
[ 2014-01-29T18:58:30+08:00 ] ERR: (ThinkException) Can't connect to local MySQL server through socket '/var/lib/mysql/mysql.sock' (111)
[ 2014-01-29T18:58:30+08:00 ] ERR: (ThinkException) Can't connect to local MySQL server through socket '/var/lib/mysql/mysql.sock' (111)
[ 2014-01-29T18:58:31+08:00 ] ERR: (ThinkException) Can't connect to local MySQL server through socket '/var/lib/mysql/mysql.sock' (111)
[ 2014-01-29T18:58:31+08:00 ] ERR: (ThinkException) Can't connect to local MySQL server through socket '/var/lib/mysql/mysql.sock' (111)
[ 2014-01-29T19:00:33+08:00 ] ERR: (ThinkException) Can't connect to local MySQL server through socket '/var/lib/mysql/mysql.sock' (2)
[ 2014-01-29T19:00:33+08:00 ] ERR: (ThinkException) Can't connect to local MySQL server through socket '/var/lib/mysql/mysql.sock' (2)
[ 2014-01-29T19:00:34+08:00 ] ERR: (ThinkException) Can't connect to local MySQL server through socket '/var/lib/mysql/mysql.sock' (2)
[ 2014-01-29T19:00:34+08:00 ] ERR: (ThinkException) Can't connect to local MySQL server through socket '/var/lib/mysql/mysql.sock' (2)
[ 2014-01-29T19:00:34+08:00 ] ERR: (ThinkException) Can't connect to local MySQL server through socket '/var/lib/mysql/mysql.sock' (2)
[ 2014-01-29T19:00:35+08:00 ] ERR: (ThinkException) Can't connect to local MySQL server through socket '/var/lib/mysql/mysql.sock' (2)
[ 2014-01-29T19:45:48+08:00 ] 192.168.1.2 /lejun/index.php/Publish/do_publish_tz
INFO: [ app_begin ] --START--
INFO: Run ReadHtmlCache Behavior [ RunTime:0.000327s ]
INFO: [ app_begin ] --END-- [ RunTime:0.000380s ]
SQL: SHOW COLUMNS FROM `lj_post_main` [ RunTime:0.000567s ]
SQL: INSERT INTO `lj_post_main` (`theme`,`content`,`datetime`,`user_id`) VALUES ('woshi nele ','<p>我在测试我是nele &nbsp;这是帖子的测试</p>\n\n<p>&nbsp;</p>\n','2014-01-29 19:45:48',0) [ RunTime:0.000412s ]

[ 2014-01-29T20:03:13+08:00 ] 192.168.1.2 /lejun/index.php/Publish/do_publish_tz
INFO: [ app_begin ] --START--
INFO: Run ReadHtmlCache Behavior [ RunTime:0.000342s ]
INFO: [ app_begin ] --END-- [ RunTime:0.000400s ]
SQL: SHOW COLUMNS FROM `lj_post_main` [ RunTime:0.000596s ]
SQL: INSERT INTO `lj_post_main` (`theme`,`content`,`datetime`,`user_id`) VALUES ('这是tzdelta 的测试','<p>哈哈哈这是 tzdelta的测试</p>\n','2014-01-29 20:03:13',0) [ RunTime:0.000370s ]

[ 2014-01-29T20:26:32+08:00 ] 192.168.1.2 /lejun/index.php/Publish/do_publish_tz
INFO: [ app_begin ] --START--
INFO: Run ReadHtmlCache Behavior [ RunTime:0.000589s ]
INFO: [ app_begin ] --END-- [ RunTime:0.000685s ]
SQL: SHOW COLUMNS FROM `lj_post_main` [ RunTime:0.000578s ]
SQL: INSERT INTO `lj_post_main` (`theme`,`content`,`datetime`,`user_id`) VALUES ('这是帖子的再次测试','<p>哈哈哈</p>\n','2014-01-29 20:26:32',0) [ RunTime:0.000264s ]

[ 2014-01-29T22:52:59+08:00 ] 192.168.1.2 /lejun/index.php/Show/do_gl_replay
INFO: [ app_begin ] --START--
INFO: Run ReadHtmlCache Behavior [ RunTime:0.000487s ]
INFO: [ app_begin ] --END-- [ RunTime:0.000570s ]
SQL: SHOW COLUMNS FROM `lj_cheats_replay` [ RunTime:0.000451s ]
SQL: INSERT INTO `lj_cheats_replay` (`content`,`datetime`,`replay_user_id`,`cheats_id`) VALUES ('<p>撒旦法士大夫adf</p>\n','2014-01-29 22:52:59',0,8) [ RunTime:0.000383s ]

[ 2014-01-29T21:44:32+08:00 ] ERR: (ThinkException) Access denied for user 'root'@'localhost' (using password: YES)
[ 2014-01-29T21:47:02+08:00 ] ERR: (ThinkException) Access denied for user 'root'@'localhost' (using password: YES)
[ 2014-01-29T21:57:57+08:00 ] ERR: (ThinkException) 非法操作:login
[ 2014-01-29T22:09:20+08:00 ] 127.0.0.1 /lejun/index.php/Show/do_gl_replay
INFO: [ app_begin ] --START--
INFO: Run ReadHtmlCache Behavior [ RunTime:0.000777s ]
INFO: [ app_begin ] --END-- [ RunTime:0.000869s ]
SQL: SHOW COLUMNS FROM `lj_cheats_replay` [ RunTime:0.002678s ]
SQL: INSERT INTO `lj_cheats_replay` (`content`,`datetime`,`replay_user_id`,`cheats_id`) VALUES ('<p>招待费</p>\n','2014-01-29 22:09:20',0,4) [ RunTime:0.041758s ]

[ 2014-01-29T22:15:49+08:00 ] 127.0.0.1 /lejun/index.php/Show/do_gl_replay
INFO: [ app_begin ] --START--
INFO: Run ReadHtmlCache Behavior [ RunTime:0.000999s ]
INFO: [ app_begin ] --END-- [ RunTime:0.001116s ]
SQL: SHOW COLUMNS FROM `lj_cheats_replay` [ RunTime:0.002446s ]
SQL: INSERT INTO `lj_cheats_replay` (`content`,`datetime`,`replay_user_id`,`cheats_id`) VALUES ('<p>阿斯顿发生地方</p>\n','2014-01-29 22:15:49',0,4) [ RunTime:0.000351s ]

[ 2014-01-29T22:18:03+08:00 ] 127.0.0.1 /lejun/index.php/Show/do_gl_replay
INFO: [ app_begin ] --START--
INFO: Run ReadHtmlCache Behavior [ RunTime:0.002292s ]
INFO: [ app_begin ] --END-- [ RunTime:0.002395s ]
NOTIC: [8] A session had already been started - ignoring session_start() K:\appserver\appserver\AppServ\www\lejun\HOME\Lib\Action\ShowAction.class.php 第 66 行.
SQL: SHOW COLUMNS FROM `lj_cheats_replay` [ RunTime:0.002741s ]
SQL: INSERT INTO `lj_cheats_replay` (`content`,`datetime`,`replay_user_id`,`cheats_id`) VALUES ('<p>大商股份</p>\n','2014-01-29 22:18:03',0,4) [ RunTime:0.000389s ]

[ 2014-01-29T22:18:11+08:00 ] 127.0.0.1 /lejun/index.php/Show/do_gl_replay
INFO: [ app_begin ] --START--
INFO: Run ReadHtmlCache Behavior [ RunTime:0.000930s ]
INFO: [ app_begin ] --END-- [ RunTime:0.001100s ]
NOTIC: [8] A session had already been started - ignoring session_start() K:\appserver\appserver\AppServ\www\lejun\HOME\Lib\Action\ShowAction.class.php 第 66 行.
SQL: SHOW COLUMNS FROM `lj_cheats_replay` [ RunTime:0.002333s ]
SQL: INSERT INTO `lj_cheats_replay` (`content`,`datetime`,`replay_user_id`,`cheats_id`) VALUES ('<p>床单是v型吃v</p>\n','2014-01-29 22:18:11',0,4) [ RunTime:0.000502s ]

[ 2014-01-29T22:33:17+08:00 ] 127.0.0.1 /lejun/index.php/Show/do_gl_replay
INFO: [ app_begin ] --START--
INFO: Run ReadHtmlCache Behavior [ RunTime:0.000768s ]
INFO: [ app_begin ] --END-- [ RunTime:0.000870s ]
NOTIC: [8] A session had already been started - ignoring session_start() K:\appserver\appserver\AppServ\www\lejun\HOME\Lib\Action\ShowAction.class.php 第 66 行.
SQL: SHOW COLUMNS FROM `lj_cheats_replay` [ RunTime:0.002207s ]
SQL: INSERT INTO `lj_cheats_replay` (`content`,`datetime`,`replay_user_id`,`cheats_id`) VALUES ('<p>圣达菲</p>\n','2014-01-29 22:33:17',0,4) [ RunTime:0.000389s ]

[ 2014-01-29T22:37:02+08:00 ] 127.0.0.1 /lejun/index.php/Show/do_gl_replay
INFO: [ app_begin ] --START--
INFO: Run ReadHtmlCache Behavior [ RunTime:0.002645s ]
INFO: [ app_begin ] --END-- [ RunTime:0.002759s ]
NOTIC: [8] A session had already been started - ignoring session_start() K:\appserver\appserver\AppServ\www\lejun\HOME\Lib\Action\ShowAction.class.php 第 66 行.
SQL: SHOW COLUMNS FROM `lj_cheats_replay` [ RunTime:0.002196s ]
SQL: INSERT INTO `lj_cheats_replay` (`content`,`datetime`,`replay_user_id`,`cheats_id`) VALUES ('<p>圣达菲</p>\n','2014-01-29 22:37:02',0,4) [ RunTime:0.000411s ]

[ 2014-01-29T22:38:08+08:00 ] 127.0.0.1 /lejun/index.php/Show/do_gl_replay
INFO: [ app_begin ] --START--
INFO: Run ReadHtmlCache Behavior [ RunTime:0.000923s ]
INFO: [ app_begin ] --END-- [ RunTime:0.001053s ]
NOTIC: [8] A session had already been started - ignoring session_start() K:\appserver\appserver\AppServ\www\lejun\HOME\Lib\Action\ShowAction.class.php 第 66 行.
SQL: SHOW COLUMNS FROM `lj_cheats_replay` [ RunTime:0.002621s ]
SQL: INSERT INTO `lj_cheats_replay` (`content`,`datetime`,`replay_user_id`,`cheats_id`) VALUES ('<p>自行车</p>\n','2014-01-29 22:38:08',0,4) [ RunTime:0.000356s ]

[ 2014-01-29T22:40:14+08:00 ] 127.0.0.1 /lejun/index.php/Show/do_gl_replay
INFO: [ app_begin ] --START--
INFO: Run ReadHtmlCache Behavior [ RunTime:0.001102s ]
INFO: [ app_begin ] --END-- [ RunTime:0.001247s ]
NOTIC: [8] A session had already been started - ignoring session_start() K:\appserver\appserver\AppServ\www\lejun\HOME\Lib\Action\ShowAction.class.php 第 66 行.
SQL: SHOW COLUMNS FROM `lj_cheats_replay` [ RunTime:0.002857s ]
SQL: INSERT INTO `lj_cheats_replay` (`content`,`datetime`,`replay_user_id`,`cheats_id`) VALUES ('<p>撒旦法士大夫</p>\n','2014-01-29 22:40:14',0,4) [ RunTime:0.000358s ]

[ 2014-01-29T22:44:32+08:00 ] 127.0.0.1 /lejun/index.php/Show/do_gl_replay
INFO: [ app_begin ] --START--
INFO: Run ReadHtmlCache Behavior [ RunTime:0.000718s ]
INFO: [ app_begin ] --END-- [ RunTime:0.000806s ]
NOTIC: [8] A session had already been started - ignoring session_start() K:\appserver\appserver\AppServ\www\lejun\HOME\Lib\Action\ShowAction.class.php 第 66 行.
SQL: SHOW COLUMNS FROM `lj_cheats_replay` [ RunTime:0.002309s ]
SQL: INSERT INTO `lj_cheats_replay` (`content`,`datetime`,`replay_user_id`,`cheats_id`) VALUES ('<p>圣达菲</p>\n','2014-01-29 22:44:32',0,4) [ RunTime:0.000374s ]

[ 2014-01-29T22:48:29+08:00 ] 127.0.0.1 /lejun/index.php/Show/do_gl_praise
INFO: [ app_begin ] --START--
INFO: Run ReadHtmlCache Behavior [ RunTime:0.001085s ]
INFO: [ app_begin ] --END-- [ RunTime:0.001225s ]
SQL: SHOW COLUMNS FROM `lj_cheats` [ RunTime:0.002943s ]
SQL: UPDATE `lj_cheats` SET `praise`=praise+1 WHERE ( `cheats_id` = 4 ) [ RunTime:0.000502s ]

[ 2014-01-29T23:20:21+08:00 ] 127.0.0.1 /lejun/index.php/Login/do_login
INFO: [ app_begin ] --START--
INFO: Run ReadHtmlCache Behavior [ RunTime:0.002148s ]
INFO: [ app_begin ] --END-- [ RunTime:0.002260s ]
SQL: SHOW COLUMNS FROM `lj_user_information` [ RunTime:0.003585s ]
SQL: SELECT * FROM `lj_user_information` WHERE ( `username` = 'nele' ) AND ( `password` = '56f973cd9d759c5e80766b5236874613' )  [ RunTime:0.035338s ]

[ 2014-01-29T23:20:24+08:00 ] 127.0.0.1 /lejun/index.php/UserInfo/user_info.html
INFO: [ app_begin ] --START--
INFO: Run ReadHtmlCache Behavior [ RunTime:0.003266s ]
INFO: [ app_begin ] --END-- [ RunTime:0.003431s ]
INFO: [ view_template ] --START--
INFO: Run LocationTemplate Behavior [ RunTime:0.006043s ]
INFO: [ view_template ] --END-- [ RunTime:0.006248s ]
INFO: [ view_parse ] --START--
INFO: Run ParseTemplate Behavior [ RunTime:0.034483s ]
INFO: [ view_parse ] --END-- [ RunTime:0.034676s ]
INFO: [ view_filter ] --START--
INFO: Run ContentReplace Behavior [ RunTime:0.003240s ]
INFO: Run TokenBuild Behavior [ RunTime:0.002646s ]
INFO: Run WriteHtmlCache Behavior [ RunTime:0.002706s ]
INFO: Run ShowRuntime Behavior [ RunTime:0.002813s ]
INFO: [ view_filter ] --END-- [ RunTime:0.011791s ]
INFO: [ view_end ] --START--
INFO: Run ShowPageTrace Behavior [ RunTime:0.002548s ]
INFO: [ view_end ] --END-- [ RunTime:0.002661s ]

[ 2014-01-29T23:20:26+08:00 ] 127.0.0.1 /lejun/index.php/UserInfo/user_info_ly.html
INFO: [ app_begin ] --START--
INFO: Run ReadHtmlCache Behavior [ RunTime:0.001064s ]
INFO: [ app_begin ] --END-- [ RunTime:0.001199s ]
INFO: [ view_template ] --START--
INFO: Run LocationTemplate Behavior [ RunTime:0.003474s ]
INFO: [ view_template ] --END-- [ RunTime:0.003640s ]
INFO: [ view_parse ] --START--
INFO: Run ParseTemplate Behavior [ RunTime:0.015940s ]
INFO: [ view_parse ] --END-- [ RunTime:0.016120s ]
INFO: [ view_filter ] --START--
INFO: Run ContentReplace Behavior [ RunTime:0.000519s ]
INFO: Run TokenBuild Behavior [ RunTime:0.000500s ]
INFO: Run WriteHtmlCache Behavior [ RunTime:0.000378s ]
INFO: Run ShowRuntime Behavior [ RunTime:0.000625s ]
INFO: [ view_filter ] --END-- [ RunTime:0.002263s ]
INFO: [ view_end ] --START--
INFO: Run ShowPageTrace Behavior [ RunTime:0.001606s ]
INFO: [ view_end ] --END-- [ RunTime:0.001706s ]

[ 2014-01-29T23:20:26+08:00 ] 127.0.0.1 /lejun/index.php/UserInfo/user_info_gl.html
INFO: [ app_begin ] --START--
INFO: Run ReadHtmlCache Behavior [ RunTime:0.001165s ]
INFO: [ app_begin ] --END-- [ RunTime:0.001322s ]
INFO: [ view_template ] --START--
INFO: Run LocationTemplate Behavior [ RunTime:0.003284s ]
INFO: [ view_template ] --END-- [ RunTime:0.003415s ]
INFO: [ view_parse ] --START--
INFO: Run ParseTemplate Behavior [ RunTime:0.012147s ]
INFO: [ view_parse ] --END-- [ RunTime:0.012259s ]
INFO: [ view_filter ] --START--
INFO: Run ContentReplace Behavior [ RunTime:0.000503s ]
INFO: Run TokenBuild Behavior [ RunTime:0.000550s ]
INFO: Run WriteHtmlCache Behavior [ RunTime:0.000378s ]
INFO: Run ShowRuntime Behavior [ RunTime:0.000595s ]
INFO: [ view_filter ] --END-- [ RunTime:0.002293s ]
INFO: [ view_end ] --START--
INFO: Run ShowPageTrace Behavior [ RunTime:0.001493s ]
INFO: [ view_end ] --END-- [ RunTime:0.001572s ]

[ 2014-01-29T23:20:27+08:00 ] 127.0.0.1 /lejun/index.php/UserInfo/user_info_tz.html
INFO: [ app_begin ] --START--
INFO: Run ReadHtmlCache Behavior [ RunTime:0.001025s ]
INFO: [ app_begin ] --END-- [ RunTime:0.001141s ]
INFO: [ view_template ] --START--
INFO: Run LocationTemplate Behavior [ RunTime:0.002876s ]
INFO: [ view_template ] --END-- [ RunTime:0.002986s ]
INFO: [ view_parse ] --START--
INFO: Run ParseTemplate Behavior [ RunTime:0.060237s ]
INFO: [ view_parse ] --END-- [ RunTime:0.060373s ]
INFO: [ view_filter ] --START--
INFO: Run ContentReplace Behavior [ RunTime:0.000526s ]
INFO: Run TokenBuild Behavior [ RunTime:0.000503s ]
INFO: Run WriteHtmlCache Behavior [ RunTime:0.000382s ]
INFO: Run ShowRuntime Behavior [ RunTime:0.000623s ]
INFO: [ view_filter ] --END-- [ RunTime:0.002274s ]
INFO: [ view_end ] --START--
INFO: Run ShowPageTrace Behavior [ RunTime:0.001532s ]
INFO: [ view_end ] --END-- [ RunTime:0.001612s ]

[ 2014-01-29T23:20:28+08:00 ] 127.0.0.1 /lejun/index.php/UserInfo/user_info_gl.html
INFO: [ app_begin ] --START--
INFO: Run ReadHtmlCache Behavior [ RunTime:0.001030s ]
INFO: [ app_begin ] --END-- [ RunTime:0.001165s ]
INFO: [ view_template ] --START--
INFO: Run LocationTemplate Behavior [ RunTime:0.003470s ]
INFO: [ view_template ] --END-- [ RunTime:0.003608s ]
INFO: [ view_parse ] --START--
INFO: Run ParseTemplate Behavior [ RunTime:0.015835s ]
INFO: [ view_parse ] --END-- [ RunTime:0.015966s ]
INFO: [ view_filter ] --START--
INFO: Run ContentReplace Behavior [ RunTime:0.000481s ]
INFO: Run TokenBuild Behavior [ RunTime:0.000500s ]
INFO: Run WriteHtmlCache Behavior [ RunTime:0.000336s ]
INFO: Run ShowRuntime Behavior [ RunTime:0.000795s ]
INFO: [ view_filter ] --END-- [ RunTime:0.002362s ]
INFO: [ view_end ] --START--
INFO: Run ShowPageTrace Behavior [ RunTime:0.001930s ]
INFO: [ view_end ] --END-- [ RunTime:0.002032s ]

[ 2014-01-29T23:20:29+08:00 ] 127.0.0.1 /lejun/index.php/UserInfo/user_info_ly.html
INFO: [ app_begin ] --START--
INFO: Run ReadHtmlCache Behavior [ RunTime:0.001038s ]
INFO: [ app_begin ] --END-- [ RunTime:0.001178s ]
INFO: [ view_template ] --START--
INFO: Run LocationTemplate Behavior [ RunTime:0.002689s ]
INFO: [ view_template ] --END-- [ RunTime:0.002797s ]
INFO: [ view_parse ] --START--
INFO: Run ParseTemplate Behavior [ RunTime:0.013728s ]
INFO: [ view_parse ] --END-- [ RunTime:0.013850s ]
INFO: [ view_filter ] --START--
INFO: Run ContentReplace Behavior [ RunTime:0.000491s ]
INFO: Run TokenBuild Behavior [ RunTime:0.000476s ]
INFO: Run WriteHtmlCache Behavior [ RunTime:0.000339s ]
INFO: Run ShowRuntime Behavior [ RunTime:0.000586s ]
INFO: [ view_filter ] --END-- [ RunTime:0.002111s ]
INFO: [ view_end ] --START--
INFO: Run ShowPageTrace Behavior [ RunTime:0.001480s ]
INFO: [ view_end ] --END-- [ RunTime:0.001560s ]

[ 2014-01-29T23:20:29+08:00 ] 127.0.0.1 /lejun/index.php/UserInfo/user_info.html
INFO: [ app_begin ] --START--
INFO: Run ReadHtmlCache Behavior [ RunTime:0.000833s ]
INFO: [ app_begin ] --END-- [ RunTime:0.000942s ]
INFO: [ view_template ] --START--
INFO: Run LocationTemplate Behavior [ RunTime:0.003116s ]
INFO: [ view_template ] --END-- [ RunTime:0.003237s ]
INFO: [ view_parse ] --START--
INFO: Run ParseTemplate Behavior [ RunTime:0.016598s ]
INFO: [ view_parse ] --END-- [ RunTime:0.016725s ]
INFO: [ view_filter ] --START--
INFO: Run ContentReplace Behavior [ RunTime:0.000543s ]
INFO: Run TokenBuild Behavior [ RunTime:0.000477s ]
INFO: Run WriteHtmlCache Behavior [ RunTime:0.000336s ]
INFO: Run ShowRuntime Behavior [ RunTime:0.000586s ]
INFO: [ view_filter ] --END-- [ RunTime:0.002180s ]
INFO: [ view_end ] --START--
INFO: Run ShowPageTrace Behavior [ RunTime:0.001504s ]
INFO: [ view_end ] --END-- [ RunTime:0.001585s ]

[ 2014-01-29T23:20:38+08:00 ] 127.0.0.1 /lejun/index.php/UserInfo/user_info_tz.html
INFO: [ app_begin ] --START--
INFO: Run ReadHtmlCache Behavior [ RunTime:0.000870s ]
INFO: [ app_begin ] --END-- [ RunTime:0.000979s ]
INFO: [ view_template ] --START--
INFO: Run LocationTemplate Behavior [ RunTime:0.004140s ]
INFO: [ view_template ] --END-- [ RunTime:0.004329s ]
INFO: [ view_parse ] --START--
INFO: Run ParseTemplate Behavior [ RunTime:0.015581s ]
INFO: [ view_parse ] --END-- [ RunTime:0.015756s ]
INFO: [ view_filter ] --START--
INFO: Run ContentReplace Behavior [ RunTime:0.000750s ]
INFO: Run TokenBuild Behavior [ RunTime:0.000745s ]
INFO: Run WriteHtmlCache Behavior [ RunTime:0.000751s ]
INFO: Run ShowRuntime Behavior [ RunTime:0.000719s ]
INFO: [ view_filter ] --END-- [ RunTime:0.003359s ]
INFO: [ view_end ] --START--
INFO: Run ShowPageTrace Behavior [ RunTime:0.001640s ]
INFO: [ view_end ] --END-- [ RunTime:0.001734s ]

[ 2014-01-29T23:20:38+08:00 ] 127.0.0.1 /lejun/index.php/UserInfo/user_info_gl.html
INFO: [ app_begin ] --START--
INFO: Run ReadHtmlCache Behavior [ RunTime:0.001005s ]
INFO: [ app_begin ] --END-- [ RunTime:0.001134s ]
INFO: [ view_template ] --START--
INFO: Run LocationTemplate Behavior [ RunTime:0.004308s ]
INFO: [ view_template ] --END-- [ RunTime:0.004515s ]
INFO: [ view_parse ] --START--
INFO: Run ParseTemplate Behavior [ RunTime:0.016855s ]
INFO: [ view_parse ] --END-- [ RunTime:0.017001s ]
INFO: [ view_filter ] --START--
INFO: Run ContentReplace Behavior [ RunTime:0.000471s ]
INFO: Run TokenBuild Behavior [ RunTime:0.000515s ]
INFO: Run WriteHtmlCache Behavior [ RunTime:0.000337s ]
INFO: Run ShowRuntime Behavior [ RunTime:0.000651s ]
INFO: [ view_filter ] --END-- [ RunTime:0.002202s ]
INFO: [ view_end ] --START--
INFO: Run ShowPageTrace Behavior [ RunTime:0.001799s ]
INFO: [ view_end ] --END-- [ RunTime:0.001904s ]

[ 2014-01-29T23:20:39+08:00 ] 127.0.0.1 /lejun/index.php/UserInfo/user_info_ly.html
INFO: [ app_begin ] --START--
INFO: Run ReadHtmlCache Behavior [ RunTime:0.000965s ]
INFO: [ app_begin ] --END-- [ RunTime:0.001081s ]
INFO: [ view_template ] --START--
INFO: Run LocationTemplate Behavior [ RunTime:0.002605s ]
INFO: [ view_template ] --END-- [ RunTime:0.002708s ]
INFO: [ view_parse ] --START--
INFO: Run ParseTemplate Behavior [ RunTime:0.014947s ]
INFO: [ view_parse ] --END-- [ RunTime:0.015070s ]
INFO: [ view_filter ] --START--
INFO: Run ContentReplace Behavior [ RunTime:0.000485s ]
INFO: Run TokenBuild Behavior [ RunTime:0.000486s ]
INFO: Run WriteHtmlCache Behavior [ RunTime:0.000338s ]
INFO: Run ShowRuntime Behavior [ RunTime:0.000591s ]
INFO: [ view_filter ] --END-- [ RunTime:0.002121s ]
INFO: [ view_end ] --START--
INFO: Run ShowPageTrace Behavior [ RunTime:0.001584s ]
INFO: [ view_end ] --END-- [ RunTime:0.001685s ]

[ 2014-01-29T23:20:42+08:00 ] 127.0.0.1 /lejun/index.php/UserInfo/user_info.html
INFO: [ app_begin ] --START--
INFO: Run ReadHtmlCache Behavior [ RunTime:0.001061s ]
INFO: [ app_begin ] --END-- [ RunTime:0.001187s ]
INFO: [ view_template ] --START--
INFO: Run LocationTemplate Behavior [ RunTime:0.002664s ]
INFO: [ view_template ] --END-- [ RunTime:0.002770s ]
INFO: [ view_parse ] --START--
INFO: Run ParseTemplate Behavior [ RunTime:0.016421s ]
INFO: [ view_parse ] --END-- [ RunTime:0.016570s ]
INFO: [ view_filter ] --START--
INFO: Run ContentReplace Behavior [ RunTime:0.000491s ]
INFO: Run TokenBuild Behavior [ RunTime:0.000480s ]
INFO: Run WriteHtmlCache Behavior [ RunTime:0.000334s ]
INFO: Run ShowRuntime Behavior [ RunTime:0.000590s ]
INFO: [ view_filter ] --END-- [ RunTime:0.002116s ]
INFO: [ view_end ] --START--
INFO: Run ShowPageTrace Behavior [ RunTime:0.001481s ]
INFO: [ view_end ] --END-- [ RunTime:0.001561s ]

[ 2014-01-29T23:21:06+08:00 ] 127.0.0.1 /lejun/index.php/UserInfo/user_info_tz.html
INFO: [ app_begin ] --START--
INFO: Run ReadHtmlCache Behavior [ RunTime:0.001085s ]
INFO: [ app_begin ] --END-- [ RunTime:0.001231s ]
INFO: [ view_template ] --START--
INFO: Run LocationTemplate Behavior [ RunTime:0.003253s ]
INFO: [ view_template ] --END-- [ RunTime:0.003422s ]
INFO: [ view_parse ] --START--
INFO: Run ParseTemplate Behavior [ RunTime:0.016411s ]
INFO: [ view_parse ] --END-- [ RunTime:0.016578s ]
INFO: [ view_filter ] --START--
INFO: Run ContentReplace Behavior [ RunTime:0.000688s ]
INFO: Run TokenBuild Behavior [ RunTime:0.000712s ]
INFO: Run WriteHtmlCache Behavior [ RunTime:0.000552s ]
INFO: Run ShowRuntime Behavior [ RunTime:0.000770s ]
INFO: [ view_filter ] --END-- [ RunTime:0.003131s ]
INFO: [ view_end ] --START--
INFO: Run ShowPageTrace Behavior [ RunTime:0.001870s ]
INFO: [ view_end ] --END-- [ RunTime:0.002000s ]

[ 2014-01-29T23:21:06+08:00 ] 127.0.0.1 /lejun/index.php/UserInfo/user_info_gl.html
INFO: [ app_begin ] --START--
INFO: Run ReadHtmlCache Behavior [ RunTime:0.000998s ]
INFO: [ app_begin ] --END-- [ RunTime:0.001118s ]
INFO: [ view_template ] --START--
INFO: Run LocationTemplate Behavior [ RunTime:0.002754s ]
INFO: [ view_template ] --END-- [ RunTime:0.002888s ]
INFO: [ view_parse ] --START--
INFO: Run ParseTemplate Behavior [ RunTime:0.012624s ]
INFO: [ view_parse ] --END-- [ RunTime:0.012776s ]
INFO: [ view_filter ] --START--
INFO: Run ContentReplace Behavior [ RunTime:0.000757s ]
INFO: Run TokenBuild Behavior [ RunTime:0.000786s ]
INFO: Run WriteHtmlCache Behavior [ RunTime:0.000489s ]
INFO: Run ShowRuntime Behavior [ RunTime:0.000819s ]
INFO: [ view_filter ] --END-- [ RunTime:0.003197s ]
INFO: [ view_end ] --START--
INFO: Run ShowPageTrace Behavior [ RunTime:0.002054s ]
INFO: [ view_end ] --END-- [ RunTime:0.002168s ]

[ 2014-01-29T23:21:07+08:00 ] 127.0.0.1 /lejun/index.php/UserInfo/user_info_tz.html
INFO: [ app_begin ] --START--
INFO: Run ReadHtmlCache Behavior [ RunTime:0.001401s ]
INFO: [ app_begin ] --END-- [ RunTime:0.001595s ]
INFO: [ view_template ] --START--
INFO: Run LocationTemplate Behavior [ RunTime:0.003724s ]
INFO: [ view_template ] --END-- [ RunTime:0.003919s ]
INFO: [ view_parse ] --START--
INFO: Run ParseTemplate Behavior [ RunTime:0.016480s ]
INFO: [ view_parse ] --END-- [ RunTime:0.016627s ]
INFO: [ view_filter ] --START--
INFO: Run ContentReplace Behavior [ RunTime:0.000491s ]
INFO: Run TokenBuild Behavior [ RunTime:0.000476s ]
INFO: Run WriteHtmlCache Behavior [ RunTime:0.000336s ]
INFO: Run ShowRuntime Behavior [ RunTime:0.000585s ]
INFO: [ view_filter ] --END-- [ RunTime:0.002110s ]
INFO: [ view_end ] --START--
INFO: Run ShowPageTrace Behavior [ RunTime:0.001470s ]
INFO: [ view_end ] --END-- [ RunTime:0.001551s ]

[ 2014-01-29T23:21:08+08:00 ] 127.0.0.1 /lejun/index.php/UserInfo/user_info_gl.html
INFO: [ app_begin ] --START--
INFO: Run ReadHtmlCache Behavior [ RunTime:0.001195s ]
INFO: [ app_begin ] --END-- [ RunTime:0.001336s ]
INFO: [ view_template ] --START--
INFO: Run LocationTemplate Behavior [ RunTime:0.003264s ]
INFO: [ view_template ] --END-- [ RunTime:0.003417s ]
INFO: [ view_parse ] --START--
INFO: Run ParseTemplate Behavior [ RunTime:0.014013s ]
INFO: [ view_parse ] --END-- [ RunTime:0.014156s ]
INFO: [ view_filter ] --START--
INFO: Run ContentReplace Behavior [ RunTime:0.000633s ]
INFO: Run TokenBuild Behavior [ RunTime:0.000655s ]
INFO: Run WriteHtmlCache Behavior [ RunTime:0.000454s ]
INFO: Run ShowRuntime Behavior [ RunTime:0.000595s ]
INFO: [ view_filter ] --END-- [ RunTime:0.002624s ]
INFO: [ view_end ] --START--
INFO: Run ShowPageTrace Behavior [ RunTime:0.001559s ]
INFO: [ view_end ] --END-- [ RunTime:0.001641s ]

[ 2014-01-29T23:21:09+08:00 ] 127.0.0.1 /lejun/index.php/UserInfo/user_info_tz.html
INFO: [ app_begin ] --START--
INFO: Run ReadHtmlCache Behavior [ RunTime:0.001072s ]
INFO: [ app_begin ] --END-- [ RunTime:0.001202s ]
INFO: [ view_template ] --START--
INFO: Run LocationTemplate Behavior [ RunTime:0.003961s ]
INFO: [ view_template ] --END-- [ RunTime:0.004156s ]
INFO: [ view_parse ] --START--
INFO: Run ParseTemplate Behavior [ RunTime:0.015212s ]
INFO: [ view_parse ] --END-- [ RunTime:0.015364s ]
INFO: [ view_filter ] --START--
INFO: Run ContentReplace Behavior [ RunTime:0.000478s ]
INFO: Run TokenBuild Behavior [ RunTime:0.000487s ]
INFO: Run WriteHtmlCache Behavior [ RunTime:0.000337s ]
INFO: Run ShowRuntime Behavior [ RunTime:0.000591s ]
INFO: [ view_filter ] --END-- [ RunTime:0.002116s ]
INFO: [ view_end ] --START--
INFO: Run ShowPageTrace Behavior [ RunTime:0.001526s ]
INFO: [ view_end ] --END-- [ RunTime:0.001607s ]

[ 2014-01-29T23:21:09+08:00 ] 127.0.0.1 /lejun/index.php/UserInfo/user_info_gl.html
INFO: [ app_begin ] --START--
INFO: Run ReadHtmlCache Behavior [ RunTime:0.000694s ]
INFO: [ app_begin ] --END-- [ RunTime:0.000778s ]
INFO: [ view_template ] --START--
INFO: Run LocationTemplate Behavior [ RunTime:0.003502s ]
INFO: [ view_template ] --END-- [ RunTime:0.003650s ]
INFO: [ view_parse ] --START--
INFO: Run ParseTemplate Behavior [ RunTime:0.015993s ]
INFO: [ view_parse ] --END-- [ RunTime:0.016155s ]
INFO: [ view_filter ] --START--
INFO: Run ContentReplace Behavior [ RunTime:0.000677s ]
INFO: Run TokenBuild Behavior [ RunTime:0.000665s ]
INFO: Run WriteHtmlCache Behavior [ RunTime:0.000370s ]
INFO: Run ShowRuntime Behavior [ RunTime:0.000785s ]
INFO: [ view_filter ] --END-- [ RunTime:0.002788s ]
INFO: [ view_end ] --START--
INFO: Run ShowPageTrace Behavior [ RunTime:0.001544s ]
INFO: [ view_end ] --END-- [ RunTime:0.001626s ]

[ 2014-01-29T23:21:09+08:00 ] 127.0.0.1 /lejun/index.php/UserInfo/user_info_ly.html
INFO: [ app_begin ] --START--
INFO: Run ReadHtmlCache Behavior [ RunTime:0.001070s ]
INFO: [ app_begin ] --END-- [ RunTime:0.001214s ]
INFO: [ view_template ] --START--
INFO: Run LocationTemplate Behavior [ RunTime:0.002965s ]
INFO: [ view_template ] --END-- [ RunTime:0.003091s ]
INFO: [ view_parse ] --START--
INFO: Run ParseTemplate Behavior [ RunTime:0.015557s ]
INFO: [ view_parse ] --END-- [ RunTime:0.015715s ]
INFO: [ view_filter ] --START--
INFO: Run ContentReplace Behavior [ RunTime:0.000646s ]
INFO: Run TokenBuild Behavior [ RunTime:0.000651s ]
INFO: Run WriteHtmlCache Behavior [ RunTime:0.000452s ]
INFO: Run ShowRuntime Behavior [ RunTime:0.000811s ]
INFO: [ view_filter ] --END-- [ RunTime:0.002864s ]
INFO: [ view_end ] --START--
INFO: Run ShowPageTrace Behavior [ RunTime:0.001503s ]
INFO: [ view_end ] --END-- [ RunTime:0.001582s ]

[ 2014-01-29T23:21:11+08:00 ] 127.0.0.1 /lejun/index.php/UserInfo/user_info_tz.html
INFO: [ app_begin ] --START--
INFO: Run ReadHtmlCache Behavior [ RunTime:0.000723s ]
INFO: [ app_begin ] --END-- [ RunTime:0.000818s ]
INFO: [ view_template ] --START--
INFO: Run LocationTemplate Behavior [ RunTime:0.003607s ]
INFO: [ view_template ] --END-- [ RunTime:0.003755s ]
INFO: [ view_parse ] --START--
INFO: Run ParseTemplate Behavior [ RunTime:0.017720s ]
INFO: [ view_parse ] --END-- [ RunTime:0.017860s ]
INFO: [ view_filter ] --START--
INFO: Run ContentReplace Behavior [ RunTime:0.000497s ]
INFO: Run TokenBuild Behavior [ RunTime:0.000479s ]
INFO: Run WriteHtmlCache Behavior [ RunTime:0.000335s ]
INFO: Run ShowRuntime Behavior [ RunTime:0.000593s ]
INFO: [ view_filter ] --END-- [ RunTime:0.002127s ]
INFO: [ view_end ] --START--
INFO: Run ShowPageTrace Behavior [ RunTime:0.001524s ]
INFO: [ view_end ] --END-- [ RunTime:0.001603s ]

[ 2014-01-29T23:28:44+08:00 ] 127.0.0.1 /lejun/index.php/UserInfo/user_info.html
INFO: [ app_begin ] --START--
INFO: Run ReadHtmlCache Behavior [ RunTime:0.003510s ]
INFO: [ app_begin ] --END-- [ RunTime:0.003686s ]
INFO: [ view_template ] --START--
INFO: Run LocationTemplate Behavior [ RunTime:0.006444s ]
INFO: [ view_template ] --END-- [ RunTime:0.006645s ]
INFO: [ view_parse ] --START--
INFO: Run ParseTemplate Behavior [ RunTime:0.023160s ]
INFO: [ view_parse ] --END-- [ RunTime:0.023329s ]
INFO: [ view_filter ] --START--
INFO: Run ContentReplace Behavior [ RunTime:0.002144s ]
INFO: Run TokenBuild Behavior [ RunTime:0.003381s ]
INFO: Run WriteHtmlCache Behavior [ RunTime:0.002620s ]
INFO: Run ShowRuntime Behavior [ RunTime:0.002502s ]
INFO: [ view_filter ] --END-- [ RunTime:0.011016s ]
INFO: [ view_end ] --START--
INFO: Run ShowPageTrace Behavior [ RunTime:0.002678s ]
INFO: [ view_end ] --END-- [ RunTime:0.002780s ]

[ 2014-01-29T23:29:47+08:00 ] 127.0.0.1 /lejun/index.php/UserInfo/user_info.html
INFO: [ app_begin ] --START--
INFO: Run ReadHtmlCache Behavior [ RunTime:0.003231s ]
INFO: [ app_begin ] --END-- [ RunTime:0.003406s ]
INFO: [ view_template ] --START--
INFO: Run LocationTemplate Behavior [ RunTime:0.004284s ]
INFO: [ view_template ] --END-- [ RunTime:0.004458s ]
INFO: [ view_parse ] --START--
INFO: Run ParseTemplate Behavior [ RunTime:0.027122s ]
INFO: [ view_parse ] --END-- [ RunTime:0.027278s ]
INFO: [ view_filter ] --START--
INFO: Run ContentReplace Behavior [ RunTime:0.002451s ]
INFO: Run TokenBuild Behavior [ RunTime:0.002143s ]
INFO: Run WriteHtmlCache Behavior [ RunTime:0.001759s ]
INFO: Run ShowRuntime Behavior [ RunTime:0.002568s ]
INFO: [ view_filter ] --END-- [ RunTime:0.009241s ]
INFO: [ view_end ] --START--
INFO: Run ShowPageTrace Behavior [ RunTime:0.002348s ]
INFO: [ view_end ] --END-- [ RunTime:0.002459s ]

[ 2014-01-29T23:31:33+08:00 ] 127.0.0.1 /lejun/index.php/UserInfo/user_info_tz.html
INFO: [ app_begin ] --START--
INFO: Run ReadHtmlCache Behavior [ RunTime:0.002166s ]
INFO: [ app_begin ] --END-- [ RunTime:0.002262s ]
INFO: [ view_template ] --START--
INFO: Run LocationTemplate Behavior [ RunTime:0.005286s ]
INFO: [ view_template ] --END-- [ RunTime:0.005415s ]
INFO: [ view_parse ] --START--
INFO: Run ParseTemplate Behavior [ RunTime:0.021735s ]
INFO: [ view_parse ] --END-- [ RunTime:0.021864s ]
INFO: [ view_filter ] --START--
INFO: Run ContentReplace Behavior [ RunTime:0.001902s ]
INFO: Run TokenBuild Behavior [ RunTime:0.001965s ]
INFO: Run WriteHtmlCache Behavior [ RunTime:0.002531s ]
INFO: Run ShowRuntime Behavior [ RunTime:0.002552s ]
INFO: [ view_filter ] --END-- [ RunTime:0.009285s ]
INFO: [ view_end ] --START--
INFO: Run ShowPageTrace Behavior [ RunTime:0.003359s ]
INFO: [ view_end ] --END-- [ RunTime:0.003492s ]

[ 2014-01-29T23:31:34+08:00 ] 127.0.0.1 /lejun/index.php/UserInfo/user_info_gl.html
INFO: [ app_begin ] --START--
INFO: Run ReadHtmlCache Behavior [ RunTime:0.001017s ]
INFO: [ app_begin ] --END-- [ RunTime:0.001151s ]
INFO: [ view_template ] --START--
INFO: Run LocationTemplate Behavior [ RunTime:0.002653s ]
INFO: [ view_template ] --END-- [ RunTime:0.002758s ]
INFO: [ view_parse ] --START--
INFO: Run ParseTemplate Behavior [ RunTime:0.014644s ]
INFO: [ view_parse ] --END-- [ RunTime:0.014762s ]
INFO: [ view_filter ] --START--
INFO: Run ContentReplace Behavior [ RunTime:0.000485s ]
INFO: Run TokenBuild Behavior [ RunTime:0.000491s ]
INFO: Run WriteHtmlCache Behavior [ RunTime:0.000342s ]
INFO: Run ShowRuntime Behavior [ RunTime:0.000607s ]
INFO: [ view_filter ] --END-- [ RunTime:0.002151s ]
INFO: [ view_end ] --START--
INFO: Run ShowPageTrace Behavior [ RunTime:0.001530s ]
INFO: [ view_end ] --END-- [ RunTime:0.001616s ]

[ 2014-01-29T23:31:35+08:00 ] 127.0.0.1 /lejun/index.php/UserInfo/user_info_ly.html
INFO: [ app_begin ] --START--
INFO: Run ReadHtmlCache Behavior [ RunTime:0.000852s ]
INFO: [ app_begin ] --END-- [ RunTime:0.000973s ]
INFO: [ view_template ] --START--
INFO: Run LocationTemplate Behavior [ RunTime:0.001286s ]
INFO: [ view_template ] --END-- [ RunTime:0.001399s ]
INFO: [ view_parse ] --START--
INFO: Run ParseTemplate Behavior [ RunTime:0.013778s ]
INFO: [ view_parse ] --END-- [ RunTime:0.013916s ]
INFO: [ view_filter ] --START--
INFO: Run ContentReplace Behavior [ RunTime:0.000696s ]
INFO: Run TokenBuild Behavior [ RunTime:0.000822s ]
INFO: Run WriteHtmlCache Behavior [ RunTime:0.000805s ]
INFO: Run ShowRuntime Behavior [ RunTime:0.001062s ]
INFO: [ view_filter ] --END-- [ RunTime:0.003874s ]
INFO: [ view_end ] --START--
INFO: Run ShowPageTrace Behavior [ RunTime:0.001923s ]
INFO: [ view_end ] --END-- [ RunTime:0.002012s ]

[ 2014-01-29T23:31:35+08:00 ] 127.0.0.1 /lejun/index.php/UserInfo/user_info.html
INFO: [ app_begin ] --START--
INFO: Run ReadHtmlCache Behavior [ RunTime:0.001363s ]
INFO: [ app_begin ] --END-- [ RunTime:0.001512s ]
INFO: [ view_template ] --START--
INFO: Run LocationTemplate Behavior [ RunTime:0.003293s ]
INFO: [ view_template ] --END-- [ RunTime:0.003442s ]
INFO: [ view_parse ] --START--
INFO: Run ParseTemplate Behavior [ RunTime:0.013970s ]
INFO: [ view_parse ] --END-- [ RunTime:0.014093s ]
INFO: [ view_filter ] --START--
INFO: Run ContentReplace Behavior [ RunTime:0.000527s ]
INFO: Run TokenBuild Behavior [ RunTime:0.000487s ]
INFO: Run WriteHtmlCache Behavior [ RunTime:0.000387s ]
INFO: Run ShowRuntime Behavior [ RunTime:0.000595s ]
INFO: [ view_filter ] --END-- [ RunTime:0.002224s ]
INFO: [ view_end ] --START--
INFO: Run ShowPageTrace Behavior [ RunTime:0.001671s ]
INFO: [ view_end ] --END-- [ RunTime:0.001789s ]

[ 2014-01-29T23:31:36+08:00 ] 127.0.0.1 /lejun/index.php/UserInfo/user_info_ly.html
INFO: [ app_begin ] --START--
INFO: Run ReadHtmlCache Behavior [ RunTime:0.001331s ]
INFO: [ app_begin ] --END-- [ RunTime:0.001468s ]
INFO: [ view_template ] --START--
INFO: Run LocationTemplate Behavior [ RunTime:0.001826s ]
INFO: [ view_template ] --END-- [ RunTime:0.001980s ]
INFO: [ view_parse ] --START--
INFO: Run ParseTemplate Behavior [ RunTime:0.012256s ]
INFO: [ view_parse ] --END-- [ RunTime:0.012391s ]
INFO: [ view_filter ] --START--
INFO: Run ContentReplace Behavior [ RunTime:0.000689s ]
INFO: Run TokenBuild Behavior [ RunTime:0.000671s ]
INFO: Run WriteHtmlCache Behavior [ RunTime:0.000482s ]
INFO: Run ShowRuntime Behavior [ RunTime:0.000841s ]
INFO: [ view_filter ] --END-- [ RunTime:0.003012s ]
INFO: [ view_end ] --START--
INFO: Run ShowPageTrace Behavior [ RunTime:0.001588s ]
INFO: [ view_end ] --END-- [ RunTime:0.001678s ]

[ 2014-01-29T23:31:36+08:00 ] 127.0.0.1 /lejun/index.php/UserInfo/user_info_gl.html
INFO: [ app_begin ] --START--
INFO: Run ReadHtmlCache Behavior [ RunTime:0.001013s ]
INFO: [ app_begin ] --END-- [ RunTime:0.001134s ]
INFO: [ view_template ] --START--
INFO: Run LocationTemplate Behavior [ RunTime:0.003050s ]
INFO: [ view_template ] --END-- [ RunTime:0.003209s ]
INFO: [ view_parse ] --START--
INFO: Run ParseTemplate Behavior [ RunTime:0.015575s ]
INFO: [ view_parse ] --END-- [ RunTime:0.015719s ]
INFO: [ view_filter ] --START--
INFO: Run ContentReplace Behavior [ RunTime:0.000493s ]
INFO: Run TokenBuild Behavior [ RunTime:0.000524s ]
INFO: Run WriteHtmlCache Behavior [ RunTime:0.000364s ]
INFO: Run ShowRuntime Behavior [ RunTime:0.000777s ]
INFO: [ view_filter ] --END-- [ RunTime:0.002388s ]
INFO: [ view_end ] --START--
INFO: Run ShowPageTrace Behavior [ RunTime:0.001617s ]
INFO: [ view_end ] --END-- [ RunTime:0.001709s ]

[ 2014-01-29T23:31:37+08:00 ] 127.0.0.1 /lejun/index.php/UserInfo/user_info_tz.html
INFO: [ app_begin ] --START--
INFO: Run ReadHtmlCache Behavior [ RunTime:0.001016s ]
INFO: [ app_begin ] --END-- [ RunTime:0.001152s ]
INFO: [ view_template ] --START--
INFO: Run LocationTemplate Behavior [ RunTime:0.003546s ]
INFO: [ view_template ] --END-- [ RunTime:0.003717s ]
INFO: [ view_parse ] --START--
INFO: Run ParseTemplate Behavior [ RunTime:0.012521s ]
INFO: [ view_parse ] --END-- [ RunTime:0.012641s ]
INFO: [ view_filter ] --START--
INFO: Run ContentReplace Behavior [ RunTime:0.000477s ]
INFO: Run TokenBuild Behavior [ RunTime:0.000501s ]
INFO: Run WriteHtmlCache Behavior [ RunTime:0.000339s ]
INFO: Run ShowRuntime Behavior [ RunTime:0.000816s ]
INFO: [ view_filter ] --END-- [ RunTime:0.002386s ]
INFO: [ view_end ] --START--
INFO: Run ShowPageTrace Behavior [ RunTime:0.002202s ]
INFO: [ view_end ] --END-- [ RunTime:0.002341s ]

[ 2014-01-29T23:31:38+08:00 ] 127.0.0.1 /lejun/index.php/UserInfo/user_info_gl.html
INFO: [ app_begin ] --START--
INFO: Run ReadHtmlCache Behavior [ RunTime:0.000693s ]
INFO: [ app_begin ] --END-- [ RunTime:0.000777s ]
INFO: [ view_template ] --START--
INFO: Run LocationTemplate Behavior [ RunTime:0.003008s ]
INFO: [ view_template ] --END-- [ RunTime:0.003133s ]
INFO: [ view_parse ] --START--
INFO: Run ParseTemplate Behavior [ RunTime:0.013948s ]
INFO: [ view_parse ] --END-- [ RunTime:0.014082s ]
INFO: [ view_filter ] --START--
INFO: Run ContentReplace Behavior [ RunTime:0.000628s ]
INFO: Run TokenBuild Behavior [ RunTime:0.000654s ]
INFO: Run WriteHtmlCache Behavior [ RunTime:0.000472s ]
INFO: Run ShowRuntime Behavior [ RunTime:0.000803s ]
INFO: [ view_filter ] --END-- [ RunTime:0.002865s ]
INFO: [ view_end ] --START--
INFO: Run ShowPageTrace Behavior [ RunTime:0.001997s ]
INFO: [ view_end ] --END-- [ RunTime:0.002108s ]

[ 2014-01-29T23:31:38+08:00 ] 127.0.0.1 /lejun/index.php/UserInfo/user_info_ly.html
INFO: [ app_begin ] --START--
INFO: Run ReadHtmlCache Behavior [ RunTime:0.001085s ]
INFO: [ app_begin ] --END-- [ RunTime:0.001232s ]
INFO: [ view_template ] --START--
INFO: Run LocationTemplate Behavior [ RunTime:0.001671s ]
INFO: [ view_template ] --END-- [ RunTime:0.001811s ]
INFO: [ view_parse ] --START--
INFO: Run ParseTemplate Behavior [ RunTime:0.012035s ]
INFO: [ view_parse ] --END-- [ RunTime:0.012172s ]
INFO: [ view_filter ] --START--
INFO: Run ContentReplace Behavior [ RunTime:0.000489s ]
INFO: Run TokenBuild Behavior [ RunTime:0.000485s ]
INFO: Run WriteHtmlCache Behavior [ RunTime:0.000355s ]
INFO: Run ShowRuntime Behavior [ RunTime:0.000588s ]
INFO: [ view_filter ] --END-- [ RunTime:0.002139s ]
INFO: [ view_end ] --START--
INFO: Run ShowPageTrace Behavior [ RunTime:0.001484s ]
INFO: [ view_end ] --END-- [ RunTime:0.001564s ]

[ 2014-01-29T23:31:39+08:00 ] 127.0.0.1 /lejun/index.php/UserInfo/user_info.html
INFO: [ app_begin ] --START--
INFO: Run ReadHtmlCache Behavior [ RunTime:0.000725s ]
INFO: [ app_begin ] --END-- [ RunTime:0.000810s ]
INFO: [ view_template ] --START--
INFO: Run LocationTemplate Behavior [ RunTime:0.003526s ]
INFO: [ view_template ] --END-- [ RunTime:0.003692s ]
INFO: [ view_parse ] --START--
INFO: Run ParseTemplate Behavior [ RunTime:0.018527s ]
INFO: [ view_parse ] --END-- [ RunTime:0.018661s ]
INFO: [ view_filter ] --START--
INFO: Run ContentReplace Behavior [ RunTime:0.000630s ]
INFO: Run TokenBuild Behavior [ RunTime:0.000701s ]
INFO: Run WriteHtmlCache Behavior [ RunTime:0.000459s ]
INFO: Run ShowRuntime Behavior [ RunTime:0.000803s ]
INFO: [ view_filter ] --END-- [ RunTime:0.002891s ]
INFO: [ view_end ] --START--
INFO: Run ShowPageTrace Behavior [ RunTime:0.002017s ]
INFO: [ view_end ] --END-- [ RunTime:0.002131s ]

[ 2014-01-29T23:37:32+08:00 ] 127.0.0.1 /lejun/index.php/UserInfo/user_info.html
INFO: [ app_begin ] --START--
INFO: Run ReadHtmlCache Behavior [ RunTime:0.003044s ]
INFO: [ app_begin ] --END-- [ RunTime:0.003247s ]
INFO: [ view_template ] --START--
INFO: Run LocationTemplate Behavior [ RunTime:0.004922s ]
INFO: [ view_template ] --END-- [ RunTime:0.005083s ]
INFO: [ view_parse ] --START--
INFO: Run ParseTemplate Behavior [ RunTime:0.021471s ]
INFO: [ view_parse ] --END-- [ RunTime:0.021617s ]
INFO: [ view_filter ] --START--
INFO: Run ContentReplace Behavior [ RunTime:0.002006s ]
INFO: Run TokenBuild Behavior [ RunTime:0.001880s ]
INFO: Run WriteHtmlCache Behavior [ RunTime:0.001767s ]
INFO: Run ShowRuntime Behavior [ RunTime:0.001956s ]
INFO: [ view_filter ] --END-- [ RunTime:0.007874s ]
INFO: [ view_end ] --START--
INFO: Run ShowPageTrace Behavior [ RunTime:0.002260s ]
INFO: [ view_end ] --END-- [ RunTime:0.002365s ]

[ 2014-01-29T23:37:53+08:00 ] 127.0.0.1 /lejun/index.php/UserInfo/user_info.html
INFO: [ app_begin ] --START--
INFO: Run ReadHtmlCache Behavior [ RunTime:0.001163s ]
INFO: [ app_begin ] --END-- [ RunTime:0.001332s ]
INFO: [ view_template ] --START--
INFO: Run LocationTemplate Behavior [ RunTime:0.004353s ]
INFO: [ view_template ] --END-- [ RunTime:0.004541s ]
INFO: [ view_parse ] --START--
INFO: Run ParseTemplate Behavior [ RunTime:0.019418s ]
INFO: [ view_parse ] --END-- [ RunTime:0.019561s ]
INFO: [ view_filter ] --START--
INFO: Run ContentReplace Behavior [ RunTime:0.000488s ]
INFO: Run TokenBuild Behavior [ RunTime:0.000475s ]
INFO: Run WriteHtmlCache Behavior [ RunTime:0.000332s ]
INFO: Run ShowRuntime Behavior [ RunTime:0.000610s ]
INFO: [ view_filter ] --END-- [ RunTime:0.002130s ]
INFO: [ view_end ] --START--
INFO: Run ShowPageTrace Behavior [ RunTime:0.001764s ]
INFO: [ view_end ] --END-- [ RunTime:0.001858s ]

[ 2014-01-29T23:37:54+08:00 ] 127.0.0.1 /lejun/index.php/UserInfo/user_info.html
INFO: [ app_begin ] --START--
INFO: Run ReadHtmlCache Behavior [ RunTime:0.003200s ]
INFO: [ app_begin ] --END-- [ RunTime:0.003363s ]
INFO: [ view_template ] --START--
INFO: Run LocationTemplate Behavior [ RunTime:0.005683s ]
INFO: [ view_template ] --END-- [ RunTime:0.005847s ]
INFO: [ view_parse ] --START--
INFO: Run ParseTemplate Behavior [ RunTime:0.025925s ]
INFO: [ view_parse ] --END-- [ RunTime:0.026079s ]
INFO: [ view_filter ] --START--
INFO: Run ContentReplace Behavior [ RunTime:0.002908s ]
INFO: Run TokenBuild Behavior [ RunTime:0.002749s ]
INFO: Run WriteHtmlCache Behavior [ RunTime:0.002360s ]
INFO: Run ShowRuntime Behavior [ RunTime:0.002743s ]
INFO: [ view_filter ] --END-- [ RunTime:0.011130s ]
INFO: [ view_end ] --START--
INFO: Run ShowPageTrace Behavior [ RunTime:0.002796s ]
INFO: [ view_end ] --END-- [ RunTime:0.002901s ]

[ 2014-01-29T23:49:06+08:00 ] 127.0.0.1 /lejun/index.php/UserInfo/user_info.html
INFO: [ app_begin ] --START--
INFO: Run ReadHtmlCache Behavior [ RunTime:0.003256s ]
INFO: [ app_begin ] --END-- [ RunTime:0.003434s ]
INFO: [ view_template ] --START--
INFO: Run LocationTemplate Behavior [ RunTime:0.007325s ]
INFO: [ view_template ] --END-- [ RunTime:0.007563s ]
INFO: [ view_parse ] --START--
INFO: Run ParseTemplate Behavior [ RunTime:0.026979s ]
INFO: [ view_parse ] --END-- [ RunTime:0.027107s ]
INFO: [ view_filter ] --START--
INFO: Run ContentReplace Behavior [ RunTime:0.001972s ]
INFO: Run TokenBuild Behavior [ RunTime:0.002379s ]
INFO: Run WriteHtmlCache Behavior [ RunTime:0.001907s ]
INFO: Run ShowRuntime Behavior [ RunTime:0.002313s ]
INFO: [ view_filter ] --END-- [ RunTime:0.008900s ]
INFO: [ view_end ] --START--
INFO: Run ShowPageTrace Behavior [ RunTime:0.002473s ]
INFO: [ view_end ] --END-- [ RunTime:0.002575s ]

[ 2014-01-29T23:49:10+08:00 ] 127.0.0.1 /lejun/index.php/UserInfo/user_info.html
INFO: [ app_begin ] --START--
INFO: Run ReadHtmlCache Behavior [ RunTime:0.001149s ]
INFO: [ app_begin ] --END-- [ RunTime:0.001302s ]
INFO: [ view_template ] --START--
INFO: Run LocationTemplate Behavior [ RunTime:0.003551s ]
INFO: [ view_template ] --END-- [ RunTime:0.003723s ]
INFO: [ view_parse ] --START--
INFO: Run ParseTemplate Behavior [ RunTime:0.018756s ]
INFO: [ view_parse ] --END-- [ RunTime:0.018896s ]
INFO: [ view_filter ] --START--
INFO: Run ContentReplace Behavior [ RunTime:0.000478s ]
INFO: Run TokenBuild Behavior [ RunTime:0.000557s ]
INFO: Run WriteHtmlCache Behavior [ RunTime:0.000512s ]
INFO: Run ShowRuntime Behavior [ RunTime:0.000841s ]
INFO: [ view_filter ] --END-- [ RunTime:0.002685s ]
INFO: [ view_end ] --START--
INFO: Run ShowPageTrace Behavior [ RunTime:0.002137s ]
INFO: [ view_end ] --END-- [ RunTime:0.002268s ]

[ 2014-01-29T23:49:33+08:00 ] 127.0.0.1 /lejun/index.php/UserInfo/user_info.html
INFO: [ app_begin ] --START--
INFO: Run ReadHtmlCache Behavior [ RunTime:0.001097s ]
INFO: [ app_begin ] --END-- [ RunTime:0.001282s ]
INFO: [ view_template ] --START--
INFO: Run LocationTemplate Behavior [ RunTime:0.004204s ]
INFO: [ view_template ] --END-- [ RunTime:0.004397s ]
INFO: [ view_parse ] --START--
INFO: Run ParseTemplate Behavior [ RunTime:0.019172s ]
INFO: [ view_parse ] --END-- [ RunTime:0.019322s ]
INFO: [ view_filter ] --START--
INFO: Run ContentReplace Behavior [ RunTime:0.000611s ]
INFO: Run TokenBuild Behavior [ RunTime:0.000731s ]
INFO: Run WriteHtmlCache Behavior [ RunTime:0.000520s ]
INFO: Run ShowRuntime Behavior [ RunTime:0.000832s ]
INFO: [ view_filter ] --END-- [ RunTime:0.003019s ]
INFO: [ view_end ] --START--
INFO: Run ShowPageTrace Behavior [ RunTime:0.002072s ]
INFO: [ view_end ] --END-- [ RunTime:0.002193s ]

[ 2014-01-29T23:49:34+08:00 ] 127.0.0.1 /lejun/index.php/UserInfo/user_info.html
INFO: [ app_begin ] --START--
INFO: Run ReadHtmlCache Behavior [ RunTime:0.000707s ]
INFO: [ app_begin ] --END-- [ RunTime:0.000793s ]
INFO: [ view_template ] --START--
INFO: Run LocationTemplate Behavior [ RunTime:0.002743s ]
INFO: [ view_template ] --END-- [ RunTime:0.002875s ]
INFO: [ view_parse ] --START--
INFO: Run ParseTemplate Behavior [ RunTime:0.020803s ]
INFO: [ view_parse ] --END-- [ RunTime:0.020952s ]
INFO: [ view_filter ] --START--
INFO: Run ContentReplace Behavior [ RunTime:0.000712s ]
INFO: Run TokenBuild Behavior [ RunTime:0.000747s ]
INFO: Run WriteHtmlCache Behavior [ RunTime:0.000606s ]
INFO: Run ShowRuntime Behavior [ RunTime:0.000971s ]
INFO: [ view_filter ] --END-- [ RunTime:0.003447s ]
INFO: [ view_end ] --START--
INFO: Run ShowPageTrace Behavior [ RunTime:0.002228s ]
INFO: [ view_end ] --END-- [ RunTime:0.002375s ]

[ 2014-01-29T23:50:52+08:00 ] 127.0.0.1 /lejun/index.php/UserInfo/user_info.html
INFO: [ app_begin ] --START--
INFO: Run ReadHtmlCache Behavior [ RunTime:0.003723s ]
INFO: [ app_begin ] --END-- [ RunTime:0.003901s ]
INFO: [ view_template ] --START--
INFO: Run LocationTemplate Behavior [ RunTime:0.004755s ]
INFO: [ view_template ] --END-- [ RunTime:0.004895s ]
INFO: [ view_parse ] --START--
INFO: Run ParseTemplate Behavior [ RunTime:0.023115s ]
INFO: [ view_parse ] --END-- [ RunTime:0.023240s ]
INFO: [ view_filter ] --START--
INFO: Run ContentReplace Behavior [ RunTime:0.002573s ]
INFO: Run TokenBuild Behavior [ RunTime:0.002535s ]
INFO: Run WriteHtmlCache Behavior [ RunTime:0.002326s ]
INFO: Run ShowRuntime Behavior [ RunTime:0.002784s ]
INFO: [ view_filter ] --END-- [ RunTime:0.010546s ]
INFO: [ view_end ] --START--
INFO: Run ShowPageTrace Behavior [ RunTime:0.002953s ]
INFO: [ view_end ] --END-- [ RunTime:0.003072s ]

[ 2014-01-29T23:50:53+08:00 ] 127.0.0.1 /lejun/index.php/UserInfo/user_info.html
INFO: [ app_begin ] --START--
INFO: Run ReadHtmlCache Behavior [ RunTime:0.000785s ]
INFO: [ app_begin ] --END-- [ RunTime:0.000894s ]
INFO: [ view_template ] --START--
INFO: Run LocationTemplate Behavior [ RunTime:0.002834s ]
INFO: [ view_template ] --END-- [ RunTime:0.002974s ]
INFO: [ view_parse ] --START--
INFO: Run ParseTemplate Behavior [ RunTime:0.022536s ]
INFO: [ view_parse ] --END-- [ RunTime:0.022723s ]
INFO: [ view_filter ] --START--
INFO: Run ContentReplace Behavior [ RunTime:0.000813s ]
INFO: Run TokenBuild Behavior [ RunTime:0.000815s ]
INFO: Run WriteHtmlCache Behavior [ RunTime:0.000578s ]
INFO: Run ShowRuntime Behavior [ RunTime:0.001067s ]
INFO: [ view_filter ] --END-- [ RunTime:0.003709s ]
INFO: [ view_end ] --START--
INFO: Run ShowPageTrace Behavior [ RunTime:0.002735s ]
INFO: [ view_end ] --END-- [ RunTime:0.002895s ]

[ 2014-01-29T23:50:53+08:00 ] 127.0.0.1 /lejun/index.php/UserInfo/user_info.html
INFO: [ app_begin ] --START--
INFO: Run ReadHtmlCache Behavior [ RunTime:0.001025s ]
INFO: [ app_begin ] --END-- [ RunTime:0.001166s ]
INFO: [ view_template ] --START--
INFO: Run LocationTemplate Behavior [ RunTime:0.003538s ]
INFO: [ view_template ] --END-- [ RunTime:0.003700s ]
INFO: [ view_parse ] --START--
INFO: Run ParseTemplate Behavior [ RunTime:0.019668s ]
INFO: [ view_parse ] --END-- [ RunTime:0.019827s ]
INFO: [ view_filter ] --START--
INFO: Run ContentReplace Behavior [ RunTime:0.000778s ]
INFO: Run TokenBuild Behavior [ RunTime:0.000754s ]
INFO: Run WriteHtmlCache Behavior [ RunTime:0.000536s ]
INFO: Run ShowRuntime Behavior [ RunTime:0.000923s ]
INFO: [ view_filter ] --END-- [ RunTime:0.003352s ]
INFO: [ view_end ] --START--
INFO: Run ShowPageTrace Behavior [ RunTime:0.002264s ]
INFO: [ view_end ] --END-- [ RunTime:0.002400s ]

[ 2014-01-29T23:50:54+08:00 ] 127.0.0.1 /lejun/index.php/UserInfo/user_info.html
INFO: [ app_begin ] --START--
INFO: Run ReadHtmlCache Behavior [ RunTime:0.001043s ]
INFO: [ app_begin ] --END-- [ RunTime:0.001188s ]
INFO: [ view_template ] --START--
INFO: Run LocationTemplate Behavior [ RunTime:0.003485s ]
INFO: [ view_template ] --END-- [ RunTime:0.003646s ]
INFO: [ view_parse ] --START--
INFO: Run ParseTemplate Behavior [ RunTime:0.019202s ]
INFO: [ view_parse ] --END-- [ RunTime:0.019338s ]
INFO: [ view_filter ] --START--
INFO: Run ContentReplace Behavior [ RunTime:0.000539s ]
INFO: Run TokenBuild Behavior [ RunTime:0.000522s ]
INFO: Run WriteHtmlCache Behavior [ RunTime:0.000374s ]
INFO: Run ShowRuntime Behavior [ RunTime:0.000656s ]
INFO: [ view_filter ] --END-- [ RunTime:0.002351s ]
INFO: [ view_end ] --START--
INFO: Run ShowPageTrace Behavior [ RunTime:0.002122s ]
INFO: [ view_end ] --END-- [ RunTime:0.002250s ]

[ 2014-01-29T23:50:55+08:00 ] 127.0.0.1 /lejun/index.php/UserInfo/user_info.html
INFO: [ app_begin ] --START--
INFO: Run ReadHtmlCache Behavior [ RunTime:0.001013s ]
INFO: [ app_begin ] --END-- [ RunTime:0.001150s ]
INFO: [ view_template ] --START--
INFO: Run LocationTemplate Behavior [ RunTime:0.003219s ]
INFO: [ view_template ] --END-- [ RunTime:0.003365s ]
INFO: [ view_parse ] --START--
INFO: Run ParseTemplate Behavior [ RunTime:0.021416s ]
INFO: [ view_parse ] --END-- [ RunTime:0.021569s ]
INFO: [ view_filter ] --START--
INFO: Run ContentReplace Behavior [ RunTime:0.000735s ]
INFO: Run TokenBuild Behavior [ RunTime:0.000756s ]
INFO: Run WriteHtmlCache Behavior [ RunTime:0.000511s ]
INFO: Run ShowRuntime Behavior [ RunTime:0.000997s ]
INFO: [ view_filter ] --END-- [ RunTime:0.003380s ]
INFO: [ view_end ] --START--
INFO: Run ShowPageTrace Behavior [ RunTime:0.002504s ]
INFO: [ view_end ] --END-- [ RunTime:0.002659s ]

[ 2014-01-29T23:51:56+08:00 ] 127.0.0.1 /lejun/index.php/UserInfo/user_info.html
INFO: [ app_begin ] --START--
INFO: Run ReadHtmlCache Behavior [ RunTime:0.002976s ]
INFO: [ app_begin ] --END-- [ RunTime:0.003132s ]
INFO: [ view_template ] --START--
INFO: Run LocationTemplate Behavior [ RunTime:0.005625s ]
INFO: [ view_template ] --END-- [ RunTime:0.005791s ]
INFO: [ view_parse ] --START--
INFO: Run ParseTemplate Behavior [ RunTime:0.027587s ]
INFO: [ view_parse ] --END-- [ RunTime:0.027712s ]
INFO: [ view_filter ] --START--
INFO: Run ContentReplace Behavior [ RunTime:0.002303s ]
INFO: Run TokenBuild Behavior [ RunTime:0.002123s ]
INFO: Run WriteHtmlCache Behavior [ RunTime:0.001785s ]
INFO: Run ShowRuntime Behavior [ RunTime:0.002052s ]
INFO: [ view_filter ] --END-- [ RunTime:0.008534s ]
INFO: [ view_end ] --START--
INFO: Run ShowPageTrace Behavior [ RunTime:0.003019s ]
INFO: [ view_end ] --END-- [ RunTime:0.003151s ]

[ 2014-01-29T23:51:57+08:00 ] 127.0.0.1 /lejun/index.php/UserInfo/user_info.html
INFO: [ app_begin ] --START--
INFO: Run ReadHtmlCache Behavior [ RunTime:0.000796s ]
INFO: [ app_begin ] --END-- [ RunTime:0.000903s ]
INFO: [ view_template ] --START--
INFO: Run LocationTemplate Behavior [ RunTime:0.003528s ]
INFO: [ view_template ] --END-- [ RunTime:0.003701s ]
INFO: [ view_parse ] --START--
INFO: Run ParseTemplate Behavior [ RunTime:0.019882s ]
INFO: [ view_parse ] --END-- [ RunTime:0.020063s ]
INFO: [ view_filter ] --START--
INFO: Run ContentReplace Behavior [ RunTime:0.000893s ]
INFO: Run TokenBuild Behavior [ RunTime:0.000792s ]
INFO: Run WriteHtmlCache Behavior [ RunTime:0.000515s ]
INFO: Run ShowRuntime Behavior [ RunTime:0.000867s ]
INFO: [ view_filter ] --END-- [ RunTime:0.003463s ]
INFO: [ view_end ] --START--
INFO: Run ShowPageTrace Behavior [ RunTime:0.001936s ]
INFO: [ view_end ] --END-- [ RunTime:0.002054s ]

[ 2014-01-29T23:52:40+08:00 ] 127.0.0.1 /lejun/index.php/UserInfo/user_info.html
INFO: [ app_begin ] --START--
INFO: Run ReadHtmlCache Behavior [ RunTime:0.000984s ]
INFO: [ app_begin ] --END-- [ RunTime:0.001117s ]
INFO: [ view_template ] --START--
INFO: Run LocationTemplate Behavior [ RunTime:0.003207s ]
INFO: [ view_template ] --END-- [ RunTime:0.003369s ]
INFO: [ view_parse ] --START--
INFO: Run ParseTemplate Behavior [ RunTime:0.018495s ]
INFO: [ view_parse ] --END-- [ RunTime:0.018637s ]
INFO: [ view_filter ] --START--
INFO: Run ContentReplace Behavior [ RunTime:0.001333s ]
INFO: Run TokenBuild Behavior [ RunTime:0.000910s ]
INFO: Run WriteHtmlCache Behavior [ RunTime:0.001164s ]
INFO: Run ShowRuntime Behavior [ RunTime:0.000990s ]
INFO: [ view_filter ] --END-- [ RunTime:0.004977s ]
INFO: [ view_end ] --START--
INFO: Run ShowPageTrace Behavior [ RunTime:0.001869s ]
INFO: [ view_end ] --END-- [ RunTime:0.002004s ]

[ 2014-01-29T23:52:42+08:00 ] 127.0.0.1 /lejun/index.php/UserInfo/user_info.html
INFO: [ app_begin ] --START--
INFO: Run ReadHtmlCache Behavior [ RunTime:0.000971s ]
INFO: [ app_begin ] --END-- [ RunTime:0.001094s ]
INFO: [ view_template ] --START--
INFO: Run LocationTemplate Behavior [ RunTime:0.003595s ]
INFO: [ view_template ] --END-- [ RunTime:0.003772s ]
INFO: [ view_parse ] --START--
INFO: Run ParseTemplate Behavior [ RunTime:0.040331s ]
INFO: [ view_parse ] --END-- [ RunTime:0.040491s ]
INFO: [ view_filter ] --START--
INFO: Run ContentReplace Behavior [ RunTime:0.000861s ]
INFO: Run TokenBuild Behavior [ RunTime:0.000980s ]
INFO: Run WriteHtmlCache Behavior [ RunTime:0.000560s ]
INFO: Run ShowRuntime Behavior [ RunTime:0.000997s ]
INFO: [ view_filter ] --END-- [ RunTime:0.003826s ]
INFO: [ view_end ] --START--
INFO: Run ShowPageTrace Behavior [ RunTime:0.001575s ]
INFO: [ view_end ] --END-- [ RunTime:0.001655s ]

[ 2014-01-29T23:52:59+08:00 ] 127.0.0.1 /lejun/index.php/UserInfo/user_info.html
INFO: [ app_begin ] --START--
INFO: Run ReadHtmlCache Behavior [ RunTime:0.001046s ]
INFO: [ app_begin ] --END-- [ RunTime:0.001186s ]
INFO: [ view_template ] --START--
INFO: Run LocationTemplate Behavior [ RunTime:0.002724s ]
INFO: [ view_template ] --END-- [ RunTime:0.002859s ]
INFO: [ view_parse ] --START--
INFO: Run ParseTemplate Behavior [ RunTime:0.021467s ]
INFO: [ view_parse ] --END-- [ RunTime:0.021647s ]
INFO: [ view_filter ] --START--
INFO: Run ContentReplace Behavior [ RunTime:0.000913s ]
INFO: Run TokenBuild Behavior [ RunTime:0.000616s ]
INFO: Run WriteHtmlCache Behavior [ RunTime:0.000415s ]
INFO: Run ShowRuntime Behavior [ RunTime:0.000662s ]
INFO: [ view_filter ] --END-- [ RunTime:0.002948s ]
INFO: [ view_end ] --START--
INFO: Run ShowPageTrace Behavior [ RunTime:0.002248s ]
INFO: [ view_end ] --END-- [ RunTime:0.002421s ]

[ 2014-01-29T23:53:12+08:00 ] 127.0.0.1 /lejun/index.php/UserInfo/user_info.html
INFO: [ app_begin ] --START--
INFO: Run ReadHtmlCache Behavior [ RunTime:0.003073s ]
INFO: [ app_begin ] --END-- [ RunTime:0.003256s ]
INFO: [ view_template ] --START--
INFO: Run LocationTemplate Behavior [ RunTime:0.005265s ]
INFO: [ view_template ] --END-- [ RunTime:0.005481s ]
INFO: [ view_parse ] --START--
INFO: Run ParseTemplate Behavior [ RunTime:0.030112s ]
INFO: [ view_parse ] --END-- [ RunTime:0.030278s ]
INFO: [ view_filter ] --START--
INFO: Run ContentReplace Behavior [ RunTime:0.002446s ]
INFO: Run TokenBuild Behavior [ RunTime:0.002097s ]
INFO: Run WriteHtmlCache Behavior [ RunTime:0.001935s ]
INFO: Run ShowRuntime Behavior [ RunTime:0.002422s ]
INFO: [ view_filter ] --END-- [ RunTime:0.009211s ]
INFO: [ view_end ] --START--
INFO: Run ShowPageTrace Behavior [ RunTime:0.002280s ]
INFO: [ view_end ] --END-- [ RunTime:0.002381s ]

[ 2014-01-29T23:53:13+08:00 ] 127.0.0.1 /lejun/index.php/UserInfo/user_info.html
INFO: [ app_begin ] --START--
INFO: Run ReadHtmlCache Behavior [ RunTime:0.001004s ]
INFO: [ app_begin ] --END-- [ RunTime:0.001140s ]
INFO: [ view_template ] --START--
INFO: Run LocationTemplate Behavior [ RunTime:0.001925s ]
INFO: [ view_template ] --END-- [ RunTime:0.002094s ]
INFO: [ view_parse ] --START--
INFO: Run ParseTemplate Behavior [ RunTime:0.020323s ]
INFO: [ view_parse ] --END-- [ RunTime:0.020492s ]
INFO: [ view_filter ] --START--
INFO: Run ContentReplace Behavior [ RunTime:0.000750s ]
INFO: Run TokenBuild Behavior [ RunTime:0.000970s ]
INFO: Run WriteHtmlCache Behavior [ RunTime:0.000625s ]
INFO: Run ShowRuntime Behavior [ RunTime:0.001023s ]
INFO: [ view_filter ] --END-- [ RunTime:0.003815s ]
INFO: [ view_end ] --START--
INFO: Run ShowPageTrace Behavior [ RunTime:0.002601s ]
INFO: [ view_end ] --END-- [ RunTime:0.002771s ]

[ 2014-01-29T23:56:25+08:00 ] 127.0.0.1 /lejun/index.php/UserInfo/user_info.html
INFO: [ app_begin ] --START--
INFO: Run ReadHtmlCache Behavior [ RunTime:0.003305s ]
INFO: [ app_begin ] --END-- [ RunTime:0.003475s ]
INFO: [ view_template ] --START--
INFO: Run LocationTemplate Behavior [ RunTime:0.005362s ]
INFO: [ view_template ] --END-- [ RunTime:0.005513s ]
INFO: [ view_parse ] --START--
INFO: Run ParseTemplate Behavior [ RunTime:0.023176s ]
INFO: [ view_parse ] --END-- [ RunTime:0.023310s ]
INFO: [ view_filter ] --START--
INFO: Run ContentReplace Behavior [ RunTime:0.001887s ]
INFO: Run TokenBuild Behavior [ RunTime:0.001875s ]
INFO: Run WriteHtmlCache Behavior [ RunTime:0.002026s ]
INFO: Run ShowRuntime Behavior [ RunTime:0.002642s ]
INFO: [ view_filter ] --END-- [ RunTime:0.008705s ]
INFO: [ view_end ] --START--
INFO: Run ShowPageTrace Behavior [ RunTime:0.002292s ]
INFO: [ view_end ] --END-- [ RunTime:0.002408s ]

[ 2014-01-29T23:56:26+08:00 ] 127.0.0.1 /lejun/index.php/UserInfo/user_info.html
INFO: [ app_begin ] --START--
INFO: Run ReadHtmlCache Behavior [ RunTime:0.000987s ]
INFO: [ app_begin ] --END-- [ RunTime:0.001118s ]
INFO: [ view_template ] --START--
INFO: Run LocationTemplate Behavior [ RunTime:0.004471s ]
INFO: [ view_template ] --END-- [ RunTime:0.004653s ]
INFO: [ view_parse ] --START--
INFO: Run ParseTemplate Behavior [ RunTime:0.022068s ]
INFO: [ view_parse ] --END-- [ RunTime:0.022222s ]
INFO: [ view_filter ] --START--
INFO: Run ContentReplace Behavior [ RunTime:0.000737s ]
INFO: Run TokenBuild Behavior [ RunTime:0.000817s ]
INFO: Run WriteHtmlCache Behavior [ RunTime:0.000614s ]
INFO: Run ShowRuntime Behavior [ RunTime:0.001041s ]
INFO: [ view_filter ] --END-- [ RunTime:0.003597s ]
INFO: [ view_end ] --START--
INFO: Run ShowPageTrace Behavior [ RunTime:0.002934s ]
INFO: [ view_end ] --END-- [ RunTime:0.003082s ]

[ 2014-01-29T23:56:53+08:00 ] 127.0.0.1 /lejun/index.php/UserInfo/user_info_ly.html
INFO: [ app_begin ] --START--
INFO: Run ReadHtmlCache Behavior [ RunTime:0.002875s ]
INFO: [ app_begin ] --END-- [ RunTime:0.002985s ]
INFO: [ view_template ] --START--
INFO: Run LocationTemplate Behavior [ RunTime:0.002714s ]
INFO: [ view_template ] --END-- [ RunTime:0.002855s ]
INFO: [ view_parse ] --START--
INFO: Run ParseTemplate Behavior [ RunTime:0.019569s ]
INFO: [ view_parse ] --END-- [ RunTime:0.019686s ]
INFO: [ view_filter ] --START--
INFO: Run ContentReplace Behavior [ RunTime:0.001877s ]
INFO: Run TokenBuild Behavior [ RunTime:0.002670s ]
INFO: Run WriteHtmlCache Behavior [ RunTime:0.002775s ]
INFO: Run ShowRuntime Behavior [ RunTime:0.002916s ]
INFO: [ view_filter ] --END-- [ RunTime:0.010595s ]
INFO: [ view_end ] --START--
INFO: Run ShowPageTrace Behavior [ RunTime:0.002650s ]
INFO: [ view_end ] --END-- [ RunTime:0.002757s ]

[ 2014-01-29T23:56:56+08:00 ] 127.0.0.1 /lejun/index.php/UserInfo/user_info_gl.html
INFO: [ app_begin ] --START--
INFO: Run ReadHtmlCache Behavior [ RunTime:0.000964s ]
INFO: [ app_begin ] --END-- [ RunTime:0.001126s ]
INFO: [ view_template ] --START--
INFO: Run LocationTemplate Behavior [ RunTime:0.002689s ]
INFO: [ view_template ] --END-- [ RunTime:0.002823s ]
INFO: [ view_parse ] --START--
INFO: Run ParseTemplate Behavior [ RunTime:0.014804s ]
INFO: [ view_parse ] --END-- [ RunTime:0.014945s ]
INFO: [ view_filter ] --START--
INFO: Run ContentReplace Behavior [ RunTime:0.000508s ]
INFO: Run TokenBuild Behavior [ RunTime:0.000493s ]
INFO: Run WriteHtmlCache Behavior [ RunTime:0.000347s ]
INFO: Run ShowRuntime Behavior [ RunTime:0.000635s ]
INFO: [ view_filter ] --END-- [ RunTime:0.002209s ]
INFO: [ view_end ] --START--
INFO: Run ShowPageTrace Behavior [ RunTime:0.001807s ]
INFO: [ view_end ] --END-- [ RunTime:0.001929s ]

[ 2014-01-29T23:56:56+08:00 ] 127.0.0.1 /lejun/index.php/UserInfo/user_info_tz.html
INFO: [ app_begin ] --START--
INFO: Run ReadHtmlCache Behavior [ RunTime:0.000919s ]
INFO: [ app_begin ] --END-- [ RunTime:0.001033s ]
INFO: [ view_template ] --START--
INFO: Run LocationTemplate Behavior [ RunTime:0.003675s ]
INFO: [ view_template ] --END-- [ RunTime:0.003843s ]
INFO: [ view_parse ] --START--
INFO: Run ParseTemplate Behavior [ RunTime:0.017695s ]
INFO: [ view_parse ] --END-- [ RunTime:0.017868s ]
INFO: [ view_filter ] --START--
INFO: Run ContentReplace Behavior [ RunTime:0.000707s ]
INFO: Run TokenBuild Behavior [ RunTime:0.000696s ]
INFO: Run WriteHtmlCache Behavior [ RunTime:0.000502s ]
INFO: Run ShowRuntime Behavior [ RunTime:0.000868s ]
INFO: [ view_filter ] --END-- [ RunTime:0.003098s ]
INFO: [ view_end ] --START--
INFO: Run ShowPageTrace Behavior [ RunTime:0.002227s ]
INFO: [ view_end ] --END-- [ RunTime:0.002364s ]

[ 2014-01-29T23:56:57+08:00 ] 127.0.0.1 /lejun/index.php/UserInfo/user_info_gl.html
INFO: [ app_begin ] --START--
INFO: Run ReadHtmlCache Behavior [ RunTime:0.000853s ]
INFO: [ app_begin ] --END-- [ RunTime:0.000962s ]
INFO: [ view_template ] --START--
INFO: Run LocationTemplate Behavior [ RunTime:0.002595s ]
INFO: [ view_template ] --END-- [ RunTime:0.002698s ]
INFO: [ view_parse ] --START--
INFO: Run ParseTemplate Behavior [ RunTime:0.013076s ]
INFO: [ view_parse ] --END-- [ RunTime:0.013220s ]
INFO: [ view_filter ] --START--
INFO: Run ContentReplace Behavior [ RunTime:0.000666s ]
INFO: Run TokenBuild Behavior [ RunTime:0.000653s ]
INFO: Run WriteHtmlCache Behavior [ RunTime:0.000465s ]
INFO: Run ShowRuntime Behavior [ RunTime:0.000825s ]
INFO: [ view_filter ] --END-- [ RunTime:0.002925s ]
INFO: [ view_end ] --START--
INFO: Run ShowPageTrace Behavior [ RunTime:0.001575s ]
INFO: [ view_end ] --END-- [ RunTime:0.001664s ]

[ 2014-01-29T23:56:57+08:00 ] 127.0.0.1 /lejun/index.php/UserInfo/user_info_ly.html
INFO: [ app_begin ] --START--
INFO: Run ReadHtmlCache Behavior [ RunTime:0.000750s ]
INFO: [ app_begin ] --END-- [ RunTime:0.000841s ]
INFO: [ view_template ] --START--
INFO: Run LocationTemplate Behavior [ RunTime:0.001558s ]
INFO: [ view_template ] --END-- [ RunTime:0.001729s ]
INFO: [ view_parse ] --START--
INFO: Run ParseTemplate Behavior [ RunTime:0.010948s ]
INFO: [ view_parse ] --END-- [ RunTime:0.011073s ]
INFO: [ view_filter ] --START--
INFO: Run ContentReplace Behavior [ RunTime:0.000476s ]
INFO: Run TokenBuild Behavior [ RunTime:0.000475s ]
INFO: Run WriteHtmlCache Behavior [ RunTime:0.000338s ]
INFO: Run ShowRuntime Behavior [ RunTime:0.000587s ]
INFO: [ view_filter ] --END-- [ RunTime:0.002090s ]
INFO: [ view_end ] --START--
INFO: Run ShowPageTrace Behavior [ RunTime:0.001588s ]
INFO: [ view_end ] --END-- [ RunTime:0.001678s ]

[ 2014-01-29T23:56:57+08:00 ] 127.0.0.1 /lejun/index.php/UserInfo/user_info.html
INFO: [ app_begin ] --START--
INFO: Run ReadHtmlCache Behavior [ RunTime:0.000698s ]
INFO: [ app_begin ] --END-- [ RunTime:0.000783s ]
INFO: [ view_template ] --START--
INFO: Run LocationTemplate Behavior [ RunTime:0.003855s ]
INFO: [ view_template ] --END-- [ RunTime:0.004047s ]
INFO: [ view_parse ] --START--
INFO: Run ParseTemplate Behavior [ RunTime:0.015937s ]
INFO: [ view_parse ] --END-- [ RunTime:0.016071s ]
INFO: [ view_filter ] --START--
INFO: Run ContentReplace Behavior [ RunTime:0.000482s ]
INFO: Run TokenBuild Behavior [ RunTime:0.000483s ]
INFO: Run WriteHtmlCache Behavior [ RunTime:0.000337s ]
INFO: Run ShowRuntime Behavior [ RunTime:0.000583s ]
INFO: [ view_filter ] --END-- [ RunTime:0.002100s ]
INFO: [ view_end ] --START--
INFO: Run ShowPageTrace Behavior [ RunTime:0.001512s ]
INFO: [ view_end ] --END-- [ RunTime:0.001598s ]

[ 2014-01-29T23:56:58+08:00 ] 127.0.0.1 /lejun/index.php/UserInfo/user_info_ly.html
INFO: [ app_begin ] --START--
INFO: Run ReadHtmlCache Behavior [ RunTime:0.000929s ]
INFO: [ app_begin ] --END-- [ RunTime:0.001031s ]
INFO: [ view_template ] --START--
INFO: Run LocationTemplate Behavior [ RunTime:0.001762s ]
INFO: [ view_template ] --END-- [ RunTime:0.001943s ]
INFO: [ view_parse ] --START--
INFO: Run ParseTemplate Behavior [ RunTime:0.015990s ]
INFO: [ view_parse ] --END-- [ RunTime:0.016177s ]
INFO: [ view_filter ] --START--
INFO: Run ContentReplace Behavior [ RunTime:0.000671s ]
INFO: Run TokenBuild Behavior [ RunTime:0.000644s ]
INFO: Run WriteHtmlCache Behavior [ RunTime:0.000467s ]
INFO: Run ShowRuntime Behavior [ RunTime:0.000808s ]
INFO: [ view_filter ] --END-- [ RunTime:0.002890s ]
INFO: [ view_end ] --START--
INFO: Run ShowPageTrace Behavior [ RunTime:0.002130s ]
INFO: [ view_end ] --END-- [ RunTime:0.002259s ]

[ 2014-01-29T23:56:58+08:00 ] 127.0.0.1 /lejun/index.php/UserInfo/user_info_gl.html
INFO: [ app_begin ] --START--
INFO: Run ReadHtmlCache Behavior [ RunTime:0.001044s ]
INFO: [ app_begin ] --END-- [ RunTime:0.001147s ]
INFO: [ view_template ] --START--
INFO: Run LocationTemplate Behavior [ RunTime:0.003318s ]
INFO: [ view_template ] --END-- [ RunTime:0.003458s ]
INFO: [ view_parse ] --START--
INFO: Run ParseTemplate Behavior [ RunTime:0.015091s ]
INFO: [ view_parse ] --END-- [ RunTime:0.015235s ]
INFO: [ view_filter ] --START--
INFO: Run ContentReplace Behavior [ RunTime:0.000598s ]
INFO: Run TokenBuild Behavior [ RunTime:0.000484s ]
INFO: Run WriteHtmlCache Behavior [ RunTime:0.000345s ]
INFO: Run ShowRuntime Behavior [ RunTime:0.000592s ]
INFO: [ view_filter ] --END-- [ RunTime:0.002259s ]
INFO: [ view_end ] --START--
INFO: Run ShowPageTrace Behavior [ RunTime:0.001502s ]
INFO: [ view_end ] --END-- [ RunTime:0.001581s ]

[ 2014-01-29T23:56:59+08:00 ] 127.0.0.1 /lejun/index.php/UserInfo/user_info_tz.html
INFO: [ app_begin ] --START--
INFO: Run ReadHtmlCache Behavior [ RunTime:0.000934s ]
INFO: [ app_begin ] --END-- [ RunTime:0.001046s ]
INFO: [ view_template ] --START--
INFO: Run LocationTemplate Behavior [ RunTime:0.003620s ]
INFO: [ view_template ] --END-- [ RunTime:0.003824s ]
INFO: [ view_parse ] --START--
INFO: Run ParseTemplate Behavior [ RunTime:0.013547s ]
INFO: [ view_parse ] --END-- [ RunTime:0.013682s ]
INFO: [ view_filter ] --START--
INFO: Run ContentReplace Behavior [ RunTime:0.000506s ]
INFO: Run TokenBuild Behavior [ RunTime:0.000618s ]
INFO: Run WriteHtmlCache Behavior [ RunTime:0.000408s ]
INFO: Run ShowRuntime Behavior [ RunTime:0.000597s ]
INFO: [ view_filter ] --END-- [ RunTime:0.002385s ]
INFO: [ view_end ] --START--
INFO: Run ShowPageTrace Behavior [ RunTime:0.001691s ]
INFO: [ view_end ] --END-- [ RunTime:0.001794s ]

[ 2014-01-29T23:56:59+08:00 ] 127.0.0.1 /lejun/index.php/UserInfo/user_info_gl.html
INFO: [ app_begin ] --START--
INFO: Run ReadHtmlCache Behavior [ RunTime:0.000699s ]
INFO: [ app_begin ] --END-- [ RunTime:0.000781s ]
INFO: [ view_template ] --START--
INFO: Run LocationTemplate Behavior [ RunTime:0.003604s ]
INFO: [ view_template ] --END-- [ RunTime:0.003769s ]
INFO: [ view_parse ] --START--
INFO: Run ParseTemplate Behavior [ RunTime:0.014545s ]
INFO: [ view_parse ] --END-- [ RunTime:0.014709s ]
INFO: [ view_filter ] --START--
INFO: Run ContentReplace Behavior [ RunTime:0.000915s ]
INFO: Run TokenBuild Behavior [ RunTime:0.000710s ]
INFO: Run WriteHtmlCache Behavior [ RunTime:0.000465s ]
INFO: Run ShowRuntime Behavior [ RunTime:0.000827s ]
INFO: [ view_filter ] --END-- [ RunTime:0.003251s ]
INFO: [ view_end ] --START--
INFO: Run ShowPageTrace Behavior [ RunTime:0.002038s ]
INFO: [ view_end ] --END-- [ RunTime:0.002154s ]

[ 2014-01-29T23:57:00+08:00 ] 127.0.0.1 /lejun/index.php/UserInfo/user_info_ly.html
INFO: [ app_begin ] --START--
INFO: Run ReadHtmlCache Behavior [ RunTime:0.000743s ]
INFO: [ app_begin ] --END-- [ RunTime:0.000831s ]
INFO: [ view_template ] --START--
INFO: Run LocationTemplate Behavior [ RunTime:0.001297s ]
INFO: [ view_template ] --END-- [ RunTime:0.001405s ]
INFO: [ view_parse ] --START--
INFO: Run ParseTemplate Behavior [ RunTime:0.011344s ]
INFO: [ view_parse ] --END-- [ RunTime:0.011484s ]
INFO: [ view_filter ] --START--
INFO: Run ContentReplace Behavior [ RunTime:0.000637s ]
INFO: Run TokenBuild Behavior [ RunTime:0.000643s ]
INFO: Run WriteHtmlCache Behavior [ RunTime:0.000452s ]
INFO: Run ShowRuntime Behavior [ RunTime:0.000808s ]
INFO: [ view_filter ] --END-- [ RunTime:0.002844s ]
INFO: [ view_end ] --START--
INFO: Run ShowPageTrace Behavior [ RunTime:0.002021s ]
INFO: [ view_end ] --END-- [ RunTime:0.002128s ]

[ 2014-01-29T23:57:00+08:00 ] 127.0.0.1 /lejun/index.php/UserInfo/user_info.html
INFO: [ app_begin ] --START--
INFO: Run ReadHtmlCache Behavior [ RunTime:0.000821s ]
INFO: [ app_begin ] --END-- [ RunTime:0.000950s ]
INFO: [ view_template ] --START--
INFO: Run LocationTemplate Behavior [ RunTime:0.002744s ]
INFO: [ view_template ] --END-- [ RunTime:0.002875s ]
INFO: [ view_parse ] --START--
INFO: Run ParseTemplate Behavior [ RunTime:0.015265s ]
INFO: [ view_parse ] --END-- [ RunTime:0.015379s ]
INFO: [ view_filter ] --START--
INFO: Run ContentReplace Behavior [ RunTime:0.000493s ]
INFO: Run TokenBuild Behavior [ RunTime:0.000476s ]
INFO: Run WriteHtmlCache Behavior [ RunTime:0.000382s ]
INFO: Run ShowRuntime Behavior [ RunTime:0.000680s ]
INFO: [ view_filter ] --END-- [ RunTime:0.002283s ]
INFO: [ view_end ] --START--
INFO: Run ShowPageTrace Behavior [ RunTime:0.002140s ]
INFO: [ view_end ] --END-- [ RunTime:0.002264s ]

[ 2014-01-29T23:57:01+08:00 ] 127.0.0.1 /lejun/index.php/UserInfo/user_info_notice.html
INFO: [ app_begin ] --START--
INFO: Run ReadHtmlCache Behavior [ RunTime:0.000865s ]
INFO: [ app_begin ] --END-- [ RunTime:0.000958s ]
INFO: [ view_template ] --START--
INFO: Run LocationTemplate Behavior [ RunTime:0.002632s ]
INFO: [ view_template ] --END-- [ RunTime:0.002745s ]
INFO: [ view_parse ] --START--
NOTIC: [8] Undefined index:  username K:\appserver\appserver\AppServ\www\lejun\HOME\Runtime\Cache\4b6ecffccfad1021fac2db3beb8a196b.php 第 4 行.
INFO: Run ParseTemplate Behavior [ RunTime:0.025543s ]
INFO: [ view_parse ] --END-- [ RunTime:0.025657s ]
INFO: [ view_filter ] --START--
INFO: Run ContentReplace Behavior [ RunTime:0.000687s ]
INFO: Run TokenBuild Behavior [ RunTime:0.000654s ]
INFO: Run WriteHtmlCache Behavior [ RunTime:0.000469s ]
INFO: Run ShowRuntime Behavior [ RunTime:0.000713s ]
INFO: [ view_filter ] --END-- [ RunTime:0.002822s ]
INFO: [ view_end ] --START--
INFO: Run ShowPageTrace Behavior [ RunTime:0.001838s ]
INFO: [ view_end ] --END-- [ RunTime:0.001929s ]

[ 2014-01-29T23:57:09+08:00 ] 127.0.0.1 /lejun/index.php/UserInfo/user_info.html
INFO: [ app_begin ] --START--
INFO: Run ReadHtmlCache Behavior [ RunTime:0.000985s ]
INFO: [ app_begin ] --END-- [ RunTime:0.001102s ]
INFO: [ view_template ] --START--
INFO: Run LocationTemplate Behavior [ RunTime:0.003608s ]
INFO: [ view_template ] --END-- [ RunTime:0.003784s ]
INFO: [ view_parse ] --START--
INFO: Run ParseTemplate Behavior [ RunTime:0.020310s ]
INFO: [ view_parse ] --END-- [ RunTime:0.020546s ]
INFO: [ view_filter ] --START--
INFO: Run ContentReplace Behavior [ RunTime:0.001575s ]
INFO: Run TokenBuild Behavior [ RunTime:0.001299s ]
INFO: Run WriteHtmlCache Behavior [ RunTime:0.000630s ]
INFO: Run ShowRuntime Behavior [ RunTime:0.000936s ]
INFO: [ view_filter ] --END-- [ RunTime:0.004972s ]
INFO: [ view_end ] --START--
INFO: Run ShowPageTrace Behavior [ RunTime:0.002328s ]
INFO: [ view_end ] --END-- [ RunTime:0.002463s ]

[ 2014-01-29T23:57:15+08:00 ] 127.0.0.1 /lejun/index.php/UserInfo/user_info.html
INFO: [ app_begin ] --START--
INFO: Run ReadHtmlCache Behavior [ RunTime:0.000960s ]
INFO: [ app_begin ] --END-- [ RunTime:0.001078s ]
INFO: [ view_template ] --START--
INFO: Run LocationTemplate Behavior [ RunTime:0.002718s ]
INFO: [ view_template ] --END-- [ RunTime:0.002830s ]
INFO: [ view_parse ] --START--
INFO: Run ParseTemplate Behavior [ RunTime:0.021443s ]
INFO: [ view_parse ] --END-- [ RunTime:0.021637s ]
INFO: [ view_filter ] --START--
INFO: Run ContentReplace Behavior [ RunTime:0.000896s ]
INFO: Run TokenBuild Behavior [ RunTime:0.001105s ]
INFO: Run WriteHtmlCache Behavior [ RunTime:0.000848s ]
INFO: Run ShowRuntime Behavior [ RunTime:0.001319s ]
INFO: [ view_filter ] --END-- [ RunTime:0.004727s ]
INFO: [ view_end ] --START--
INFO: Run ShowPageTrace Behavior [ RunTime:0.002134s ]
INFO: [ view_end ] --END-- [ RunTime:0.002264s ]

[ 2014-01-29T23:57:16+08:00 ] 127.0.0.1 /lejun/index.php/UserInfo/user_info.html
INFO: [ app_begin ] --START--
INFO: Run ReadHtmlCache Behavior [ RunTime:0.001116s ]
INFO: [ app_begin ] --END-- [ RunTime:0.001244s ]
INFO: [ view_template ] --START--
INFO: Run LocationTemplate Behavior [ RunTime:0.003572s ]
INFO: [ view_template ] --END-- [ RunTime:0.003745s ]
INFO: [ view_parse ] --START--
INFO: Run ParseTemplate Behavior [ RunTime:0.022471s ]
INFO: [ view_parse ] --END-- [ RunTime:0.022641s ]
INFO: [ view_filter ] --START--
INFO: Run ContentReplace Behavior [ RunTime:0.000783s ]
INFO: Run TokenBuild Behavior [ RunTime:0.000768s ]
INFO: Run WriteHtmlCache Behavior [ RunTime:0.000404s ]
INFO: Run ShowRuntime Behavior [ RunTime:0.000683s ]
INFO: [ view_filter ] --END-- [ RunTime:0.002958s ]
INFO: [ view_end ] --START--
INFO: Run ShowPageTrace Behavior [ RunTime:0.001876s ]
INFO: [ view_end ] --END-- [ RunTime:0.002008s ]

[ 2014-01-29T23:58:00+08:00 ] 127.0.0.1 /lejun/index.php/UserInfo/user_info.html
INFO: [ app_begin ] --START--
INFO: Run ReadHtmlCache Behavior [ RunTime:0.001221s ]
INFO: [ app_begin ] --END-- [ RunTime:0.001397s ]
INFO: [ view_template ] --START--
INFO: Run LocationTemplate Behavior [ RunTime:0.002998s ]
INFO: [ view_template ] --END-- [ RunTime:0.003224s ]
INFO: [ view_parse ] --START--
INFO: Run ParseTemplate Behavior [ RunTime:0.022497s ]
INFO: [ view_parse ] --END-- [ RunTime:0.022648s ]
INFO: [ view_filter ] --START--
INFO: Run ContentReplace Behavior [ RunTime:0.000739s ]
INFO: Run TokenBuild Behavior [ RunTime:0.000772s ]
INFO: Run WriteHtmlCache Behavior [ RunTime:0.000594s ]
INFO: Run ShowRuntime Behavior [ RunTime:0.000994s ]
INFO: [ view_filter ] --END-- [ RunTime:0.003515s ]
INFO: [ view_end ] --START--
INFO: Run ShowPageTrace Behavior [ RunTime:0.002558s ]
INFO: [ view_end ] --END-- [ RunTime:0.002707s ]

[ 2014-01-29T23:58:50+08:00 ] 127.0.0.1 /lejun/index.php/Login/do_login
INFO: [ app_begin ] --START--
INFO: Run ReadHtmlCache Behavior [ RunTime:0.002763s ]
INFO: [ app_begin ] --END-- [ RunTime:0.002910s ]
SQL: SHOW COLUMNS FROM `lj_user_information` [ RunTime:0.003474s ]
SQL: SELECT * FROM `lj_user_information` WHERE ( `username` = 'apple' ) AND ( `password` = '9b53364dab694c00ddc43c11855ff732' )  [ RunTime:0.000358s ]

[ 2014-01-29T23:58:54+08:00 ] 127.0.0.1 /lejun/index.php/UserInfo/user_info.html
INFO: [ app_begin ] --START--
INFO: Run ReadHtmlCache Behavior [ RunTime:0.003440s ]
INFO: [ app_begin ] --END-- [ RunTime:0.003671s ]
INFO: [ view_template ] --START--
INFO: Run LocationTemplate Behavior [ RunTime:0.006545s ]
INFO: [ view_template ] --END-- [ RunTime:0.006714s ]
INFO: [ view_parse ] --START--
INFO: Run ParseTemplate Behavior [ RunTime:0.026797s ]
INFO: [ view_parse ] --END-- [ RunTime:0.026940s ]
INFO: [ view_filter ] --START--
INFO: Run ContentReplace Behavior [ RunTime:0.002740s ]
INFO: Run TokenBuild Behavior [ RunTime:0.002312s ]
INFO: Run WriteHtmlCache Behavior [ RunTime:0.001766s ]
INFO: Run ShowRuntime Behavior [ RunTime:0.002581s ]
INFO: [ view_filter ] --END-- [ RunTime:0.009751s ]
INFO: [ view_end ] --START--
INFO: Run ShowPageTrace Behavior [ RunTime:0.002773s ]
INFO: [ view_end ] --END-- [ RunTime:0.002887s ]

[ 2014-01-29T23:58:58+08:00 ] 127.0.0.1 /lejun/index.php/UserInfo/user_info_gl.html
INFO: [ app_begin ] --START--
INFO: Run ReadHtmlCache Behavior [ RunTime:0.001381s ]
INFO: [ app_begin ] --END-- [ RunTime:0.001534s ]
INFO: [ view_template ] --START--
INFO: Run LocationTemplate Behavior [ RunTime:0.002505s ]
INFO: [ view_template ] --END-- [ RunTime:0.002668s ]
INFO: [ view_parse ] --START--
INFO: Run ParseTemplate Behavior [ RunTime:0.015984s ]
INFO: [ view_parse ] --END-- [ RunTime:0.016104s ]
INFO: [ view_filter ] --START--
INFO: Run ContentReplace Behavior [ RunTime:0.000629s ]
INFO: Run TokenBuild Behavior [ RunTime:0.000858s ]
INFO: Run WriteHtmlCache Behavior [ RunTime:0.000458s ]
INFO: Run ShowRuntime Behavior [ RunTime:0.000908s ]
INFO: [ view_filter ] --END-- [ RunTime:0.003155s ]
INFO: [ view_end ] --START--
INFO: Run ShowPageTrace Behavior [ RunTime:0.001596s ]
INFO: [ view_end ] --END-- [ RunTime:0.001679s ]

[ 2014-01-29T23:58:59+08:00 ] 127.0.0.1 /lejun/index.php/UserInfo/user_info_ly.html
INFO: [ app_begin ] --START--
INFO: Run ReadHtmlCache Behavior [ RunTime:0.000833s ]
INFO: [ app_begin ] --END-- [ RunTime:0.000944s ]
INFO: [ view_template ] --START--
INFO: Run LocationTemplate Behavior [ RunTime:0.001682s ]
INFO: [ view_template ] --END-- [ RunTime:0.001826s ]
INFO: [ view_parse ] --START--
INFO: Run ParseTemplate Behavior [ RunTime:0.014515s ]
INFO: [ view_parse ] --END-- [ RunTime:0.014672s ]
INFO: [ view_filter ] --START--
INFO: Run ContentReplace Behavior [ RunTime:0.000665s ]
INFO: Run TokenBuild Behavior [ RunTime:0.000649s ]
INFO: Run WriteHtmlCache Behavior [ RunTime:0.000662s ]
INFO: Run ShowRuntime Behavior [ RunTime:0.000833s ]
INFO: [ view_filter ] --END-- [ RunTime:0.003116s ]
INFO: [ view_end ] --START--
INFO: Run ShowPageTrace Behavior [ RunTime:0.002089s ]
INFO: [ view_end ] --END-- [ RunTime:0.002210s ]

[ 2014-01-29T23:58:59+08:00 ] 127.0.0.1 /lejun/index.php/UserInfo/user_info.html
INFO: [ app_begin ] --START--
INFO: Run ReadHtmlCache Behavior [ RunTime:0.000699s ]
INFO: [ app_begin ] --END-- [ RunTime:0.000785s ]
INFO: [ view_template ] --START--
INFO: Run LocationTemplate Behavior [ RunTime:0.003031s ]
INFO: [ view_template ] --END-- [ RunTime:0.003173s ]
INFO: [ view_parse ] --START--
INFO: Run ParseTemplate Behavior [ RunTime:0.019303s ]
INFO: [ view_parse ] --END-- [ RunTime:0.019454s ]
INFO: [ view_filter ] --START--
INFO: Run ContentReplace Behavior [ RunTime:0.000747s ]
INFO: Run TokenBuild Behavior [ RunTime:0.000663s ]
INFO: Run WriteHtmlCache Behavior [ RunTime:0.000458s ]
INFO: Run ShowRuntime Behavior [ RunTime:0.000654s ]
INFO: [ view_filter ] --END-- [ RunTime:0.002812s ]
INFO: [ view_end ] --START--
INFO: Run ShowPageTrace Behavior [ RunTime:0.001819s ]
INFO: [ view_end ] --END-- [ RunTime:0.001926s ]

[ 2014-01-29T23:59:00+08:00 ] 127.0.0.1 /lejun/index.php/UserInfo/user_info_tz.html
INFO: [ app_begin ] --START--
INFO: Run ReadHtmlCache Behavior [ RunTime:0.000703s ]
INFO: [ app_begin ] --END-- [ RunTime:0.000788s ]
INFO: [ view_template ] --START--
INFO: Run LocationTemplate Behavior [ RunTime:0.005543s ]
INFO: [ view_template ] --END-- [ RunTime:0.005715s ]
INFO: [ view_parse ] --START--
INFO: Run ParseTemplate Behavior [ RunTime:0.014515s ]
INFO: [ view_parse ] --END-- [ RunTime:0.014651s ]
INFO: [ view_filter ] --START--
INFO: Run ContentReplace Behavior [ RunTime:0.000525s ]
INFO: Run TokenBuild Behavior [ RunTime:0.000481s ]
INFO: Run WriteHtmlCache Behavior [ RunTime:0.000349s ]
INFO: Run ShowRuntime Behavior [ RunTime:0.000586s ]
INFO: [ view_filter ] --END-- [ RunTime:0.002157s ]
INFO: [ view_end ] --START--
INFO: Run ShowPageTrace Behavior [ RunTime:0.001636s ]
INFO: [ view_end ] --END-- [ RunTime:0.001734s ]

[ 2014-01-29T23:59:19+08:00 ] 127.0.0.1 /lejun/index.php/Publish/do_publish_tz
INFO: [ app_begin ] --START--
INFO: Run ReadHtmlCache Behavior [ RunTime:0.002105s ]
INFO: [ app_begin ] --END-- [ RunTime:0.002199s ]
NOTIC: [8] A session had already been started - ignoring session_start() K:\appserver\appserver\AppServ\www\lejun\HOME\Lib\Action\PublishAction.class.php 第 25 行.
SQL: SHOW COLUMNS FROM `lj_post_main` [ RunTime:0.002544s ]
SQL: INSERT INTO `lj_post_main` (`theme`,`content`,`datetime`,`user_id`) VALUES ('我是apple','<p>哈哈哈我是apple</p>\n','2014-01-29 23:59:19',5) [ RunTime:0.000546s ]

[ 2014-01-29T23:59:21+08:00 ] 127.0.0.1 /lejun/index.php/UserInfo/user_info.html
INFO: [ app_begin ] --START--
INFO: Run ReadHtmlCache Behavior [ RunTime:0.001051s ]
INFO: [ app_begin ] --END-- [ RunTime:0.001220s ]
INFO: [ view_template ] --START--
INFO: Run LocationTemplate Behavior [ RunTime:0.003977s ]
INFO: [ view_template ] --END-- [ RunTime:0.004183s ]
INFO: [ view_parse ] --START--
INFO: Run ParseTemplate Behavior [ RunTime:0.023791s ]
INFO: [ view_parse ] --END-- [ RunTime:0.023967s ]
INFO: [ view_filter ] --START--
INFO: Run ContentReplace Behavior [ RunTime:0.000948s ]
INFO: Run TokenBuild Behavior [ RunTime:0.000720s ]
INFO: Run WriteHtmlCache Behavior [ RunTime:0.000415s ]
INFO: Run ShowRuntime Behavior [ RunTime:0.000686s ]
INFO: [ view_filter ] --END-- [ RunTime:0.003235s ]
INFO: [ view_end ] --START--
INFO: Run ShowPageTrace Behavior [ RunTime:0.001884s ]
INFO: [ view_end ] --END-- [ RunTime:0.001995s ]

[ 2014-01-29T23:59:27+08:00 ] 127.0.0.1 /lejun/index.php/UserInfo/user_info_ly.html
INFO: [ app_begin ] --START--
INFO: Run ReadHtmlCache Behavior [ RunTime:0.000706s ]
INFO: [ app_begin ] --END-- [ RunTime:0.000790s ]
INFO: [ view_template ] --START--
INFO: Run LocationTemplate Behavior [ RunTime:0.003590s ]
INFO: [ view_template ] --END-- [ RunTime:0.003772s ]
INFO: [ view_parse ] --START--
INFO: Run ParseTemplate Behavior [ RunTime:0.015153s ]
INFO: [ view_parse ] --END-- [ RunTime:0.015313s ]
INFO: [ view_filter ] --START--
INFO: Run ContentReplace Behavior [ RunTime:0.000636s ]
INFO: Run TokenBuild Behavior [ RunTime:0.000703s ]
INFO: Run WriteHtmlCache Behavior [ RunTime:0.000506s ]
INFO: Run ShowRuntime Behavior [ RunTime:0.000618s ]
INFO: [ view_filter ] --END-- [ RunTime:0.002753s ]
INFO: [ view_end ] --START--
INFO: Run ShowPageTrace Behavior [ RunTime:0.002042s ]
INFO: [ view_end ] --END-- [ RunTime:0.002175s ]

[ 2014-01-29T23:59:27+08:00 ] 127.0.0.1 /lejun/index.php/UserInfo/user_info_gl.html
INFO: [ app_begin ] --START--
INFO: Run ReadHtmlCache Behavior [ RunTime:0.000954s ]
INFO: [ app_begin ] --END-- [ RunTime:0.001115s ]
INFO: [ view_template ] --START--
INFO: Run LocationTemplate Behavior [ RunTime:0.002924s ]
INFO: [ view_template ] --END-- [ RunTime:0.003064s ]
INFO: [ view_parse ] --START--
INFO: Run ParseTemplate Behavior [ RunTime:0.013512s ]
INFO: [ view_parse ] --END-- [ RunTime:0.013628s ]
INFO: [ view_filter ] --START--
INFO: Run ContentReplace Behavior [ RunTime:0.000567s ]
INFO: Run TokenBuild Behavior [ RunTime:0.000686s ]
INFO: Run WriteHtmlCache Behavior [ RunTime:0.000462s ]
INFO: Run ShowRuntime Behavior [ RunTime:0.000899s ]
INFO: [ view_filter ] --END-- [ RunTime:0.002932s ]
INFO: [ view_end ] --START--
INFO: Run ShowPageTrace Behavior [ RunTime:0.002218s ]
INFO: [ view_end ] --END-- [ RunTime:0.002359s ]

[ 2014-01-29T23:59:28+08:00 ] 127.0.0.1 /lejun/index.php/UserInfo/user_info_tz.html
INFO: [ app_begin ] --START--
INFO: Run ReadHtmlCache Behavior [ RunTime:0.000752s ]
INFO: [ app_begin ] --END-- [ RunTime:0.000840s ]
INFO: [ view_template ] --START--
INFO: Run LocationTemplate Behavior [ RunTime:0.003139s ]
INFO: [ view_template ] --END-- [ RunTime:0.003270s ]
INFO: [ view_parse ] --START--
INFO: Run ParseTemplate Behavior [ RunTime:0.015482s ]
INFO: [ view_parse ] --END-- [ RunTime:0.015607s ]
INFO: [ view_filter ] --START--
INFO: Run ContentReplace Behavior [ RunTime:0.000500s ]
INFO: Run TokenBuild Behavior [ RunTime:0.000652s ]
INFO: Run WriteHtmlCache Behavior [ RunTime:0.000368s ]
INFO: Run ShowRuntime Behavior [ RunTime:0.000676s ]
INFO: [ view_filter ] --END-- [ RunTime:0.002443s ]
INFO: [ view_end ] --START--
INFO: Run ShowPageTrace Behavior [ RunTime:0.002164s ]
INFO: [ view_end ] --END-- [ RunTime:0.002279s ]

[ 2014-01-29T23:59:28+08:00 ] 127.0.0.1 /lejun/index.php/UserInfo/user_info_gl.html
INFO: [ app_begin ] --START--
INFO: Run ReadHtmlCache Behavior [ RunTime:0.001035s ]
INFO: [ app_begin ] --END-- [ RunTime:0.001152s ]
INFO: [ view_template ] --START--
INFO: Run LocationTemplate Behavior [ RunTime:0.002819s ]
INFO: [ view_template ] --END-- [ RunTime:0.002956s ]
INFO: [ view_parse ] --START--
INFO: Run ParseTemplate Behavior [ RunTime:0.014114s ]
INFO: [ view_parse ] --END-- [ RunTime:0.014246s ]
INFO: [ view_filter ] --START--
INFO: Run ContentReplace Behavior [ RunTime:0.000503s ]
INFO: Run TokenBuild Behavior [ RunTime:0.000488s ]
INFO: Run WriteHtmlCache Behavior [ RunTime:0.000344s ]
INFO: Run ShowRuntime Behavior [ RunTime:0.000669s ]
INFO: [ view_filter ] --END-- [ RunTime:0.002281s ]
INFO: [ view_end ] --START--
INFO: Run ShowPageTrace Behavior [ RunTime:0.002347s ]
INFO: [ view_end ] --END-- [ RunTime:0.002508s ]

[ 2014-01-29T23:59:29+08:00 ] 127.0.0.1 /lejun/index.php/UserInfo/user_info_ly.html
INFO: [ app_begin ] --START--
INFO: Run ReadHtmlCache Behavior [ RunTime:0.000686s ]
INFO: [ app_begin ] --END-- [ RunTime:0.000780s ]
INFO: [ view_template ] --START--
INFO: Run LocationTemplate Behavior [ RunTime:0.004427s ]
INFO: [ view_template ] --END-- [ RunTime:0.004632s ]
INFO: [ view_parse ] --START--
INFO: Run ParseTemplate Behavior [ RunTime:0.018660s ]
INFO: [ view_parse ] --END-- [ RunTime:0.018816s ]
INFO: [ view_filter ] --START--
INFO: Run ContentReplace Behavior [ RunTime:0.000723s ]
INFO: Run TokenBuild Behavior [ RunTime:0.000623s ]
INFO: Run WriteHtmlCache Behavior [ RunTime:0.000362s ]
INFO: Run ShowRuntime Behavior [ RunTime:0.000666s ]
INFO: [ view_filter ] --END-- [ RunTime:0.002640s ]
INFO: [ view_end ] --START--
INFO: Run ShowPageTrace Behavior [ RunTime:0.002085s ]
INFO: [ view_end ] --END-- [ RunTime:0.002200s ]

[ 2014-01-29T23:59:31+08:00 ] 127.0.0.1 /lejun/index.php/UserInfo/user_info.html
INFO: [ app_begin ] --START--
INFO: Run ReadHtmlCache Behavior [ RunTime:0.001013s ]
INFO: [ app_begin ] --END-- [ RunTime:0.001131s ]
INFO: [ view_template ] --START--
INFO: Run LocationTemplate Behavior [ RunTime:0.004620s ]
INFO: [ view_template ] --END-- [ RunTime:0.004888s ]
INFO: [ view_parse ] --START--
INFO: Run ParseTemplate Behavior [ RunTime:0.019090s ]
INFO: [ view_parse ] --END-- [ RunTime:0.019258s ]
INFO: [ view_filter ] --START--
INFO: Run ContentReplace Behavior [ RunTime:0.000706s ]
INFO: Run TokenBuild Behavior [ RunTime:0.000536s ]
INFO: Run WriteHtmlCache Behavior [ RunTime:0.000421s ]
INFO: Run ShowRuntime Behavior [ RunTime:0.001146s ]
INFO: [ view_filter ] --END-- [ RunTime:0.003143s ]
INFO: [ view_end ] --START--
INFO: Run ShowPageTrace Behavior [ RunTime:0.002292s ]
INFO: [ view_end ] --END-- [ RunTime:0.002451s ]

[ 2014-01-29T23:59:31+08:00 ] 127.0.0.1 /lejun/index.php/UserInfo/user_info_ly.html
INFO: [ app_begin ] --START--
INFO: Run ReadHtmlCache Behavior [ RunTime:0.000981s ]
INFO: [ app_begin ] --END-- [ RunTime:0.001098s ]
INFO: [ view_template ] --START--
INFO: Run LocationTemplate Behavior [ RunTime:0.002927s ]
INFO: [ view_template ] --END-- [ RunTime:0.003063s ]
INFO: [ view_parse ] --START--
INFO: Run ParseTemplate Behavior [ RunTime:0.016645s ]
INFO: [ view_parse ] --END-- [ RunTime:0.016791s ]
INFO: [ view_filter ] --START--
INFO: Run ContentReplace Behavior [ RunTime:0.000803s ]
INFO: Run TokenBuild Behavior [ RunTime:0.000682s ]
INFO: Run WriteHtmlCache Behavior [ RunTime:0.000380s ]
INFO: Run ShowRuntime Behavior [ RunTime:0.000641s ]
INFO: [ view_filter ] --END-- [ RunTime:0.002783s ]
INFO: [ view_end ] --START--
INFO: Run ShowPageTrace Behavior [ RunTime:0.001566s ]
INFO: [ view_end ] --END-- [ RunTime:0.001646s ]

[ 2014-01-29T23:59:32+08:00 ] 127.0.0.1 /lejun/index.php/UserInfo/user_info_gl.html
INFO: [ app_begin ] --START--
INFO: Run ReadHtmlCache Behavior [ RunTime:0.000704s ]
INFO: [ app_begin ] --END-- [ RunTime:0.000788s ]
INFO: [ view_template ] --START--
INFO: Run LocationTemplate Behavior [ RunTime:0.002941s ]
INFO: [ view_template ] --END-- [ RunTime:0.003066s ]
INFO: [ view_parse ] --START--
INFO: Run ParseTemplate Behavior [ RunTime:0.012700s ]
INFO: [ view_parse ] --END-- [ RunTime:0.012825s ]
INFO: [ view_filter ] --START--
INFO: Run ContentReplace Behavior [ RunTime:0.000551s ]
INFO: Run TokenBuild Behavior [ RunTime:0.000497s ]
INFO: Run WriteHtmlCache Behavior [ RunTime:0.000370s ]
INFO: Run ShowRuntime Behavior [ RunTime:0.001011s ]
INFO: [ view_filter ] --END-- [ RunTime:0.002682s ]
INFO: [ view_end ] --START--
INFO: Run ShowPageTrace Behavior [ RunTime:0.001673s ]
INFO: [ view_end ] --END-- [ RunTime:0.001768s ]

[ 2014-01-29T23:59:32+08:00 ] 127.0.0.1 /lejun/index.php/UserInfo/user_info_ly.html
INFO: [ app_begin ] --START--
INFO: Run ReadHtmlCache Behavior [ RunTime:0.001006s ]
INFO: [ app_begin ] --END-- [ RunTime:0.001132s ]
INFO: [ view_template ] --START--
INFO: Run LocationTemplate Behavior [ RunTime:0.003916s ]
INFO: [ view_template ] --END-- [ RunTime:0.004087s ]
INFO: [ view_parse ] --START--
INFO: Run ParseTemplate Behavior [ RunTime:0.016310s ]
INFO: [ view_parse ] --END-- [ RunTime:0.016685s ]
INFO: [ view_filter ] --START--
INFO: Run ContentReplace Behavior [ RunTime:0.000645s ]
INFO: Run TokenBuild Behavior [ RunTime:0.000597s ]
INFO: Run WriteHtmlCache Behavior [ RunTime:0.000369s ]
INFO: Run ShowRuntime Behavior [ RunTime:0.000603s ]
INFO: [ view_filter ] --END-- [ RunTime:0.002474s ]
INFO: [ view_end ] --START--
INFO: Run ShowPageTrace Behavior [ RunTime:0.001543s ]
INFO: [ view_end ] --END-- [ RunTime:0.001624s ]

[ 2014-01-29T23:59:32+08:00 ] 127.0.0.1 /lejun/index.php/UserInfo/user_info.html
INFO: [ app_begin ] --START--
INFO: Run ReadHtmlCache Behavior [ RunTime:0.000694s ]
INFO: [ app_begin ] --END-- [ RunTime:0.000777s ]
INFO: [ view_template ] --START--
INFO: Run LocationTemplate Behavior [ RunTime:0.003393s ]
INFO: [ view_template ] --END-- [ RunTime:0.003521s ]
INFO: [ view_parse ] --START--
INFO: Run ParseTemplate Behavior [ RunTime:0.017120s ]
INFO: [ view_parse ] --END-- [ RunTime:0.017272s ]
INFO: [ view_filter ] --START--
INFO: Run ContentReplace Behavior [ RunTime:0.000665s ]
INFO: Run TokenBuild Behavior [ RunTime:0.000647s ]
INFO: Run WriteHtmlCache Behavior [ RunTime:0.000455s ]
INFO: Run ShowRuntime Behavior [ RunTime:0.000806s ]
INFO: [ view_filter ] --END-- [ RunTime:0.002887s ]
INFO: [ view_end ] --START--
INFO: Run ShowPageTrace Behavior [ RunTime:0.002081s ]
INFO: [ view_end ] --END-- [ RunTime:0.002204s ]

[ 2014-01-29T23:59:33+08:00 ] 127.0.0.1 /lejun/index.php/UserInfo/user_info_ly.html
INFO: [ app_begin ] --START--
INFO: Run ReadHtmlCache Behavior [ RunTime:0.001033s ]
INFO: [ app_begin ] --END-- [ RunTime:0.001158s ]
INFO: [ view_template ] --START--
INFO: Run LocationTemplate Behavior [ RunTime:0.002808s ]
INFO: [ view_template ] --END-- [ RunTime:0.002922s ]
INFO: [ view_parse ] --START--
INFO: Run ParseTemplate Behavior [ RunTime:0.013382s ]
INFO: [ view_parse ] --END-- [ RunTime:0.013505s ]
INFO: [ view_filter ] --START--
INFO: Run ContentReplace Behavior [ RunTime:0.000489s ]
INFO: Run TokenBuild Behavior [ RunTime:0.000486s ]
INFO: Run WriteHtmlCache Behavior [ RunTime:0.000342s ]
INFO: Run ShowRuntime Behavior [ RunTime:0.000897s ]
INFO: [ view_filter ] --END-- [ RunTime:0.002475s ]
INFO: [ view_end ] --START--
INFO: Run ShowPageTrace Behavior [ RunTime:0.001957s ]
INFO: [ view_end ] --END-- [ RunTime:0.002070s ]

[ 2014-01-29T23:59:35+08:00 ] 127.0.0.1 /lejun/index.php/UserInfo/user_info_gl.html
INFO: [ app_begin ] --START--
INFO: Run ReadHtmlCache Behavior [ RunTime:0.000873s ]
INFO: [ app_begin ] --END-- [ RunTime:0.000979s ]
INFO: [ view_template ] --START--
INFO: Run LocationTemplate Behavior [ RunTime:0.003676s ]
INFO: [ view_template ] --END-- [ RunTime:0.003841s ]
INFO: [ view_parse ] --START--
INFO: Run ParseTemplate Behavior [ RunTime:0.018530s ]
INFO: [ view_parse ] --END-- [ RunTime:0.018690s ]
INFO: [ view_filter ] --START--
INFO: Run ContentReplace Behavior [ RunTime:0.000659s ]
INFO: Run TokenBuild Behavior [ RunTime:0.000649s ]
INFO: Run WriteHtmlCache Behavior [ RunTime:0.000488s ]
INFO: Run ShowRuntime Behavior [ RunTime:0.000626s ]
INFO: [ view_filter ] --END-- [ RunTime:0.002713s ]
INFO: [ view_end ] --START--
INFO: Run ShowPageTrace Behavior [ RunTime:0.002574s ]
INFO: [ view_end ] --END-- [ RunTime:0.002735s ]

[ 2014-01-29T23:59:35+08:00 ] 127.0.0.1 /lejun/index.php/UserInfo/user_info_ly.html
INFO: [ app_begin ] --START--
INFO: Run ReadHtmlCache Behavior [ RunTime:0.000736s ]
INFO: [ app_begin ] --END-- [ RunTime:0.000821s ]
INFO: [ view_template ] --START--
INFO: Run LocationTemplate Behavior [ RunTime:0.002796s ]
INFO: [ view_template ] --END-- [ RunTime:0.002927s ]
INFO: [ view_parse ] --START--
INFO: Run ParseTemplate Behavior [ RunTime:0.016361s ]
INFO: [ view_parse ] --END-- [ RunTime:0.016519s ]
INFO: [ view_filter ] --START--
INFO: Run ContentReplace Behavior [ RunTime:0.000668s ]
INFO: Run TokenBuild Behavior [ RunTime:0.000654s ]
INFO: Run WriteHtmlCache Behavior [ RunTime:0.000464s ]
INFO: Run ShowRuntime Behavior [ RunTime:0.000829s ]
INFO: [ view_filter ] --END-- [ RunTime:0.002919s ]
INFO: [ view_end ] --START--
INFO: Run ShowPageTrace Behavior [ RunTime:0.002063s ]
INFO: [ view_end ] --END-- [ RunTime:0.002176s ]

[ 2014-01-29T23:59:35+08:00 ] 127.0.0.1 /lejun/index.php/UserInfo/user_info.html
INFO: [ app_begin ] --START--
INFO: Run ReadHtmlCache Behavior [ RunTime:0.000703s ]
INFO: [ app_begin ] --END-- [ RunTime:0.000786s ]
INFO: [ view_template ] --START--
INFO: Run LocationTemplate Behavior [ RunTime:0.002827s ]
INFO: [ view_template ] --END-- [ RunTime:0.002936s ]
INFO: [ view_parse ] --START--
INFO: Run ParseTemplate Behavior [ RunTime:0.014544s ]
INFO: [ view_parse ] --END-- [ RunTime:0.014678s ]
INFO: [ view_filter ] --START--
INFO: Run ContentReplace Behavior [ RunTime:0.000667s ]
INFO: Run TokenBuild Behavior [ RunTime:0.000683s ]
INFO: Run WriteHtmlCache Behavior [ RunTime:0.000569s ]
INFO: Run ShowRuntime Behavior [ RunTime:0.000968s ]
INFO: [ view_filter ] --END-- [ RunTime:0.003264s ]
INFO: [ view_end ] --START--
INFO: Run ShowPageTrace Behavior [ RunTime:0.002214s ]
INFO: [ view_end ] --END-- [ RunTime:0.002341s ]

[ 2014-01-29T23:59:36+08:00 ] 127.0.0.1 /lejun/index.php/UserInfo/user_info_ly.html
INFO: [ app_begin ] --START--
INFO: Run ReadHtmlCache Behavior [ RunTime:0.001080s ]
INFO: [ app_begin ] --END-- [ RunTime:0.001221s ]
INFO: [ view_template ] --START--
INFO: Run LocationTemplate Behavior [ RunTime:0.002799s ]
INFO: [ view_template ] --END-- [ RunTime:0.002939s ]
INFO: [ view_parse ] --START--
INFO: Run ParseTemplate Behavior [ RunTime:0.011795s ]
INFO: [ view_parse ] --END-- [ RunTime:0.011903s ]
INFO: [ view_filter ] --START--
INFO: Run ContentReplace Behavior [ RunTime:0.000490s ]
INFO: Run TokenBuild Behavior [ RunTime:0.000487s ]
INFO: Run WriteHtmlCache Behavior [ RunTime:0.000357s ]
INFO: Run ShowRuntime Behavior [ RunTime:0.000593s ]
INFO: [ view_filter ] --END-- [ RunTime:0.002159s ]
INFO: [ view_end ] --START--
INFO: Run ShowPageTrace Behavior [ RunTime:0.001588s ]
INFO: [ view_end ] --END-- [ RunTime:0.001694s ]

[ 2014-01-29T23:59:36+08:00 ] 127.0.0.1 /lejun/index.php/UserInfo/user_info_gl.html
INFO: [ app_begin ] --START--
INFO: Run ReadHtmlCache Behavior [ RunTime:0.000731s ]
INFO: [ app_begin ] --END-- [ RunTime:0.000815s ]
INFO: [ view_template ] --START--
INFO: Run LocationTemplate Behavior [ RunTime:0.002659s ]
INFO: [ view_template ] --END-- [ RunTime:0.002790s ]
INFO: [ view_parse ] --START--
INFO: Run ParseTemplate Behavior [ RunTime:0.012838s ]
INFO: [ view_parse ] --END-- [ RunTime:0.012953s ]
INFO: [ view_filter ] --START--
INFO: Run ContentReplace Behavior [ RunTime:0.000485s ]
INFO: Run TokenBuild Behavior [ RunTime:0.000557s ]
INFO: Run WriteHtmlCache Behavior [ RunTime:0.000481s ]
INFO: Run ShowRuntime Behavior [ RunTime:0.000899s ]
INFO: [ view_filter ] --END-- [ RunTime:0.002703s ]
INFO: [ view_end ] --START--
INFO: Run ShowPageTrace Behavior [ RunTime:0.002101s ]
INFO: [ view_end ] --END-- [ RunTime:0.002218s ]

