[ 2014-03-28T00:20:28+08:00 ] 66.249.68.34 /index.php/index/index_index.xml
INFO: [ route_check ] --START--
INFO: Run CheckRoute Behavior [ RunTime:0.003694s ]
INFO: [ route_check ] --END-- [ RunTime:0.003890s ]
INFO: [ app_begin ] --START--
INFO: Run ReadHtmlCache Behavior [ RunTime:0.000380s ]
INFO: [ app_begin ] --END-- [ RunTime:0.000446s ]
SQL: SHOW COLUMNS FROM `lj_cheats` [ RunTime:0.043013s ]
SQL: SHOW COLUMNS FROM `lj_cheats` [ RunTime:0.000889s ]
SQL: SELECT * FROM `lj_cheats` ORDER BY cheats_id desc LIMIT 8   [ RunTime:0.000317s ]
SQL: SHOW COLUMNS FROM `lj_post_main` [ RunTime:0.000621s ]
SQL: SHOW COLUMNS FROM `lj_post_main` [ RunTime:0.000593s ]
SQL: SELECT * FROM `lj_post_main` ORDER BY post_id desc LIMIT 8   [ RunTime:0.000106s ]
SQL: SHOW COLUMNS FROM `lj_cheats_hot` [ RunTime:0.000536s ]
SQL: SHOW COLUMNS FROM `lj_cheats_hot` [ RunTime:0.000436s ]
SQL: SELECT * FROM `lj_cheats_hot` LIMIT 8   [ RunTime:0.000097s ]
SQL: SELECT * FROM `lj_cheats` WHERE ( `cheats_id` = 1 )  [ RunTime:0.000097s ]
SQL: SELECT * FROM `lj_cheats` WHERE ( `cheats_id` = 12 )  [ RunTime:0.000133s ]
SQL: SELECT * FROM `lj_cheats` WHERE ( `cheats_id` = 13 )  [ RunTime:0.000122s ]
SQL: SELECT * FROM `lj_cheats` WHERE ( `cheats_id` = 14 )  [ RunTime:0.000097s ]
SQL: SELECT * FROM `lj_cheats` WHERE ( `cheats_id` = 19 )  [ RunTime:0.000097s ]
SQL: SELECT * FROM `lj_cheats` WHERE ( `cheats_id` = 16 )  [ RunTime:0.000119s ]
SQL: SELECT * FROM `lj_cheats` WHERE ( `cheats_id` = 17 )  [ RunTime:0.000125s ]
SQL: SELECT * FROM `lj_cheats` WHERE ( `cheats_id` = 33 )  [ RunTime:0.000093s ]
SQL: SHOW COLUMNS FROM `lj_post_hot` [ RunTime:0.000460s ]
SQL: SHOW COLUMNS FROM `lj_post_hot` [ RunTime:0.000491s ]
SQL: SELECT * FROM `lj_post_hot` LIMIT 8   [ RunTime:0.000089s ]
SQL: SELECT * FROM `lj_post_main` WHERE ( `post_id` = 9 )  [ RunTime:0.000088s ]
SQL: SELECT * FROM `lj_post_main` WHERE ( `post_id` = 1 )  [ RunTime:0.000088s ]
SQL: SELECT * FROM `lj_post_main` WHERE ( `post_id` = 8 )  [ RunTime:0.000090s ]
SQL: SELECT * FROM `lj_post_main` WHERE ( `post_id` = 11 )  [ RunTime:0.000089s ]
SQL: SELECT * FROM `lj_post_main` WHERE ( `post_id` = 10 )  [ RunTime:0.000087s ]
SQL: SELECT * FROM `lj_post_main` WHERE ( `post_id` = 18 )  [ RunTime:0.000092s ]
SQL: SELECT * FROM `lj_post_main` WHERE ( `post_id` = 17 )  [ RunTime:0.000089s ]
SQL: SHOW COLUMNS FROM `lj_board` [ RunTime:0.000521s ]
SQL: SHOW COLUMNS FROM `lj_board` [ RunTime:0.000533s ]
SQL: SELECT * FROM `lj_board` ORDER BY Id desc LIMIT 6   [ RunTime:0.000092s ]
SQL: SHOW COLUMNS FROM `lj_get_gl_from_other_site` [ RunTime:0.003803s ]
SQL: SELECT * FROM `lj_get_gl_from_other_site` ORDER BY datetime LIMIT 0,16   [ RunTime:0.018342s ]
SQL: SELECT * FROM `lj_get_gl_from_other_site` ORDER BY datetime desc LIMIT 0,16   [ RunTime:0.000112s ]
SQL: SELECT COUNT(*) AS tp_count FROM `lj_get_gl_from_other_site` LIMIT 1   [ RunTime:0.000086s ]
NOTIC: [2] Missing argument 1 for Action::show(), called in /mnt/www/html/lejun/HOME/Lib/Action/IndexAction.class.php on line 72 and defined /mnt/www/html/lejun/ThinkPHP/Lib/Core/Action.class.php 第 113 行.
NOTIC: [8] Undefined variable: content /mnt/www/html/lejun/ThinkPHP/Lib/Core/Action.class.php 第 115 行.
INFO: [ view_template ] --START--
INFO: Run LocationTemplate Behavior [ RunTime:0.008628s ]
INFO: [ view_template ] --END-- [ RunTime:0.008706s ]
INFO: [ view_parse ] --START--
NOTIC: [8] A session had already been started - ignoring session_start() /mnt/www/html/lejun/HOME/Runtime/Cache/7a41a6bbe13c5876cd2302dcb6d58711.php 第 1 行.
NOTIC: [8] A session had already been started - ignoring session_start() /mnt/www/html/lejun/HOME/Runtime/Cache/7a41a6bbe13c5876cd2302dcb6d58711.php 第 3 行.
NOTIC: [8] A session had already been started - ignoring session_start() /mnt/www/html/lejun/HOME/Runtime/Cache/7a41a6bbe13c5876cd2302dcb6d58711.php 第 140 行.
INFO: Run ParseTemplate Behavior [ RunTime:0.978569s ]
INFO: [ view_parse ] --END-- [ RunTime:0.978693s ]
INFO: [ view_filter ] --START--
INFO: Run ContentReplace Behavior [ RunTime:0.004044s ]
INFO: Run TokenBuild Behavior [ RunTime:0.002186s ]
INFO: Run WriteHtmlCache Behavior [ RunTime:0.002498s ]
INFO: Run ShowRuntime Behavior [ RunTime:0.006154s ]
INFO: [ view_filter ] --END-- [ RunTime:0.015126s ]
INFO: [ view_end ] --START--
INFO: Run ShowPageTrace Behavior [ RunTime:0.002842s ]
INFO: [ view_end ] --END-- [ RunTime:0.002998s ]

[ 2014-03-28T01:42:08+08:00 ] 123.125.68.182 /index.php/index/index_index.xml
INFO: [ route_check ] --START--
INFO: Run CheckRoute Behavior [ RunTime:0.002909s ]
INFO: [ route_check ] --END-- [ RunTime:0.003018s ]
INFO: [ app_begin ] --START--
INFO: Run ReadHtmlCache Behavior [ RunTime:0.000406s ]
INFO: [ app_begin ] --END-- [ RunTime:0.000472s ]
SQL: SHOW COLUMNS FROM `lj_cheats` [ RunTime:0.008914s ]
SQL: SHOW COLUMNS FROM `lj_cheats` [ RunTime:0.000721s ]
SQL: SELECT * FROM `lj_cheats` ORDER BY cheats_id desc LIMIT 8   [ RunTime:0.059826s ]
SQL: SHOW COLUMNS FROM `lj_post_main` [ RunTime:0.000667s ]
SQL: SHOW COLUMNS FROM `lj_post_main` [ RunTime:0.000541s ]
SQL: SELECT * FROM `lj_post_main` ORDER BY post_id desc LIMIT 8   [ RunTime:0.019482s ]
SQL: SHOW COLUMNS FROM `lj_cheats_hot` [ RunTime:0.020962s ]
SQL: SHOW COLUMNS FROM `lj_cheats_hot` [ RunTime:0.000472s ]
SQL: SELECT * FROM `lj_cheats_hot` LIMIT 8   [ RunTime:0.001580s ]
SQL: SELECT * FROM `lj_cheats` WHERE ( `cheats_id` = 1 )  [ RunTime:0.012214s ]
SQL: SELECT * FROM `lj_cheats` WHERE ( `cheats_id` = 12 )  [ RunTime:0.002323s ]
SQL: SELECT * FROM `lj_cheats` WHERE ( `cheats_id` = 13 )  [ RunTime:0.000213s ]
SQL: SELECT * FROM `lj_cheats` WHERE ( `cheats_id` = 14 )  [ RunTime:0.000242s ]
SQL: SELECT * FROM `lj_cheats` WHERE ( `cheats_id` = 19 )  [ RunTime:0.000216s ]
SQL: SELECT * FROM `lj_cheats` WHERE ( `cheats_id` = 16 )  [ RunTime:0.000262s ]
SQL: SELECT * FROM `lj_cheats` WHERE ( `cheats_id` = 17 )  [ RunTime:0.000272s ]
SQL: SELECT * FROM `lj_cheats` WHERE ( `cheats_id` = 33 )  [ RunTime:0.000238s ]
SQL: SHOW COLUMNS FROM `lj_post_hot` [ RunTime:0.034141s ]
SQL: SHOW COLUMNS FROM `lj_post_hot` [ RunTime:0.000435s ]
SQL: SELECT * FROM `lj_post_hot` LIMIT 8   [ RunTime:0.011574s ]
SQL: SELECT * FROM `lj_post_main` WHERE ( `post_id` = 9 )  [ RunTime:0.000244s ]
SQL: SELECT * FROM `lj_post_main` WHERE ( `post_id` = 1 )  [ RunTime:0.000229s ]
SQL: SELECT * FROM `lj_post_main` WHERE ( `post_id` = 8 )  [ RunTime:0.000224s ]
SQL: SELECT * FROM `lj_post_main` WHERE ( `post_id` = 11 )  [ RunTime:0.000210s ]
SQL: SELECT * FROM `lj_post_main` WHERE ( `post_id` = 10 )  [ RunTime:0.000204s ]
SQL: SELECT * FROM `lj_post_main` WHERE ( `post_id` = 18 )  [ RunTime:0.000207s ]
SQL: SELECT * FROM `lj_post_main` WHERE ( `post_id` = 17 )  [ RunTime:0.000198s ]
SQL: SHOW COLUMNS FROM `lj_board` [ RunTime:0.046374s ]
SQL: SHOW COLUMNS FROM `lj_board` [ RunTime:0.000491s ]
SQL: SELECT * FROM `lj_board` ORDER BY Id desc LIMIT 6   [ RunTime:0.003377s ]
SQL: SHOW COLUMNS FROM `lj_get_gl_from_other_site` [ RunTime:0.423918s ]
SQL: SELECT * FROM `lj_get_gl_from_other_site` ORDER BY datetime LIMIT 0,16   [ RunTime:0.010650s ]
SQL: SELECT * FROM `lj_get_gl_from_other_site` ORDER BY datetime desc LIMIT 0,16   [ RunTime:0.000709s ]
SQL: SELECT COUNT(*) AS tp_count FROM `lj_get_gl_from_other_site` LIMIT 1   [ RunTime:0.000356s ]
NOTIC: [2] Missing argument 1 for Action::show(), called in /mnt/www/html/lejun/HOME/Lib/Action/IndexAction.class.php on line 72 and defined /mnt/www/html/lejun/ThinkPHP/Lib/Core/Action.class.php 第 113 行.
NOTIC: [8] Undefined variable: content /mnt/www/html/lejun/ThinkPHP/Lib/Core/Action.class.php 第 115 行.
INFO: [ view_template ] --START--
INFO: Run LocationTemplate Behavior [ RunTime:0.037131s ]
INFO: [ view_template ] --END-- [ RunTime:0.037246s ]
INFO: [ view_parse ] --START--
NOTIC: [8] A session had already been started - ignoring session_start() /mnt/www/html/lejun/HOME/Runtime/Cache/7a41a6bbe13c5876cd2302dcb6d58711.php 第 1 行.
NOTIC: [8] A session had already been started - ignoring session_start() /mnt/www/html/lejun/HOME/Runtime/Cache/7a41a6bbe13c5876cd2302dcb6d58711.php 第 3 行.
NOTIC: [8] A session had already been started - ignoring session_start() /mnt/www/html/lejun/HOME/Runtime/Cache/7a41a6bbe13c5876cd2302dcb6d58711.php 第 140 行.
INFO: Run ParseTemplate Behavior [ RunTime:0.260208s ]
INFO: [ view_parse ] --END-- [ RunTime:0.260321s ]
INFO: [ view_filter ] --START--
INFO: Run ContentReplace Behavior [ RunTime:0.002597s ]
INFO: Run TokenBuild Behavior [ RunTime:0.002783s ]
INFO: Run WriteHtmlCache Behavior [ RunTime:0.002128s ]
INFO: Run ShowRuntime Behavior [ RunTime:0.001930s ]
INFO: [ view_filter ] --END-- [ RunTime:0.009636s ]
INFO: [ view_end ] --START--
INFO: Run ShowPageTrace Behavior [ RunTime:0.002549s ]
INFO: [ view_end ] --END-- [ RunTime:0.002647s ]

[ 2014-03-28T01:46:25+08:00 ] 180.153.214.200 /index.php/index/index_index.xml
INFO: [ route_check ] --START--
INFO: Run CheckRoute Behavior [ RunTime:0.000627s ]
INFO: [ route_check ] --END-- [ RunTime:0.000724s ]
INFO: [ app_begin ] --START--
INFO: Run ReadHtmlCache Behavior [ RunTime:0.000373s ]
INFO: [ app_begin ] --END-- [ RunTime:0.000465s ]
SQL: SHOW COLUMNS FROM `lj_cheats` [ RunTime:0.000998s ]
SQL: SHOW COLUMNS FROM `lj_cheats` [ RunTime:0.000644s ]
SQL: SELECT * FROM `lj_cheats` ORDER BY cheats_id desc LIMIT 8   [ RunTime:0.000264s ]
SQL: SHOW COLUMNS FROM `lj_post_main` [ RunTime:0.000588s ]
SQL: SHOW COLUMNS FROM `lj_post_main` [ RunTime:0.000543s ]
SQL: SELECT * FROM `lj_post_main` ORDER BY post_id desc LIMIT 8   [ RunTime:0.000108s ]
SQL: SHOW COLUMNS FROM `lj_cheats_hot` [ RunTime:0.000430s ]
SQL: SHOW COLUMNS FROM `lj_cheats_hot` [ RunTime:0.000422s ]
SQL: SELECT * FROM `lj_cheats_hot` LIMIT 8   [ RunTime:0.000094s ]
SQL: SELECT * FROM `lj_cheats` WHERE ( `cheats_id` = 1 )  [ RunTime:0.000098s ]
SQL: SELECT * FROM `lj_cheats` WHERE ( `cheats_id` = 12 )  [ RunTime:0.000136s ]
SQL: SELECT * FROM `lj_cheats` WHERE ( `cheats_id` = 13 )  [ RunTime:0.000104s ]
SQL: SELECT * FROM `lj_cheats` WHERE ( `cheats_id` = 14 )  [ RunTime:0.000099s ]
SQL: SELECT * FROM `lj_cheats` WHERE ( `cheats_id` = 19 )  [ RunTime:0.000098s ]
SQL: SELECT * FROM `lj_cheats` WHERE ( `cheats_id` = 16 )  [ RunTime:0.000125s ]
SQL: SELECT * FROM `lj_cheats` WHERE ( `cheats_id` = 17 )  [ RunTime:0.000131s ]
SQL: SELECT * FROM `lj_cheats` WHERE ( `cheats_id` = 33 )  [ RunTime:0.000094s ]
SQL: SHOW COLUMNS FROM `lj_post_hot` [ RunTime:0.000444s ]
SQL: SHOW COLUMNS FROM `lj_post_hot` [ RunTime:0.000406s ]
SQL: SELECT * FROM `lj_post_hot` LIMIT 8   [ RunTime:0.000089s ]
SQL: SELECT * FROM `lj_post_main` WHERE ( `post_id` = 9 )  [ RunTime:0.000166s ]
SQL: SELECT * FROM `lj_post_main` WHERE ( `post_id` = 1 )  [ RunTime:0.000097s ]
SQL: SELECT * FROM `lj_post_main` WHERE ( `post_id` = 8 )  [ RunTime:0.000108s ]
SQL: SELECT * FROM `lj_post_main` WHERE ( `post_id` = 11 )  [ RunTime:0.000099s ]
SQL: SELECT * FROM `lj_post_main` WHERE ( `post_id` = 10 )  [ RunTime:0.000093s ]
SQL: SELECT * FROM `lj_post_main` WHERE ( `post_id` = 18 )  [ RunTime:0.000096s ]
SQL: SELECT * FROM `lj_post_main` WHERE ( `post_id` = 17 )  [ RunTime:0.000090s ]
SQL: SHOW COLUMNS FROM `lj_board` [ RunTime:0.000686s ]
SQL: SHOW COLUMNS FROM `lj_board` [ RunTime:0.000468s ]
SQL: SELECT * FROM `lj_board` ORDER BY Id desc LIMIT 6   [ RunTime:0.000095s ]
SQL: SHOW COLUMNS FROM `lj_get_gl_from_other_site` [ RunTime:0.000524s ]
SQL: SELECT * FROM `lj_get_gl_from_other_site` ORDER BY datetime LIMIT 0,16   [ RunTime:0.000118s ]
SQL: SELECT * FROM `lj_get_gl_from_other_site` ORDER BY datetime desc LIMIT 0,16   [ RunTime:0.000098s ]
SQL: SELECT COUNT(*) AS tp_count FROM `lj_get_gl_from_other_site` LIMIT 1   [ RunTime:0.000109s ]
NOTIC: [2] Missing argument 1 for Action::show(), called in /mnt/www/html/lejun/HOME/Lib/Action/IndexAction.class.php on line 72 and defined /mnt/www/html/lejun/ThinkPHP/Lib/Core/Action.class.php 第 113 行.
NOTIC: [8] Undefined variable: content /mnt/www/html/lejun/ThinkPHP/Lib/Core/Action.class.php 第 115 行.
INFO: [ view_template ] --START--
INFO: Run LocationTemplate Behavior [ RunTime:0.000297s ]
INFO: [ view_template ] --END-- [ RunTime:0.000364s ]
INFO: [ view_parse ] --START--
NOTIC: [8] A session had already been started - ignoring session_start() /mnt/www/html/lejun/HOME/Runtime/Cache/7a41a6bbe13c5876cd2302dcb6d58711.php 第 1 行.
NOTIC: [8] A session had already been started - ignoring session_start() /mnt/www/html/lejun/HOME/Runtime/Cache/7a41a6bbe13c5876cd2302dcb6d58711.php 第 3 行.
NOTIC: [8] A session had already been started - ignoring session_start() /mnt/www/html/lejun/HOME/Runtime/Cache/7a41a6bbe13c5876cd2302dcb6d58711.php 第 140 行.
INFO: Run ParseTemplate Behavior [ RunTime:0.040334s ]
INFO: [ view_parse ] --END-- [ RunTime:0.040439s ]
INFO: [ view_filter ] --START--
INFO: Run ContentReplace Behavior [ RunTime:0.000911s ]
INFO: Run TokenBuild Behavior [ RunTime:0.000285s ]
INFO: Run WriteHtmlCache Behavior [ RunTime:0.000167s ]
INFO: Run ShowRuntime Behavior [ RunTime:0.000373s ]
INFO: [ view_filter ] --END-- [ RunTime:0.001932s ]
INFO: [ view_end ] --START--
INFO: Run ShowPageTrace Behavior [ RunTime:0.000488s ]
INFO: [ view_end ] --END-- [ RunTime:0.000558s ]

[ 2014-03-28T01:49:13+08:00 ] 180.153.214.200 /index.php/index/dist/html5shiv.js
INFO: [ route_check ] --START--
INFO: Run CheckRoute Behavior [ RunTime:0.000593s ]
INFO: [ route_check ] --END-- [ RunTime:0.000686s ]
INFO: [ app_begin ] --START--
INFO: Run ReadHtmlCache Behavior [ RunTime:0.000376s ]
INFO: [ app_begin ] --END-- [ RunTime:0.000441s ]
INFO: [ view_template ] --START--
INFO: Run LocationTemplate Behavior [ RunTime:0.000474s ]
INFO: [ view_template ] --END-- [ RunTime:0.000625s ]
INFO: [ view_parse ] --START--
INFO: Run ParseTemplate Behavior [ RunTime:0.023932s ]
INFO: [ view_parse ] --END-- [ RunTime:0.024032s ]
INFO: [ view_filter ] --START--
INFO: Run ContentReplace Behavior [ RunTime:0.000300s ]
INFO: Run TokenBuild Behavior [ RunTime:0.000341s ]
INFO: Run WriteHtmlCache Behavior [ RunTime:0.000182s ]
INFO: Run ShowRuntime Behavior [ RunTime:0.000356s ]
INFO: [ view_filter ] --END-- [ RunTime:0.001418s ]
INFO: [ view_end ] --START--
INFO: Run ShowPageTrace Behavior [ RunTime:0.000435s ]
INFO: [ view_end ] --END-- [ RunTime:0.000493s ]

[ 2014-03-28T03:17:07+08:00 ] 123.125.71.17 /index.php/index/index_index.xml
INFO: [ route_check ] --START--
INFO: Run CheckRoute Behavior [ RunTime:0.007715s ]
INFO: [ route_check ] --END-- [ RunTime:0.007843s ]
INFO: [ app_begin ] --START--
INFO: Run ReadHtmlCache Behavior [ RunTime:0.001937s ]
INFO: [ app_begin ] --END-- [ RunTime:0.002019s ]
SQL: SHOW COLUMNS FROM `lj_cheats` [ RunTime:0.064311s ]
SQL: SHOW COLUMNS FROM `lj_cheats` [ RunTime:0.001078s ]
SQL: SELECT * FROM `lj_cheats` ORDER BY cheats_id desc LIMIT 8   [ RunTime:0.000580s ]
SQL: SHOW COLUMNS FROM `lj_post_main` [ RunTime:0.001135s ]
SQL: SHOW COLUMNS FROM `lj_post_main` [ RunTime:0.000805s ]
SQL: SELECT * FROM `lj_post_main` ORDER BY post_id desc LIMIT 8   [ RunTime:0.000142s ]
SQL: SHOW COLUMNS FROM `lj_cheats_hot` [ RunTime:0.000513s ]
SQL: SHOW COLUMNS FROM `lj_cheats_hot` [ RunTime:0.000451s ]
SQL: SELECT * FROM `lj_cheats_hot` LIMIT 8   [ RunTime:0.000098s ]
SQL: SELECT * FROM `lj_cheats` WHERE ( `cheats_id` = 1 )  [ RunTime:0.000124s ]
SQL: SELECT * FROM `lj_cheats` WHERE ( `cheats_id` = 12 )  [ RunTime:0.000139s ]
SQL: SELECT * FROM `lj_cheats` WHERE ( `cheats_id` = 13 )  [ RunTime:0.000102s ]
SQL: SELECT * FROM `lj_cheats` WHERE ( `cheats_id` = 14 )  [ RunTime:0.000101s ]
SQL: SELECT * FROM `lj_cheats` WHERE ( `cheats_id` = 19 )  [ RunTime:0.000102s ]
SQL: SELECT * FROM `lj_cheats` WHERE ( `cheats_id` = 16 )  [ RunTime:0.000097s ]
SQL: SELECT * FROM `lj_cheats` WHERE ( `cheats_id` = 17 )  [ RunTime:0.000129s ]
SQL: SELECT * FROM `lj_cheats` WHERE ( `cheats_id` = 33 )  [ RunTime:0.000095s ]
SQL: SHOW COLUMNS FROM `lj_post_hot` [ RunTime:0.000452s ]
SQL: SHOW COLUMNS FROM `lj_post_hot` [ RunTime:0.000445s ]
SQL: SELECT * FROM `lj_post_hot` LIMIT 8   [ RunTime:0.000088s ]
SQL: SELECT * FROM `lj_post_main` WHERE ( `post_id` = 9 )  [ RunTime:0.000092s ]
SQL: SELECT * FROM `lj_post_main` WHERE ( `post_id` = 1 )  [ RunTime:0.000090s ]
SQL: SELECT * FROM `lj_post_main` WHERE ( `post_id` = 8 )  [ RunTime:0.000091s ]
SQL: SELECT * FROM `lj_post_main` WHERE ( `post_id` = 11 )  [ RunTime:0.000092s ]
SQL: SELECT * FROM `lj_post_main` WHERE ( `post_id` = 10 )  [ RunTime:0.000090s ]
SQL: SELECT * FROM `lj_post_main` WHERE ( `post_id` = 18 )  [ RunTime:0.000170s ]
SQL: SELECT * FROM `lj_post_main` WHERE ( `post_id` = 17 )  [ RunTime:0.000093s ]
SQL: SHOW COLUMNS FROM `lj_board` [ RunTime:0.000528s ]
SQL: SHOW COLUMNS FROM `lj_board` [ RunTime:0.000510s ]
SQL: SELECT * FROM `lj_board` ORDER BY Id desc LIMIT 6   [ RunTime:0.000094s ]
SQL: SHOW COLUMNS FROM `lj_get_gl_from_other_site` [ RunTime:0.004110s ]
SQL: SELECT * FROM `lj_get_gl_from_other_site` ORDER BY datetime LIMIT 0,16   [ RunTime:0.012399s ]
SQL: SELECT * FROM `lj_get_gl_from_other_site` ORDER BY datetime desc LIMIT 0,16   [ RunTime:0.000105s ]
SQL: SELECT COUNT(*) AS tp_count FROM `lj_get_gl_from_other_site` LIMIT 1   [ RunTime:0.000085s ]
NOTIC: [2] Missing argument 1 for Action::show(), called in /mnt/www/html/lejun/HOME/Lib/Action/IndexAction.class.php on line 72 and defined /mnt/www/html/lejun/ThinkPHP/Lib/Core/Action.class.php 第 113 行.
NOTIC: [8] Undefined variable: content /mnt/www/html/lejun/ThinkPHP/Lib/Core/Action.class.php 第 115 行.
INFO: [ view_template ] --START--
INFO: Run LocationTemplate Behavior [ RunTime:0.009788s ]
INFO: [ view_template ] --END-- [ RunTime:0.009888s ]
INFO: [ view_parse ] --START--
NOTIC: [8] A session had already been started - ignoring session_start() /mnt/www/html/lejun/HOME/Runtime/Cache/7a41a6bbe13c5876cd2302dcb6d58711.php 第 1 行.
NOTIC: [8] A session had already been started - ignoring session_start() /mnt/www/html/lejun/HOME/Runtime/Cache/7a41a6bbe13c5876cd2302dcb6d58711.php 第 3 行.
NOTIC: [8] A session had already been started - ignoring session_start() /mnt/www/html/lejun/HOME/Runtime/Cache/7a41a6bbe13c5876cd2302dcb6d58711.php 第 140 行.
INFO: Run ParseTemplate Behavior [ RunTime:0.380768s ]
INFO: [ view_parse ] --END-- [ RunTime:0.380877s ]
INFO: [ view_filter ] --START--
INFO: Run ContentReplace Behavior [ RunTime:0.004388s ]
INFO: Run TokenBuild Behavior [ RunTime:0.001839s ]
INFO: Run WriteHtmlCache Behavior [ RunTime:0.001817s ]
INFO: Run ShowRuntime Behavior [ RunTime:0.001835s ]
INFO: [ view_filter ] --END-- [ RunTime:0.010082s ]
INFO: [ view_end ] --START--
INFO: Run ShowPageTrace Behavior [ RunTime:0.030977s ]
INFO: [ view_end ] --END-- [ RunTime:0.073889s ]

[ 2014-03-28T03:47:53+08:00 ] 61.146.178.189 /index.php/index/index_index.xml
INFO: [ route_check ] --START--
INFO: Run CheckRoute Behavior [ RunTime:0.002859s ]
INFO: [ route_check ] --END-- [ RunTime:0.002978s ]
INFO: [ app_begin ] --START--
INFO: Run ReadHtmlCache Behavior [ RunTime:0.000380s ]
INFO: [ app_begin ] --END-- [ RunTime:0.000445s ]
SQL: SHOW COLUMNS FROM `lj_cheats` [ RunTime:0.067679s ]
SQL: SHOW COLUMNS FROM `lj_cheats` [ RunTime:0.001013s ]
SQL: SELECT * FROM `lj_cheats` ORDER BY cheats_id desc LIMIT 8   [ RunTime:0.000281s ]
SQL: SHOW COLUMNS FROM `lj_post_main` [ RunTime:0.000586s ]
SQL: SHOW COLUMNS FROM `lj_post_main` [ RunTime:0.000548s ]
SQL: SELECT * FROM `lj_post_main` ORDER BY post_id desc LIMIT 8   [ RunTime:0.000104s ]
SQL: SHOW COLUMNS FROM `lj_cheats_hot` [ RunTime:0.000426s ]
SQL: SHOW COLUMNS FROM `lj_cheats_hot` [ RunTime:0.000446s ]
SQL: SELECT * FROM `lj_cheats_hot` LIMIT 8   [ RunTime:0.000093s ]
SQL: SELECT * FROM `lj_cheats` WHERE ( `cheats_id` = 1 )  [ RunTime:0.000092s ]
SQL: SELECT * FROM `lj_cheats` WHERE ( `cheats_id` = 12 )  [ RunTime:0.000119s ]
SQL: SELECT * FROM `lj_cheats` WHERE ( `cheats_id` = 13 )  [ RunTime:0.000094s ]
SQL: SELECT * FROM `lj_cheats` WHERE ( `cheats_id` = 14 )  [ RunTime:0.000094s ]
SQL: SELECT * FROM `lj_cheats` WHERE ( `cheats_id` = 19 )  [ RunTime:0.000095s ]
SQL: SELECT * FROM `lj_cheats` WHERE ( `cheats_id` = 16 )  [ RunTime:0.000204s ]
SQL: SELECT * FROM `lj_cheats` WHERE ( `cheats_id` = 17 )  [ RunTime:0.000259s ]
SQL: SELECT * FROM `lj_cheats` WHERE ( `cheats_id` = 33 )  [ RunTime:0.000097s ]
SQL: SHOW COLUMNS FROM `lj_post_hot` [ RunTime:0.000647s ]
SQL: SHOW COLUMNS FROM `lj_post_hot` [ RunTime:0.000410s ]
SQL: SELECT * FROM `lj_post_hot` LIMIT 8   [ RunTime:0.000088s ]
SQL: SELECT * FROM `lj_post_main` WHERE ( `post_id` = 9 )  [ RunTime:0.000107s ]
SQL: SELECT * FROM `lj_post_main` WHERE ( `post_id` = 1 )  [ RunTime:0.000103s ]
SQL: SELECT * FROM `lj_post_main` WHERE ( `post_id` = 8 )  [ RunTime:0.000090s ]
SQL: SELECT * FROM `lj_post_main` WHERE ( `post_id` = 11 )  [ RunTime:0.000091s ]
SQL: SELECT * FROM `lj_post_main` WHERE ( `post_id` = 10 )  [ RunTime:0.000089s ]
SQL: SELECT * FROM `lj_post_main` WHERE ( `post_id` = 18 )  [ RunTime:0.000091s ]
SQL: SELECT * FROM `lj_post_main` WHERE ( `post_id` = 17 )  [ RunTime:0.000088s ]
SQL: SHOW COLUMNS FROM `lj_board` [ RunTime:0.000514s ]
SQL: SHOW COLUMNS FROM `lj_board` [ RunTime:0.000495s ]
SQL: SELECT * FROM `lj_board` ORDER BY Id desc LIMIT 6   [ RunTime:0.000116s ]
SQL: SHOW COLUMNS FROM `lj_get_gl_from_other_site` [ RunTime:0.003814s ]
SQL: SELECT * FROM `lj_get_gl_from_other_site` ORDER BY datetime LIMIT 0,16   [ RunTime:0.006861s ]
SQL: SELECT * FROM `lj_get_gl_from_other_site` ORDER BY datetime desc LIMIT 0,16   [ RunTime:0.000095s ]
SQL: SELECT COUNT(*) AS tp_count FROM `lj_get_gl_from_other_site` LIMIT 1   [ RunTime:0.000081s ]
NOTIC: [2] Missing argument 1 for Action::show(), called in /mnt/www/html/lejun/HOME/Lib/Action/IndexAction.class.php on line 72 and defined /mnt/www/html/lejun/ThinkPHP/Lib/Core/Action.class.php 第 113 行.
NOTIC: [8] Undefined variable: content /mnt/www/html/lejun/ThinkPHP/Lib/Core/Action.class.php 第 115 行.
INFO: [ view_template ] --START--
INFO: Run LocationTemplate Behavior [ RunTime:0.005823s ]
INFO: [ view_template ] --END-- [ RunTime:0.005940s ]
INFO: [ view_parse ] --START--
NOTIC: [8] A session had already been started - ignoring session_start() /mnt/www/html/lejun/HOME/Runtime/Cache/7a41a6bbe13c5876cd2302dcb6d58711.php 第 1 行.
NOTIC: [8] A session had already been started - ignoring session_start() /mnt/www/html/lejun/HOME/Runtime/Cache/7a41a6bbe13c5876cd2302dcb6d58711.php 第 3 行.
NOTIC: [8] A session had already been started - ignoring session_start() /mnt/www/html/lejun/HOME/Runtime/Cache/7a41a6bbe13c5876cd2302dcb6d58711.php 第 140 行.
INFO: Run ParseTemplate Behavior [ RunTime:0.368762s ]
INFO: [ view_parse ] --END-- [ RunTime:0.384944s ]
INFO: [ view_filter ] --START--
INFO: Run ContentReplace Behavior [ RunTime:0.020449s ]
INFO: Run TokenBuild Behavior [ RunTime:0.001748s ]
INFO: Run WriteHtmlCache Behavior [ RunTime:0.001666s ]
INFO: Run ShowRuntime Behavior [ RunTime:0.002049s ]
INFO: [ view_filter ] --END-- [ RunTime:0.026122s ]
INFO: [ view_end ] --START--
INFO: Run ShowPageTrace Behavior [ RunTime:0.002676s ]
INFO: [ view_end ] --END-- [ RunTime:0.002768s ]

[ 2014-03-28T12:10:18+08:00 ] 66.249.68.34 /index.php/index/index_index.xml
INFO: [ route_check ] --START--
INFO: Run CheckRoute Behavior [ RunTime:0.004577s ]
INFO: [ route_check ] --END-- [ RunTime:0.004684s ]
INFO: [ app_begin ] --START--
INFO: Run ReadHtmlCache Behavior [ RunTime:0.000376s ]
INFO: [ app_begin ] --END-- [ RunTime:0.000440s ]
SQL: SHOW COLUMNS FROM `lj_cheats` [ RunTime:0.359147s ]
SQL: SHOW COLUMNS FROM `lj_cheats` [ RunTime:0.000977s ]
SQL: SELECT * FROM `lj_cheats` ORDER BY cheats_id desc LIMIT 8   [ RunTime:0.000259s ]
SQL: SHOW COLUMNS FROM `lj_post_main` [ RunTime:0.000570s ]
SQL: SHOW COLUMNS FROM `lj_post_main` [ RunTime:0.000609s ]
SQL: SELECT * FROM `lj_post_main` ORDER BY post_id desc LIMIT 8   [ RunTime:0.000108s ]
SQL: SHOW COLUMNS FROM `lj_cheats_hot` [ RunTime:0.000462s ]
SQL: SHOW COLUMNS FROM `lj_cheats_hot` [ RunTime:0.000453s ]
SQL: SELECT * FROM `lj_cheats_hot` LIMIT 8   [ RunTime:0.000101s ]
SQL: SELECT * FROM `lj_cheats` WHERE ( `cheats_id` = 1 )  [ RunTime:0.000098s ]
SQL: SELECT * FROM `lj_cheats` WHERE ( `cheats_id` = 12 )  [ RunTime:0.000148s ]
SQL: SELECT * FROM `lj_cheats` WHERE ( `cheats_id` = 13 )  [ RunTime:0.000101s ]
SQL: SELECT * FROM `lj_cheats` WHERE ( `cheats_id` = 14 )  [ RunTime:0.000100s ]
SQL: SELECT * FROM `lj_cheats` WHERE ( `cheats_id` = 19 )  [ RunTime:0.000101s ]
SQL: SELECT * FROM `lj_cheats` WHERE ( `cheats_id` = 16 )  [ RunTime:0.000101s ]
SQL: SELECT * FROM `lj_cheats` WHERE ( `cheats_id` = 17 )  [ RunTime:0.000134s ]
SQL: SELECT * FROM `lj_cheats` WHERE ( `cheats_id` = 33 )  [ RunTime:0.000097s ]
SQL: SHOW COLUMNS FROM `lj_post_hot` [ RunTime:0.000449s ]
SQL: SHOW COLUMNS FROM `lj_post_hot` [ RunTime:0.000470s ]
SQL: SELECT * FROM `lj_post_hot` LIMIT 8   [ RunTime:0.000094s ]
SQL: SELECT * FROM `lj_post_main` WHERE ( `post_id` = 9 )  [ RunTime:0.000093s ]
SQL: SELECT * FROM `lj_post_main` WHERE ( `post_id` = 1 )  [ RunTime:0.000094s ]
SQL: SELECT * FROM `lj_post_main` WHERE ( `post_id` = 8 )  [ RunTime:0.000091s ]
SQL: SELECT * FROM `lj_post_main` WHERE ( `post_id` = 11 )  [ RunTime:0.000095s ]
SQL: SELECT * FROM `lj_post_main` WHERE ( `post_id` = 10 )  [ RunTime:0.000093s ]
SQL: SELECT * FROM `lj_post_main` WHERE ( `post_id` = 18 )  [ RunTime:0.000096s ]
SQL: SELECT * FROM `lj_post_main` WHERE ( `post_id` = 17 )  [ RunTime:0.000098s ]
SQL: SHOW COLUMNS FROM `lj_board` [ RunTime:0.000516s ]
SQL: SHOW COLUMNS FROM `lj_board` [ RunTime:0.000487s ]
SQL: SELECT * FROM `lj_board` ORDER BY Id desc LIMIT 6   [ RunTime:0.000097s ]
SQL: SHOW COLUMNS FROM `lj_get_gl_from_other_site` [ RunTime:0.011144s ]
SQL: SELECT * FROM `lj_get_gl_from_other_site` ORDER BY datetime LIMIT 0,16   [ RunTime:0.018084s ]
SQL: SELECT * FROM `lj_get_gl_from_other_site` ORDER BY datetime desc LIMIT 0,16   [ RunTime:0.000107s ]
SQL: SELECT COUNT(*) AS tp_count FROM `lj_get_gl_from_other_site` LIMIT 1   [ RunTime:0.000087s ]
NOTIC: [2] Missing argument 1 for Action::show(), called in /mnt/www/html/lejun/HOME/Lib/Action/IndexAction.class.php on line 72 and defined /mnt/www/html/lejun/ThinkPHP/Lib/Core/Action.class.php 第 113 行.
NOTIC: [8] Undefined variable: content /mnt/www/html/lejun/ThinkPHP/Lib/Core/Action.class.php 第 115 行.
INFO: [ view_template ] --START--
INFO: Run LocationTemplate Behavior [ RunTime:0.007095s ]
INFO: [ view_template ] --END-- [ RunTime:0.007169s ]
INFO: [ view_parse ] --START--
NOTIC: [8] A session had already been started - ignoring session_start() /mnt/www/html/lejun/HOME/Runtime/Cache/7a41a6bbe13c5876cd2302dcb6d58711.php 第 1 行.
NOTIC: [8] A session had already been started - ignoring session_start() /mnt/www/html/lejun/HOME/Runtime/Cache/7a41a6bbe13c5876cd2302dcb6d58711.php 第 3 行.
NOTIC: [8] A session had already been started - ignoring session_start() /mnt/www/html/lejun/HOME/Runtime/Cache/7a41a6bbe13c5876cd2302dcb6d58711.php 第 140 行.
INFO: Run ParseTemplate Behavior [ RunTime:0.261937s ]
INFO: [ view_parse ] --END-- [ RunTime:0.262026s ]
INFO: [ view_filter ] --START--
INFO: Run ContentReplace Behavior [ RunTime:0.002822s ]
INFO: Run TokenBuild Behavior [ RunTime:0.002060s ]
INFO: Run WriteHtmlCache Behavior [ RunTime:0.002543s ]
INFO: Run ShowRuntime Behavior [ RunTime:0.002146s ]
INFO: [ view_filter ] --END-- [ RunTime:0.009771s ]
INFO: [ view_end ] --START--
INFO: Run ShowPageTrace Behavior [ RunTime:0.003008s ]
INFO: [ view_end ] --END-- [ RunTime:0.003159s ]

[ 2014-03-28T12:48:52+08:00 ] 221.209.105.143 /index.php/index/index_index.xml
INFO: [ route_check ] --START--
INFO: Run CheckRoute Behavior [ RunTime:0.003029s ]
INFO: [ route_check ] --END-- [ RunTime:0.003131s ]
INFO: [ app_begin ] --START--
INFO: Run ReadHtmlCache Behavior [ RunTime:0.000381s ]
INFO: [ app_begin ] --END-- [ RunTime:0.000447s ]
SQL: SHOW COLUMNS FROM `lj_cheats` [ RunTime:0.038063s ]
SQL: SHOW COLUMNS FROM `lj_cheats` [ RunTime:0.000727s ]
SQL: SELECT * FROM `lj_cheats` ORDER BY cheats_id desc LIMIT 8   [ RunTime:0.000259s ]
SQL: SHOW COLUMNS FROM `lj_post_main` [ RunTime:0.000607s ]
SQL: SHOW COLUMNS FROM `lj_post_main` [ RunTime:0.000587s ]
SQL: SELECT * FROM `lj_post_main` ORDER BY post_id desc LIMIT 8   [ RunTime:0.000109s ]
SQL: SHOW COLUMNS FROM `lj_cheats_hot` [ RunTime:0.000465s ]
SQL: SHOW COLUMNS FROM `lj_cheats_hot` [ RunTime:0.000429s ]
SQL: SELECT * FROM `lj_cheats_hot` LIMIT 8   [ RunTime:0.000123s ]
SQL: SELECT * FROM `lj_cheats` WHERE ( `cheats_id` = 1 )  [ RunTime:0.000099s ]
SQL: SELECT * FROM `lj_cheats` WHERE ( `cheats_id` = 12 )  [ RunTime:0.000136s ]
SQL: SELECT * FROM `lj_cheats` WHERE ( `cheats_id` = 13 )  [ RunTime:0.000126s ]
SQL: SELECT * FROM `lj_cheats` WHERE ( `cheats_id` = 14 )  [ RunTime:0.000104s ]
SQL: SELECT * FROM `lj_cheats` WHERE ( `cheats_id` = 19 )  [ RunTime:0.000102s ]
SQL: SELECT * FROM `lj_cheats` WHERE ( `cheats_id` = 16 )  [ RunTime:0.000098s ]
SQL: SELECT * FROM `lj_cheats` WHERE ( `cheats_id` = 17 )  [ RunTime:0.000134s ]
SQL: SELECT * FROM `lj_cheats` WHERE ( `cheats_id` = 33 )  [ RunTime:0.000096s ]
SQL: SHOW COLUMNS FROM `lj_post_hot` [ RunTime:0.000488s ]
SQL: SHOW COLUMNS FROM `lj_post_hot` [ RunTime:0.000418s ]
SQL: SELECT * FROM `lj_post_hot` LIMIT 8   [ RunTime:0.000121s ]
SQL: SELECT * FROM `lj_post_main` WHERE ( `post_id` = 9 )  [ RunTime:0.000095s ]
SQL: SELECT * FROM `lj_post_main` WHERE ( `post_id` = 1 )  [ RunTime:0.000091s ]
SQL: SELECT * FROM `lj_post_main` WHERE ( `post_id` = 8 )  [ RunTime:0.000114s ]
SQL: SELECT * FROM `lj_post_main` WHERE ( `post_id` = 11 )  [ RunTime:0.000097s ]
SQL: SELECT * FROM `lj_post_main` WHERE ( `post_id` = 10 )  [ RunTime:0.000093s ]
SQL: SELECT * FROM `lj_post_main` WHERE ( `post_id` = 18 )  [ RunTime:0.000096s ]
SQL: SELECT * FROM `lj_post_main` WHERE ( `post_id` = 17 )  [ RunTime:0.000093s ]
SQL: SHOW COLUMNS FROM `lj_board` [ RunTime:0.000489s ]
SQL: SHOW COLUMNS FROM `lj_board` [ RunTime:0.000470s ]
SQL: SELECT * FROM `lj_board` ORDER BY Id desc LIMIT 6   [ RunTime:0.000095s ]
SQL: SHOW COLUMNS FROM `lj_get_gl_from_other_site` [ RunTime:0.007658s ]
SQL: SELECT * FROM `lj_get_gl_from_other_site` ORDER BY datetime LIMIT 0,16   [ RunTime:0.011281s ]
SQL: SELECT * FROM `lj_get_gl_from_other_site` ORDER BY datetime desc LIMIT 0,16   [ RunTime:0.000123s ]
SQL: SELECT COUNT(*) AS tp_count FROM `lj_get_gl_from_other_site` LIMIT 1   [ RunTime:0.000088s ]
NOTIC: [2] Missing argument 1 for Action::show(), called in /mnt/www/html/lejun/HOME/Lib/Action/IndexAction.class.php on line 72 and defined /mnt/www/html/lejun/ThinkPHP/Lib/Core/Action.class.php 第 113 行.
NOTIC: [8] Undefined variable: content /mnt/www/html/lejun/ThinkPHP/Lib/Core/Action.class.php 第 115 行.
INFO: [ view_template ] --START--
INFO: Run LocationTemplate Behavior [ RunTime:0.005216s ]
INFO: [ view_template ] --END-- [ RunTime:0.005320s ]
INFO: [ view_parse ] --START--
NOTIC: [8] A session had already been started - ignoring session_start() /mnt/www/html/lejun/HOME/Runtime/Cache/7a41a6bbe13c5876cd2302dcb6d58711.php 第 1 行.
NOTIC: [8] A session had already been started - ignoring session_start() /mnt/www/html/lejun/HOME/Runtime/Cache/7a41a6bbe13c5876cd2302dcb6d58711.php 第 3 行.
NOTIC: [8] A session had already been started - ignoring session_start() /mnt/www/html/lejun/HOME/Runtime/Cache/7a41a6bbe13c5876cd2302dcb6d58711.php 第 140 行.
INFO: Run ParseTemplate Behavior [ RunTime:0.219590s ]
INFO: [ view_parse ] --END-- [ RunTime:0.219676s ]
INFO: [ view_filter ] --START--
INFO: Run ContentReplace Behavior [ RunTime:0.002192s ]
INFO: Run TokenBuild Behavior [ RunTime:0.002117s ]
INFO: Run WriteHtmlCache Behavior [ RunTime:0.001668s ]
INFO: Run ShowRuntime Behavior [ RunTime:0.001871s ]
INFO: [ view_filter ] --END-- [ RunTime:0.008048s ]
INFO: [ view_end ] --START--
INFO: Run ShowPageTrace Behavior [ RunTime:0.001983s ]
INFO: [ view_end ] --END-- [ RunTime:0.002047s ]

[ 2014-03-28T12:48:53+08:00 ] 221.209.105.143 /index.php/Public/code
INFO: [ route_check ] --START--
INFO: Run CheckRoute Behavior [ RunTime:0.000725s ]
INFO: [ route_check ] --END-- [ RunTime:0.000823s ]
INFO: [ app_begin ] --START--
INFO: Run ReadHtmlCache Behavior [ RunTime:0.000407s ]
INFO: [ app_begin ] --END-- [ RunTime:0.000472s ]

[ 2014-03-28T12:48:54+08:00 ] 119.147.146.189 /index.php/public/code
INFO: [ route_check ] --START--
INFO: Run CheckRoute Behavior [ RunTime:0.000616s ]
INFO: [ route_check ] --END-- [ RunTime:0.000707s ]
INFO: [ app_begin ] --START--
INFO: Run ReadHtmlCache Behavior [ RunTime:0.000452s ]
INFO: [ app_begin ] --END-- [ RunTime:0.001632s ]

[ 2014-03-28T12:50:25+08:00 ] 221.209.105.143 /index.php/index/index_index.xml
INFO: [ route_check ] --START--
INFO: Run CheckRoute Behavior [ RunTime:0.002771s ]
INFO: [ route_check ] --END-- [ RunTime:0.002941s ]
INFO: [ app_begin ] --START--
INFO: Run ReadHtmlCache Behavior [ RunTime:0.000429s ]
INFO: [ app_begin ] --END-- [ RunTime:0.000504s ]
SQL: SHOW COLUMNS FROM `lj_cheats` [ RunTime:0.033289s ]
SQL: SHOW COLUMNS FROM `lj_cheats` [ RunTime:0.000900s ]
SQL: SELECT * FROM `lj_cheats` ORDER BY cheats_id desc LIMIT 8   [ RunTime:0.000575s ]
SQL: SHOW COLUMNS FROM `lj_post_main` [ RunTime:0.000599s ]
SQL: SHOW COLUMNS FROM `lj_post_main` [ RunTime:0.000608s ]
SQL: SELECT * FROM `lj_post_main` ORDER BY post_id desc LIMIT 8   [ RunTime:0.000106s ]
SQL: SHOW COLUMNS FROM `lj_cheats_hot` [ RunTime:0.000435s ]
SQL: SHOW COLUMNS FROM `lj_cheats_hot` [ RunTime:0.000487s ]
SQL: SELECT * FROM `lj_cheats_hot` LIMIT 8   [ RunTime:0.000099s ]
SQL: SELECT * FROM `lj_cheats` WHERE ( `cheats_id` = 1 )  [ RunTime:0.000098s ]
SQL: SELECT * FROM `lj_cheats` WHERE ( `cheats_id` = 12 )  [ RunTime:0.000138s ]
SQL: SELECT * FROM `lj_cheats` WHERE ( `cheats_id` = 13 )  [ RunTime:0.000101s ]
SQL: SELECT * FROM `lj_cheats` WHERE ( `cheats_id` = 14 )  [ RunTime:0.000099s ]
SQL: SELECT * FROM `lj_cheats` WHERE ( `cheats_id` = 19 )  [ RunTime:0.000101s ]
SQL: SELECT * FROM `lj_cheats` WHERE ( `cheats_id` = 16 )  [ RunTime:0.000098s ]
SQL: SELECT * FROM `lj_cheats` WHERE ( `cheats_id` = 17 )  [ RunTime:0.000132s ]
SQL: SELECT * FROM `lj_cheats` WHERE ( `cheats_id` = 33 )  [ RunTime:0.000098s ]
SQL: SHOW COLUMNS FROM `lj_post_hot` [ RunTime:0.000478s ]
SQL: SHOW COLUMNS FROM `lj_post_hot` [ RunTime:0.000412s ]
SQL: SELECT * FROM `lj_post_hot` LIMIT 8   [ RunTime:0.000093s ]
SQL: SELECT * FROM `lj_post_main` WHERE ( `post_id` = 9 )  [ RunTime:0.000124s ]
SQL: SELECT * FROM `lj_post_main` WHERE ( `post_id` = 1 )  [ RunTime:0.000091s ]
SQL: SELECT * FROM `lj_post_main` WHERE ( `post_id` = 8 )  [ RunTime:0.000089s ]
SQL: SELECT * FROM `lj_post_main` WHERE ( `post_id` = 11 )  [ RunTime:0.000096s ]
SQL: SELECT * FROM `lj_post_main` WHERE ( `post_id` = 10 )  [ RunTime:0.000094s ]
SQL: SELECT * FROM `lj_post_main` WHERE ( `post_id` = 18 )  [ RunTime:0.000097s ]
SQL: SELECT * FROM `lj_post_main` WHERE ( `post_id` = 17 )  [ RunTime:0.000118s ]
SQL: SHOW COLUMNS FROM `lj_board` [ RunTime:0.000504s ]
SQL: SHOW COLUMNS FROM `lj_board` [ RunTime:0.000497s ]
SQL: SELECT * FROM `lj_board` ORDER BY Id desc LIMIT 6   [ RunTime:0.000094s ]
SQL: SHOW COLUMNS FROM `lj_get_gl_from_other_site` [ RunTime:0.005875s ]
SQL: SELECT * FROM `lj_get_gl_from_other_site` ORDER BY datetime LIMIT 0,16   [ RunTime:0.009013s ]
SQL: SELECT * FROM `lj_get_gl_from_other_site` ORDER BY datetime desc LIMIT 0,16   [ RunTime:0.000113s ]
SQL: SELECT COUNT(*) AS tp_count FROM `lj_get_gl_from_other_site` LIMIT 1   [ RunTime:0.000088s ]
NOTIC: [2] Missing argument 1 for Action::show(), called in /mnt/www/html/lejun/HOME/Lib/Action/IndexAction.class.php on line 72 and defined /mnt/www/html/lejun/ThinkPHP/Lib/Core/Action.class.php 第 113 行.
NOTIC: [8] Undefined variable: content /mnt/www/html/lejun/ThinkPHP/Lib/Core/Action.class.php 第 115 行.
INFO: [ view_template ] --START--
INFO: Run LocationTemplate Behavior [ RunTime:0.005020s ]
INFO: [ view_template ] --END-- [ RunTime:0.005100s ]
INFO: [ view_parse ] --START--
NOTIC: [8] A session had already been started - ignoring session_start() /mnt/www/html/lejun/HOME/Runtime/Cache/7a41a6bbe13c5876cd2302dcb6d58711.php 第 1 行.
NOTIC: [8] A session had already been started - ignoring session_start() /mnt/www/html/lejun/HOME/Runtime/Cache/7a41a6bbe13c5876cd2302dcb6d58711.php 第 3 行.
NOTIC: [8] A session had already been started - ignoring session_start() /mnt/www/html/lejun/HOME/Runtime/Cache/7a41a6bbe13c5876cd2302dcb6d58711.php 第 140 行.
INFO: Run ParseTemplate Behavior [ RunTime:0.189329s ]
INFO: [ view_parse ] --END-- [ RunTime:0.189425s ]
INFO: [ view_filter ] --START--
INFO: Run ContentReplace Behavior [ RunTime:0.002657s ]
INFO: Run TokenBuild Behavior [ RunTime:0.002725s ]
INFO: Run WriteHtmlCache Behavior [ RunTime:0.001985s ]
INFO: Run ShowRuntime Behavior [ RunTime:0.002200s ]
INFO: [ view_filter ] --END-- [ RunTime:0.009772s ]
INFO: [ view_end ] --START--
INFO: Run ShowPageTrace Behavior [ RunTime:0.002108s ]
INFO: [ view_end ] --END-- [ RunTime:0.002175s ]

[ 2014-03-28T12:50:25+08:00 ] 221.209.105.143 /index.php/Public/code
INFO: [ route_check ] --START--
INFO: Run CheckRoute Behavior [ RunTime:0.002908s ]
INFO: [ route_check ] --END-- [ RunTime:0.003051s ]
INFO: [ app_begin ] --START--
INFO: Run ReadHtmlCache Behavior [ RunTime:0.002283s ]
INFO: [ app_begin ] --END-- [ RunTime:0.002359s ]

[ 2014-03-28T16:49:32+08:00 ] 66.249.75.2 /index.php/Show/show_gl?cheat_id=12
INFO: [ route_check ] --START--
INFO: Run CheckRoute Behavior [ RunTime:0.002662s ]
INFO: [ route_check ] --END-- [ RunTime:0.002760s ]
INFO: [ app_begin ] --START--
INFO: Run ReadHtmlCache Behavior [ RunTime:0.000374s ]
INFO: [ app_begin ] --END-- [ RunTime:0.000439s ]
SQL: SHOW COLUMNS FROM `lj_cheats` [ RunTime:0.055390s ]
SQL: UPDATE `lj_cheats` SET `clicks`=clicks+1 WHERE ( `cheats_id` = 12 ) [ RunTime:0.060410s ]
SQL: SELECT * FROM `lj_cheats` WHERE ( `cheats_id` = 12 )  [ RunTime:0.000381s ]
SQL: SHOW COLUMNS FROM `lj_user_information` [ RunTime:0.187697s ]
SQL: SELECT * FROM `lj_user_information` WHERE ( `Id` = 1 )  [ RunTime:0.002273s ]
SQL: SHOW COLUMNS FROM `lj_cheats_replay` [ RunTime:0.025513s ]
SQL: SELECT * FROM `lj_cheats_replay` WHERE ( `cheats_id` = 12 )  [ RunTime:0.002591s ]
SQL: SELECT * FROM `lj_user_information` WHERE ( `Id` = 1 )  [ RunTime:0.000135s ]
INFO: [ view_template ] --START--
INFO: Run LocationTemplate Behavior [ RunTime:0.006676s ]
INFO: [ view_template ] --END-- [ RunTime:0.006753s ]
INFO: [ view_parse ] --START--
NOTIC: [8] A session had already been started - ignoring session_start() /mnt/www/html/lejun/HOME/Runtime/Cache/167632789be96827d074595d44c7deb4.php 第 1 行.
NOTIC: [8] A session had already been started - ignoring session_start() /mnt/www/html/lejun/HOME/Runtime/Cache/167632789be96827d074595d44c7deb4.php 第 138 行.
NOTIC: [8] Undefined index: user /mnt/www/html/lejun/HOME/Runtime/Cache/167632789be96827d074595d44c7deb4.php 第 243 行.
INFO: Run ParseTemplate Behavior [ RunTime:0.164254s ]
INFO: [ view_parse ] --END-- [ RunTime:0.164339s ]
INFO: [ view_filter ] --START--
INFO: Run ContentReplace Behavior [ RunTime:0.003202s ]
INFO: Run TokenBuild Behavior [ RunTime:0.001747s ]
INFO: Run WriteHtmlCache Behavior [ RunTime:0.001864s ]
INFO: Run ShowRuntime Behavior [ RunTime:0.002125s ]
INFO: [ view_filter ] --END-- [ RunTime:0.009134s ]
INFO: [ view_end ] --START--
INFO: Run ShowPageTrace Behavior [ RunTime:0.002307s ]
INFO: [ view_end ] --END-- [ RunTime:0.002373s ]

[ 2014-03-28T19:24:05+08:00 ] 66.249.68.34 /index.php/Show/show_gl?cheat_id=14
INFO: [ route_check ] --START--
INFO: Run CheckRoute Behavior [ RunTime:0.013018s ]
INFO: [ route_check ] --END-- [ RunTime:0.013127s ]
INFO: [ app_begin ] --START--
INFO: Run ReadHtmlCache Behavior [ RunTime:0.001751s ]
INFO: [ app_begin ] --END-- [ RunTime:0.001821s ]
SQL: SHOW COLUMNS FROM `lj_cheats` [ RunTime:0.525804s ]
SQL: UPDATE `lj_cheats` SET `clicks`=clicks+1 WHERE ( `cheats_id` = 14 ) [ RunTime:0.043701s ]
SQL: SELECT * FROM `lj_cheats` WHERE ( `cheats_id` = 14 )  [ RunTime:0.003516s ]
SQL: SHOW COLUMNS FROM `lj_user_information` [ RunTime:0.001225s ]
SQL: SELECT * FROM `lj_user_information` WHERE ( `Id` = 1 )  [ RunTime:0.000139s ]
SQL: SHOW COLUMNS FROM `lj_cheats_replay` [ RunTime:0.000484s ]
SQL: SELECT * FROM `lj_cheats_replay` WHERE ( `cheats_id` = 14 )  [ RunTime:0.012227s ]
INFO: [ view_template ] --START--
INFO: Run LocationTemplate Behavior [ RunTime:0.006305s ]
INFO: [ view_template ] --END-- [ RunTime:0.006382s ]
INFO: [ view_parse ] --START--
NOTIC: [8] A session had already been started - ignoring session_start() /mnt/www/html/lejun/HOME/Runtime/Cache/167632789be96827d074595d44c7deb4.php 第 1 行.
NOTIC: [8] A session had already been started - ignoring session_start() /mnt/www/html/lejun/HOME/Runtime/Cache/167632789be96827d074595d44c7deb4.php 第 138 行.
NOTIC: [8] Undefined index: user /mnt/www/html/lejun/HOME/Runtime/Cache/167632789be96827d074595d44c7deb4.php 第 243 行.
INFO: Run ParseTemplate Behavior [ RunTime:0.198204s ]
INFO: [ view_parse ] --END-- [ RunTime:0.198294s ]
INFO: [ view_filter ] --START--
INFO: Run ContentReplace Behavior [ RunTime:0.002506s ]
INFO: Run TokenBuild Behavior [ RunTime:0.001814s ]
INFO: Run WriteHtmlCache Behavior [ RunTime:0.001676s ]
INFO: Run ShowRuntime Behavior [ RunTime:0.002033s ]
INFO: [ view_filter ] --END-- [ RunTime:0.008229s ]
INFO: [ view_end ] --START--
INFO: Run ShowPageTrace Behavior [ RunTime:0.002319s ]
INFO: [ view_end ] --END-- [ RunTime:0.002391s ]

[ 2014-03-28T20:21:51+08:00 ] 66.249.68.2 /index.php/Show/show_gl?cheat_id=1
INFO: [ route_check ] --START--
INFO: Run CheckRoute Behavior [ RunTime:0.005174s ]
INFO: [ route_check ] --END-- [ RunTime:0.005282s ]
INFO: [ app_begin ] --START--
INFO: Run ReadHtmlCache Behavior [ RunTime:0.001917s ]
INFO: [ app_begin ] --END-- [ RunTime:0.001988s ]
SQL: SHOW COLUMNS FROM `lj_cheats` [ RunTime:0.017340s ]
SQL: UPDATE `lj_cheats` SET `clicks`=clicks+1 WHERE ( `cheats_id` = 1 ) [ RunTime:0.042001s ]
SQL: SELECT * FROM `lj_cheats` WHERE ( `cheats_id` = 1 )  [ RunTime:0.000404s ]
SQL: SHOW COLUMNS FROM `lj_user_information` [ RunTime:0.001405s ]
SQL: SELECT * FROM `lj_user_information` WHERE ( `Id` = 6 )  [ RunTime:0.010680s ]
SQL: SHOW COLUMNS FROM `lj_cheats_replay` [ RunTime:0.000522s ]
SQL: SELECT * FROM `lj_cheats_replay` WHERE ( `cheats_id` = 1 )  [ RunTime:0.014511s ]
SQL: SELECT * FROM `lj_user_information` WHERE ( `Id` = 1 )  [ RunTime:0.000127s ]
SQL: SELECT * FROM `lj_user_information` WHERE ( `Id` = 6 )  [ RunTime:0.000109s ]
SQL: SELECT * FROM `lj_user_information` WHERE ( `Id` = 1 )  [ RunTime:0.000105s ]
INFO: [ view_template ] --START--
INFO: Run LocationTemplate Behavior [ RunTime:0.006572s ]
INFO: [ view_template ] --END-- [ RunTime:0.006654s ]
INFO: [ view_parse ] --START--
NOTIC: [8] A session had already been started - ignoring session_start() /mnt/www/html/lejun/HOME/Runtime/Cache/167632789be96827d074595d44c7deb4.php 第 1 行.
NOTIC: [8] A session had already been started - ignoring session_start() /mnt/www/html/lejun/HOME/Runtime/Cache/167632789be96827d074595d44c7deb4.php 第 138 行.
NOTIC: [8] Undefined index: user /mnt/www/html/lejun/HOME/Runtime/Cache/167632789be96827d074595d44c7deb4.php 第 243 行.
INFO: Run ParseTemplate Behavior [ RunTime:0.406101s ]
INFO: [ view_parse ] --END-- [ RunTime:0.406193s ]
INFO: [ view_filter ] --START--
INFO: Run ContentReplace Behavior [ RunTime:0.023508s ]
INFO: Run TokenBuild Behavior [ RunTime:0.003961s ]
INFO: Run WriteHtmlCache Behavior [ RunTime:0.002692s ]
INFO: Run ShowRuntime Behavior [ RunTime:0.001895s ]
INFO: [ view_filter ] --END-- [ RunTime:0.032308s ]
INFO: [ view_end ] --START--
INFO: Run ShowPageTrace Behavior [ RunTime:0.002265s ]
INFO: [ view_end ] --END-- [ RunTime:0.002346s ]

[ 2014-03-28T21:03:43+08:00 ] 66.249.75.5 /index.php/Show/show_gl?cheat_id=16
INFO: [ route_check ] --START--
INFO: Run CheckRoute Behavior [ RunTime:0.005479s ]
INFO: [ route_check ] --END-- [ RunTime:0.005593s ]
INFO: [ app_begin ] --START--
INFO: Run ReadHtmlCache Behavior [ RunTime:0.001804s ]
INFO: [ app_begin ] --END-- [ RunTime:0.001881s ]
SQL: SHOW COLUMNS FROM `lj_cheats` [ RunTime:0.020080s ]
SQL: UPDATE `lj_cheats` SET `clicks`=clicks+1 WHERE ( `cheats_id` = 16 ) [ RunTime:0.073084s ]
SQL: SELECT * FROM `lj_cheats` WHERE ( `cheats_id` = 16 )  [ RunTime:0.000392s ]
SQL: SHOW COLUMNS FROM `lj_user_information` [ RunTime:0.001326s ]
SQL: SELECT * FROM `lj_user_information` WHERE ( `Id` = 6 )  [ RunTime:0.000117s ]
SQL: SHOW COLUMNS FROM `lj_cheats_replay` [ RunTime:0.000478s ]
SQL: SELECT * FROM `lj_cheats_replay` WHERE ( `cheats_id` = 16 )  [ RunTime:0.011978s ]
INFO: [ view_template ] --START--
INFO: Run LocationTemplate Behavior [ RunTime:0.007520s ]
INFO: [ view_template ] --END-- [ RunTime:0.007595s ]
INFO: [ view_parse ] --START--
NOTIC: [8] A session had already been started - ignoring session_start() /mnt/www/html/lejun/HOME/Runtime/Cache/167632789be96827d074595d44c7deb4.php 第 1 行.
NOTIC: [8] A session had already been started - ignoring session_start() /mnt/www/html/lejun/HOME/Runtime/Cache/167632789be96827d074595d44c7deb4.php 第 138 行.
NOTIC: [8] Undefined index: user /mnt/www/html/lejun/HOME/Runtime/Cache/167632789be96827d074595d44c7deb4.php 第 243 行.
INFO: Run ParseTemplate Behavior [ RunTime:0.171706s ]
INFO: [ view_parse ] --END-- [ RunTime:0.171816s ]
INFO: [ view_filter ] --START--
INFO: Run ContentReplace Behavior [ RunTime:0.002919s ]
INFO: Run TokenBuild Behavior [ RunTime:0.002106s ]
INFO: Run WriteHtmlCache Behavior [ RunTime:0.001671s ]
INFO: Run ShowRuntime Behavior [ RunTime:0.002125s ]
INFO: [ view_filter ] --END-- [ RunTime:0.009023s ]
INFO: [ view_end ] --START--
INFO: Run ShowPageTrace Behavior [ RunTime:0.002799s ]
INFO: [ view_end ] --END-- [ RunTime:0.002870s ]

[ 2014-03-28T21:18:35+08:00 ] 66.249.68.66 /index.php/Zq/zq_game?game_list_id=3
INFO: [ route_check ] --START--
INFO: Run CheckRoute Behavior [ RunTime:0.006992s ]
INFO: [ route_check ] --END-- [ RunTime:0.007102s ]
INFO: [ app_begin ] --START--
INFO: Run ReadHtmlCache Behavior [ RunTime:0.001818s ]
INFO: [ app_begin ] --END-- [ RunTime:0.001909s ]
SQL: SHOW COLUMNS FROM `lj_game_list` [ RunTime:0.084100s ]
SQL: SELECT * FROM `lj_game_list` WHERE ( `list_id` = 3 )  [ RunTime:0.002337s ]
INFO: [ view_template ] --START--
INFO: Run LocationTemplate Behavior [ RunTime:0.016327s ]
INFO: [ view_template ] --END-- [ RunTime:0.016412s ]
INFO: [ view_parse ] --START--
NOTIC: [8] A session had already been started - ignoring session_start() /mnt/www/html/lejun/HOME/Runtime/Cache/539d31f04a3ed6b50ace3fa2114a93cb.php 第 1 行.
NOTIC: [8] A session had already been started - ignoring session_start() /mnt/www/html/lejun/HOME/Runtime/Cache/539d31f04a3ed6b50ace3fa2114a93cb.php 第 138 行.
INFO: Run ParseTemplate Behavior [ RunTime:0.169116s ]
INFO: [ view_parse ] --END-- [ RunTime:0.169221s ]
INFO: [ view_filter ] --START--
INFO: Run ContentReplace Behavior [ RunTime:0.001917s ]
INFO: Run TokenBuild Behavior [ RunTime:0.001835s ]
INFO: Run WriteHtmlCache Behavior [ RunTime:0.001439s ]
INFO: Run ShowRuntime Behavior [ RunTime:0.002185s ]
INFO: [ view_filter ] --END-- [ RunTime:0.007572s ]
INFO: [ view_end ] --START--
INFO: Run ShowPageTrace Behavior [ RunTime:0.002335s ]
INFO: [ view_end ] --END-- [ RunTime:0.002410s ]

[ 2014-03-28T22:15:37+08:00 ] 66.249.68.2 /index.php/Show/show_tz?post_id=11
INFO: [ route_check ] --START--
INFO: Run CheckRoute Behavior [ RunTime:0.003616s ]
INFO: [ route_check ] --END-- [ RunTime:0.003718s ]
INFO: [ app_begin ] --START--
INFO: Run ReadHtmlCache Behavior [ RunTime:0.001913s ]
INFO: [ app_begin ] --END-- [ RunTime:0.001983s ]
SQL: SHOW COLUMNS FROM `lj_post_main` [ RunTime:0.002029s ]
SQL: UPDATE `lj_post_main` SET `clicks`=clicks+1 WHERE ( `post_id` = 11 ) [ RunTime:0.039270s ]
SQL: SELECT * FROM `lj_post_main` WHERE ( `post_id` = 11 )  [ RunTime:0.000279s ]
SQL: SHOW COLUMNS FROM `lj_user_information` [ RunTime:0.001189s ]
SQL: SELECT * FROM `lj_user_information` WHERE ( `Id` = 1 )  [ RunTime:0.000136s ]
SQL: SHOW COLUMNS FROM `lj_post_replay` [ RunTime:0.030560s ]
SQL: SELECT * FROM `lj_post_replay` WHERE ( `post_id` = 11 )  [ RunTime:0.003626s ]
INFO: [ view_template ] --START--
INFO: Run LocationTemplate Behavior [ RunTime:0.007578s ]
INFO: [ view_template ] --END-- [ RunTime:0.007650s ]
INFO: [ view_parse ] --START--
NOTIC: [8] A session had already been started - ignoring session_start() /mnt/www/html/lejun/HOME/Runtime/Cache/1ccbe0629693240b941e461e7b341f67.php 第 1 行.
NOTIC: [8] A session had already been started - ignoring session_start() /mnt/www/html/lejun/HOME/Runtime/Cache/1ccbe0629693240b941e461e7b341f67.php 第 138 行.
NOTIC: [8] Undefined index: user /mnt/www/html/lejun/HOME/Runtime/Cache/1ccbe0629693240b941e461e7b341f67.php 第 241 行.
INFO: Run ParseTemplate Behavior [ RunTime:0.239923s ]
INFO: [ view_parse ] --END-- [ RunTime:0.240006s ]
INFO: [ view_filter ] --START--
INFO: Run ContentReplace Behavior [ RunTime:0.002119s ]
INFO: Run TokenBuild Behavior [ RunTime:0.001684s ]
INFO: Run WriteHtmlCache Behavior [ RunTime:0.001688s ]
INFO: Run ShowRuntime Behavior [ RunTime:0.001826s ]
INFO: [ view_filter ] --END-- [ RunTime:0.007519s ]
INFO: [ view_end ] --START--
INFO: Run ShowPageTrace Behavior [ RunTime:0.002295s ]
INFO: [ view_end ] --END-- [ RunTime:0.002367s ]

[ 2014-03-28T22:58:46+08:00 ] 220.181.108.45 /index.php/index/index_index.xml
INFO: [ route_check ] --START--
INFO: Run CheckRoute Behavior [ RunTime:0.002844s ]
INFO: [ route_check ] --END-- [ RunTime:0.002942s ]
INFO: [ app_begin ] --START--
INFO: Run ReadHtmlCache Behavior [ RunTime:0.000378s ]
INFO: [ app_begin ] --END-- [ RunTime:0.000445s ]
SQL: SHOW COLUMNS FROM `lj_cheats` [ RunTime:0.041614s ]
SQL: SHOW COLUMNS FROM `lj_cheats` [ RunTime:0.001201s ]
SQL: SELECT * FROM `lj_cheats` ORDER BY cheats_id desc LIMIT 8   [ RunTime:0.029173s ]
SQL: SHOW COLUMNS FROM `lj_post_main` [ RunTime:0.000967s ]
SQL: SHOW COLUMNS FROM `lj_post_main` [ RunTime:0.000560s ]
SQL: SELECT * FROM `lj_post_main` ORDER BY post_id desc LIMIT 8   [ RunTime:0.001349s ]
SQL: SHOW COLUMNS FROM `lj_cheats_hot` [ RunTime:0.000441s ]
SQL: SHOW COLUMNS FROM `lj_cheats_hot` [ RunTime:0.000434s ]
SQL: SELECT * FROM `lj_cheats_hot` LIMIT 8   [ RunTime:0.000101s ]
SQL: SELECT * FROM `lj_cheats` WHERE ( `cheats_id` = 1 )  [ RunTime:0.001728s ]
SQL: SELECT * FROM `lj_cheats` WHERE ( `cheats_id` = 12 )  [ RunTime:0.008358s ]
SQL: SELECT * FROM `lj_cheats` WHERE ( `cheats_id` = 13 )  [ RunTime:0.000227s ]
SQL: SELECT * FROM `lj_cheats` WHERE ( `cheats_id` = 14 )  [ RunTime:0.000224s ]
SQL: SELECT * FROM `lj_cheats` WHERE ( `cheats_id` = 19 )  [ RunTime:0.000226s ]
SQL: SELECT * FROM `lj_cheats` WHERE ( `cheats_id` = 16 )  [ RunTime:0.000127s ]
SQL: SELECT * FROM `lj_cheats` WHERE ( `cheats_id` = 17 )  [ RunTime:0.000284s ]
SQL: SELECT * FROM `lj_cheats` WHERE ( `cheats_id` = 33 )  [ RunTime:0.000245s ]
SQL: SHOW COLUMNS FROM `lj_post_hot` [ RunTime:0.000435s ]
SQL: SHOW COLUMNS FROM `lj_post_hot` [ RunTime:0.000448s ]
SQL: SELECT * FROM `lj_post_hot` LIMIT 8   [ RunTime:0.000094s ]
SQL: SELECT * FROM `lj_post_main` WHERE ( `post_id` = 9 )  [ RunTime:0.000208s ]
SQL: SELECT * FROM `lj_post_main` WHERE ( `post_id` = 1 )  [ RunTime:0.000230s ]
SQL: SELECT * FROM `lj_post_main` WHERE ( `post_id` = 8 )  [ RunTime:0.000201s ]
SQL: SELECT * FROM `lj_post_main` WHERE ( `post_id` = 11 )  [ RunTime:0.000120s ]
SQL: SELECT * FROM `lj_post_main` WHERE ( `post_id` = 10 )  [ RunTime:0.000202s ]
SQL: SELECT * FROM `lj_post_main` WHERE ( `post_id` = 18 )  [ RunTime:0.000210s ]
SQL: SELECT * FROM `lj_post_main` WHERE ( `post_id` = 17 )  [ RunTime:0.000210s ]
SQL: SHOW COLUMNS FROM `lj_board` [ RunTime:0.000490s ]
SQL: SHOW COLUMNS FROM `lj_board` [ RunTime:0.000488s ]
SQL: SELECT * FROM `lj_board` ORDER BY Id desc LIMIT 6   [ RunTime:0.000095s ]
SQL: SHOW COLUMNS FROM `lj_get_gl_from_other_site` [ RunTime:0.623983s ]
SQL: SELECT * FROM `lj_get_gl_from_other_site` ORDER BY datetime LIMIT 0,16   [ RunTime:0.017764s ]
SQL: SELECT * FROM `lj_get_gl_from_other_site` ORDER BY datetime desc LIMIT 0,16   [ RunTime:0.000120s ]
SQL: SELECT COUNT(*) AS tp_count FROM `lj_get_gl_from_other_site` LIMIT 1   [ RunTime:0.000115s ]
NOTIC: [2] Missing argument 1 for Action::show(), called in /mnt/www/html/lejun/HOME/Lib/Action/IndexAction.class.php on line 72 and defined /mnt/www/html/lejun/ThinkPHP/Lib/Core/Action.class.php 第 113 行.
NOTIC: [8] Undefined variable: content /mnt/www/html/lejun/ThinkPHP/Lib/Core/Action.class.php 第 115 行.
INFO: [ view_template ] --START--
INFO: Run LocationTemplate Behavior [ RunTime:0.004642s ]
INFO: [ view_template ] --END-- [ RunTime:0.004778s ]
INFO: [ view_parse ] --START--
NOTIC: [8] A session had already been started - ignoring session_start() /mnt/www/html/lejun/HOME/Runtime/Cache/7a41a6bbe13c5876cd2302dcb6d58711.php 第 1 行.
NOTIC: [8] A session had already been started - ignoring session_start() /mnt/www/html/lejun/HOME/Runtime/Cache/7a41a6bbe13c5876cd2302dcb6d58711.php 第 3 行.
NOTIC: [8] A session had already been started - ignoring session_start() /mnt/www/html/lejun/HOME/Runtime/Cache/7a41a6bbe13c5876cd2302dcb6d58711.php 第 140 行.
INFO: Run ParseTemplate Behavior [ RunTime:0.197062s ]
INFO: [ view_parse ] --END-- [ RunTime:0.197152s ]
INFO: [ view_filter ] --START--
INFO: Run ContentReplace Behavior [ RunTime:0.002705s ]
INFO: Run TokenBuild Behavior [ RunTime:0.001590s ]
INFO: Run WriteHtmlCache Behavior [ RunTime:0.001558s ]
INFO: Run ShowRuntime Behavior [ RunTime:0.002107s ]
INFO: [ view_filter ] --END-- [ RunTime:0.008155s ]
INFO: [ view_end ] --START--
INFO: Run ShowPageTrace Behavior [ RunTime:0.002698s ]
INFO: [ view_end ] --END-- [ RunTime:0.002777s ]

[ 2014-03-28T23:14:36+08:00 ] 66.249.68.66 /index.php/index/index_index.xml
INFO: [ route_check ] --START--
INFO: Run CheckRoute Behavior [ RunTime:0.002341s ]
INFO: [ route_check ] --END-- [ RunTime:0.002442s ]
INFO: [ app_begin ] --START--
INFO: Run ReadHtmlCache Behavior [ RunTime:0.000419s ]
INFO: [ app_begin ] --END-- [ RunTime:0.000485s ]
SQL: SHOW COLUMNS FROM `lj_cheats` [ RunTime:0.054614s ]
SQL: SHOW COLUMNS FROM `lj_cheats` [ RunTime:0.000732s ]
SQL: SELECT * FROM `lj_cheats` ORDER BY cheats_id desc LIMIT 8   [ RunTime:0.000260s ]
SQL: SHOW COLUMNS FROM `lj_post_main` [ RunTime:0.000601s ]
SQL: SHOW COLUMNS FROM `lj_post_main` [ RunTime:0.000577s ]
SQL: SELECT * FROM `lj_post_main` ORDER BY post_id desc LIMIT 8   [ RunTime:0.000105s ]
SQL: SHOW COLUMNS FROM `lj_cheats_hot` [ RunTime:0.000438s ]
SQL: SHOW COLUMNS FROM `lj_cheats_hot` [ RunTime:0.000429s ]
SQL: SELECT * FROM `lj_cheats_hot` LIMIT 8   [ RunTime:0.000102s ]
SQL: SELECT * FROM `lj_cheats` WHERE ( `cheats_id` = 1 )  [ RunTime:0.000097s ]
SQL: SELECT * FROM `lj_cheats` WHERE ( `cheats_id` = 12 )  [ RunTime:0.000128s ]
SQL: SELECT * FROM `lj_cheats` WHERE ( `cheats_id` = 13 )  [ RunTime:0.000094s ]
SQL: SELECT * FROM `lj_cheats` WHERE ( `cheats_id` = 14 )  [ RunTime:0.000096s ]
SQL: SELECT * FROM `lj_cheats` WHERE ( `cheats_id` = 19 )  [ RunTime:0.000097s ]
SQL: SELECT * FROM `lj_cheats` WHERE ( `cheats_id` = 16 )  [ RunTime:0.000096s ]
SQL: SELECT * FROM `lj_cheats` WHERE ( `cheats_id` = 17 )  [ RunTime:0.000126s ]
SQL: SELECT * FROM `lj_cheats` WHERE ( `cheats_id` = 33 )  [ RunTime:0.000091s ]
SQL: SHOW COLUMNS FROM `lj_post_hot` [ RunTime:0.000458s ]
SQL: SHOW COLUMNS FROM `lj_post_hot` [ RunTime:0.000415s ]
SQL: SELECT * FROM `lj_post_hot` LIMIT 8   [ RunTime:0.000093s ]
SQL: SELECT * FROM `lj_post_main` WHERE ( `post_id` = 9 )  [ RunTime:0.000091s ]
SQL: SELECT * FROM `lj_post_main` WHERE ( `post_id` = 1 )  [ RunTime:0.000088s ]
SQL: SELECT * FROM `lj_post_main` WHERE ( `post_id` = 8 )  [ RunTime:0.000087s ]
SQL: SELECT * FROM `lj_post_main` WHERE ( `post_id` = 11 )  [ RunTime:0.000091s ]
SQL: SELECT * FROM `lj_post_main` WHERE ( `post_id` = 10 )  [ RunTime:0.000087s ]
SQL: SELECT * FROM `lj_post_main` WHERE ( `post_id` = 18 )  [ RunTime:0.000090s ]
SQL: SELECT * FROM `lj_post_main` WHERE ( `post_id` = 17 )  [ RunTime:0.000110s ]
SQL: SHOW COLUMNS FROM `lj_board` [ RunTime:0.000596s ]
SQL: SHOW COLUMNS FROM `lj_board` [ RunTime:0.000531s ]
SQL: SELECT * FROM `lj_board` ORDER BY Id desc LIMIT 6   [ RunTime:0.000095s ]
SQL: SHOW COLUMNS FROM `lj_get_gl_from_other_site` [ RunTime:0.010464s ]
SQL: SELECT * FROM `lj_get_gl_from_other_site` ORDER BY datetime LIMIT 0,16   [ RunTime:0.011929s ]
SQL: SELECT * FROM `lj_get_gl_from_other_site` ORDER BY datetime desc LIMIT 0,16   [ RunTime:0.000099s ]
SQL: SELECT COUNT(*) AS tp_count FROM `lj_get_gl_from_other_site` LIMIT 1   [ RunTime:0.000086s ]
NOTIC: [2] Missing argument 1 for Action::show(), called in /mnt/www/html/lejun/HOME/Lib/Action/IndexAction.class.php on line 72 and defined /mnt/www/html/lejun/ThinkPHP/Lib/Core/Action.class.php 第 113 行.
NOTIC: [8] Undefined variable: content /mnt/www/html/lejun/ThinkPHP/Lib/Core/Action.class.php 第 115 行.
INFO: [ view_template ] --START--
INFO: Run LocationTemplate Behavior [ RunTime:0.005796s ]
INFO: [ view_template ] --END-- [ RunTime:0.005872s ]
INFO: [ view_parse ] --START--
NOTIC: [8] A session had already been started - ignoring session_start() /mnt/www/html/lejun/HOME/Runtime/Cache/7a41a6bbe13c5876cd2302dcb6d58711.php 第 1 行.
NOTIC: [8] A session had already been started - ignoring session_start() /mnt/www/html/lejun/HOME/Runtime/Cache/7a41a6bbe13c5876cd2302dcb6d58711.php 第 3 行.
NOTIC: [8] A session had already been started - ignoring session_start() /mnt/www/html/lejun/HOME/Runtime/Cache/7a41a6bbe13c5876cd2302dcb6d58711.php 第 140 行.
INFO: Run ParseTemplate Behavior [ RunTime:0.193273s ]
INFO: [ view_parse ] --END-- [ RunTime:0.193421s ]
INFO: [ view_filter ] --START--
INFO: Run ContentReplace Behavior [ RunTime:0.002805s ]
INFO: Run TokenBuild Behavior [ RunTime:0.001819s ]
INFO: Run WriteHtmlCache Behavior [ RunTime:0.001870s ]
INFO: Run ShowRuntime Behavior [ RunTime:0.001897s ]
INFO: [ view_filter ] --END-- [ RunTime:0.008626s ]
INFO: [ view_end ] --START--
INFO: Run ShowPageTrace Behavior [ RunTime:0.002934s ]
INFO: [ view_end ] --END-- [ RunTime:0.003120s ]

