[ 2014-04-24T01:06:07+08:00 ] 123.125.71.71 /index.php/index/index_index.xml
INFO: [ route_check ] --START--
INFO: Run CheckRoute Behavior [ RunTime:0.003863s ]
INFO: [ route_check ] --END-- [ RunTime:0.015454s ]
INFO: [ app_begin ] --START--
INFO: Run ReadHtmlCache Behavior [ RunTime:0.001817s ]
INFO: [ app_begin ] --END-- [ RunTime:0.001888s ]
SQL: SHOW COLUMNS FROM `lj_cheats` [ RunTime:0.055743s ]
SQL: SHOW COLUMNS FROM `lj_cheats` [ RunTime:0.000756s ]
SQL: SELECT * FROM `lj_cheats` ORDER BY cheats_id desc LIMIT 8   [ RunTime:0.000305s ]
SQL: SHOW COLUMNS FROM `lj_post_main` [ RunTime:0.000572s ]
SQL: SHOW COLUMNS FROM `lj_post_main` [ RunTime:0.000554s ]
SQL: SELECT * FROM `lj_post_main` ORDER BY post_id desc LIMIT 8   [ RunTime:0.000105s ]
SQL: SHOW COLUMNS FROM `lj_cheats_hot` [ RunTime:0.000435s ]
SQL: SHOW COLUMNS FROM `lj_cheats_hot` [ RunTime:0.000460s ]
SQL: SELECT * FROM `lj_cheats_hot` LIMIT 8   [ RunTime:0.000098s ]
SQL: SELECT * FROM `lj_cheats` WHERE ( `cheats_id` = 1 )  [ RunTime:0.000098s ]
SQL: SELECT * FROM `lj_cheats` WHERE ( `cheats_id` = 12 )  [ RunTime:0.000120s ]
SQL: SELECT * FROM `lj_cheats` WHERE ( `cheats_id` = 13 )  [ RunTime:0.000099s ]
SQL: SELECT * FROM `lj_cheats` WHERE ( `cheats_id` = 14 )  [ RunTime:0.000099s ]
SQL: SELECT * FROM `lj_cheats` WHERE ( `cheats_id` = 19 )  [ RunTime:0.000123s ]
SQL: SELECT * FROM `lj_cheats` WHERE ( `cheats_id` = 16 )  [ RunTime:0.000093s ]
SQL: SELECT * FROM `lj_cheats` WHERE ( `cheats_id` = 17 )  [ RunTime:0.000124s ]
SQL: SELECT * FROM `lj_cheats` WHERE ( `cheats_id` = 33 )  [ RunTime:0.000116s ]
SQL: SHOW COLUMNS FROM `lj_post_hot` [ RunTime:0.000423s ]
SQL: SHOW COLUMNS FROM `lj_post_hot` [ RunTime:0.000442s ]
SQL: SELECT * FROM `lj_post_hot` LIMIT 8   [ RunTime:0.000086s ]
SQL: SELECT * FROM `lj_post_main` WHERE ( `post_id` = 9 )  [ RunTime:0.000090s ]
SQL: SELECT * FROM `lj_post_main` WHERE ( `post_id` = 1 )  [ RunTime:0.000123s ]
SQL: SELECT * FROM `lj_post_main` WHERE ( `post_id` = 8 )  [ RunTime:0.000089s ]
SQL: SELECT * FROM `lj_post_main` WHERE ( `post_id` = 11 )  [ RunTime:0.000091s ]
SQL: SELECT * FROM `lj_post_main` WHERE ( `post_id` = 10 )  [ RunTime:0.000089s ]
SQL: SELECT * FROM `lj_post_main` WHERE ( `post_id` = 18 )  [ RunTime:0.000091s ]
SQL: SELECT * FROM `lj_post_main` WHERE ( `post_id` = 17 )  [ RunTime:0.000088s ]
SQL: SHOW COLUMNS FROM `lj_board` [ RunTime:0.000512s ]
SQL: SHOW COLUMNS FROM `lj_board` [ RunTime:0.000465s ]
SQL: SELECT * FROM `lj_board` ORDER BY Id desc LIMIT 6   [ RunTime:0.000092s ]
SQL: SHOW COLUMNS FROM `lj_get_gl_from_other_site` [ RunTime:0.014677s ]
SQL: SELECT * FROM `lj_get_gl_from_other_site` ORDER BY datetime LIMIT 0,16   [ RunTime:0.013187s ]
SQL: SELECT * FROM `lj_get_gl_from_other_site` ORDER BY datetime desc LIMIT 0,16   [ RunTime:0.000098s ]
SQL: SELECT COUNT(*) AS tp_count FROM `lj_get_gl_from_other_site` LIMIT 1   [ RunTime:0.000106s ]
NOTIC: [2] Missing argument 1 for Action::show(), called in /mnt/www/html/lejun/HOME/Lib/Action/IndexAction.class.php on line 72 and defined /mnt/www/html/lejun/ThinkPHP/Lib/Core/Action.class.php 第 113 行.
NOTIC: [8] Undefined variable: content /mnt/www/html/lejun/ThinkPHP/Lib/Core/Action.class.php 第 115 行.
INFO: [ view_template ] --START--
INFO: Run LocationTemplate Behavior [ RunTime:0.007010s ]
INFO: [ view_template ] --END-- [ RunTime:0.007078s ]
INFO: [ view_parse ] --START--
NOTIC: [8] A session had already been started - ignoring session_start() /mnt/www/html/lejun/HOME/Runtime/Cache/7a41a6bbe13c5876cd2302dcb6d58711.php 第 1 行.
NOTIC: [8] A session had already been started - ignoring session_start() /mnt/www/html/lejun/HOME/Runtime/Cache/7a41a6bbe13c5876cd2302dcb6d58711.php 第 3 行.
NOTIC: [8] A session had already been started - ignoring session_start() /mnt/www/html/lejun/HOME/Runtime/Cache/7a41a6bbe13c5876cd2302dcb6d58711.php 第 140 行.
INFO: Run ParseTemplate Behavior [ RunTime:0.275355s ]
INFO: [ view_parse ] --END-- [ RunTime:0.275438s ]
INFO: [ view_filter ] --START--
INFO: Run ContentReplace Behavior [ RunTime:0.002586s ]
INFO: Run TokenBuild Behavior [ RunTime:0.001810s ]
INFO: Run WriteHtmlCache Behavior [ RunTime:0.001795s ]
INFO: Run ShowRuntime Behavior [ RunTime:0.001989s ]
INFO: [ view_filter ] --END-- [ RunTime:0.008375s ]
INFO: [ view_end ] --START--
INFO: Run ShowPageTrace Behavior [ RunTime:0.002477s ]
INFO: [ view_end ] --END-- [ RunTime:0.002551s ]

[ 2014-04-24T02:30:42+08:00 ] 66.249.64.179 /index.php/index/index_index.xml
INFO: [ route_check ] --START--
INFO: Run CheckRoute Behavior [ RunTime:0.014008s ]
INFO: [ route_check ] --END-- [ RunTime:0.014133s ]
INFO: [ app_begin ] --START--
INFO: Run ReadHtmlCache Behavior [ RunTime:0.000458s ]
INFO: [ app_begin ] --END-- [ RunTime:0.000528s ]
SQL: SHOW COLUMNS FROM `lj_cheats` [ RunTime:0.050686s ]
SQL: SHOW COLUMNS FROM `lj_cheats` [ RunTime:0.000765s ]
SQL: SELECT * FROM `lj_cheats` ORDER BY cheats_id desc LIMIT 8   [ RunTime:0.046607s ]
SQL: SHOW COLUMNS FROM `lj_post_main` [ RunTime:0.000657s ]
SQL: SHOW COLUMNS FROM `lj_post_main` [ RunTime:0.000588s ]
SQL: SELECT * FROM `lj_post_main` ORDER BY post_id desc LIMIT 8   [ RunTime:0.001985s ]
SQL: SHOW COLUMNS FROM `lj_cheats_hot` [ RunTime:0.047637s ]
SQL: SHOW COLUMNS FROM `lj_cheats_hot` [ RunTime:0.000467s ]
SQL: SELECT * FROM `lj_cheats_hot` LIMIT 8   [ RunTime:0.001713s ]
SQL: SELECT * FROM `lj_cheats` WHERE ( `cheats_id` = 1 )  [ RunTime:0.025997s ]
SQL: SELECT * FROM `lj_cheats` WHERE ( `cheats_id` = 12 )  [ RunTime:0.003105s ]
SQL: SELECT * FROM `lj_cheats` WHERE ( `cheats_id` = 13 )  [ RunTime:0.000469s ]
SQL: SELECT * FROM `lj_cheats` WHERE ( `cheats_id` = 14 )  [ RunTime:0.000224s ]
SQL: SELECT * FROM `lj_cheats` WHERE ( `cheats_id` = 19 )  [ RunTime:0.000256s ]
SQL: SELECT * FROM `lj_cheats` WHERE ( `cheats_id` = 16 )  [ RunTime:0.000228s ]
SQL: SELECT * FROM `lj_cheats` WHERE ( `cheats_id` = 17 )  [ RunTime:0.000302s ]
SQL: SELECT * FROM `lj_cheats` WHERE ( `cheats_id` = 33 )  [ RunTime:0.000219s ]
SQL: SHOW COLUMNS FROM `lj_post_hot` [ RunTime:0.173868s ]
SQL: SHOW COLUMNS FROM `lj_post_hot` [ RunTime:0.000551s ]
SQL: SELECT * FROM `lj_post_hot` LIMIT 8   [ RunTime:0.005201s ]
SQL: SELECT * FROM `lj_post_main` WHERE ( `post_id` = 9 )  [ RunTime:0.000251s ]
SQL: SELECT * FROM `lj_post_main` WHERE ( `post_id` = 1 )  [ RunTime:0.000225s ]
SQL: SELECT * FROM `lj_post_main` WHERE ( `post_id` = 8 )  [ RunTime:0.000216s ]
SQL: SELECT * FROM `lj_post_main` WHERE ( `post_id` = 11 )  [ RunTime:0.000216s ]
SQL: SELECT * FROM `lj_post_main` WHERE ( `post_id` = 10 )  [ RunTime:0.000237s ]
SQL: SELECT * FROM `lj_post_main` WHERE ( `post_id` = 18 )  [ RunTime:0.000247s ]
SQL: SELECT * FROM `lj_post_main` WHERE ( `post_id` = 17 )  [ RunTime:0.000323s ]
SQL: SHOW COLUMNS FROM `lj_board` [ RunTime:0.021913s ]
SQL: SHOW COLUMNS FROM `lj_board` [ RunTime:0.000564s ]
SQL: SELECT * FROM `lj_board` ORDER BY Id desc LIMIT 6   [ RunTime:0.002370s ]
SQL: SHOW COLUMNS FROM `lj_get_gl_from_other_site` [ RunTime:0.570863s ]
SQL: SELECT * FROM `lj_get_gl_from_other_site` ORDER BY datetime LIMIT 0,16   [ RunTime:0.032424s ]
SQL: SELECT * FROM `lj_get_gl_from_other_site` ORDER BY datetime desc LIMIT 0,16   [ RunTime:0.010157s ]
SQL: SELECT COUNT(*) AS tp_count FROM `lj_get_gl_from_other_site` LIMIT 1   [ RunTime:0.034677s ]
NOTIC: [2] Missing argument 1 for Action::show(), called in /mnt/www/html/lejun/HOME/Lib/Action/IndexAction.class.php on line 72 and defined /mnt/www/html/lejun/ThinkPHP/Lib/Core/Action.class.php 第 113 行.
NOTIC: [8] Undefined variable: content /mnt/www/html/lejun/ThinkPHP/Lib/Core/Action.class.php 第 115 行.
INFO: [ view_template ] --START--
INFO: Run LocationTemplate Behavior [ RunTime:0.007716s ]
INFO: [ view_template ] --END-- [ RunTime:0.007790s ]
INFO: [ view_parse ] --START--
NOTIC: [8] A session had already been started - ignoring session_start() /mnt/www/html/lejun/HOME/Runtime/Cache/7a41a6bbe13c5876cd2302dcb6d58711.php 第 1 行.
NOTIC: [8] A session had already been started - ignoring session_start() /mnt/www/html/lejun/HOME/Runtime/Cache/7a41a6bbe13c5876cd2302dcb6d58711.php 第 3 行.
NOTIC: [8] A session had already been started - ignoring session_start() /mnt/www/html/lejun/HOME/Runtime/Cache/7a41a6bbe13c5876cd2302dcb6d58711.php 第 140 行.
INFO: Run ParseTemplate Behavior [ RunTime:0.642069s ]
INFO: [ view_parse ] --END-- [ RunTime:0.642155s ]
INFO: [ view_filter ] --START--
INFO: Run ContentReplace Behavior [ RunTime:0.002704s ]
INFO: Run TokenBuild Behavior [ RunTime:0.002753s ]
INFO: Run WriteHtmlCache Behavior [ RunTime:0.001668s ]
INFO: Run ShowRuntime Behavior [ RunTime:0.002600s ]
INFO: [ view_filter ] --END-- [ RunTime:0.009954s ]
INFO: [ view_end ] --START--
INFO: Run ShowPageTrace Behavior [ RunTime:0.002713s ]
INFO: [ view_end ] --END-- [ RunTime:0.002849s ]

[ 2014-04-24T02:34:24+08:00 ] 66.249.64.101 /index.php/index/index_index.xml
INFO: [ route_check ] --START--
INFO: Run CheckRoute Behavior [ RunTime:0.003245s ]
INFO: [ route_check ] --END-- [ RunTime:0.003345s ]
INFO: [ app_begin ] --START--
INFO: Run ReadHtmlCache Behavior [ RunTime:0.000415s ]
INFO: [ app_begin ] --END-- [ RunTime:0.000505s ]
SQL: SHOW COLUMNS FROM `lj_cheats` [ RunTime:0.045851s ]
SQL: SHOW COLUMNS FROM `lj_cheats` [ RunTime:0.000816s ]
SQL: SELECT * FROM `lj_cheats` ORDER BY cheats_id desc LIMIT 8   [ RunTime:0.000313s ]
SQL: SHOW COLUMNS FROM `lj_post_main` [ RunTime:0.000604s ]
SQL: SHOW COLUMNS FROM `lj_post_main` [ RunTime:0.000597s ]
SQL: SELECT * FROM `lj_post_main` ORDER BY post_id desc LIMIT 8   [ RunTime:0.000109s ]
SQL: SHOW COLUMNS FROM `lj_cheats_hot` [ RunTime:0.000469s ]
SQL: SHOW COLUMNS FROM `lj_cheats_hot` [ RunTime:0.000425s ]
SQL: SELECT * FROM `lj_cheats_hot` LIMIT 8   [ RunTime:0.000096s ]
SQL: SELECT * FROM `lj_cheats` WHERE ( `cheats_id` = 1 )  [ RunTime:0.000097s ]
SQL: SELECT * FROM `lj_cheats` WHERE ( `cheats_id` = 12 )  [ RunTime:0.000129s ]
SQL: SELECT * FROM `lj_cheats` WHERE ( `cheats_id` = 13 )  [ RunTime:0.000096s ]
SQL: SELECT * FROM `lj_cheats` WHERE ( `cheats_id` = 14 )  [ RunTime:0.000096s ]
SQL: SELECT * FROM `lj_cheats` WHERE ( `cheats_id` = 19 )  [ RunTime:0.000098s ]
SQL: SELECT * FROM `lj_cheats` WHERE ( `cheats_id` = 16 )  [ RunTime:0.000097s ]
SQL: SELECT * FROM `lj_cheats` WHERE ( `cheats_id` = 17 )  [ RunTime:0.000128s ]
SQL: SELECT * FROM `lj_cheats` WHERE ( `cheats_id` = 33 )  [ RunTime:0.000093s ]
SQL: SHOW COLUMNS FROM `lj_post_hot` [ RunTime:0.000452s ]
SQL: SHOW COLUMNS FROM `lj_post_hot` [ RunTime:0.000412s ]
SQL: SELECT * FROM `lj_post_hot` LIMIT 8   [ RunTime:0.000088s ]
SQL: SELECT * FROM `lj_post_main` WHERE ( `post_id` = 9 )  [ RunTime:0.000092s ]
SQL: SELECT * FROM `lj_post_main` WHERE ( `post_id` = 1 )  [ RunTime:0.000089s ]
SQL: SELECT * FROM `lj_post_main` WHERE ( `post_id` = 8 )  [ RunTime:0.000088s ]
SQL: SELECT * FROM `lj_post_main` WHERE ( `post_id` = 11 )  [ RunTime:0.000094s ]
SQL: SELECT * FROM `lj_post_main` WHERE ( `post_id` = 10 )  [ RunTime:0.000090s ]
SQL: SELECT * FROM `lj_post_main` WHERE ( `post_id` = 18 )  [ RunTime:0.000092s ]
SQL: SELECT * FROM `lj_post_main` WHERE ( `post_id` = 17 )  [ RunTime:0.000117s ]
SQL: SHOW COLUMNS FROM `lj_board` [ RunTime:0.000489s ]
SQL: SHOW COLUMNS FROM `lj_board` [ RunTime:0.000467s ]
SQL: SELECT * FROM `lj_board` ORDER BY Id desc LIMIT 6   [ RunTime:0.000093s ]
SQL: SHOW COLUMNS FROM `lj_get_gl_from_other_site` [ RunTime:0.007578s ]
SQL: SELECT * FROM `lj_get_gl_from_other_site` ORDER BY datetime LIMIT 0,16   [ RunTime:0.011558s ]
SQL: SELECT * FROM `lj_get_gl_from_other_site` ORDER BY datetime desc LIMIT 0,16   [ RunTime:0.000100s ]
SQL: SELECT COUNT(*) AS tp_count FROM `lj_get_gl_from_other_site` LIMIT 1   [ RunTime:0.000111s ]
NOTIC: [2] Missing argument 1 for Action::show(), called in /mnt/www/html/lejun/HOME/Lib/Action/IndexAction.class.php on line 72 and defined /mnt/www/html/lejun/ThinkPHP/Lib/Core/Action.class.php 第 113 行.
NOTIC: [8] Undefined variable: content /mnt/www/html/lejun/ThinkPHP/Lib/Core/Action.class.php 第 115 行.
INFO: [ view_template ] --START--
INFO: Run LocationTemplate Behavior [ RunTime:0.005562s ]
INFO: [ view_template ] --END-- [ RunTime:0.005633s ]
INFO: [ view_parse ] --START--
NOTIC: [8] A session had already been started - ignoring session_start() /mnt/www/html/lejun/HOME/Runtime/Cache/7a41a6bbe13c5876cd2302dcb6d58711.php 第 1 行.
NOTIC: [8] A session had already been started - ignoring session_start() /mnt/www/html/lejun/HOME/Runtime/Cache/7a41a6bbe13c5876cd2302dcb6d58711.php 第 3 行.
NOTIC: [8] A session had already been started - ignoring session_start() /mnt/www/html/lejun/HOME/Runtime/Cache/7a41a6bbe13c5876cd2302dcb6d58711.php 第 140 行.
INFO: Run ParseTemplate Behavior [ RunTime:0.249266s ]
INFO: [ view_parse ] --END-- [ RunTime:0.249356s ]
INFO: [ view_filter ] --START--
INFO: Run ContentReplace Behavior [ RunTime:0.002418s ]
INFO: Run TokenBuild Behavior [ RunTime:0.001803s ]
INFO: Run WriteHtmlCache Behavior [ RunTime:0.002018s ]
INFO: Run ShowRuntime Behavior [ RunTime:0.002251s ]
INFO: [ view_filter ] --END-- [ RunTime:0.008690s ]
INFO: [ view_end ] --START--
INFO: Run ShowPageTrace Behavior [ RunTime:0.002903s ]
INFO: [ view_end ] --END-- [ RunTime:0.003038s ]

[ 2014-04-24T02:35:38+08:00 ] 220.181.108.169 /index.php/Me/team
INFO: [ route_check ] --START--
INFO: Run CheckRoute Behavior [ RunTime:0.003930s ]
INFO: [ route_check ] --END-- [ RunTime:0.006770s ]
INFO: [ app_begin ] --START--
INFO: Run ReadHtmlCache Behavior [ RunTime:0.001879s ]
INFO: [ app_begin ] --END-- [ RunTime:0.001952s ]
INFO: [ view_template ] --START--
INFO: Run LocationTemplate Behavior [ RunTime:0.006844s ]
INFO: [ view_template ] --END-- [ RunTime:0.006942s ]
INFO: [ view_parse ] --START--
NOTIC: [8] A session had already been started - ignoring session_start() /mnt/www/html/lejun/HOME/Runtime/Cache/699acc17ae752959ed582a87c8220f9e.php 第 1 行.
NOTIC: [2] include_once(/mnt/www/html/lejun/renren): failed to open stream: No such file or directory /mnt/www/html/lejun/HOME/Runtime/Cache/699acc17ae752959ed582a87c8220f9e.php 第 1 行.
NOTIC: [2] include_once(): Failed opening './renren' for inclusion (include_path='.:/usr/share/pear:/usr/share/php:/mnt/www/html/lejun/ThinkPHP/Extend/Vendor/') /mnt/www/html/lejun/HOME/Runtime/Cache/699acc17ae752959ed582a87c8220f9e.php 第 1 行.
NOTIC: [8] A session had already been started - ignoring session_start() /mnt/www/html/lejun/HOME/Runtime/Cache/699acc17ae752959ed582a87c8220f9e.php 第 62 行.
NOTIC: [8] Undefined variable: config /mnt/www/html/lejun/HOME/Runtime/Cache/699acc17ae752959ed582a87c8220f9e.php 第 65 行.
NOTIC: [8] Trying to get property of non-object /mnt/www/html/lejun/HOME/Runtime/Cache/699acc17ae752959ed582a87c8220f9e.php 第 65 行.
NOTIC: [8] Undefined variable: config /mnt/www/html/lejun/HOME/Runtime/Cache/699acc17ae752959ed582a87c8220f9e.php 第 65 行.
NOTIC: [8] Trying to get property of non-object /mnt/www/html/lejun/HOME/Runtime/Cache/699acc17ae752959ed582a87c8220f9e.php 第 65 行.
NOTIC: [8] Undefined variable: config /mnt/www/html/lejun/HOME/Runtime/Cache/699acc17ae752959ed582a87c8220f9e.php 第 65 行.
NOTIC: [8] Trying to get property of non-object /mnt/www/html/lejun/HOME/Runtime/Cache/699acc17ae752959ed582a87c8220f9e.php 第 65 行.
INFO: Run ParseTemplate Behavior [ RunTime:0.113231s ]
INFO: [ view_parse ] --END-- [ RunTime:0.113311s ]
INFO: [ view_filter ] --START--
INFO: Run ContentReplace Behavior [ RunTime:0.001900s ]
INFO: Run TokenBuild Behavior [ RunTime:0.002207s ]
INFO: Run WriteHtmlCache Behavior [ RunTime:0.001774s ]
INFO: Run ShowRuntime Behavior [ RunTime:0.001850s ]
INFO: [ view_filter ] --END-- [ RunTime:0.007916s ]
INFO: [ view_end ] --START--
INFO: Run ShowPageTrace Behavior [ RunTime:0.002295s ]
INFO: [ view_end ] --END-- [ RunTime:0.002363s ]

[ 2014-04-24T02:39:22+08:00 ] 66.249.64.11 /index.php/Zq/zq_game?game_list_id=5
INFO: [ route_check ] --START--
INFO: Run CheckRoute Behavior [ RunTime:0.005377s ]
INFO: [ route_check ] --END-- [ RunTime:0.005513s ]
INFO: [ app_begin ] --START--
INFO: Run ReadHtmlCache Behavior [ RunTime:0.001880s ]
INFO: [ app_begin ] --END-- [ RunTime:0.001971s ]
SQL: SHOW COLUMNS FROM `lj_game_list` [ RunTime:0.082104s ]
SQL: SELECT * FROM `lj_game_list` WHERE ( `list_id` = 5 )  [ RunTime:0.013638s ]
INFO: [ view_template ] --START--
INFO: Run LocationTemplate Behavior [ RunTime:0.006557s ]
INFO: [ view_template ] --END-- [ RunTime:0.006632s ]
INFO: [ view_parse ] --START--
NOTIC: [8] A session had already been started - ignoring session_start() /mnt/www/html/lejun/HOME/Runtime/Cache/539d31f04a3ed6b50ace3fa2114a93cb.php 第 1 行.
NOTIC: [8] A session had already been started - ignoring session_start() /mnt/www/html/lejun/HOME/Runtime/Cache/539d31f04a3ed6b50ace3fa2114a93cb.php 第 138 行.
INFO: Run ParseTemplate Behavior [ RunTime:0.279230s ]
INFO: [ view_parse ] --END-- [ RunTime:0.279340s ]
INFO: [ view_filter ] --START--
INFO: Run ContentReplace Behavior [ RunTime:0.039400s ]
INFO: Run TokenBuild Behavior [ RunTime:0.001684s ]
INFO: Run WriteHtmlCache Behavior [ RunTime:0.001469s ]
INFO: Run ShowRuntime Behavior [ RunTime:0.002185s ]
INFO: [ view_filter ] --END-- [ RunTime:0.045001s ]
INFO: [ view_end ] --START--
INFO: Run ShowPageTrace Behavior [ RunTime:0.006539s ]
INFO: [ view_end ] --END-- [ RunTime:0.006620s ]

[ 2014-04-24T02:44:43+08:00 ] 66.249.64.11 /index.php/Zq/zq_game_hot_gl.html
INFO: [ route_check ] --START--
INFO: Run CheckRoute Behavior [ RunTime:0.005461s ]
INFO: [ route_check ] --END-- [ RunTime:0.016090s ]
INFO: [ app_begin ] --START--
INFO: Run ReadHtmlCache Behavior [ RunTime:0.002632s ]
INFO: [ app_begin ] --END-- [ RunTime:0.002701s ]
INFO: [ view_template ] --START--
INFO: Run LocationTemplate Behavior [ RunTime:0.001866s ]
INFO: [ view_template ] --END-- [ RunTime:0.001936s ]
INFO: [ view_parse ] --START--
INFO: Run ParseTemplate Behavior [ RunTime:0.040220s ]
INFO: [ view_parse ] --END-- [ RunTime:0.040288s ]
INFO: [ view_filter ] --START--
INFO: Run ContentReplace Behavior [ RunTime:0.002995s ]
INFO: Run TokenBuild Behavior [ RunTime:0.001708s ]
INFO: Run WriteHtmlCache Behavior [ RunTime:0.001863s ]
INFO: Run ShowRuntime Behavior [ RunTime:0.002180s ]
INFO: [ view_filter ] --END-- [ RunTime:0.009123s ]
INFO: [ view_end ] --START--
INFO: Run ShowPageTrace Behavior [ RunTime:0.002765s ]
INFO: [ view_end ] --END-- [ RunTime:0.002820s ]

[ 2014-04-24T03:28:40+08:00 ] 66.249.64.11 /index.php/Show/show_tz?post_id=9
INFO: [ route_check ] --START--
INFO: Run CheckRoute Behavior [ RunTime:0.005761s ]
INFO: [ route_check ] --END-- [ RunTime:0.005882s ]
INFO: [ app_begin ] --START--
INFO: Run ReadHtmlCache Behavior [ RunTime:0.012623s ]
INFO: [ app_begin ] --END-- [ RunTime:0.012695s ]
SQL: SHOW COLUMNS FROM `lj_post_main` [ RunTime:0.059307s ]
SQL: UPDATE `lj_post_main` SET `clicks`=clicks+1 WHERE ( `post_id` = 9 ) [ RunTime:0.070185s ]
SQL: SELECT * FROM `lj_post_main` WHERE ( `post_id` = 9 )  [ RunTime:0.005529s ]
SQL: SHOW COLUMNS FROM `lj_user_information` [ RunTime:0.088467s ]
SQL: SELECT * FROM `lj_user_information` WHERE ( `Id` = 1 )  [ RunTime:0.002083s ]
SQL: SHOW COLUMNS FROM `lj_post_replay` [ RunTime:0.016414s ]
SQL: SELECT * FROM `lj_post_replay` WHERE ( `post_id` = 9 )  [ RunTime:0.002624s ]
INFO: [ view_template ] --START--
INFO: Run LocationTemplate Behavior [ RunTime:0.013530s ]
INFO: [ view_template ] --END-- [ RunTime:0.013604s ]
INFO: [ view_parse ] --START--
NOTIC: [8] A session had already been started - ignoring session_start() /mnt/www/html/lejun/HOME/Runtime/Cache/1ccbe0629693240b941e461e7b341f67.php 第 1 行.
NOTIC: [8] A session had already been started - ignoring session_start() /mnt/www/html/lejun/HOME/Runtime/Cache/1ccbe0629693240b941e461e7b341f67.php 第 138 行.
NOTIC: [8] Undefined index: user /mnt/www/html/lejun/HOME/Runtime/Cache/1ccbe0629693240b941e461e7b341f67.php 第 241 行.
INFO: Run ParseTemplate Behavior [ RunTime:0.280922s ]
INFO: [ view_parse ] --END-- [ RunTime:0.281009s ]
INFO: [ view_filter ] --START--
INFO: Run ContentReplace Behavior [ RunTime:0.002256s ]
INFO: Run TokenBuild Behavior [ RunTime:0.001869s ]
INFO: Run WriteHtmlCache Behavior [ RunTime:0.001848s ]
INFO: Run ShowRuntime Behavior [ RunTime:0.001908s ]
INFO: [ view_filter ] --END-- [ RunTime:0.008084s ]
INFO: [ view_end ] --START--
INFO: Run ShowPageTrace Behavior [ RunTime:0.002202s ]
INFO: [ view_end ] --END-- [ RunTime:0.002275s ]

[ 2014-04-24T03:29:23+08:00 ] 66.249.64.106 /index.php/Zq/zq_game?game_list_id=3
INFO: [ route_check ] --START--
INFO: Run CheckRoute Behavior [ RunTime:0.005718s ]
INFO: [ route_check ] --END-- [ RunTime:0.005833s ]
INFO: [ app_begin ] --START--
INFO: Run ReadHtmlCache Behavior [ RunTime:0.001778s ]
INFO: [ app_begin ] --END-- [ RunTime:0.001849s ]
SQL: SHOW COLUMNS FROM `lj_game_list` [ RunTime:0.035063s ]
SQL: SELECT * FROM `lj_game_list` WHERE ( `list_id` = 3 )  [ RunTime:0.025040s ]
INFO: [ view_template ] --START--
INFO: Run LocationTemplate Behavior [ RunTime:0.006264s ]
INFO: [ view_template ] --END-- [ RunTime:0.006339s ]
INFO: [ view_parse ] --START--
NOTIC: [8] A session had already been started - ignoring session_start() /mnt/www/html/lejun/HOME/Runtime/Cache/539d31f04a3ed6b50ace3fa2114a93cb.php 第 1 行.
NOTIC: [8] A session had already been started - ignoring session_start() /mnt/www/html/lejun/HOME/Runtime/Cache/539d31f04a3ed6b50ace3fa2114a93cb.php 第 138 行.
INFO: Run ParseTemplate Behavior [ RunTime:0.267262s ]
INFO: [ view_parse ] --END-- [ RunTime:0.267369s ]
INFO: [ view_filter ] --START--
INFO: Run ContentReplace Behavior [ RunTime:0.002329s ]
INFO: Run TokenBuild Behavior [ RunTime:0.001913s ]
INFO: Run WriteHtmlCache Behavior [ RunTime:0.001856s ]
INFO: Run ShowRuntime Behavior [ RunTime:0.001908s ]
INFO: [ view_filter ] --END-- [ RunTime:0.008204s ]
INFO: [ view_end ] --START--
INFO: Run ShowPageTrace Behavior [ RunTime:0.002553s ]
INFO: [ view_end ] --END-- [ RunTime:0.002629s ]

[ 2014-04-24T03:55:35+08:00 ] 182.118.20.234 /index.php/Me/duty_statement
INFO: [ route_check ] --START--
INFO: Run CheckRoute Behavior [ RunTime:0.005624s ]
INFO: [ route_check ] --END-- [ RunTime:0.005736s ]
INFO: [ app_begin ] --START--
INFO: Run ReadHtmlCache Behavior [ RunTime:0.001970s ]
INFO: [ app_begin ] --END-- [ RunTime:0.002042s ]
INFO: [ view_template ] --START--
INFO: Run LocationTemplate Behavior [ RunTime:0.007201s ]
INFO: [ view_template ] --END-- [ RunTime:0.007279s ]
INFO: [ view_parse ] --START--
NOTIC: [8] A session had already been started - ignoring session_start() /mnt/www/html/lejun/HOME/Runtime/Cache/900e18e50330b4d8b7c690caaf71efc8.php 第 1 行.
NOTIC: [8] A session had already been started - ignoring session_start() /mnt/www/html/lejun/HOME/Runtime/Cache/900e18e50330b4d8b7c690caaf71efc8.php 第 138 行.
INFO: Run ParseTemplate Behavior [ RunTime:0.204248s ]
INFO: [ view_parse ] --END-- [ RunTime:0.204329s ]
INFO: [ view_filter ] --START--
INFO: Run ContentReplace Behavior [ RunTime:0.002033s ]
INFO: Run TokenBuild Behavior [ RunTime:0.001828s ]
INFO: Run WriteHtmlCache Behavior [ RunTime:0.001949s ]
INFO: Run ShowRuntime Behavior [ RunTime:0.001905s ]
INFO: [ view_filter ] --END-- [ RunTime:0.007913s ]
INFO: [ view_end ] --START--
INFO: Run ShowPageTrace Behavior [ RunTime:0.002324s ]
INFO: [ view_end ] --END-- [ RunTime:0.002401s ]

[ 2014-04-24T04:28:36+08:00 ] 66.249.64.101 /index.php/Zq/zq_game?game_list_id=2
INFO: [ route_check ] --START--
INFO: Run CheckRoute Behavior [ RunTime:0.007649s ]
INFO: [ route_check ] --END-- [ RunTime:0.007754s ]
INFO: [ app_begin ] --START--
INFO: Run ReadHtmlCache Behavior [ RunTime:0.001917s ]
INFO: [ app_begin ] --END-- [ RunTime:0.001988s ]
SQL: SHOW COLUMNS FROM `lj_game_list` [ RunTime:0.057191s ]
SQL: SELECT * FROM `lj_game_list` WHERE ( `list_id` = 2 )  [ RunTime:0.026096s ]
INFO: [ view_template ] --START--
INFO: Run LocationTemplate Behavior [ RunTime:0.006744s ]
INFO: [ view_template ] --END-- [ RunTime:0.006817s ]
INFO: [ view_parse ] --START--
NOTIC: [8] A session had already been started - ignoring session_start() /mnt/www/html/lejun/HOME/Runtime/Cache/539d31f04a3ed6b50ace3fa2114a93cb.php 第 1 行.
NOTIC: [8] A session had already been started - ignoring session_start() /mnt/www/html/lejun/HOME/Runtime/Cache/539d31f04a3ed6b50ace3fa2114a93cb.php 第 138 行.
INFO: Run ParseTemplate Behavior [ RunTime:0.185545s ]
INFO: [ view_parse ] --END-- [ RunTime:0.185628s ]
INFO: [ view_filter ] --START--
INFO: Run ContentReplace Behavior [ RunTime:0.002412s ]
INFO: Run TokenBuild Behavior [ RunTime:0.002091s ]
INFO: Run WriteHtmlCache Behavior [ RunTime:0.003372s ]
INFO: Run ShowRuntime Behavior [ RunTime:0.002057s ]
INFO: [ view_filter ] --END-- [ RunTime:0.010128s ]
INFO: [ view_end ] --START--
INFO: Run ShowPageTrace Behavior [ RunTime:0.002301s ]
INFO: [ view_end ] --END-- [ RunTime:0.002375s ]

[ 2014-04-24T04:29:21+08:00 ] 66.249.64.106 /index.php/Show/show_tz?post_id=10
INFO: [ route_check ] --START--
INFO: Run CheckRoute Behavior [ RunTime:0.000623s ]
INFO: [ route_check ] --END-- [ RunTime:0.000720s ]
INFO: [ app_begin ] --START--
INFO: Run ReadHtmlCache Behavior [ RunTime:0.000412s ]
INFO: [ app_begin ] --END-- [ RunTime:0.000478s ]
SQL: SHOW COLUMNS FROM `lj_post_main` [ RunTime:0.000822s ]
SQL: UPDATE `lj_post_main` SET `clicks`=clicks+1 WHERE ( `post_id` = 10 ) [ RunTime:0.046274s ]
SQL: SELECT * FROM `lj_post_main` WHERE ( `post_id` = 10 )  [ RunTime:0.000290s ]
SQL: SHOW COLUMNS FROM `lj_user_information` [ RunTime:0.001230s ]
SQL: SELECT * FROM `lj_user_information` WHERE ( `Id` = 1 )  [ RunTime:0.000145s ]
SQL: SHOW COLUMNS FROM `lj_post_replay` [ RunTime:0.000501s ]
SQL: SELECT * FROM `lj_post_replay` WHERE ( `post_id` = 10 )  [ RunTime:0.002642s ]
INFO: [ view_template ] --START--
INFO: Run LocationTemplate Behavior [ RunTime:0.002935s ]
INFO: [ view_template ] --END-- [ RunTime:0.003008s ]
INFO: [ view_parse ] --START--
NOTIC: [8] A session had already been started - ignoring session_start() /mnt/www/html/lejun/HOME/Runtime/Cache/1ccbe0629693240b941e461e7b341f67.php 第 1 行.
NOTIC: [8] A session had already been started - ignoring session_start() /mnt/www/html/lejun/HOME/Runtime/Cache/1ccbe0629693240b941e461e7b341f67.php 第 138 行.
NOTIC: [8] Undefined index: user /mnt/www/html/lejun/HOME/Runtime/Cache/1ccbe0629693240b941e461e7b341f67.php 第 241 行.
INFO: Run ParseTemplate Behavior [ RunTime:0.026000s ]
INFO: [ view_parse ] --END-- [ RunTime:0.026070s ]
INFO: [ view_filter ] --START--
INFO: Run ContentReplace Behavior [ RunTime:0.000465s ]
INFO: Run TokenBuild Behavior [ RunTime:0.000270s ]
INFO: Run WriteHtmlCache Behavior [ RunTime:0.000174s ]
INFO: Run ShowRuntime Behavior [ RunTime:0.000365s ]
INFO: [ view_filter ] --END-- [ RunTime:0.001477s ]
INFO: [ view_end ] --START--
INFO: Run ShowPageTrace Behavior [ RunTime:0.000478s ]
INFO: [ view_end ] --END-- [ RunTime:0.000578s ]

[ 2014-04-24T04:34:22+08:00 ] 66.249.64.106 /index.php/Zq/zq_game?game_list_id=4
INFO: [ route_check ] --START--
INFO: Run CheckRoute Behavior [ RunTime:0.002266s ]
INFO: [ route_check ] --END-- [ RunTime:0.002362s ]
INFO: [ app_begin ] --START--
INFO: Run ReadHtmlCache Behavior [ RunTime:0.001778s ]
INFO: [ app_begin ] --END-- [ RunTime:0.001845s ]
SQL: SHOW COLUMNS FROM `lj_game_list` [ RunTime:0.000663s ]
SQL: SELECT * FROM `lj_game_list` WHERE ( `list_id` = 4 )  [ RunTime:0.000248s ]
INFO: [ view_template ] --START--
INFO: Run LocationTemplate Behavior [ RunTime:0.001883s ]
INFO: [ view_template ] --END-- [ RunTime:0.001957s ]
INFO: [ view_parse ] --START--
NOTIC: [8] A session had already been started - ignoring session_start() /mnt/www/html/lejun/HOME/Runtime/Cache/539d31f04a3ed6b50ace3fa2114a93cb.php 第 1 行.
NOTIC: [8] A session had already been started - ignoring session_start() /mnt/www/html/lejun/HOME/Runtime/Cache/539d31f04a3ed6b50ace3fa2114a93cb.php 第 138 行.
INFO: Run ParseTemplate Behavior [ RunTime:0.176162s ]
INFO: [ view_parse ] --END-- [ RunTime:0.176276s ]
INFO: [ view_filter ] --START--
INFO: Run ContentReplace Behavior [ RunTime:0.001914s ]
INFO: Run TokenBuild Behavior [ RunTime:0.001770s ]
INFO: Run WriteHtmlCache Behavior [ RunTime:0.001506s ]
INFO: Run ShowRuntime Behavior [ RunTime:0.002649s ]
INFO: [ view_filter ] --END-- [ RunTime:0.008035s ]
INFO: [ view_end ] --START--
INFO: Run ShowPageTrace Behavior [ RunTime:0.002018s ]
INFO: [ view_end ] --END-- [ RunTime:0.002087s ]

[ 2014-04-24T05:28:19+08:00 ] 66.249.64.106 /index.php/index/index_index.xml
INFO: [ route_check ] --START--
INFO: Run CheckRoute Behavior [ RunTime:0.005602s ]
INFO: [ route_check ] --END-- [ RunTime:0.005697s ]
INFO: [ app_begin ] --START--
INFO: Run ReadHtmlCache Behavior [ RunTime:0.000414s ]
INFO: [ app_begin ] --END-- [ RunTime:0.000483s ]
SQL: SHOW COLUMNS FROM `lj_cheats` [ RunTime:0.039980s ]
SQL: SHOW COLUMNS FROM `lj_cheats` [ RunTime:0.000746s ]
SQL: SELECT * FROM `lj_cheats` ORDER BY cheats_id desc LIMIT 8   [ RunTime:0.000294s ]
SQL: SHOW COLUMNS FROM `lj_post_main` [ RunTime:0.000597s ]
SQL: SHOW COLUMNS FROM `lj_post_main` [ RunTime:0.000579s ]
SQL: SELECT * FROM `lj_post_main` ORDER BY post_id desc LIMIT 8   [ RunTime:0.003590s ]
SQL: SHOW COLUMNS FROM `lj_cheats_hot` [ RunTime:0.000474s ]
SQL: SHOW COLUMNS FROM `lj_cheats_hot` [ RunTime:0.000441s ]
SQL: SELECT * FROM `lj_cheats_hot` LIMIT 8   [ RunTime:0.000098s ]
SQL: SELECT * FROM `lj_cheats` WHERE ( `cheats_id` = 1 )  [ RunTime:0.000101s ]
SQL: SELECT * FROM `lj_cheats` WHERE ( `cheats_id` = 12 )  [ RunTime:0.000138s ]
SQL: SELECT * FROM `lj_cheats` WHERE ( `cheats_id` = 13 )  [ RunTime:0.000102s ]
SQL: SELECT * FROM `lj_cheats` WHERE ( `cheats_id` = 14 )  [ RunTime:0.000099s ]
SQL: SELECT * FROM `lj_cheats` WHERE ( `cheats_id` = 19 )  [ RunTime:0.000100s ]
SQL: SELECT * FROM `lj_cheats` WHERE ( `cheats_id` = 16 )  [ RunTime:0.000102s ]
SQL: SELECT * FROM `lj_cheats` WHERE ( `cheats_id` = 17 )  [ RunTime:0.000134s ]
SQL: SELECT * FROM `lj_cheats` WHERE ( `cheats_id` = 33 )  [ RunTime:0.000098s ]
SQL: SHOW COLUMNS FROM `lj_post_hot` [ RunTime:0.000446s ]
SQL: SHOW COLUMNS FROM `lj_post_hot` [ RunTime:0.000411s ]
SQL: SELECT * FROM `lj_post_hot` LIMIT 8   [ RunTime:0.000093s ]
SQL: SELECT * FROM `lj_post_main` WHERE ( `post_id` = 9 )  [ RunTime:0.000247s ]
SQL: SELECT * FROM `lj_post_main` WHERE ( `post_id` = 1 )  [ RunTime:0.000238s ]
SQL: SELECT * FROM `lj_post_main` WHERE ( `post_id` = 8 )  [ RunTime:0.000206s ]
SQL: SELECT * FROM `lj_post_main` WHERE ( `post_id` = 11 )  [ RunTime:0.000251s ]
SQL: SELECT * FROM `lj_post_main` WHERE ( `post_id` = 10 )  [ RunTime:0.000098s ]
SQL: SELECT * FROM `lj_post_main` WHERE ( `post_id` = 18 )  [ RunTime:0.000243s ]
SQL: SELECT * FROM `lj_post_main` WHERE ( `post_id` = 17 )  [ RunTime:0.000210s ]
SQL: SHOW COLUMNS FROM `lj_board` [ RunTime:0.000503s ]
SQL: SHOW COLUMNS FROM `lj_board` [ RunTime:0.003821s ]
SQL: SELECT * FROM `lj_board` ORDER BY Id desc LIMIT 6   [ RunTime:0.000416s ]
SQL: SHOW COLUMNS FROM `lj_get_gl_from_other_site` [ RunTime:0.009844s ]
SQL: SELECT * FROM `lj_get_gl_from_other_site` ORDER BY datetime LIMIT 0,16   [ RunTime:0.011960s ]
SQL: SELECT * FROM `lj_get_gl_from_other_site` ORDER BY datetime desc LIMIT 0,16   [ RunTime:0.000132s ]
SQL: SELECT COUNT(*) AS tp_count FROM `lj_get_gl_from_other_site` LIMIT 1   [ RunTime:0.000091s ]
NOTIC: [2] Missing argument 1 for Action::show(), called in /mnt/www/html/lejun/HOME/Lib/Action/IndexAction.class.php on line 72 and defined /mnt/www/html/lejun/ThinkPHP/Lib/Core/Action.class.php 第 113 行.
NOTIC: [8] Undefined variable: content /mnt/www/html/lejun/ThinkPHP/Lib/Core/Action.class.php 第 115 行.
INFO: [ view_template ] --START--
INFO: Run LocationTemplate Behavior [ RunTime:0.005684s ]
INFO: [ view_template ] --END-- [ RunTime:0.005757s ]
INFO: [ view_parse ] --START--
NOTIC: [8] A session had already been started - ignoring session_start() /mnt/www/html/lejun/HOME/Runtime/Cache/7a41a6bbe13c5876cd2302dcb6d58711.php 第 1 行.
NOTIC: [8] A session had already been started - ignoring session_start() /mnt/www/html/lejun/HOME/Runtime/Cache/7a41a6bbe13c5876cd2302dcb6d58711.php 第 3 行.
NOTIC: [8] A session had already been started - ignoring session_start() /mnt/www/html/lejun/HOME/Runtime/Cache/7a41a6bbe13c5876cd2302dcb6d58711.php 第 140 行.
INFO: Run ParseTemplate Behavior [ RunTime:0.171887s ]
INFO: [ view_parse ] --END-- [ RunTime:0.171973s ]
INFO: [ view_filter ] --START--
INFO: Run ContentReplace Behavior [ RunTime:0.002475s ]
INFO: Run TokenBuild Behavior [ RunTime:0.001826s ]
INFO: Run WriteHtmlCache Behavior [ RunTime:0.001753s ]
INFO: Run ShowRuntime Behavior [ RunTime:0.001995s ]
INFO: [ view_filter ] --END-- [ RunTime:0.008255s ]
INFO: [ view_end ] --START--
INFO: Run ShowPageTrace Behavior [ RunTime:0.002581s ]
INFO: [ view_end ] --END-- [ RunTime:0.002689s ]

[ 2014-04-24T06:29:23+08:00 ] 66.249.64.169 /index.php/index/index_index.xml
INFO: [ route_check ] --START--
INFO: Run CheckRoute Behavior [ RunTime:0.002334s ]
INFO: [ route_check ] --END-- [ RunTime:0.002432s ]
INFO: [ app_begin ] --START--
INFO: Run ReadHtmlCache Behavior [ RunTime:0.000378s ]
INFO: [ app_begin ] --END-- [ RunTime:0.000444s ]
SQL: SHOW COLUMNS FROM `lj_cheats` [ RunTime:0.028769s ]
SQL: SHOW COLUMNS FROM `lj_cheats` [ RunTime:0.000737s ]
SQL: SELECT * FROM `lj_cheats` ORDER BY cheats_id desc LIMIT 8   [ RunTime:0.000248s ]
SQL: SHOW COLUMNS FROM `lj_post_main` [ RunTime:0.000569s ]
SQL: SHOW COLUMNS FROM `lj_post_main` [ RunTime:0.000581s ]
SQL: SELECT * FROM `lj_post_main` ORDER BY post_id desc LIMIT 8   [ RunTime:0.000108s ]
SQL: SHOW COLUMNS FROM `lj_cheats_hot` [ RunTime:0.000428s ]
SQL: SHOW COLUMNS FROM `lj_cheats_hot` [ RunTime:0.000446s ]
SQL: SELECT * FROM `lj_cheats_hot` LIMIT 8   [ RunTime:0.000094s ]
SQL: SELECT * FROM `lj_cheats` WHERE ( `cheats_id` = 1 )  [ RunTime:0.000096s ]
SQL: SELECT * FROM `lj_cheats` WHERE ( `cheats_id` = 12 )  [ RunTime:0.000147s ]
SQL: SELECT * FROM `lj_cheats` WHERE ( `cheats_id` = 13 )  [ RunTime:0.000098s ]
SQL: SELECT * FROM `lj_cheats` WHERE ( `cheats_id` = 14 )  [ RunTime:0.000096s ]
SQL: SELECT * FROM `lj_cheats` WHERE ( `cheats_id` = 19 )  [ RunTime:0.000098s ]
SQL: SELECT * FROM `lj_cheats` WHERE ( `cheats_id` = 16 )  [ RunTime:0.000098s ]
SQL: SELECT * FROM `lj_cheats` WHERE ( `cheats_id` = 17 )  [ RunTime:0.000131s ]
SQL: SELECT * FROM `lj_cheats` WHERE ( `cheats_id` = 33 )  [ RunTime:0.000095s ]
SQL: SHOW COLUMNS FROM `lj_post_hot` [ RunTime:0.000418s ]
SQL: SHOW COLUMNS FROM `lj_post_hot` [ RunTime:0.000431s ]
SQL: SELECT * FROM `lj_post_hot` LIMIT 8   [ RunTime:0.000087s ]
SQL: SELECT * FROM `lj_post_main` WHERE ( `post_id` = 9 )  [ RunTime:0.000088s ]
SQL: SELECT * FROM `lj_post_main` WHERE ( `post_id` = 1 )  [ RunTime:0.000098s ]
SQL: SELECT * FROM `lj_post_main` WHERE ( `post_id` = 8 )  [ RunTime:0.000088s ]
SQL: SELECT * FROM `lj_post_main` WHERE ( `post_id` = 11 )  [ RunTime:0.000091s ]
SQL: SELECT * FROM `lj_post_main` WHERE ( `post_id` = 10 )  [ RunTime:0.000090s ]
SQL: SELECT * FROM `lj_post_main` WHERE ( `post_id` = 18 )  [ RunTime:0.000091s ]
SQL: SELECT * FROM `lj_post_main` WHERE ( `post_id` = 17 )  [ RunTime:0.000089s ]
SQL: SHOW COLUMNS FROM `lj_board` [ RunTime:0.000508s ]
SQL: SHOW COLUMNS FROM `lj_board` [ RunTime:0.000460s ]
SQL: SELECT * FROM `lj_board` ORDER BY Id desc LIMIT 6   [ RunTime:0.000115s ]
SQL: SHOW COLUMNS FROM `lj_get_gl_from_other_site` [ RunTime:0.007735s ]
SQL: SELECT * FROM `lj_get_gl_from_other_site` ORDER BY datetime LIMIT 0,16   [ RunTime:0.007918s ]
SQL: SELECT * FROM `lj_get_gl_from_other_site` ORDER BY datetime desc LIMIT 0,16   [ RunTime:0.000097s ]
SQL: SELECT COUNT(*) AS tp_count FROM `lj_get_gl_from_other_site` LIMIT 1   [ RunTime:0.000083s ]
NOTIC: [2] Missing argument 1 for Action::show(), called in /mnt/www/html/lejun/HOME/Lib/Action/IndexAction.class.php on line 72 and defined /mnt/www/html/lejun/ThinkPHP/Lib/Core/Action.class.php 第 113 行.
NOTIC: [8] Undefined variable: content /mnt/www/html/lejun/ThinkPHP/Lib/Core/Action.class.php 第 115 行.
INFO: [ view_template ] --START--
INFO: Run LocationTemplate Behavior [ RunTime:0.005925s ]
INFO: [ view_template ] --END-- [ RunTime:0.005992s ]
INFO: [ view_parse ] --START--
NOTIC: [8] A session had already been started - ignoring session_start() /mnt/www/html/lejun/HOME/Runtime/Cache/7a41a6bbe13c5876cd2302dcb6d58711.php 第 1 行.
NOTIC: [8] A session had already been started - ignoring session_start() /mnt/www/html/lejun/HOME/Runtime/Cache/7a41a6bbe13c5876cd2302dcb6d58711.php 第 3 行.
NOTIC: [8] A session had already been started - ignoring session_start() /mnt/www/html/lejun/HOME/Runtime/Cache/7a41a6bbe13c5876cd2302dcb6d58711.php 第 140 行.
INFO: Run ParseTemplate Behavior [ RunTime:0.386332s ]
INFO: [ view_parse ] --END-- [ RunTime:0.386416s ]
INFO: [ view_filter ] --START--
INFO: Run ContentReplace Behavior [ RunTime:0.002999s ]
INFO: Run TokenBuild Behavior [ RunTime:0.001866s ]
INFO: Run WriteHtmlCache Behavior [ RunTime:0.001721s ]
INFO: Run ShowRuntime Behavior [ RunTime:0.001872s ]
INFO: [ view_filter ] --END-- [ RunTime:0.008681s ]
INFO: [ view_end ] --START--
INFO: Run ShowPageTrace Behavior [ RunTime:0.002675s ]
INFO: [ view_end ] --END-- [ RunTime:0.002807s ]

[ 2014-04-24T08:16:58+08:00 ] 66.249.64.11 /index.php/Show/show_tz?post_id=20
INFO: [ route_check ] --START--
INFO: Run CheckRoute Behavior [ RunTime:0.005588s ]
INFO: [ route_check ] --END-- [ RunTime:0.005688s ]
INFO: [ app_begin ] --START--
INFO: Run ReadHtmlCache Behavior [ RunTime:0.001975s ]
INFO: [ app_begin ] --END-- [ RunTime:0.002048s ]
SQL: SHOW COLUMNS FROM `lj_post_main` [ RunTime:0.062781s ]
SQL: UPDATE `lj_post_main` SET `clicks`=clicks+1 WHERE ( `post_id` = 20 ) [ RunTime:0.085429s ]
SQL: SELECT * FROM `lj_post_main` WHERE ( `post_id` = 20 )  [ RunTime:0.003035s ]
SQL: SHOW COLUMNS FROM `lj_user_information` [ RunTime:0.001124s ]
SQL: SELECT * FROM `lj_user_information` WHERE ( `Id` = 29 )  [ RunTime:0.008312s ]
SQL: SHOW COLUMNS FROM `lj_post_replay` [ RunTime:0.000486s ]
SQL: SELECT * FROM `lj_post_replay` WHERE ( `post_id` = 20 )  [ RunTime:0.014968s ]
INFO: [ view_template ] --START--
INFO: Run LocationTemplate Behavior [ RunTime:0.007786s ]
INFO: [ view_template ] --END-- [ RunTime:0.007860s ]
INFO: [ view_parse ] --START--
NOTIC: [8] A session had already been started - ignoring session_start() /mnt/www/html/lejun/HOME/Runtime/Cache/1ccbe0629693240b941e461e7b341f67.php 第 1 行.
NOTIC: [8] A session had already been started - ignoring session_start() /mnt/www/html/lejun/HOME/Runtime/Cache/1ccbe0629693240b941e461e7b341f67.php 第 138 行.
NOTIC: [8] Undefined index: user /mnt/www/html/lejun/HOME/Runtime/Cache/1ccbe0629693240b941e461e7b341f67.php 第 241 行.
INFO: Run ParseTemplate Behavior [ RunTime:0.172225s ]
INFO: [ view_parse ] --END-- [ RunTime:0.172304s ]
INFO: [ view_filter ] --START--
INFO: Run ContentReplace Behavior [ RunTime:0.002355s ]
INFO: Run TokenBuild Behavior [ RunTime:0.002492s ]
INFO: Run WriteHtmlCache Behavior [ RunTime:0.002926s ]
INFO: Run ShowRuntime Behavior [ RunTime:0.002894s ]
INFO: [ view_filter ] --END-- [ RunTime:0.010858s ]
INFO: [ view_end ] --START--
INFO: Run ShowPageTrace Behavior [ RunTime:0.002078s ]
INFO: [ view_end ] --END-- [ RunTime:0.002164s ]

[ 2014-04-24T08:19:21+08:00 ] 66.249.64.106 /index.php/Show/show_tz?post_id=11
INFO: [ route_check ] --START--
INFO: Run CheckRoute Behavior [ RunTime:0.004891s ]
INFO: [ route_check ] --END-- [ RunTime:0.005011s ]
INFO: [ app_begin ] --START--
INFO: Run ReadHtmlCache Behavior [ RunTime:0.002086s ]
INFO: [ app_begin ] --END-- [ RunTime:0.002158s ]
SQL: SHOW COLUMNS FROM `lj_post_main` [ RunTime:0.029016s ]
SQL: UPDATE `lj_post_main` SET `clicks`=clicks+1 WHERE ( `post_id` = 11 ) [ RunTime:0.026240s ]
SQL: SELECT * FROM `lj_post_main` WHERE ( `post_id` = 11 )  [ RunTime:0.000259s ]
SQL: SHOW COLUMNS FROM `lj_user_information` [ RunTime:0.001168s ]
SQL: SELECT * FROM `lj_user_information` WHERE ( `Id` = 1 )  [ RunTime:0.000122s ]
SQL: SHOW COLUMNS FROM `lj_post_replay` [ RunTime:0.000528s ]
SQL: SELECT * FROM `lj_post_replay` WHERE ( `post_id` = 11 )  [ RunTime:0.001908s ]
INFO: [ view_template ] --START--
INFO: Run LocationTemplate Behavior [ RunTime:0.014537s ]
INFO: [ view_template ] --END-- [ RunTime:0.014612s ]
INFO: [ view_parse ] --START--
NOTIC: [8] A session had already been started - ignoring session_start() /mnt/www/html/lejun/HOME/Runtime/Cache/1ccbe0629693240b941e461e7b341f67.php 第 1 行.
NOTIC: [8] A session had already been started - ignoring session_start() /mnt/www/html/lejun/HOME/Runtime/Cache/1ccbe0629693240b941e461e7b341f67.php 第 138 行.
NOTIC: [8] Undefined index: user /mnt/www/html/lejun/HOME/Runtime/Cache/1ccbe0629693240b941e461e7b341f67.php 第 241 行.
INFO: Run ParseTemplate Behavior [ RunTime:0.110435s ]
INFO: [ view_parse ] --END-- [ RunTime:0.110516s ]
INFO: [ view_filter ] --START--
INFO: Run ContentReplace Behavior [ RunTime:0.001945s ]
INFO: Run TokenBuild Behavior [ RunTime:0.002408s ]
INFO: Run WriteHtmlCache Behavior [ RunTime:0.001579s ]
INFO: Run ShowRuntime Behavior [ RunTime:0.001867s ]
INFO: [ view_filter ] --END-- [ RunTime:0.007998s ]
INFO: [ view_end ] --START--
INFO: Run ShowPageTrace Behavior [ RunTime:0.002183s ]
INFO: [ view_end ] --END-- [ RunTime:0.002256s ]

[ 2014-04-24T08:24:34+08:00 ] 66.249.64.101 /index.php/Me/contact_us
INFO: [ route_check ] --START--
INFO: Run CheckRoute Behavior [ RunTime:0.002189s ]
INFO: [ route_check ] --END-- [ RunTime:0.002291s ]
INFO: [ app_begin ] --START--
INFO: Run ReadHtmlCache Behavior [ RunTime:0.002548s ]
INFO: [ app_begin ] --END-- [ RunTime:0.002618s ]
INFO: [ view_template ] --START--
INFO: Run LocationTemplate Behavior [ RunTime:0.005467s ]
INFO: [ view_template ] --END-- [ RunTime:0.005546s ]
INFO: [ view_parse ] --START--
NOTIC: [8] A session had already been started - ignoring session_start() /mnt/www/html/lejun/HOME/Runtime/Cache/e2abc022a359c97d0b18abc466023d4c.php 第 1 行.
NOTIC: [2] include_once(/mnt/www/html/lejun/renren): failed to open stream: No such file or directory /mnt/www/html/lejun/HOME/Runtime/Cache/e2abc022a359c97d0b18abc466023d4c.php 第 1 行.
NOTIC: [2] include_once(): Failed opening './renren' for inclusion (include_path='.:/usr/share/pear:/usr/share/php:/mnt/www/html/lejun/ThinkPHP/Extend/Vendor/') /mnt/www/html/lejun/HOME/Runtime/Cache/e2abc022a359c97d0b18abc466023d4c.php 第 1 行.
NOTIC: [8] A session had already been started - ignoring session_start() /mnt/www/html/lejun/HOME/Runtime/Cache/e2abc022a359c97d0b18abc466023d4c.php 第 62 行.
NOTIC: [8] Undefined variable: config /mnt/www/html/lejun/HOME/Runtime/Cache/e2abc022a359c97d0b18abc466023d4c.php 第 65 行.
NOTIC: [8] Trying to get property of non-object /mnt/www/html/lejun/HOME/Runtime/Cache/e2abc022a359c97d0b18abc466023d4c.php 第 65 行.
NOTIC: [8] Undefined variable: config /mnt/www/html/lejun/HOME/Runtime/Cache/e2abc022a359c97d0b18abc466023d4c.php 第 65 行.
NOTIC: [8] Trying to get property of non-object /mnt/www/html/lejun/HOME/Runtime/Cache/e2abc022a359c97d0b18abc466023d4c.php 第 65 行.
NOTIC: [8] Undefined variable: config /mnt/www/html/lejun/HOME/Runtime/Cache/e2abc022a359c97d0b18abc466023d4c.php 第 65 行.
NOTIC: [8] Trying to get property of non-object /mnt/www/html/lejun/HOME/Runtime/Cache/e2abc022a359c97d0b18abc466023d4c.php 第 65 行.
INFO: Run ParseTemplate Behavior [ RunTime:0.081045s ]
INFO: [ view_parse ] --END-- [ RunTime:0.081117s ]
INFO: [ view_filter ] --START--
INFO: Run ContentReplace Behavior [ RunTime:0.002005s ]
INFO: Run TokenBuild Behavior [ RunTime:0.002128s ]
INFO: Run WriteHtmlCache Behavior [ RunTime:0.001755s ]
INFO: Run ShowRuntime Behavior [ RunTime:0.001765s ]
INFO: [ view_filter ] --END-- [ RunTime:0.007848s ]
INFO: [ view_end ] --START--
INFO: Run ShowPageTrace Behavior [ RunTime:0.002264s ]
INFO: [ view_end ] --END-- [ RunTime:0.002339s ]

[ 2014-04-24T09:15:52+08:00 ] 66.249.64.106 /index.php/Show/show_tz?post_id=8
INFO: [ route_check ] --START--
INFO: Run CheckRoute Behavior [ RunTime:0.006201s ]
INFO: [ route_check ] --END-- [ RunTime:0.006320s ]
INFO: [ app_begin ] --START--
INFO: Run ReadHtmlCache Behavior [ RunTime:0.002313s ]
INFO: [ app_begin ] --END-- [ RunTime:0.002386s ]
SQL: SHOW COLUMNS FROM `lj_post_main` [ RunTime:0.048690s ]
SQL: UPDATE `lj_post_main` SET `clicks`=clicks+1 WHERE ( `post_id` = 8 ) [ RunTime:0.033512s ]
SQL: SELECT * FROM `lj_post_main` WHERE ( `post_id` = 8 )  [ RunTime:0.000254s ]
SQL: SHOW COLUMNS FROM `lj_user_information` [ RunTime:0.001217s ]
SQL: SELECT * FROM `lj_user_information` WHERE ( `Id` = 1 )  [ RunTime:0.000124s ]
SQL: SHOW COLUMNS FROM `lj_post_replay` [ RunTime:0.000485s ]
SQL: SELECT * FROM `lj_post_replay` WHERE ( `post_id` = 8 )  [ RunTime:0.001995s ]
SQL: SELECT * FROM `lj_user_information` WHERE ( `Id` = 1 )  [ RunTime:0.000114s ]
SQL: SELECT * FROM `lj_user_information` WHERE ( `Id` = 1 )  [ RunTime:0.000109s ]
SQL: SELECT * FROM `lj_user_information` WHERE ( `Id` = 1 )  [ RunTime:0.000109s ]
INFO: [ view_template ] --START--
INFO: Run LocationTemplate Behavior [ RunTime:0.006594s ]
INFO: [ view_template ] --END-- [ RunTime:0.006728s ]
INFO: [ view_parse ] --START--
NOTIC: [8] A session had already been started - ignoring session_start() /mnt/www/html/lejun/HOME/Runtime/Cache/1ccbe0629693240b941e461e7b341f67.php 第 1 行.
NOTIC: [8] A session had already been started - ignoring session_start() /mnt/www/html/lejun/HOME/Runtime/Cache/1ccbe0629693240b941e461e7b341f67.php 第 138 行.
NOTIC: [8] Undefined index: user /mnt/www/html/lejun/HOME/Runtime/Cache/1ccbe0629693240b941e461e7b341f67.php 第 241 行.
INFO: Run ParseTemplate Behavior [ RunTime:0.256018s ]
INFO: [ view_parse ] --END-- [ RunTime:0.256127s ]
INFO: [ view_filter ] --START--
INFO: Run ContentReplace Behavior [ RunTime:0.001988s ]
INFO: Run TokenBuild Behavior [ RunTime:0.001976s ]
INFO: Run WriteHtmlCache Behavior [ RunTime:0.001645s ]
INFO: Run ShowRuntime Behavior [ RunTime:0.002161s ]
INFO: [ view_filter ] --END-- [ RunTime:0.007966s ]
INFO: [ view_end ] --START--
INFO: Run ShowPageTrace Behavior [ RunTime:0.002023s ]
INFO: [ view_end ] --END-- [ RunTime:0.002095s ]

[ 2014-04-24T09:19:20+08:00 ] 66.249.64.106 /index.php/Show/show_tz?post_id=1
INFO: [ route_check ] --START--
INFO: Run CheckRoute Behavior [ RunTime:0.002250s ]
INFO: [ route_check ] --END-- [ RunTime:0.002365s ]
INFO: [ app_begin ] --START--
INFO: Run ReadHtmlCache Behavior [ RunTime:0.001763s ]
INFO: [ app_begin ] --END-- [ RunTime:0.001858s ]
SQL: SHOW COLUMNS FROM `lj_post_main` [ RunTime:0.000818s ]
SQL: UPDATE `lj_post_main` SET `clicks`=clicks+1 WHERE ( `post_id` = 1 ) [ RunTime:0.000264s ]
SQL: SELECT * FROM `lj_post_main` WHERE ( `post_id` = 1 )  [ RunTime:0.000249s ]
SQL: SHOW COLUMNS FROM `lj_user_information` [ RunTime:0.001063s ]
SQL: SELECT * FROM `lj_user_information` WHERE ( `Id` = 1 )  [ RunTime:0.000140s ]
SQL: SHOW COLUMNS FROM `lj_post_replay` [ RunTime:0.000477s ]
SQL: SELECT * FROM `lj_post_replay` WHERE ( `post_id` = 1 )  [ RunTime:0.000218s ]
SQL: SELECT * FROM `lj_user_information` WHERE ( `Id` = 1 )  [ RunTime:0.000107s ]
SQL: SELECT * FROM `lj_user_information` WHERE ( `Id` = 1 )  [ RunTime:0.000109s ]
SQL: SELECT * FROM `lj_user_information` WHERE ( `Id` = 6 )  [ RunTime:0.000106s ]
INFO: [ view_template ] --START--
INFO: Run LocationTemplate Behavior [ RunTime:0.001962s ]
INFO: [ view_template ] --END-- [ RunTime:0.002033s ]
INFO: [ view_parse ] --START--
NOTIC: [8] A session had already been started - ignoring session_start() /mnt/www/html/lejun/HOME/Runtime/Cache/1ccbe0629693240b941e461e7b341f67.php 第 1 行.
NOTIC: [8] A session had already been started - ignoring session_start() /mnt/www/html/lejun/HOME/Runtime/Cache/1ccbe0629693240b941e461e7b341f67.php 第 138 行.
NOTIC: [8] Undefined index: user /mnt/www/html/lejun/HOME/Runtime/Cache/1ccbe0629693240b941e461e7b341f67.php 第 241 行.
INFO: Run ParseTemplate Behavior [ RunTime:0.030147s ]
INFO: [ view_parse ] --END-- [ RunTime:0.030230s ]
INFO: [ view_filter ] --START--
INFO: Run ContentReplace Behavior [ RunTime:0.000529s ]
INFO: Run TokenBuild Behavior [ RunTime:0.000300s ]
INFO: Run WriteHtmlCache Behavior [ RunTime:0.000187s ]
INFO: Run ShowRuntime Behavior [ RunTime:0.000390s ]
INFO: [ view_filter ] --END-- [ RunTime:0.001604s ]
INFO: [ view_end ] --START--
INFO: Run ShowPageTrace Behavior [ RunTime:0.000445s ]
INFO: [ view_end ] --END-- [ RunTime:0.000546s ]

[ 2014-04-24T09:24:20+08:00 ] 66.249.64.11 /index.php/Show/show_tz?post_id=19
INFO: [ route_check ] --START--
INFO: Run CheckRoute Behavior [ RunTime:0.002030s ]
INFO: [ route_check ] --END-- [ RunTime:0.002127s ]
INFO: [ app_begin ] --START--
INFO: Run ReadHtmlCache Behavior [ RunTime:0.001891s ]
INFO: [ app_begin ] --END-- [ RunTime:0.001959s ]
SQL: SHOW COLUMNS FROM `lj_post_main` [ RunTime:0.000765s ]
SQL: UPDATE `lj_post_main` SET `clicks`=clicks+1 WHERE ( `post_id` = 19 ) [ RunTime:0.000285s ]
SQL: SELECT * FROM `lj_post_main` WHERE ( `post_id` = 19 )  [ RunTime:0.000245s ]
SQL: SHOW COLUMNS FROM `lj_user_information` [ RunTime:0.001081s ]
SQL: SELECT * FROM `lj_user_information` WHERE ( `Id` = 0 )  [ RunTime:0.000234s ]
SQL: SHOW COLUMNS FROM `lj_post_replay` [ RunTime:0.000494s ]
SQL: SELECT * FROM `lj_post_replay` WHERE ( `post_id` = 19 )  [ RunTime:0.000202s ]
INFO: [ view_template ] --START--
INFO: Run LocationTemplate Behavior [ RunTime:0.001629s ]
INFO: [ view_template ] --END-- [ RunTime:0.001694s ]
INFO: [ view_parse ] --START--
NOTIC: [8] A session had already been started - ignoring session_start() /mnt/www/html/lejun/HOME/Runtime/Cache/1ccbe0629693240b941e461e7b341f67.php 第 1 行.
NOTIC: [8] A session had already been started - ignoring session_start() /mnt/www/html/lejun/HOME/Runtime/Cache/1ccbe0629693240b941e461e7b341f67.php 第 138 行.
NOTIC: [8] Undefined index: user /mnt/www/html/lejun/HOME/Runtime/Cache/1ccbe0629693240b941e461e7b341f67.php 第 241 行.
INFO: Run ParseTemplate Behavior [ RunTime:0.037079s ]
INFO: [ view_parse ] --END-- [ RunTime:0.037146s ]
INFO: [ view_filter ] --START--
INFO: Run ContentReplace Behavior [ RunTime:0.000483s ]
INFO: Run TokenBuild Behavior [ RunTime:0.000270s ]
INFO: Run WriteHtmlCache Behavior [ RunTime:0.000175s ]
INFO: Run ShowRuntime Behavior [ RunTime:0.000363s ]
INFO: [ view_filter ] --END-- [ RunTime:0.001470s ]
INFO: [ view_end ] --START--
INFO: Run ShowPageTrace Behavior [ RunTime:0.000496s ]
INFO: [ view_end ] --END-- [ RunTime:0.000578s ]

[ 2014-04-24T10:21:41+08:00 ] 66.249.64.11 /index.php/Show/show_gl?cheat_id=14
INFO: [ route_check ] --START--
INFO: Run CheckRoute Behavior [ RunTime:0.006642s ]
INFO: [ route_check ] --END-- [ RunTime:0.006759s ]
INFO: [ app_begin ] --START--
INFO: Run ReadHtmlCache Behavior [ RunTime:0.002309s ]
INFO: [ app_begin ] --END-- [ RunTime:0.002392s ]
SQL: SHOW COLUMNS FROM `lj_cheats` [ RunTime:0.053992s ]
SQL: UPDATE `lj_cheats` SET `clicks`=clicks+1 WHERE ( `cheats_id` = 14 ) [ RunTime:0.060121s ]
SQL: SELECT * FROM `lj_cheats` WHERE ( `cheats_id` = 14 )  [ RunTime:0.000422s ]
SQL: SHOW COLUMNS FROM `lj_user_information` [ RunTime:0.001274s ]
SQL: SELECT * FROM `lj_user_information` WHERE ( `Id` = 1 )  [ RunTime:0.000128s ]
SQL: SHOW COLUMNS FROM `lj_cheats_replay` [ RunTime:0.000538s ]
SQL: SELECT * FROM `lj_cheats_replay` WHERE ( `cheats_id` = 14 )  [ RunTime:0.000098s ]
INFO: [ view_template ] --START--
INFO: Run LocationTemplate Behavior [ RunTime:0.015935s ]
INFO: [ view_template ] --END-- [ RunTime:0.016072s ]
INFO: [ view_parse ] --START--
NOTIC: [8] A session had already been started - ignoring session_start() /mnt/www/html/lejun/HOME/Runtime/Cache/167632789be96827d074595d44c7deb4.php 第 1 行.
NOTIC: [8] A session had already been started - ignoring session_start() /mnt/www/html/lejun/HOME/Runtime/Cache/167632789be96827d074595d44c7deb4.php 第 138 行.
NOTIC: [8] Undefined index: user /mnt/www/html/lejun/HOME/Runtime/Cache/167632789be96827d074595d44c7deb4.php 第 243 行.
INFO: Run ParseTemplate Behavior [ RunTime:0.149134s ]
INFO: [ view_parse ] --END-- [ RunTime:0.149229s ]
INFO: [ view_filter ] --START--
INFO: Run ContentReplace Behavior [ RunTime:0.002114s ]
INFO: Run TokenBuild Behavior [ RunTime:0.002424s ]
INFO: Run WriteHtmlCache Behavior [ RunTime:0.001848s ]
INFO: Run ShowRuntime Behavior [ RunTime:0.002230s ]
INFO: [ view_filter ] --END-- [ RunTime:0.008816s ]
INFO: [ view_end ] --START--
INFO: Run ShowPageTrace Behavior [ RunTime:0.002057s ]
INFO: [ view_end ] --END-- [ RunTime:0.002131s ]

[ 2014-04-24T10:22:06+08:00 ] 66.249.64.101 /index.php/Show/show_gl?cheat_id=13
INFO: [ route_check ] --START--
INFO: Run CheckRoute Behavior [ RunTime:0.000634s ]
INFO: [ route_check ] --END-- [ RunTime:0.000734s ]
INFO: [ app_begin ] --START--
INFO: Run ReadHtmlCache Behavior [ RunTime:0.000408s ]
INFO: [ app_begin ] --END-- [ RunTime:0.000476s ]
SQL: SHOW COLUMNS FROM `lj_cheats` [ RunTime:0.000892s ]
SQL: UPDATE `lj_cheats` SET `clicks`=clicks+1 WHERE ( `cheats_id` = 13 ) [ RunTime:0.000273s ]
SQL: SELECT * FROM `lj_cheats` WHERE ( `cheats_id` = 13 )  [ RunTime:0.000275s ]
SQL: SHOW COLUMNS FROM `lj_user_information` [ RunTime:0.001001s ]
SQL: SELECT * FROM `lj_user_information` WHERE ( `Id` = 1 )  [ RunTime:0.000110s ]
SQL: SHOW COLUMNS FROM `lj_cheats_replay` [ RunTime:0.000535s ]
SQL: SELECT * FROM `lj_cheats_replay` WHERE ( `cheats_id` = 13 )  [ RunTime:0.012381s ]
INFO: [ view_template ] --START--
INFO: Run LocationTemplate Behavior [ RunTime:0.000301s ]
INFO: [ view_template ] --END-- [ RunTime:0.000365s ]
INFO: [ view_parse ] --START--
NOTIC: [8] A session had already been started - ignoring session_start() /mnt/www/html/lejun/HOME/Runtime/Cache/167632789be96827d074595d44c7deb4.php 第 1 行.
NOTIC: [8] A session had already been started - ignoring session_start() /mnt/www/html/lejun/HOME/Runtime/Cache/167632789be96827d074595d44c7deb4.php 第 138 行.
NOTIC: [8] Undefined index: user /mnt/www/html/lejun/HOME/Runtime/Cache/167632789be96827d074595d44c7deb4.php 第 243 行.
INFO: Run ParseTemplate Behavior [ RunTime:0.022118s ]
INFO: [ view_parse ] --END-- [ RunTime:0.022185s ]
INFO: [ view_filter ] --START--
INFO: Run ContentReplace Behavior [ RunTime:0.000447s ]
INFO: Run TokenBuild Behavior [ RunTime:0.000271s ]
INFO: Run WriteHtmlCache Behavior [ RunTime:0.000166s ]
INFO: Run ShowRuntime Behavior [ RunTime:0.000357s ]
INFO: [ view_filter ] --END-- [ RunTime:0.001436s ]
INFO: [ view_end ] --START--
INFO: Run ShowPageTrace Behavior [ RunTime:0.000474s ]
INFO: [ view_end ] --END-- [ RunTime:0.000544s ]

[ 2014-04-24T10:22:12+08:00 ] 66.249.64.106 /index.php/Show/show_gl?cheat_id=16
INFO: [ route_check ] --START--
INFO: Run CheckRoute Behavior [ RunTime:0.000625s ]
INFO: [ route_check ] --END-- [ RunTime:0.000722s ]
INFO: [ app_begin ] --START--
INFO: Run ReadHtmlCache Behavior [ RunTime:0.000405s ]
INFO: [ app_begin ] --END-- [ RunTime:0.000472s ]
SQL: SHOW COLUMNS FROM `lj_cheats` [ RunTime:0.000902s ]
SQL: UPDATE `lj_cheats` SET `clicks`=clicks+1 WHERE ( `cheats_id` = 16 ) [ RunTime:0.002390s ]
SQL: SELECT * FROM `lj_cheats` WHERE ( `cheats_id` = 16 )  [ RunTime:0.000254s ]
SQL: SHOW COLUMNS FROM `lj_user_information` [ RunTime:0.001117s ]
SQL: SELECT * FROM `lj_user_information` WHERE ( `Id` = 6 )  [ RunTime:0.000115s ]
SQL: SHOW COLUMNS FROM `lj_cheats_replay` [ RunTime:0.000471s ]
SQL: SELECT * FROM `lj_cheats_replay` WHERE ( `cheats_id` = 16 )  [ RunTime:0.000093s ]
INFO: [ view_template ] --START--
INFO: Run LocationTemplate Behavior [ RunTime:0.000245s ]
INFO: [ view_template ] --END-- [ RunTime:0.000307s ]
INFO: [ view_parse ] --START--
NOTIC: [8] A session had already been started - ignoring session_start() /mnt/www/html/lejun/HOME/Runtime/Cache/167632789be96827d074595d44c7deb4.php 第 1 行.
NOTIC: [8] A session had already been started - ignoring session_start() /mnt/www/html/lejun/HOME/Runtime/Cache/167632789be96827d074595d44c7deb4.php 第 138 行.
NOTIC: [8] Undefined index: user /mnt/www/html/lejun/HOME/Runtime/Cache/167632789be96827d074595d44c7deb4.php 第 243 行.
INFO: Run ParseTemplate Behavior [ RunTime:0.022372s ]
INFO: [ view_parse ] --END-- [ RunTime:0.022440s ]
INFO: [ view_filter ] --START--
INFO: Run ContentReplace Behavior [ RunTime:0.000429s ]
INFO: Run TokenBuild Behavior [ RunTime:0.000266s ]
INFO: Run WriteHtmlCache Behavior [ RunTime:0.000192s ]
INFO: Run ShowRuntime Behavior [ RunTime:0.000354s ]
INFO: [ view_filter ] --END-- [ RunTime:0.001427s ]
INFO: [ view_end ] --START--
INFO: Run ShowPageTrace Behavior [ RunTime:0.000483s ]
INFO: [ view_end ] --END-- [ RunTime:0.000553s ]

[ 2014-04-24T11:08:41+08:00 ] 123.125.71.107 /index.php/index/index_index.xml
INFO: [ route_check ] --START--
INFO: Run CheckRoute Behavior [ RunTime:0.022634s ]
INFO: [ route_check ] --END-- [ RunTime:0.022807s ]
INFO: [ app_begin ] --START--
INFO: Run ReadHtmlCache Behavior [ RunTime:0.002093s ]
INFO: [ app_begin ] --END-- [ RunTime:0.002206s ]
SQL: SHOW COLUMNS FROM `lj_cheats` [ RunTime:0.044343s ]
SQL: SHOW COLUMNS FROM `lj_cheats` [ RunTime:0.001054s ]
SQL: SELECT * FROM `lj_cheats` ORDER BY cheats_id desc LIMIT 8   [ RunTime:0.046785s ]
SQL: SHOW COLUMNS FROM `lj_post_main` [ RunTime:0.000834s ]
SQL: SHOW COLUMNS FROM `lj_post_main` [ RunTime:0.000578s ]
SQL: SELECT * FROM `lj_post_main` ORDER BY post_id desc LIMIT 8   [ RunTime:0.006307s ]
SQL: SHOW COLUMNS FROM `lj_cheats_hot` [ RunTime:0.000741s ]
SQL: SHOW COLUMNS FROM `lj_cheats_hot` [ RunTime:0.000473s ]
SQL: SELECT * FROM `lj_cheats_hot` LIMIT 8   [ RunTime:0.000106s ]
SQL: SELECT * FROM `lj_cheats` WHERE ( `cheats_id` = 1 )  [ RunTime:0.011748s ]
SQL: SELECT * FROM `lj_cheats` WHERE ( `cheats_id` = 12 )  [ RunTime:0.002883s ]
SQL: SELECT * FROM `lj_cheats` WHERE ( `cheats_id` = 13 )  [ RunTime:0.000228s ]
SQL: SELECT * FROM `lj_cheats` WHERE ( `cheats_id` = 14 )  [ RunTime:0.000225s ]
SQL: SELECT * FROM `lj_cheats` WHERE ( `cheats_id` = 19 )  [ RunTime:0.000236s ]
SQL: SELECT * FROM `lj_cheats` WHERE ( `cheats_id` = 16 )  [ RunTime:0.000102s ]
SQL: SELECT * FROM `lj_cheats` WHERE ( `cheats_id` = 17 )  [ RunTime:0.000339s ]
SQL: SELECT * FROM `lj_cheats` WHERE ( `cheats_id` = 33 )  [ RunTime:0.000218s ]
SQL: SHOW COLUMNS FROM `lj_post_hot` [ RunTime:0.000496s ]
SQL: SHOW COLUMNS FROM `lj_post_hot` [ RunTime:0.000459s ]
SQL: SELECT * FROM `lj_post_hot` LIMIT 8   [ RunTime:0.000094s ]
SQL: SELECT * FROM `lj_post_main` WHERE ( `post_id` = 9 )  [ RunTime:0.000223s ]
SQL: SELECT * FROM `lj_post_main` WHERE ( `post_id` = 1 )  [ RunTime:0.000233s ]
SQL: SELECT * FROM `lj_post_main` WHERE ( `post_id` = 8 )  [ RunTime:0.000206s ]
SQL: SELECT * FROM `lj_post_main` WHERE ( `post_id` = 11 )  [ RunTime:0.000210s ]
SQL: SELECT * FROM `lj_post_main` WHERE ( `post_id` = 10 )  [ RunTime:0.000211s ]
SQL: SELECT * FROM `lj_post_main` WHERE ( `post_id` = 18 )  [ RunTime:0.000210s ]
SQL: SELECT * FROM `lj_post_main` WHERE ( `post_id` = 17 )  [ RunTime:0.000218s ]
SQL: SHOW COLUMNS FROM `lj_board` [ RunTime:0.000495s ]
SQL: SHOW COLUMNS FROM `lj_board` [ RunTime:0.000468s ]
SQL: SELECT * FROM `lj_board` ORDER BY Id desc LIMIT 6   [ RunTime:0.000097s ]
SQL: SHOW COLUMNS FROM `lj_get_gl_from_other_site` [ RunTime:0.010258s ]
SQL: SELECT * FROM `lj_get_gl_from_other_site` ORDER BY datetime LIMIT 0,16   [ RunTime:0.011179s ]
SQL: SELECT * FROM `lj_get_gl_from_other_site` ORDER BY datetime desc LIMIT 0,16   [ RunTime:0.000131s ]
SQL: SELECT COUNT(*) AS tp_count FROM `lj_get_gl_from_other_site` LIMIT 1   [ RunTime:0.000089s ]
NOTIC: [2] Missing argument 1 for Action::show(), called in /mnt/www/html/lejun/HOME/Lib/Action/IndexAction.class.php on line 72 and defined /mnt/www/html/lejun/ThinkPHP/Lib/Core/Action.class.php 第 113 行.
NOTIC: [8] Undefined variable: content /mnt/www/html/lejun/ThinkPHP/Lib/Core/Action.class.php 第 115 行.
INFO: [ view_template ] --START--
INFO: Run LocationTemplate Behavior [ RunTime:0.005681s ]
INFO: [ view_template ] --END-- [ RunTime:0.005754s ]
INFO: [ view_parse ] --START--
NOTIC: [8] A session had already been started - ignoring session_start() /mnt/www/html/lejun/HOME/Runtime/Cache/7a41a6bbe13c5876cd2302dcb6d58711.php 第 1 行.
NOTIC: [8] A session had already been started - ignoring session_start() /mnt/www/html/lejun/HOME/Runtime/Cache/7a41a6bbe13c5876cd2302dcb6d58711.php 第 3 行.
NOTIC: [8] A session had already been started - ignoring session_start() /mnt/www/html/lejun/HOME/Runtime/Cache/7a41a6bbe13c5876cd2302dcb6d58711.php 第 140 行.
INFO: Run ParseTemplate Behavior [ RunTime:0.335870s ]
INFO: [ view_parse ] --END-- [ RunTime:0.335956s ]
INFO: [ view_filter ] --START--
INFO: Run ContentReplace Behavior [ RunTime:0.002979s ]
INFO: Run TokenBuild Behavior [ RunTime:0.001864s ]
INFO: Run WriteHtmlCache Behavior [ RunTime:0.001752s ]
INFO: Run ShowRuntime Behavior [ RunTime:0.002284s ]
INFO: [ view_filter ] --END-- [ RunTime:0.009081s ]
INFO: [ view_end ] --START--
INFO: Run ShowPageTrace Behavior [ RunTime:0.002687s ]
INFO: [ view_end ] --END-- [ RunTime:0.002762s ]

[ 2014-04-24T11:26:29+08:00 ] 111.206.36.134 /index.php/index/index_index.xml
INFO: [ route_check ] --START--
INFO: Run CheckRoute Behavior [ RunTime:0.003127s ]
INFO: [ route_check ] --END-- [ RunTime:0.003225s ]
INFO: [ app_begin ] --START--
INFO: Run ReadHtmlCache Behavior [ RunTime:0.000392s ]
INFO: [ app_begin ] --END-- [ RunTime:0.000485s ]
SQL: SHOW COLUMNS FROM `lj_cheats` [ RunTime:0.048293s ]
SQL: SHOW COLUMNS FROM `lj_cheats` [ RunTime:0.000715s ]
SQL: SELECT * FROM `lj_cheats` ORDER BY cheats_id desc LIMIT 8   [ RunTime:0.000275s ]
SQL: SHOW COLUMNS FROM `lj_post_main` [ RunTime:0.000570s ]
SQL: SHOW COLUMNS FROM `lj_post_main` [ RunTime:0.000581s ]
SQL: SELECT * FROM `lj_post_main` ORDER BY post_id desc LIMIT 8   [ RunTime:0.000104s ]
SQL: SHOW COLUMNS FROM `lj_cheats_hot` [ RunTime:0.000447s ]
SQL: SHOW COLUMNS FROM `lj_cheats_hot` [ RunTime:0.000415s ]
SQL: SELECT * FROM `lj_cheats_hot` LIMIT 8   [ RunTime:0.000098s ]
SQL: SELECT * FROM `lj_cheats` WHERE ( `cheats_id` = 1 )  [ RunTime:0.000099s ]
SQL: SELECT * FROM `lj_cheats` WHERE ( `cheats_id` = 12 )  [ RunTime:0.000142s ]
SQL: SELECT * FROM `lj_cheats` WHERE ( `cheats_id` = 13 )  [ RunTime:0.000096s ]
SQL: SELECT * FROM `lj_cheats` WHERE ( `cheats_id` = 14 )  [ RunTime:0.000096s ]
SQL: SELECT * FROM `lj_cheats` WHERE ( `cheats_id` = 19 )  [ RunTime:0.000097s ]
SQL: SELECT * FROM `lj_cheats` WHERE ( `cheats_id` = 16 )  [ RunTime:0.000098s ]
SQL: SELECT * FROM `lj_cheats` WHERE ( `cheats_id` = 17 )  [ RunTime:0.000128s ]
SQL: SELECT * FROM `lj_cheats` WHERE ( `cheats_id` = 33 )  [ RunTime:0.000092s ]
SQL: SHOW COLUMNS FROM `lj_post_hot` [ RunTime:0.000422s ]
SQL: SHOW COLUMNS FROM `lj_post_hot` [ RunTime:0.000422s ]
SQL: SELECT * FROM `lj_post_hot` LIMIT 8   [ RunTime:0.000089s ]
SQL: SELECT * FROM `lj_post_main` WHERE ( `post_id` = 9 )  [ RunTime:0.000090s ]
SQL: SELECT * FROM `lj_post_main` WHERE ( `post_id` = 1 )  [ RunTime:0.000089s ]
SQL: SELECT * FROM `lj_post_main` WHERE ( `post_id` = 8 )  [ RunTime:0.000090s ]
SQL: SELECT * FROM `lj_post_main` WHERE ( `post_id` = 11 )  [ RunTime:0.000091s ]
SQL: SELECT * FROM `lj_post_main` WHERE ( `post_id` = 10 )  [ RunTime:0.000089s ]
SQL: SELECT * FROM `lj_post_main` WHERE ( `post_id` = 18 )  [ RunTime:0.000093s ]
SQL: SELECT * FROM `lj_post_main` WHERE ( `post_id` = 17 )  [ RunTime:0.000093s ]
SQL: SHOW COLUMNS FROM `lj_board` [ RunTime:0.000507s ]
SQL: SHOW COLUMNS FROM `lj_board` [ RunTime:0.000457s ]
SQL: SELECT * FROM `lj_board` ORDER BY Id desc LIMIT 6   [ RunTime:0.000119s ]
SQL: SHOW COLUMNS FROM `lj_get_gl_from_other_site` [ RunTime:0.007900s ]
SQL: SELECT * FROM `lj_get_gl_from_other_site` ORDER BY datetime LIMIT 0,16   [ RunTime:0.010741s ]
SQL: SELECT * FROM `lj_get_gl_from_other_site` ORDER BY datetime desc LIMIT 0,16   [ RunTime:0.000103s ]
SQL: SELECT COUNT(*) AS tp_count FROM `lj_get_gl_from_other_site` LIMIT 1   [ RunTime:0.000087s ]
NOTIC: [2] Missing argument 1 for Action::show(), called in /mnt/www/html/lejun/HOME/Lib/Action/IndexAction.class.php on line 72 and defined /mnt/www/html/lejun/ThinkPHP/Lib/Core/Action.class.php 第 113 行.
NOTIC: [8] Undefined variable: content /mnt/www/html/lejun/ThinkPHP/Lib/Core/Action.class.php 第 115 行.
INFO: [ view_template ] --START--
INFO: Run LocationTemplate Behavior [ RunTime:0.006636s ]
INFO: [ view_template ] --END-- [ RunTime:0.006716s ]
INFO: [ view_parse ] --START--
NOTIC: [8] A session had already been started - ignoring session_start() /mnt/www/html/lejun/HOME/Runtime/Cache/7a41a6bbe13c5876cd2302dcb6d58711.php 第 1 行.
NOTIC: [8] A session had already been started - ignoring session_start() /mnt/www/html/lejun/HOME/Runtime/Cache/7a41a6bbe13c5876cd2302dcb6d58711.php 第 3 行.
NOTIC: [8] A session had already been started - ignoring session_start() /mnt/www/html/lejun/HOME/Runtime/Cache/7a41a6bbe13c5876cd2302dcb6d58711.php 第 140 行.
INFO: Run ParseTemplate Behavior [ RunTime:0.239010s ]
INFO: [ view_parse ] --END-- [ RunTime:0.239101s ]
INFO: [ view_filter ] --START--
INFO: Run ContentReplace Behavior [ RunTime:0.003126s ]
INFO: Run TokenBuild Behavior [ RunTime:0.029208s ]
INFO: Run WriteHtmlCache Behavior [ RunTime:0.010341s ]
INFO: Run ShowRuntime Behavior [ RunTime:0.005550s ]
INFO: [ view_filter ] --END-- [ RunTime:0.048442s ]
INFO: [ view_end ] --START--
INFO: Run ShowPageTrace Behavior [ RunTime:0.308061s ]
INFO: [ view_end ] --END-- [ RunTime:0.308209s ]

[ 2014-04-24T12:07:42+08:00 ] 157.55.35.41 /index.php/index/index_index.xml
INFO: [ route_check ] --START--
INFO: Run CheckRoute Behavior [ RunTime:0.003257s ]
INFO: [ route_check ] --END-- [ RunTime:0.003372s ]
INFO: [ app_begin ] --START--
INFO: Run ReadHtmlCache Behavior [ RunTime:0.000420s ]
INFO: [ app_begin ] --END-- [ RunTime:0.000485s ]
SQL: SHOW COLUMNS FROM `lj_cheats` [ RunTime:0.022514s ]
SQL: SHOW COLUMNS FROM `lj_cheats` [ RunTime:0.000728s ]
SQL: SELECT * FROM `lj_cheats` ORDER BY cheats_id desc LIMIT 8   [ RunTime:0.000252s ]
SQL: SHOW COLUMNS FROM `lj_post_main` [ RunTime:0.000555s ]
SQL: SHOW COLUMNS FROM `lj_post_main` [ RunTime:0.000577s ]
SQL: SELECT * FROM `lj_post_main` ORDER BY post_id desc LIMIT 8   [ RunTime:0.000104s ]
SQL: SHOW COLUMNS FROM `lj_cheats_hot` [ RunTime:0.000448s ]
SQL: SHOW COLUMNS FROM `lj_cheats_hot` [ RunTime:0.000443s ]
SQL: SELECT * FROM `lj_cheats_hot` LIMIT 8   [ RunTime:0.000096s ]
SQL: SELECT * FROM `lj_cheats` WHERE ( `cheats_id` = 1 )  [ RunTime:0.000096s ]
SQL: SELECT * FROM `lj_cheats` WHERE ( `cheats_id` = 12 )  [ RunTime:0.000114s ]
SQL: SELECT * FROM `lj_cheats` WHERE ( `cheats_id` = 13 )  [ RunTime:0.000097s ]
SQL: SELECT * FROM `lj_cheats` WHERE ( `cheats_id` = 14 )  [ RunTime:0.000092s ]
SQL: SELECT * FROM `lj_cheats` WHERE ( `cheats_id` = 19 )  [ RunTime:0.000094s ]
SQL: SELECT * FROM `lj_cheats` WHERE ( `cheats_id` = 16 )  [ RunTime:0.000094s ]
SQL: SELECT * FROM `lj_cheats` WHERE ( `cheats_id` = 17 )  [ RunTime:0.000141s ]
SQL: SELECT * FROM `lj_cheats` WHERE ( `cheats_id` = 33 )  [ RunTime:0.000090s ]
SQL: SHOW COLUMNS FROM `lj_post_hot` [ RunTime:0.000437s ]
SQL: SHOW COLUMNS FROM `lj_post_hot` [ RunTime:0.000440s ]
SQL: SELECT * FROM `lj_post_hot` LIMIT 8   [ RunTime:0.000087s ]
SQL: SELECT * FROM `lj_post_main` WHERE ( `post_id` = 9 )  [ RunTime:0.000088s ]
SQL: SELECT * FROM `lj_post_main` WHERE ( `post_id` = 1 )  [ RunTime:0.000091s ]
SQL: SELECT * FROM `lj_post_main` WHERE ( `post_id` = 8 )  [ RunTime:0.000088s ]
SQL: SELECT * FROM `lj_post_main` WHERE ( `post_id` = 11 )  [ RunTime:0.000091s ]
SQL: SELECT * FROM `lj_post_main` WHERE ( `post_id` = 10 )  [ RunTime:0.000090s ]
SQL: SELECT * FROM `lj_post_main` WHERE ( `post_id` = 18 )  [ RunTime:0.000090s ]
SQL: SELECT * FROM `lj_post_main` WHERE ( `post_id` = 17 )  [ RunTime:0.000089s ]
SQL: SHOW COLUMNS FROM `lj_board` [ RunTime:0.000469s ]
SQL: SHOW COLUMNS FROM `lj_board` [ RunTime:0.000457s ]
SQL: SELECT * FROM `lj_board` ORDER BY Id desc LIMIT 6   [ RunTime:0.000090s ]
SQL: SHOW COLUMNS FROM `lj_get_gl_from_other_site` [ RunTime:0.015696s ]
SQL: SELECT * FROM `lj_get_gl_from_other_site` ORDER BY datetime LIMIT 0,16   [ RunTime:0.014364s ]
SQL: SELECT * FROM `lj_get_gl_from_other_site` ORDER BY datetime desc LIMIT 0,16   [ RunTime:0.000097s ]
SQL: SELECT COUNT(*) AS tp_count FROM `lj_get_gl_from_other_site` LIMIT 1   [ RunTime:0.000109s ]
NOTIC: [2] Missing argument 1 for Action::show(), called in /mnt/www/html/lejun/HOME/Lib/Action/IndexAction.class.php on line 72 and defined /mnt/www/html/lejun/ThinkPHP/Lib/Core/Action.class.php 第 113 行.
NOTIC: [8] Undefined variable: content /mnt/www/html/lejun/ThinkPHP/Lib/Core/Action.class.php 第 115 行.
INFO: [ view_template ] --START--
INFO: Run LocationTemplate Behavior [ RunTime:0.005157s ]
INFO: [ view_template ] --END-- [ RunTime:0.005224s ]
INFO: [ view_parse ] --START--
NOTIC: [8] A session had already been started - ignoring session_start() /mnt/www/html/lejun/HOME/Runtime/Cache/7a41a6bbe13c5876cd2302dcb6d58711.php 第 1 行.
NOTIC: [8] A session had already been started - ignoring session_start() /mnt/www/html/lejun/HOME/Runtime/Cache/7a41a6bbe13c5876cd2302dcb6d58711.php 第 3 行.
NOTIC: [8] A session had already been started - ignoring session_start() /mnt/www/html/lejun/HOME/Runtime/Cache/7a41a6bbe13c5876cd2302dcb6d58711.php 第 140 行.
INFO: Run ParseTemplate Behavior [ RunTime:0.194893s ]
INFO: [ view_parse ] --END-- [ RunTime:0.194976s ]
INFO: [ view_filter ] --START--
INFO: Run ContentReplace Behavior [ RunTime:0.002857s ]
INFO: Run TokenBuild Behavior [ RunTime:0.001833s ]
INFO: Run WriteHtmlCache Behavior [ RunTime:0.002216s ]
INFO: Run ShowRuntime Behavior [ RunTime:0.001640s ]
INFO: [ view_filter ] --END-- [ RunTime:0.008744s ]
INFO: [ view_end ] --START--
INFO: Run ShowPageTrace Behavior [ RunTime:0.002368s ]
INFO: [ view_end ] --END-- [ RunTime:0.002434s ]

[ 2014-04-24T13:06:02+08:00 ] 162.222.182.43 /index.php/index/index_index.xml
INFO: [ route_check ] --START--
INFO: Run CheckRoute Behavior [ RunTime:0.003209s ]
INFO: [ route_check ] --END-- [ RunTime:0.003332s ]
INFO: [ app_begin ] --START--
INFO: Run ReadHtmlCache Behavior [ RunTime:0.000428s ]
INFO: [ app_begin ] --END-- [ RunTime:0.000495s ]
SQL: SHOW COLUMNS FROM `lj_cheats` [ RunTime:0.047333s ]
SQL: SHOW COLUMNS FROM `lj_cheats` [ RunTime:0.000691s ]
SQL: SELECT * FROM `lj_cheats` ORDER BY cheats_id desc LIMIT 8   [ RunTime:0.041237s ]
SQL: SHOW COLUMNS FROM `lj_post_main` [ RunTime:0.031739s ]
SQL: SHOW COLUMNS FROM `lj_post_main` [ RunTime:0.000584s ]
SQL: SELECT * FROM `lj_post_main` ORDER BY post_id desc LIMIT 8   [ RunTime:0.001535s ]
SQL: SHOW COLUMNS FROM `lj_cheats_hot` [ RunTime:0.004295s ]
SQL: SHOW COLUMNS FROM `lj_cheats_hot` [ RunTime:0.000458s ]
SQL: SELECT * FROM `lj_cheats_hot` LIMIT 8   [ RunTime:0.001966s ]
SQL: SELECT * FROM `lj_cheats` WHERE ( `cheats_id` = 1 )  [ RunTime:0.022714s ]
SQL: SELECT * FROM `lj_cheats` WHERE ( `cheats_id` = 12 )  [ RunTime:0.002618s ]
SQL: SELECT * FROM `lj_cheats` WHERE ( `cheats_id` = 13 )  [ RunTime:0.000263s ]
SQL: SELECT * FROM `lj_cheats` WHERE ( `cheats_id` = 14 )  [ RunTime:0.000250s ]
SQL: SELECT * FROM `lj_cheats` WHERE ( `cheats_id` = 19 )  [ RunTime:0.000226s ]
SQL: SELECT * FROM `lj_cheats` WHERE ( `cheats_id` = 16 )  [ RunTime:0.000274s ]
SQL: SELECT * FROM `lj_cheats` WHERE ( `cheats_id` = 17 )  [ RunTime:0.000268s ]
SQL: SELECT * FROM `lj_cheats` WHERE ( `cheats_id` = 33 )  [ RunTime:0.000227s ]
SQL: SHOW COLUMNS FROM `lj_post_hot` [ RunTime:0.044051s ]
SQL: SHOW COLUMNS FROM `lj_post_hot` [ RunTime:0.000421s ]
SQL: SELECT * FROM `lj_post_hot` LIMIT 8   [ RunTime:0.016289s ]
SQL: SELECT * FROM `lj_post_main` WHERE ( `post_id` = 9 )  [ RunTime:0.000223s ]
SQL: SELECT * FROM `lj_post_main` WHERE ( `post_id` = 1 )  [ RunTime:0.000232s ]
SQL: SELECT * FROM `lj_post_main` WHERE ( `post_id` = 8 )  [ RunTime:0.000203s ]
SQL: SELECT * FROM `lj_post_main` WHERE ( `post_id` = 11 )  [ RunTime:0.000210s ]
SQL: SELECT * FROM `lj_post_main` WHERE ( `post_id` = 10 )  [ RunTime:0.000203s ]
SQL: SELECT * FROM `lj_post_main` WHERE ( `post_id` = 18 )  [ RunTime:0.000214s ]
SQL: SELECT * FROM `lj_post_main` WHERE ( `post_id` = 17 )  [ RunTime:0.000206s ]
SQL: SHOW COLUMNS FROM `lj_board` [ RunTime:0.031505s ]
SQL: SHOW COLUMNS FROM `lj_board` [ RunTime:0.000463s ]
SQL: SELECT * FROM `lj_board` ORDER BY Id desc LIMIT 6   [ RunTime:0.002329s ]
SQL: SHOW COLUMNS FROM `lj_get_gl_from_other_site` [ RunTime:0.075747s ]
SQL: SELECT * FROM `lj_get_gl_from_other_site` ORDER BY datetime LIMIT 0,16   [ RunTime:0.004887s ]
SQL: SELECT * FROM `lj_get_gl_from_other_site` ORDER BY datetime desc LIMIT 0,16   [ RunTime:0.000709s ]
SQL: SELECT COUNT(*) AS tp_count FROM `lj_get_gl_from_other_site` LIMIT 1   [ RunTime:0.015269s ]
NOTIC: [2] Missing argument 1 for Action::show(), called in /mnt/www/html/lejun/HOME/Lib/Action/IndexAction.class.php on line 72 and defined /mnt/www/html/lejun/ThinkPHP/Lib/Core/Action.class.php 第 113 行.
NOTIC: [8] Undefined variable: content /mnt/www/html/lejun/ThinkPHP/Lib/Core/Action.class.php 第 115 行.
INFO: [ view_template ] --START--
INFO: Run LocationTemplate Behavior [ RunTime:0.005662s ]
INFO: [ view_template ] --END-- [ RunTime:0.005734s ]
INFO: [ view_parse ] --START--
NOTIC: [8] A session had already been started - ignoring session_start() /mnt/www/html/lejun/HOME/Runtime/Cache/7a41a6bbe13c5876cd2302dcb6d58711.php 第 1 行.
NOTIC: [8] A session had already been started - ignoring session_start() /mnt/www/html/lejun/HOME/Runtime/Cache/7a41a6bbe13c5876cd2302dcb6d58711.php 第 3 行.
NOTIC: [8] A session had already been started - ignoring session_start() /mnt/www/html/lejun/HOME/Runtime/Cache/7a41a6bbe13c5876cd2302dcb6d58711.php 第 140 行.
INFO: Run ParseTemplate Behavior [ RunTime:0.196301s ]
INFO: [ view_parse ] --END-- [ RunTime:0.196379s ]
INFO: [ view_filter ] --START--
INFO: Run ContentReplace Behavior [ RunTime:0.002243s ]
INFO: Run TokenBuild Behavior [ RunTime:0.001896s ]
INFO: Run WriteHtmlCache Behavior [ RunTime:0.001498s ]
INFO: Run ShowRuntime Behavior [ RunTime:0.001877s ]
INFO: [ view_filter ] --END-- [ RunTime:0.007720s ]
INFO: [ view_end ] --START--
INFO: Run ShowPageTrace Behavior [ RunTime:0.002637s ]
INFO: [ view_end ] --END-- [ RunTime:0.002750s ]

[ 2014-04-24T17:23:39+08:00 ] 123.125.71.34 /index.php/Show/show_gl?cheat_id=28
INFO: [ route_check ] --START--
INFO: Run CheckRoute Behavior [ RunTime:0.004690s ]
INFO: [ route_check ] --END-- [ RunTime:0.004789s ]
INFO: [ app_begin ] --START--
INFO: Run ReadHtmlCache Behavior [ RunTime:0.002120s ]
INFO: [ app_begin ] --END-- [ RunTime:0.002192s ]
SQL: SHOW COLUMNS FROM `lj_cheats` [ RunTime:0.022211s ]
SQL: UPDATE `lj_cheats` SET `clicks`=clicks+1 WHERE ( `cheats_id` = 28 ) [ RunTime:0.071125s ]
SQL: SELECT * FROM `lj_cheats` WHERE ( `cheats_id` = 28 )  [ RunTime:0.000297s ]
SQL: SHOW COLUMNS FROM `lj_user_information` [ RunTime:0.041058s ]
SQL: SELECT * FROM `lj_user_information` WHERE ( `Id` = 6 )  [ RunTime:0.002201s ]
SQL: SHOW COLUMNS FROM `lj_cheats_replay` [ RunTime:0.037583s ]
SQL: SELECT * FROM `lj_cheats_replay` WHERE ( `cheats_id` = 28 )  [ RunTime:0.002642s ]
INFO: [ view_template ] --START--
INFO: Run LocationTemplate Behavior [ RunTime:0.006837s ]
INFO: [ view_template ] --END-- [ RunTime:0.006915s ]
INFO: [ view_parse ] --START--
NOTIC: [8] A session had already been started - ignoring session_start() /mnt/www/html/lejun/HOME/Runtime/Cache/167632789be96827d074595d44c7deb4.php 第 1 行.
NOTIC: [8] A session had already been started - ignoring session_start() /mnt/www/html/lejun/HOME/Runtime/Cache/167632789be96827d074595d44c7deb4.php 第 138 行.
NOTIC: [8] Undefined index: user /mnt/www/html/lejun/HOME/Runtime/Cache/167632789be96827d074595d44c7deb4.php 第 243 行.
INFO: Run ParseTemplate Behavior [ RunTime:0.395268s ]
INFO: [ view_parse ] --END-- [ RunTime:0.395352s ]
INFO: [ view_filter ] --START--
INFO: Run ContentReplace Behavior [ RunTime:0.002342s ]
INFO: Run TokenBuild Behavior [ RunTime:0.002521s ]
INFO: Run WriteHtmlCache Behavior [ RunTime:0.001908s ]
INFO: Run ShowRuntime Behavior [ RunTime:0.002151s ]
INFO: [ view_filter ] --END-- [ RunTime:0.009146s ]
INFO: [ view_end ] --START--
INFO: Run ShowPageTrace Behavior [ RunTime:0.002299s ]
INFO: [ view_end ] --END-- [ RunTime:0.002410s ]

[ 2014-04-24T18:22:33+08:00 ] 61.146.178.189 /index.php/index/index_index.xml
INFO: [ route_check ] --START--
INFO: Run CheckRoute Behavior [ RunTime:0.010138s ]
INFO: [ route_check ] --END-- [ RunTime:0.010235s ]
INFO: [ app_begin ] --START--
INFO: Run ReadHtmlCache Behavior [ RunTime:0.000417s ]
INFO: [ app_begin ] --END-- [ RunTime:0.000484s ]
SQL: SHOW COLUMNS FROM `lj_cheats` [ RunTime:0.052605s ]
SQL: SHOW COLUMNS FROM `lj_cheats` [ RunTime:0.000694s ]
SQL: SELECT * FROM `lj_cheats` ORDER BY cheats_id desc LIMIT 8   [ RunTime:0.013346s ]
SQL: SHOW COLUMNS FROM `lj_post_main` [ RunTime:0.000629s ]
SQL: SHOW COLUMNS FROM `lj_post_main` [ RunTime:0.000603s ]
SQL: SELECT * FROM `lj_post_main` ORDER BY post_id desc LIMIT 8   [ RunTime:0.049898s ]
SQL: SHOW COLUMNS FROM `lj_cheats_hot` [ RunTime:0.024789s ]
SQL: SHOW COLUMNS FROM `lj_cheats_hot` [ RunTime:0.000432s ]
SQL: SELECT * FROM `lj_cheats_hot` LIMIT 8   [ RunTime:0.001850s ]
SQL: SELECT * FROM `lj_cheats` WHERE ( `cheats_id` = 1 )  [ RunTime:0.007919s ]
SQL: SELECT * FROM `lj_cheats` WHERE ( `cheats_id` = 12 )  [ RunTime:0.002713s ]
SQL: SELECT * FROM `lj_cheats` WHERE ( `cheats_id` = 13 )  [ RunTime:0.000224s ]
SQL: SELECT * FROM `lj_cheats` WHERE ( `cheats_id` = 14 )  [ RunTime:0.000227s ]
SQL: SELECT * FROM `lj_cheats` WHERE ( `cheats_id` = 19 )  [ RunTime:0.000267s ]
SQL: SELECT * FROM `lj_cheats` WHERE ( `cheats_id` = 16 )  [ RunTime:0.000228s ]
SQL: SELECT * FROM `lj_cheats` WHERE ( `cheats_id` = 17 )  [ RunTime:0.000281s ]
SQL: SELECT * FROM `lj_cheats` WHERE ( `cheats_id` = 33 )  [ RunTime:0.000224s ]
SQL: SHOW COLUMNS FROM `lj_post_hot` [ RunTime:0.033168s ]
SQL: SHOW COLUMNS FROM `lj_post_hot` [ RunTime:0.000414s ]
SQL: SELECT * FROM `lj_post_hot` LIMIT 8   [ RunTime:0.007505s ]
SQL: SELECT * FROM `lj_post_main` WHERE ( `post_id` = 9 )  [ RunTime:0.000216s ]
SQL: SELECT * FROM `lj_post_main` WHERE ( `post_id` = 1 )  [ RunTime:0.000209s ]
SQL: SELECT * FROM `lj_post_main` WHERE ( `post_id` = 8 )  [ RunTime:0.000212s ]
SQL: SELECT * FROM `lj_post_main` WHERE ( `post_id` = 11 )  [ RunTime:0.000237s ]
SQL: SELECT * FROM `lj_post_main` WHERE ( `post_id` = 10 )  [ RunTime:0.000206s ]
SQL: SELECT * FROM `lj_post_main` WHERE ( `post_id` = 18 )  [ RunTime:0.000235s ]
SQL: SELECT * FROM `lj_post_main` WHERE ( `post_id` = 17 )  [ RunTime:0.000210s ]
SQL: SHOW COLUMNS FROM `lj_board` [ RunTime:0.035265s ]
SQL: SHOW COLUMNS FROM `lj_board` [ RunTime:0.000467s ]
SQL: SELECT * FROM `lj_board` ORDER BY Id desc LIMIT 6   [ RunTime:0.002579s ]
SQL: SHOW COLUMNS FROM `lj_get_gl_from_other_site` [ RunTime:0.189510s ]
SQL: SELECT * FROM `lj_get_gl_from_other_site` ORDER BY datetime LIMIT 0,16   [ RunTime:0.003200s ]
SQL: SELECT * FROM `lj_get_gl_from_other_site` ORDER BY datetime desc LIMIT 0,16   [ RunTime:0.000730s ]
SQL: SELECT COUNT(*) AS tp_count FROM `lj_get_gl_from_other_site` LIMIT 1   [ RunTime:0.004424s ]
NOTIC: [2] Missing argument 1 for Action::show(), called in /mnt/www/html/lejun/HOME/Lib/Action/IndexAction.class.php on line 72 and defined /mnt/www/html/lejun/ThinkPHP/Lib/Core/Action.class.php 第 113 行.
NOTIC: [8] Undefined variable: content /mnt/www/html/lejun/ThinkPHP/Lib/Core/Action.class.php 第 115 行.
INFO: [ view_template ] --START--
INFO: Run LocationTemplate Behavior [ RunTime:0.005783s ]
INFO: [ view_template ] --END-- [ RunTime:0.005863s ]
INFO: [ view_parse ] --START--
NOTIC: [8] A session had already been started - ignoring session_start() /mnt/www/html/lejun/HOME/Runtime/Cache/7a41a6bbe13c5876cd2302dcb6d58711.php 第 1 行.
NOTIC: [8] A session had already been started - ignoring session_start() /mnt/www/html/lejun/HOME/Runtime/Cache/7a41a6bbe13c5876cd2302dcb6d58711.php 第 3 行.
NOTIC: [8] A session had already been started - ignoring session_start() /mnt/www/html/lejun/HOME/Runtime/Cache/7a41a6bbe13c5876cd2302dcb6d58711.php 第 140 行.
INFO: Run ParseTemplate Behavior [ RunTime:0.196896s ]
INFO: [ view_parse ] --END-- [ RunTime:0.196975s ]
INFO: [ view_filter ] --START--
INFO: Run ContentReplace Behavior [ RunTime:0.002775s ]
INFO: Run TokenBuild Behavior [ RunTime:0.001648s ]
INFO: Run WriteHtmlCache Behavior [ RunTime:0.001570s ]
INFO: Run ShowRuntime Behavior [ RunTime:0.001717s ]
INFO: [ view_filter ] --END-- [ RunTime:0.007911s ]
INFO: [ view_end ] --START--
INFO: Run ShowPageTrace Behavior [ RunTime:0.002193s ]
INFO: [ view_end ] --END-- [ RunTime:0.002260s ]

[ 2014-04-24T21:16:36+08:00 ] 108.59.85.91 /index.php/index/index_index.xml
INFO: [ route_check ] --START--
INFO: Run CheckRoute Behavior [ RunTime:0.002669s ]
INFO: [ route_check ] --END-- [ RunTime:0.002773s ]
INFO: [ app_begin ] --START--
INFO: Run ReadHtmlCache Behavior [ RunTime:0.000386s ]
INFO: [ app_begin ] --END-- [ RunTime:0.000455s ]
SQL: SHOW COLUMNS FROM `lj_cheats` [ RunTime:0.052648s ]
SQL: SHOW COLUMNS FROM `lj_cheats` [ RunTime:0.000725s ]
SQL: SELECT * FROM `lj_cheats` ORDER BY cheats_id desc LIMIT 8   [ RunTime:0.000285s ]
SQL: SHOW COLUMNS FROM `lj_post_main` [ RunTime:0.000569s ]
SQL: SHOW COLUMNS FROM `lj_post_main` [ RunTime:0.000557s ]
SQL: SELECT * FROM `lj_post_main` ORDER BY post_id desc LIMIT 8   [ RunTime:0.000129s ]
SQL: SHOW COLUMNS FROM `lj_cheats_hot` [ RunTime:0.000435s ]
SQL: SHOW COLUMNS FROM `lj_cheats_hot` [ RunTime:0.000459s ]
SQL: SELECT * FROM `lj_cheats_hot` LIMIT 8   [ RunTime:0.000093s ]
SQL: SELECT * FROM `lj_cheats` WHERE ( `cheats_id` = 1 )  [ RunTime:0.000098s ]
SQL: SELECT * FROM `lj_cheats` WHERE ( `cheats_id` = 12 )  [ RunTime:0.000137s ]
SQL: SELECT * FROM `lj_cheats` WHERE ( `cheats_id` = 13 )  [ RunTime:0.000098s ]
SQL: SELECT * FROM `lj_cheats` WHERE ( `cheats_id` = 14 )  [ RunTime:0.000095s ]
SQL: SELECT * FROM `lj_cheats` WHERE ( `cheats_id` = 19 )  [ RunTime:0.000100s ]
SQL: SELECT * FROM `lj_cheats` WHERE ( `cheats_id` = 16 )  [ RunTime:0.000095s ]
SQL: SELECT * FROM `lj_cheats` WHERE ( `cheats_id` = 17 )  [ RunTime:0.000125s ]
SQL: SELECT * FROM `lj_cheats` WHERE ( `cheats_id` = 33 )  [ RunTime:0.000096s ]
SQL: SHOW COLUMNS FROM `lj_post_hot` [ RunTime:0.000418s ]
SQL: SHOW COLUMNS FROM `lj_post_hot` [ RunTime:0.000441s ]
SQL: SELECT * FROM `lj_post_hot` LIMIT 8   [ RunTime:0.000089s ]
SQL: SELECT * FROM `lj_post_main` WHERE ( `post_id` = 9 )  [ RunTime:0.000093s ]
SQL: SELECT * FROM `lj_post_main` WHERE ( `post_id` = 1 )  [ RunTime:0.000093s ]
SQL: SELECT * FROM `lj_post_main` WHERE ( `post_id` = 8 )  [ RunTime:0.000090s ]
SQL: SELECT * FROM `lj_post_main` WHERE ( `post_id` = 11 )  [ RunTime:0.000093s ]
SQL: SELECT * FROM `lj_post_main` WHERE ( `post_id` = 10 )  [ RunTime:0.000093s ]
SQL: SELECT * FROM `lj_post_main` WHERE ( `post_id` = 18 )  [ RunTime:0.000095s ]
SQL: SELECT * FROM `lj_post_main` WHERE ( `post_id` = 17 )  [ RunTime:0.000091s ]
SQL: SHOW COLUMNS FROM `lj_board` [ RunTime:0.000515s ]
SQL: SHOW COLUMNS FROM `lj_board` [ RunTime:0.000487s ]
SQL: SELECT * FROM `lj_board` ORDER BY Id desc LIMIT 6   [ RunTime:0.000094s ]
SQL: SHOW COLUMNS FROM `lj_get_gl_from_other_site` [ RunTime:0.011822s ]
SQL: SELECT * FROM `lj_get_gl_from_other_site` ORDER BY datetime LIMIT 0,16   [ RunTime:0.010800s ]
SQL: SELECT * FROM `lj_get_gl_from_other_site` ORDER BY datetime desc LIMIT 0,16   [ RunTime:0.000119s ]
SQL: SELECT COUNT(*) AS tp_count FROM `lj_get_gl_from_other_site` LIMIT 1   [ RunTime:0.000112s ]
NOTIC: [2] Missing argument 1 for Action::show(), called in /mnt/www/html/lejun/HOME/Lib/Action/IndexAction.class.php on line 72 and defined /mnt/www/html/lejun/ThinkPHP/Lib/Core/Action.class.php 第 113 行.
NOTIC: [8] Undefined variable: content /mnt/www/html/lejun/ThinkPHP/Lib/Core/Action.class.php 第 115 行.
INFO: [ view_template ] --START--
INFO: Run LocationTemplate Behavior [ RunTime:0.005062s ]
INFO: [ view_template ] --END-- [ RunTime:0.005137s ]
INFO: [ view_parse ] --START--
NOTIC: [8] A session had already been started - ignoring session_start() /mnt/www/html/lejun/HOME/Runtime/Cache/7a41a6bbe13c5876cd2302dcb6d58711.php 第 1 行.
NOTIC: [8] A session had already been started - ignoring session_start() /mnt/www/html/lejun/HOME/Runtime/Cache/7a41a6bbe13c5876cd2302dcb6d58711.php 第 3 行.
NOTIC: [8] A session had already been started - ignoring session_start() /mnt/www/html/lejun/HOME/Runtime/Cache/7a41a6bbe13c5876cd2302dcb6d58711.php 第 140 行.
INFO: Run ParseTemplate Behavior [ RunTime:0.388625s ]
INFO: [ view_parse ] --END-- [ RunTime:0.388715s ]
INFO: [ view_filter ] --START--
INFO: Run ContentReplace Behavior [ RunTime:0.002995s ]
INFO: Run TokenBuild Behavior [ RunTime:0.001974s ]
INFO: Run WriteHtmlCache Behavior [ RunTime:0.001787s ]
INFO: Run ShowRuntime Behavior [ RunTime:0.001920s ]
INFO: [ view_filter ] --END-- [ RunTime:0.008880s ]
INFO: [ view_end ] --START--
INFO: Run ShowPageTrace Behavior [ RunTime:0.003383s ]
INFO: [ view_end ] --END-- [ RunTime:0.003501s ]

[ 2014-04-24T22:01:31+08:00 ] 110.86.167.52 /index.php/Show/show_tz?post_id=7
INFO: [ route_check ] --START--
INFO: Run CheckRoute Behavior [ RunTime:0.005578s ]
INFO: [ route_check ] --END-- [ RunTime:0.005703s ]
INFO: [ app_begin ] --START--
INFO: Run ReadHtmlCache Behavior [ RunTime:0.002335s ]
INFO: [ app_begin ] --END-- [ RunTime:0.002429s ]
SQL: SHOW COLUMNS FROM `lj_post_main` [ RunTime:0.041019s ]
SQL: UPDATE `lj_post_main` SET `clicks`=clicks+1 WHERE ( `post_id` = 7 ) [ RunTime:0.017270s ]
SQL: SELECT * FROM `lj_post_main` WHERE ( `post_id` = 7 )  [ RunTime:0.000346s ]
SQL: SHOW COLUMNS FROM `lj_user_information` [ RunTime:0.001277s ]
SQL: SELECT * FROM `lj_user_information` WHERE ( `Id` = null )  [ RunTime:0.002901s ]
SQL: SHOW COLUMNS FROM `lj_post_replay` [ RunTime:0.033745s ]
SQL: SELECT * FROM `lj_post_replay` WHERE ( `post_id` = 7 )  [ RunTime:0.002799s ]
SQL: SELECT * FROM `lj_user_information` WHERE ( `Id` = 2 )  [ RunTime:0.000253s ]
SQL: SELECT * FROM `lj_user_information` WHERE ( `Id` = 2 )  [ RunTime:0.000110s ]
SQL: SELECT * FROM `lj_user_information` WHERE ( `Id` = 5 )  [ RunTime:0.000222s ]
SQL: SELECT * FROM `lj_user_information` WHERE ( `Id` = 5 )  [ RunTime:0.000107s ]
SQL: SELECT * FROM `lj_user_information` WHERE ( `Id` = 2 )  [ RunTime:0.000105s ]
INFO: [ view_template ] --START--
INFO: Run LocationTemplate Behavior [ RunTime:0.006375s ]
INFO: [ view_template ] --END-- [ RunTime:0.006453s ]
INFO: [ view_parse ] --START--
NOTIC: [8] A session had already been started - ignoring session_start() /mnt/www/html/lejun/HOME/Runtime/Cache/1ccbe0629693240b941e461e7b341f67.php 第 1 行.
NOTIC: [8] A session had already been started - ignoring session_start() /mnt/www/html/lejun/HOME/Runtime/Cache/1ccbe0629693240b941e461e7b341f67.php 第 138 行.
NOTIC: [8] Undefined index: user /mnt/www/html/lejun/HOME/Runtime/Cache/1ccbe0629693240b941e461e7b341f67.php 第 241 行.
INFO: Run ParseTemplate Behavior [ RunTime:0.201031s ]
INFO: [ view_parse ] --END-- [ RunTime:0.201117s ]
INFO: [ view_filter ] --START--
INFO: Run ContentReplace Behavior [ RunTime:0.002000s ]
INFO: Run TokenBuild Behavior [ RunTime:0.001871s ]
INFO: Run WriteHtmlCache Behavior [ RunTime:0.001858s ]
INFO: Run ShowRuntime Behavior [ RunTime:0.002552s ]
INFO: [ view_filter ] --END-- [ RunTime:0.008481s ]
INFO: [ view_end ] --START--
INFO: Run ShowPageTrace Behavior [ RunTime:0.002102s ]
INFO: [ view_end ] --END-- [ RunTime:0.002178s ]

