[ 2014-02-17T00:16:51+08:00 ] 127.0.0.1 /lejun/index.php/UserInfo/user_info.html
INFO: [ app_begin ] --START--
INFO: Run ReadHtmlCache Behavior [ RunTime:0.003748s ]
INFO: [ app_begin ] --END-- [ RunTime:0.003942s ]
INFO: [ view_template ] --START--
INFO: Run LocationTemplate Behavior [ RunTime:0.007675s ]
INFO: [ view_template ] --END-- [ RunTime:0.007859s ]
INFO: [ view_parse ] --START--
NOTIC: [8] Undefined index:  e-mail_tf K:\appserver\appserver\AppServ\www\lejun\HOME\Runtime\Cache\2db06a70a453497812f918c1254c1dfa.php 第 3 行.
INFO: Run ParseTemplate Behavior [ RunTime:0.048563s ]
INFO: [ view_parse ] --END-- [ RunTime:0.048705s ]
INFO: [ view_filter ] --START--
INFO: Run ContentReplace Behavior [ RunTime:0.003739s ]
INFO: Run TokenBuild Behavior [ RunTime:0.005139s ]
INFO: Run WriteHtmlCache Behavior [ RunTime:0.002970s ]
INFO: Run ShowRuntime Behavior [ RunTime:0.002451s ]
INFO: [ view_filter ] --END-- [ RunTime:0.014726s ]
INFO: [ view_end ] --START--
INFO: Run ShowPageTrace Behavior [ RunTime:0.002494s ]
INFO: [ view_end ] --END-- [ RunTime:0.002609s ]

[ 2014-02-17T00:16:55+08:00 ] 127.0.0.1 /lejun/index.php/UserInfo/modify_pwd.html
INFO: [ app_begin ] --START--
INFO: Run ReadHtmlCache Behavior [ RunTime:0.001263s ]
INFO: [ app_begin ] --END-- [ RunTime:0.001517s ]
NOTIC: [8] Undefined index:  old_pwd K:\appserver\appserver\AppServ\www\lejun\HOME\Lib\Action\UserInfoAction.class.php 第 115 行.
NOTIC: [8] Undefined index:  new_pwd K:\appserver\appserver\AppServ\www\lejun\HOME\Lib\Action\UserInfoAction.class.php 第 116 行.
SQL: SHOW COLUMNS FROM `lj_user_information` [ RunTime:0.054660s ]
SQL: SELECT * FROM `lj_user_information` WHERE ( `Id` = 2 )  [ RunTime:0.053397s ]
NOTIC: [8] Undefined variable: username K:\appserver\appserver\AppServ\www\lejun\HOME\Lib\Action\UserInfoAction.class.php 第 125 行.

[ 2014-02-17T00:17:01+08:00 ] 127.0.0.1 /lejun/index.php/UserInfo/modify_pwd.html
INFO: [ app_begin ] --START--
INFO: Run ReadHtmlCache Behavior [ RunTime:0.001087s ]
INFO: [ app_begin ] --END-- [ RunTime:0.001222s ]
NOTIC: [8] Undefined index:  old_pwd K:\appserver\appserver\AppServ\www\lejun\HOME\Lib\Action\UserInfoAction.class.php 第 115 行.
NOTIC: [8] Undefined index:  new_pwd K:\appserver\appserver\AppServ\www\lejun\HOME\Lib\Action\UserInfoAction.class.php 第 116 行.
SQL: SHOW COLUMNS FROM `lj_user_information` [ RunTime:0.056207s ]
SQL: SELECT * FROM `lj_user_information` WHERE ( `Id` = 2 )  [ RunTime:0.055151s ]
NOTIC: [8] Undefined variable: username K:\appserver\appserver\AppServ\www\lejun\HOME\Lib\Action\UserInfoAction.class.php 第 125 行.

[ 2014-02-17T00:17:03+08:00 ] 127.0.0.1 /lejun/index.php/UserInfo/modify_pwd.html
INFO: [ app_begin ] --START--
INFO: Run ReadHtmlCache Behavior [ RunTime:0.001013s ]
INFO: [ app_begin ] --END-- [ RunTime:0.001147s ]
NOTIC: [8] Undefined index:  old_pwd K:\appserver\appserver\AppServ\www\lejun\HOME\Lib\Action\UserInfoAction.class.php 第 115 行.
NOTIC: [8] Undefined index:  new_pwd K:\appserver\appserver\AppServ\www\lejun\HOME\Lib\Action\UserInfoAction.class.php 第 116 行.
SQL: SHOW COLUMNS FROM `lj_user_information` [ RunTime:0.054458s ]
SQL: SELECT * FROM `lj_user_information` WHERE ( `Id` = 2 )  [ RunTime:0.052655s ]
NOTIC: [8] Undefined variable: username K:\appserver\appserver\AppServ\www\lejun\HOME\Lib\Action\UserInfoAction.class.php 第 125 行.

[ 2014-02-17T00:17:04+08:00 ] 127.0.0.1 /lejun/index.php/UserInfo/complete_user_infomation.html
INFO: [ app_begin ] --START--
INFO: Run ReadHtmlCache Behavior [ RunTime:0.001094s ]
INFO: [ app_begin ] --END-- [ RunTime:0.001228s ]
INFO: [ view_template ] --START--
INFO: Run LocationTemplate Behavior [ RunTime:0.002595s ]
INFO: [ view_template ] --END-- [ RunTime:0.002747s ]
INFO: [ view_parse ] --START--
NOTIC: [8] Undefined index:  username K:\appserver\appserver\AppServ\www\lejun\HOME\Runtime\Cache\e99c6231e5a8867775931ccb8554a25a.php 第 10 行.
INFO: Run ParseTemplate Behavior [ RunTime:0.019339s ]
INFO: [ view_parse ] --END-- [ RunTime:0.019480s ]
INFO: [ view_filter ] --START--
INFO: Run ContentReplace Behavior [ RunTime:0.000903s ]
INFO: Run TokenBuild Behavior [ RunTime:0.000778s ]
INFO: Run WriteHtmlCache Behavior [ RunTime:0.000576s ]
INFO: Run ShowRuntime Behavior [ RunTime:0.001131s ]
INFO: [ view_filter ] --END-- [ RunTime:0.003732s ]
INFO: [ view_end ] --START--
INFO: Run ShowPageTrace Behavior [ RunTime:0.001816s ]
INFO: [ view_end ] --END-- [ RunTime:0.001923s ]

[ 2014-02-17T00:17:08+08:00 ] 127.0.0.1 /lejun/index.php/UserInfo/modify_pwd.html
INFO: [ app_begin ] --START--
INFO: Run ReadHtmlCache Behavior [ RunTime:0.001204s ]
INFO: [ app_begin ] --END-- [ RunTime:0.001401s ]
NOTIC: [8] Undefined index:  old_pwd K:\appserver\appserver\AppServ\www\lejun\HOME\Lib\Action\UserInfoAction.class.php 第 115 行.
NOTIC: [8] Undefined index:  new_pwd K:\appserver\appserver\AppServ\www\lejun\HOME\Lib\Action\UserInfoAction.class.php 第 116 行.
SQL: SHOW COLUMNS FROM `lj_user_information` [ RunTime:0.050647s ]
SQL: SELECT * FROM `lj_user_information` WHERE ( `Id` = 2 )  [ RunTime:0.049716s ]
NOTIC: [8] Undefined variable: username K:\appserver\appserver\AppServ\www\lejun\HOME\Lib\Action\UserInfoAction.class.php 第 125 行.

[ 2014-02-17T00:18:22+08:00 ] 127.0.0.1 /lejun/index.php/UserInfo/modify_pwd.html
INFO: [ app_begin ] --START--
INFO: Run ReadHtmlCache Behavior [ RunTime:0.001028s ]
INFO: [ app_begin ] --END-- [ RunTime:0.001142s ]
NOTIC: [8] Undefined index:  old_pwd K:\appserver\appserver\AppServ\www\lejun\HOME\Lib\Action\UserInfoAction.class.php 第 115 行.
NOTIC: [8] Undefined index:  new_pwd K:\appserver\appserver\AppServ\www\lejun\HOME\Lib\Action\UserInfoAction.class.php 第 116 行.
SQL: SHOW COLUMNS FROM `lj_user_information` [ RunTime:0.052949s ]
SQL: SELECT * FROM `lj_user_information` WHERE ( `Id` = 2 )  [ RunTime:0.051634s ]
NOTIC: [8] Undefined variable: username K:\appserver\appserver\AppServ\www\lejun\HOME\Lib\Action\UserInfoAction.class.php 第 125 行.

[ 2014-02-17T00:18:24+08:00 ] 127.0.0.1 /lejun/index.php/UserInfo/complete_user_infomation.html
INFO: [ app_begin ] --START--
INFO: Run ReadHtmlCache Behavior [ RunTime:0.000971s ]
INFO: [ app_begin ] --END-- [ RunTime:0.001090s ]
INFO: [ view_template ] --START--
INFO: Run LocationTemplate Behavior [ RunTime:0.004764s ]
INFO: [ view_template ] --END-- [ RunTime:0.004909s ]
INFO: [ view_parse ] --START--
NOTIC: [8] Undefined index:  username K:\appserver\appserver\AppServ\www\lejun\HOME\Runtime\Cache\e99c6231e5a8867775931ccb8554a25a.php 第 10 行.
INFO: Run ParseTemplate Behavior [ RunTime:0.025798s ]
INFO: [ view_parse ] --END-- [ RunTime:0.025918s ]
INFO: [ view_filter ] --START--
INFO: Run ContentReplace Behavior [ RunTime:0.002707s ]
INFO: Run TokenBuild Behavior [ RunTime:0.002830s ]
INFO: Run WriteHtmlCache Behavior [ RunTime:0.002243s ]
INFO: Run ShowRuntime Behavior [ RunTime:0.002296s ]
INFO: [ view_filter ] --END-- [ RunTime:0.010513s ]
INFO: [ view_end ] --START--
INFO: Run ShowPageTrace Behavior [ RunTime:0.002370s ]
INFO: [ view_end ] --END-- [ RunTime:0.002474s ]

[ 2014-02-17T00:18:25+08:00 ] 127.0.0.1 /lejun/index.php/UserInfo/complete_user_infomation.html
INFO: [ app_begin ] --START--
INFO: Run ReadHtmlCache Behavior [ RunTime:0.000977s ]
INFO: [ app_begin ] --END-- [ RunTime:0.001123s ]
INFO: [ view_template ] --START--
INFO: Run LocationTemplate Behavior [ RunTime:0.003626s ]
INFO: [ view_template ] --END-- [ RunTime:0.003785s ]
INFO: [ view_parse ] --START--
NOTIC: [8] Undefined index:  username K:\appserver\appserver\AppServ\www\lejun\HOME\Runtime\Cache\e99c6231e5a8867775931ccb8554a25a.php 第 10 行.
INFO: Run ParseTemplate Behavior [ RunTime:0.021846s ]
INFO: [ view_parse ] --END-- [ RunTime:0.021980s ]
INFO: [ view_filter ] --START--
INFO: Run ContentReplace Behavior [ RunTime:0.000786s ]
INFO: Run TokenBuild Behavior [ RunTime:0.000692s ]
INFO: Run WriteHtmlCache Behavior [ RunTime:0.000479s ]
INFO: Run ShowRuntime Behavior [ RunTime:0.000909s ]
INFO: [ view_filter ] --END-- [ RunTime:0.003192s ]
INFO: [ view_end ] --START--
INFO: Run ShowPageTrace Behavior [ RunTime:0.002308s ]
INFO: [ view_end ] --END-- [ RunTime:0.002456s ]

[ 2014-02-17T00:18:28+08:00 ] 127.0.0.1 /lejun/index.php/UserInfo/modify_user_info.html
INFO: [ app_begin ] --START--
INFO: Run ReadHtmlCache Behavior [ RunTime:0.000971s ]
INFO: [ app_begin ] --END-- [ RunTime:0.001086s ]
INFO: [ view_template ] --START--
INFO: Run LocationTemplate Behavior [ RunTime:0.000595s ]
INFO: [ view_template ] --END-- [ RunTime:0.000726s ]
INFO: [ view_parse ] --START--
NOTIC: [8] Undefined index:  username K:\appserver\appserver\AppServ\www\lejun\HOME\Runtime\Cache\e4d217d97dfbe3d93576bd51f0e1d7b4.php 第 5 行.
INFO: Run ParseTemplate Behavior [ RunTime:0.014599s ]
INFO: [ view_parse ] --END-- [ RunTime:0.014694s ]
INFO: [ view_filter ] --START--
INFO: Run ContentReplace Behavior [ RunTime:0.000518s ]
INFO: Run TokenBuild Behavior [ RunTime:0.000607s ]
INFO: Run WriteHtmlCache Behavior [ RunTime:0.000521s ]
INFO: Run ShowRuntime Behavior [ RunTime:0.000840s ]
INFO: [ view_filter ] --END-- [ RunTime:0.002822s ]
INFO: [ view_end ] --START--
INFO: Run ShowPageTrace Behavior [ RunTime:0.001620s ]
INFO: [ view_end ] --END-- [ RunTime:0.001707s ]

[ 2014-02-17T00:18:29+08:00 ] 127.0.0.1 /lejun/index.php/UserInfo/modify_user_info.html
INFO: [ app_begin ] --START--
INFO: Run ReadHtmlCache Behavior [ RunTime:0.000919s ]
INFO: [ app_begin ] --END-- [ RunTime:0.001073s ]
INFO: [ view_template ] --START--
INFO: Run LocationTemplate Behavior [ RunTime:0.000495s ]
INFO: [ view_template ] --END-- [ RunTime:0.000585s ]
INFO: [ view_parse ] --START--
NOTIC: [8] Undefined index:  username K:\appserver\appserver\AppServ\www\lejun\HOME\Runtime\Cache\e4d217d97dfbe3d93576bd51f0e1d7b4.php 第 5 行.
INFO: Run ParseTemplate Behavior [ RunTime:0.013432s ]
INFO: [ view_parse ] --END-- [ RunTime:0.013545s ]
INFO: [ view_filter ] --START--
INFO: Run ContentReplace Behavior [ RunTime:0.000768s ]
INFO: Run TokenBuild Behavior [ RunTime:0.000713s ]
INFO: Run WriteHtmlCache Behavior [ RunTime:0.000456s ]
INFO: Run ShowRuntime Behavior [ RunTime:0.000813s ]
INFO: [ view_filter ] --END-- [ RunTime:0.003090s ]
INFO: [ view_end ] --START--
INFO: Run ShowPageTrace Behavior [ RunTime:0.001878s ]
INFO: [ view_end ] --END-- [ RunTime:0.001992s ]

[ 2014-02-17T00:18:31+08:00 ] 127.0.0.1 /lejun/index.php/UserInfo/modify_pwd.html
INFO: [ app_begin ] --START--
INFO: Run ReadHtmlCache Behavior [ RunTime:0.000694s ]
INFO: [ app_begin ] --END-- [ RunTime:0.000779s ]
NOTIC: [8] Undefined index:  old_pwd K:\appserver\appserver\AppServ\www\lejun\HOME\Lib\Action\UserInfoAction.class.php 第 115 行.
NOTIC: [8] Undefined index:  new_pwd K:\appserver\appserver\AppServ\www\lejun\HOME\Lib\Action\UserInfoAction.class.php 第 116 行.
SQL: SHOW COLUMNS FROM `lj_user_information` [ RunTime:0.056195s ]
SQL: SELECT * FROM `lj_user_information` WHERE ( `Id` = 2 )  [ RunTime:0.055156s ]
NOTIC: [8] Undefined variable: username K:\appserver\appserver\AppServ\www\lejun\HOME\Lib\Action\UserInfoAction.class.php 第 125 行.

[ 2014-02-17T00:18:34+08:00 ] 127.0.0.1 /lejun/index.php/UserInfo/modify_pwd.html
INFO: [ app_begin ] --START--
INFO: Run ReadHtmlCache Behavior [ RunTime:0.000737s ]
INFO: [ app_begin ] --END-- [ RunTime:0.000822s ]
NOTIC: [8] Undefined index:  old_pwd K:\appserver\appserver\AppServ\www\lejun\HOME\Lib\Action\UserInfoAction.class.php 第 115 行.
NOTIC: [8] Undefined index:  new_pwd K:\appserver\appserver\AppServ\www\lejun\HOME\Lib\Action\UserInfoAction.class.php 第 116 行.
SQL: SHOW COLUMNS FROM `lj_user_information` [ RunTime:0.055870s ]
SQL: SELECT * FROM `lj_user_information` WHERE ( `Id` = 2 )  [ RunTime:0.054897s ]
NOTIC: [8] Undefined variable: username K:\appserver\appserver\AppServ\www\lejun\HOME\Lib\Action\UserInfoAction.class.php 第 125 行.

[ 2014-02-17T00:20:04+08:00 ] 127.0.0.1 /lejun/index.php/UserInfo/user_info.html
INFO: [ app_begin ] --START--
INFO: Run ReadHtmlCache Behavior [ RunTime:0.002119s ]
INFO: [ app_begin ] --END-- [ RunTime:0.002282s ]
INFO: [ view_template ] --START--
INFO: Run LocationTemplate Behavior [ RunTime:0.000707s ]
INFO: [ view_template ] --END-- [ RunTime:0.000845s ]
INFO: [ view_parse ] --START--
NOTIC: [8] Undefined index:  e-mail_tf K:\appserver\appserver\AppServ\www\lejun\HOME\Runtime\Cache\2db06a70a453497812f918c1254c1dfa.php 第 3 行.
INFO: Run ParseTemplate Behavior [ RunTime:0.018129s ]
INFO: [ view_parse ] --END-- [ RunTime:0.018268s ]
INFO: [ view_filter ] --START--
INFO: Run ContentReplace Behavior [ RunTime:0.000768s ]
INFO: Run TokenBuild Behavior [ RunTime:0.000748s ]
INFO: Run WriteHtmlCache Behavior [ RunTime:0.000500s ]
INFO: Run ShowRuntime Behavior [ RunTime:0.000937s ]
INFO: [ view_filter ] --END-- [ RunTime:0.003305s ]
INFO: [ view_end ] --START--
INFO: Run ShowPageTrace Behavior [ RunTime:0.002880s ]
INFO: [ view_end ] --END-- [ RunTime:0.003030s ]

[ 2014-02-17T00:20:05+08:00 ] 127.0.0.1 /lejun/index.php/UserInfo/modify_pwd.html
INFO: [ app_begin ] --START--
INFO: Run ReadHtmlCache Behavior [ RunTime:0.001165s ]
INFO: [ app_begin ] --END-- [ RunTime:0.001387s ]
NOTIC: [8] Undefined index:  old_pwd K:\appserver\appserver\AppServ\www\lejun\HOME\Lib\Action\UserInfoAction.class.php 第 115 行.
NOTIC: [8] Undefined index:  new_pwd K:\appserver\appserver\AppServ\www\lejun\HOME\Lib\Action\UserInfoAction.class.php 第 116 行.
SQL: SHOW COLUMNS FROM `lj_user_information` [ RunTime:0.062468s ]
SQL: SELECT * FROM `lj_user_information` WHERE ( `Id` = 2 )  [ RunTime:0.061881s ]
NOTIC: [8] Undefined variable: username K:\appserver\appserver\AppServ\www\lejun\HOME\Lib\Action\UserInfoAction.class.php 第 125 行.

[ 2014-02-17T00:21:45+08:00 ] 127.0.0.1 /lejun/index.php/UserInfo/user_info.html
INFO: [ app_begin ] --START--
INFO: Run ReadHtmlCache Behavior [ RunTime:0.000829s ]
INFO: [ app_begin ] --END-- [ RunTime:0.000931s ]
INFO: [ view_template ] --START--
INFO: Run LocationTemplate Behavior [ RunTime:0.000645s ]
INFO: [ view_template ] --END-- [ RunTime:0.000739s ]
INFO: [ view_parse ] --START--
NOTIC: [8] Undefined index:  e-mail_tf K:\appserver\appserver\AppServ\www\lejun\HOME\Runtime\Cache\2db06a70a453497812f918c1254c1dfa.php 第 3 行.
INFO: Run ParseTemplate Behavior [ RunTime:0.013671s ]
INFO: [ view_parse ] --END-- [ RunTime:0.013787s ]
INFO: [ view_filter ] --START--
INFO: Run ContentReplace Behavior [ RunTime:0.000658s ]
INFO: Run TokenBuild Behavior [ RunTime:0.000551s ]
INFO: Run WriteHtmlCache Behavior [ RunTime:0.000346s ]
INFO: Run ShowRuntime Behavior [ RunTime:0.000599s ]
INFO: [ view_filter ] --END-- [ RunTime:0.002404s ]
INFO: [ view_end ] --START--
INFO: Run ShowPageTrace Behavior [ RunTime:0.001563s ]
INFO: [ view_end ] --END-- [ RunTime:0.001644s ]

[ 2014-02-17T00:21:47+08:00 ] 127.0.0.1 /lejun/index.php/UserInfo/modify_pwd.html
INFO: [ app_begin ] --START--
INFO: Run ReadHtmlCache Behavior [ RunTime:0.000771s ]
INFO: [ app_begin ] --END-- [ RunTime:0.000860s ]
NOTIC: [8] Undefined index:  old_pwd K:\appserver\appserver\AppServ\www\lejun\HOME\Lib\Action\UserInfoAction.class.php 第 115 行.
NOTIC: [8] Undefined index:  new_pwd K:\appserver\appserver\AppServ\www\lejun\HOME\Lib\Action\UserInfoAction.class.php 第 116 行.
SQL: SHOW COLUMNS FROM `lj_user_information` [ RunTime:0.051376s ]
SQL: SELECT * FROM `lj_user_information` WHERE ( `Id` = 2 )  [ RunTime:0.048326s ]
NOTIC: [8] Undefined variable: username K:\appserver\appserver\AppServ\www\lejun\HOME\Lib\Action\UserInfoAction.class.php 第 125 行.

[ 2014-02-17T00:22:34+08:00 ] 127.0.0.1 /lejun/index.php/UserInfo/user_info.html
INFO: [ app_begin ] --START--
INFO: Run ReadHtmlCache Behavior [ RunTime:0.001097s ]
INFO: [ app_begin ] --END-- [ RunTime:0.001265s ]
INFO: [ view_template ] --START--
INFO: Run LocationTemplate Behavior [ RunTime:0.002503s ]
INFO: [ view_template ] --END-- [ RunTime:0.002745s ]
INFO: [ view_parse ] --START--
NOTIC: [8] Undefined index:  e-mail_tf K:\appserver\appserver\AppServ\www\lejun\HOME\Runtime\Cache\2db06a70a453497812f918c1254c1dfa.php 第 3 行.
INFO: Run ParseTemplate Behavior [ RunTime:0.020917s ]
INFO: [ view_parse ] --END-- [ RunTime:0.021099s ]
INFO: [ view_filter ] --START--
INFO: Run ContentReplace Behavior [ RunTime:0.000677s ]
INFO: Run TokenBuild Behavior [ RunTime:0.000674s ]
INFO: Run WriteHtmlCache Behavior [ RunTime:0.000463s ]
INFO: Run ShowRuntime Behavior [ RunTime:0.000950s ]
INFO: [ view_filter ] --END-- [ RunTime:0.003105s ]
INFO: [ view_end ] --START--
INFO: Run ShowPageTrace Behavior [ RunTime:0.002306s ]
INFO: [ view_end ] --END-- [ RunTime:0.002442s ]

[ 2014-02-17T00:22:35+08:00 ] 127.0.0.1 /lejun/index.php/UserInfo/modify_pwd.html
INFO: [ app_begin ] --START--
INFO: Run ReadHtmlCache Behavior [ RunTime:0.001022s ]
INFO: [ app_begin ] --END-- [ RunTime:0.001152s ]
NOTIC: [8] Undefined index:  old_pwd K:\appserver\appserver\AppServ\www\lejun\HOME\Lib\Action\UserInfoAction.class.php 第 115 行.
NOTIC: [8] Undefined index:  new_pwd K:\appserver\appserver\AppServ\www\lejun\HOME\Lib\Action\UserInfoAction.class.php 第 116 行.
SQL: SHOW COLUMNS FROM `lj_user_information` [ RunTime:0.053776s ]
SQL: SELECT * FROM `lj_user_information` WHERE ( `Id` = 2 )  [ RunTime:0.052422s ]
NOTIC: [8] Undefined variable: username K:\appserver\appserver\AppServ\www\lejun\HOME\Lib\Action\UserInfoAction.class.php 第 125 行.

[ 2014-02-17T00:23:04+08:00 ] 127.0.0.1 /lejun/index.php/UserInfo/user_info.html
INFO: [ app_begin ] --START--
INFO: Run ReadHtmlCache Behavior [ RunTime:0.001343s ]
INFO: [ app_begin ] --END-- [ RunTime:0.001506s ]
INFO: [ view_template ] --START--
INFO: Run LocationTemplate Behavior [ RunTime:0.006932s ]
INFO: [ view_template ] --END-- [ RunTime:0.007124s ]
INFO: [ view_parse ] --START--
NOTIC: [8] Undefined index:  e-mail_tf K:\appserver\appserver\AppServ\www\lejun\HOME\Runtime\Cache\2db06a70a453497812f918c1254c1dfa.php 第 3 行.
INFO: Run ParseTemplate Behavior [ RunTime:0.036783s ]
INFO: [ view_parse ] --END-- [ RunTime:0.036968s ]
INFO: [ view_filter ] --START--
INFO: Run ContentReplace Behavior [ RunTime:0.003473s ]
INFO: Run TokenBuild Behavior [ RunTime:0.004095s ]
INFO: Run WriteHtmlCache Behavior [ RunTime:0.003100s ]
INFO: Run ShowRuntime Behavior [ RunTime:0.016515s ]
INFO: [ view_filter ] --END-- [ RunTime:0.027825s ]
INFO: [ view_end ] --START--
INFO: Run ShowPageTrace Behavior [ RunTime:0.022802s ]
INFO: [ view_end ] --END-- [ RunTime:0.022965s ]

[ 2014-02-17T00:23:05+08:00 ] 127.0.0.1 /lejun/index.php/UserInfo/modify_pwd.html
INFO: [ app_begin ] --START--
INFO: Run ReadHtmlCache Behavior [ RunTime:0.001044s ]
INFO: [ app_begin ] --END-- [ RunTime:0.001174s ]
NOTIC: [8] Undefined index:  old_pwd K:\appserver\appserver\AppServ\www\lejun\HOME\Lib\Action\UserInfoAction.class.php 第 115 行.
NOTIC: [8] Undefined index:  new_pwd K:\appserver\appserver\AppServ\www\lejun\HOME\Lib\Action\UserInfoAction.class.php 第 116 行.
SQL: SHOW COLUMNS FROM `lj_user_information` [ RunTime:0.054001s ]
SQL: SELECT * FROM `lj_user_information` WHERE ( `Id` = 2 )  [ RunTime:0.052886s ]
NOTIC: [8] Undefined variable: username K:\appserver\appserver\AppServ\www\lejun\HOME\Lib\Action\UserInfoAction.class.php 第 125 行.

[ 2014-02-17T00:24:28+08:00 ] 127.0.0.1 /lejun/index.php/UserInfo/user_info.html
INFO: [ app_begin ] --START--
INFO: Run ReadHtmlCache Behavior [ RunTime:0.001110s ]
INFO: [ app_begin ] --END-- [ RunTime:0.001256s ]
INFO: [ view_template ] --START--
INFO: Run LocationTemplate Behavior [ RunTime:0.000838s ]
INFO: [ view_template ] --END-- [ RunTime:0.000994s ]
INFO: [ view_parse ] --START--
NOTIC: [8] Undefined index:  e-mail_tf K:\appserver\appserver\AppServ\www\lejun\HOME\Runtime\Cache\2db06a70a453497812f918c1254c1dfa.php 第 3 行.
INFO: Run ParseTemplate Behavior [ RunTime:0.021221s ]
INFO: [ view_parse ] --END-- [ RunTime:0.021379s ]
INFO: [ view_filter ] --START--
INFO: Run ContentReplace Behavior [ RunTime:0.000789s ]
INFO: Run TokenBuild Behavior [ RunTime:0.000722s ]
INFO: Run WriteHtmlCache Behavior [ RunTime:0.000506s ]
INFO: Run ShowRuntime Behavior [ RunTime:0.000869s ]
INFO: [ view_filter ] --END-- [ RunTime:0.003229s ]
INFO: [ view_end ] --START--
INFO: Run ShowPageTrace Behavior [ RunTime:0.002338s ]
INFO: [ view_end ] --END-- [ RunTime:0.002477s ]

[ 2014-02-17T00:24:31+08:00 ] 127.0.0.1 /lejun/index.php/UserInfo/modify_pwd.html
INFO: [ app_begin ] --START--
INFO: Run ReadHtmlCache Behavior [ RunTime:0.000710s ]
INFO: [ app_begin ] --END-- [ RunTime:0.000810s ]
NOTIC: [8] Undefined index:  old_pwd K:\appserver\appserver\AppServ\www\lejun\HOME\Lib\Action\UserInfoAction.class.php 第 115 行.
NOTIC: [8] Undefined index:  new_pwd K:\appserver\appserver\AppServ\www\lejun\HOME\Lib\Action\UserInfoAction.class.php 第 116 行.
SQL: SHOW COLUMNS FROM `lj_user_information` [ RunTime:0.059601s ]
SQL: SELECT * FROM `lj_user_information` WHERE ( `Id` = 2 )  [ RunTime:0.058177s ]
NOTIC: [8] Undefined variable: username K:\appserver\appserver\AppServ\www\lejun\HOME\Lib\Action\UserInfoAction.class.php 第 125 行.

[ 2014-02-17T00:24:50+08:00 ] 127.0.0.1 /lejun/index.php/UserInfo/user_info.html
INFO: [ app_begin ] --START--
INFO: Run ReadHtmlCache Behavior [ RunTime:0.001098s ]
INFO: [ app_begin ] --END-- [ RunTime:0.001257s ]
INFO: [ view_template ] --START--
INFO: Run LocationTemplate Behavior [ RunTime:0.000738s ]
INFO: [ view_template ] --END-- [ RunTime:0.000875s ]
INFO: [ view_parse ] --START--
NOTIC: [8] Undefined index:  e-mail_tf K:\appserver\appserver\AppServ\www\lejun\HOME\Runtime\Cache\2db06a70a453497812f918c1254c1dfa.php 第 3 行.
INFO: Run ParseTemplate Behavior [ RunTime:0.020421s ]
INFO: [ view_parse ] --END-- [ RunTime:0.020558s ]
INFO: [ view_filter ] --START--
INFO: Run ContentReplace Behavior [ RunTime:0.000886s ]
INFO: Run TokenBuild Behavior [ RunTime:0.000842s ]
INFO: Run WriteHtmlCache Behavior [ RunTime:0.000567s ]
INFO: Run ShowRuntime Behavior [ RunTime:0.000895s ]
INFO: [ view_filter ] --END-- [ RunTime:0.004068s ]
INFO: [ view_end ] --START--
INFO: Run ShowPageTrace Behavior [ RunTime:0.002642s ]
INFO: [ view_end ] --END-- [ RunTime:0.003246s ]

[ 2014-02-17T00:24:53+08:00 ] 127.0.0.1 /lejun/index.php/UserInfo/modify_pwd.html
INFO: [ app_begin ] --START--
INFO: Run ReadHtmlCache Behavior [ RunTime:0.001079s ]
INFO: [ app_begin ] --END-- [ RunTime:0.001212s ]
NOTIC: [8] Undefined index:  old_pwd K:\appserver\appserver\AppServ\www\lejun\HOME\Lib\Action\UserInfoAction.class.php 第 115 行.
NOTIC: [8] Undefined index:  new_pwd K:\appserver\appserver\AppServ\www\lejun\HOME\Lib\Action\UserInfoAction.class.php 第 116 行.
SQL: SHOW COLUMNS FROM `lj_user_information` [ RunTime:0.047052s ]
SQL: SELECT * FROM `lj_user_information` WHERE ( `Id` = 2 )  [ RunTime:0.046261s ]
NOTIC: [8] Undefined variable: username K:\appserver\appserver\AppServ\www\lejun\HOME\Lib\Action\UserInfoAction.class.php 第 125 行.

[ 2014-02-17T00:25:08+08:00 ] 127.0.0.1 /lejun/index.php/UserInfo/user_info.html
INFO: [ app_begin ] --START--
INFO: Run ReadHtmlCache Behavior [ RunTime:0.001076s ]
INFO: [ app_begin ] --END-- [ RunTime:0.001217s ]
INFO: [ view_template ] --START--
INFO: Run LocationTemplate Behavior [ RunTime:0.002030s ]
INFO: [ view_template ] --END-- [ RunTime:0.002145s ]
INFO: [ view_parse ] --START--
NOTIC: [8] Undefined index:  e-mail_tf K:\appserver\appserver\AppServ\www\lejun\HOME\Runtime\Cache\2db06a70a453497812f918c1254c1dfa.php 第 3 行.
INFO: Run ParseTemplate Behavior [ RunTime:0.049220s ]
INFO: [ view_parse ] --END-- [ RunTime:0.049345s ]
INFO: [ view_filter ] --START--
INFO: Run ContentReplace Behavior [ RunTime:0.003011s ]
INFO: Run TokenBuild Behavior [ RunTime:0.004286s ]
INFO: Run WriteHtmlCache Behavior [ RunTime:0.006348s ]
INFO: Run ShowRuntime Behavior [ RunTime:0.028991s ]
INFO: [ view_filter ] --END-- [ RunTime:0.043071s ]
INFO: [ view_end ] --START--
INFO: Run ShowPageTrace Behavior [ RunTime:0.003631s ]
INFO: [ view_end ] --END-- [ RunTime:0.003781s ]

[ 2014-02-17T00:25:11+08:00 ] 127.0.0.1 /lejun/index.php/UserInfo/modify_pwd.html
INFO: [ app_begin ] --START--
INFO: Run ReadHtmlCache Behavior [ RunTime:0.001410s ]
INFO: [ app_begin ] --END-- [ RunTime:0.001591s ]
NOTIC: [8] Undefined index:  old_pwd K:\appserver\appserver\AppServ\www\lejun\HOME\Lib\Action\UserInfoAction.class.php 第 115 行.
NOTIC: [8] Undefined index:  new_pwd K:\appserver\appserver\AppServ\www\lejun\HOME\Lib\Action\UserInfoAction.class.php 第 116 行.
SQL: SHOW COLUMNS FROM `lj_user_information` [ RunTime:0.047091s ]
SQL: SELECT * FROM `lj_user_information` WHERE ( `Id` = 2 )  [ RunTime:0.046129s ]
NOTIC: [8] Undefined variable: username K:\appserver\appserver\AppServ\www\lejun\HOME\Lib\Action\UserInfoAction.class.php 第 125 行.

[ 2014-02-17T00:27:00+08:00 ] 127.0.0.1 /lejun/index.php/UserInfo/user_info.html
INFO: [ app_begin ] --START--
INFO: Run ReadHtmlCache Behavior [ RunTime:0.001300s ]
INFO: [ app_begin ] --END-- [ RunTime:0.001577s ]
INFO: [ view_template ] --START--
INFO: Run LocationTemplate Behavior [ RunTime:0.007351s ]
INFO: [ view_template ] --END-- [ RunTime:0.007567s ]
INFO: [ view_parse ] --START--
NOTIC: [8] Undefined index:  e-mail_tf K:\appserver\appserver\AppServ\www\lejun\HOME\Runtime\Cache\2db06a70a453497812f918c1254c1dfa.php 第 3 行.
INFO: Run ParseTemplate Behavior [ RunTime:0.064848s ]
INFO: [ view_parse ] --END-- [ RunTime:0.065001s ]
INFO: [ view_filter ] --START--
INFO: Run ContentReplace Behavior [ RunTime:0.009316s ]
INFO: Run TokenBuild Behavior [ RunTime:0.003383s ]
INFO: Run WriteHtmlCache Behavior [ RunTime:0.005878s ]
INFO: Run ShowRuntime Behavior [ RunTime:0.003562s ]
INFO: [ view_filter ] --END-- [ RunTime:0.022717s ]
INFO: [ view_end ] --START--
INFO: Run ShowPageTrace Behavior [ RunTime:0.003612s ]
INFO: [ view_end ] --END-- [ RunTime:0.003773s ]

[ 2014-02-17T00:27:01+08:00 ] 127.0.0.1 /lejun/index.php/UserInfo/modify_pwd.html
INFO: [ app_begin ] --START--
INFO: Run ReadHtmlCache Behavior [ RunTime:0.000724s ]
INFO: [ app_begin ] --END-- [ RunTime:0.000828s ]
NOTIC: [8] Undefined index:  old_pwd K:\appserver\appserver\AppServ\www\lejun\HOME\Lib\Action\UserInfoAction.class.php 第 115 行.
NOTIC: [8] Undefined index:  new_pwd K:\appserver\appserver\AppServ\www\lejun\HOME\Lib\Action\UserInfoAction.class.php 第 116 行.
SQL: SHOW COLUMNS FROM `lj_user_information` [ RunTime:0.062019s ]
SQL: SELECT * FROM `lj_user_information` WHERE ( `Id` = 2 )  [ RunTime:0.061261s ]
NOTIC: [8] Undefined variable: username K:\appserver\appserver\AppServ\www\lejun\HOME\Lib\Action\UserInfoAction.class.php 第 125 行.

[ 2014-02-17T00:28:01+08:00 ] 127.0.0.1 /lejun/index.php/UserInfo/user_info.html
INFO: [ app_begin ] --START--
INFO: Run ReadHtmlCache Behavior [ RunTime:0.001232s ]
INFO: [ app_begin ] --END-- [ RunTime:0.001383s ]
INFO: [ view_template ] --START--
INFO: Run LocationTemplate Behavior [ RunTime:0.007598s ]
INFO: [ view_template ] --END-- [ RunTime:0.007977s ]
INFO: [ view_parse ] --START--
NOTIC: [8] Undefined index:  e-mail_tf K:\appserver\appserver\AppServ\www\lejun\HOME\Runtime\Cache\2db06a70a453497812f918c1254c1dfa.php 第 3 行.
INFO: Run ParseTemplate Behavior [ RunTime:0.042098s ]
INFO: [ view_parse ] --END-- [ RunTime:0.042254s ]
INFO: [ view_filter ] --START--
INFO: Run ContentReplace Behavior [ RunTime:0.002742s ]
INFO: Run TokenBuild Behavior [ RunTime:0.003063s ]
INFO: Run WriteHtmlCache Behavior [ RunTime:0.002722s ]
INFO: Run ShowRuntime Behavior [ RunTime:0.003200s ]
INFO: [ view_filter ] --END-- [ RunTime:0.012223s ]
INFO: [ view_end ] --START--
INFO: Run ShowPageTrace Behavior [ RunTime:0.004089s ]
INFO: [ view_end ] --END-- [ RunTime:0.004250s ]

[ 2014-02-17T00:28:02+08:00 ] 127.0.0.1 /lejun/index.php/UserInfo/demo.html
INFO: [ app_begin ] --START--
INFO: Run ReadHtmlCache Behavior [ RunTime:0.001172s ]
INFO: [ app_begin ] --END-- [ RunTime:0.001322s ]
INFO: [ view_template ] --START--
INFO: Run LocationTemplate Behavior [ RunTime:0.003881s ]
INFO: [ view_template ] --END-- [ RunTime:0.004150s ]
INFO: [ view_parse ] --START--
INFO: Run ParseTemplate Behavior [ RunTime:0.013451s ]
INFO: [ view_parse ] --END-- [ RunTime:0.013615s ]
INFO: [ view_filter ] --START--
INFO: Run ContentReplace Behavior [ RunTime:0.001089s ]
INFO: Run TokenBuild Behavior [ RunTime:0.000793s ]
INFO: Run WriteHtmlCache Behavior [ RunTime:0.000514s ]
INFO: Run ShowRuntime Behavior [ RunTime:0.000874s ]
INFO: [ view_filter ] --END-- [ RunTime:0.003641s ]
INFO: [ view_end ] --START--
INFO: Run ShowPageTrace Behavior [ RunTime:0.002760s ]
INFO: [ view_end ] --END-- [ RunTime:0.002928s ]

[ 2014-02-17T00:28:18+08:00 ] 127.0.0.1 /lejun/index.php/UserInfo/user_info.html
INFO: [ app_begin ] --START--
INFO: Run ReadHtmlCache Behavior [ RunTime:0.001280s ]
INFO: [ app_begin ] --END-- [ RunTime:0.001448s ]
INFO: [ view_template ] --START--
INFO: Run LocationTemplate Behavior [ RunTime:0.005160s ]
INFO: [ view_template ] --END-- [ RunTime:0.005351s ]
INFO: [ view_parse ] --START--
NOTIC: [8] Undefined index:  e-mail_tf K:\appserver\appserver\AppServ\www\lejun\HOME\Runtime\Cache\2db06a70a453497812f918c1254c1dfa.php 第 3 行.
INFO: Run ParseTemplate Behavior [ RunTime:0.029923s ]
INFO: [ view_parse ] --END-- [ RunTime:0.030078s ]
INFO: [ view_filter ] --START--
INFO: Run ContentReplace Behavior [ RunTime:0.001182s ]
INFO: Run TokenBuild Behavior [ RunTime:0.001315s ]
INFO: Run WriteHtmlCache Behavior [ RunTime:0.000722s ]
INFO: Run ShowRuntime Behavior [ RunTime:0.000998s ]
INFO: [ view_filter ] --END-- [ RunTime:0.004678s ]
INFO: [ view_end ] --START--
INFO: Run ShowPageTrace Behavior [ RunTime:0.002588s ]
INFO: [ view_end ] --END-- [ RunTime:0.002735s ]

[ 2014-02-17T00:28:20+08:00 ] 127.0.0.1 /lejun/index.php/UserInfo/demo.html
INFO: [ app_begin ] --START--
INFO: Run ReadHtmlCache Behavior [ RunTime:0.000908s ]
INFO: [ app_begin ] --END-- [ RunTime:0.001035s ]
INFO: [ view_template ] --START--
INFO: Run LocationTemplate Behavior [ RunTime:0.003674s ]
INFO: [ view_template ] --END-- [ RunTime:0.003841s ]
INFO: [ view_parse ] --START--
INFO: Run ParseTemplate Behavior [ RunTime:0.014498s ]
INFO: [ view_parse ] --END-- [ RunTime:0.014652s ]
INFO: [ view_filter ] --START--
INFO: Run ContentReplace Behavior [ RunTime:0.000699s ]
INFO: Run TokenBuild Behavior [ RunTime:0.000627s ]
INFO: Run WriteHtmlCache Behavior [ RunTime:0.000392s ]
INFO: Run ShowRuntime Behavior [ RunTime:0.000614s ]
INFO: [ view_filter ] --END-- [ RunTime:0.002622s ]
INFO: [ view_end ] --START--
INFO: Run ShowPageTrace Behavior [ RunTime:0.001587s ]
INFO: [ view_end ] --END-- [ RunTime:0.001669s ]

[ 2014-02-17T00:28:24+08:00 ] 127.0.0.1 /lejun/index.php/UserInfo/user_info.html
INFO: [ app_begin ] --START--
INFO: Run ReadHtmlCache Behavior [ RunTime:0.000998s ]
INFO: [ app_begin ] --END-- [ RunTime:0.001119s ]
INFO: [ view_template ] --START--
INFO: Run LocationTemplate Behavior [ RunTime:0.004777s ]
INFO: [ view_template ] --END-- [ RunTime:0.004963s ]
INFO: [ view_parse ] --START--
NOTIC: [8] Undefined index:  e-mail_tf K:\appserver\appserver\AppServ\www\lejun\HOME\Runtime\Cache\2db06a70a453497812f918c1254c1dfa.php 第 3 行.
INFO: Run ParseTemplate Behavior [ RunTime:0.025691s ]
INFO: [ view_parse ] --END-- [ RunTime:0.025835s ]
INFO: [ view_filter ] --START--
INFO: Run ContentReplace Behavior [ RunTime:0.000763s ]
INFO: Run TokenBuild Behavior [ RunTime:0.001311s ]
INFO: Run WriteHtmlCache Behavior [ RunTime:0.000669s ]
INFO: Run ShowRuntime Behavior [ RunTime:0.002053s ]
INFO: [ view_filter ] --END-- [ RunTime:0.005238s ]
INFO: [ view_end ] --START--
INFO: Run ShowPageTrace Behavior [ RunTime:0.002717s ]
INFO: [ view_end ] --END-- [ RunTime:0.002869s ]

[ 2014-02-17T00:28:29+08:00 ] 127.0.0.1 /lejun/index.php/UserInfo/user_info.html
INFO: [ app_begin ] --START--
INFO: Run ReadHtmlCache Behavior [ RunTime:0.000990s ]
INFO: [ app_begin ] --END-- [ RunTime:0.001125s ]
INFO: [ view_template ] --START--
INFO: Run LocationTemplate Behavior [ RunTime:0.003987s ]
INFO: [ view_template ] --END-- [ RunTime:0.004184s ]
INFO: [ view_parse ] --START--
NOTIC: [8] Undefined index:  e-mail_tf K:\appserver\appserver\AppServ\www\lejun\HOME\Runtime\Cache\2db06a70a453497812f918c1254c1dfa.php 第 3 行.
INFO: Run ParseTemplate Behavior [ RunTime:0.033110s ]
INFO: [ view_parse ] --END-- [ RunTime:0.033254s ]
INFO: [ view_filter ] --START--
INFO: Run ContentReplace Behavior [ RunTime:0.005418s ]
INFO: Run TokenBuild Behavior [ RunTime:0.003890s ]
INFO: Run WriteHtmlCache Behavior [ RunTime:0.003986s ]
INFO: Run ShowRuntime Behavior [ RunTime:0.003720s ]
INFO: [ view_filter ] --END-- [ RunTime:0.017699s ]
INFO: [ view_end ] --START--
INFO: Run ShowPageTrace Behavior [ RunTime:0.006777s ]
INFO: [ view_end ] --END-- [ RunTime:0.006937s ]

[ 2014-02-17T00:28:31+08:00 ] 127.0.0.1 /lejun/index.php/UserInfo/demo.html
INFO: [ app_begin ] --START--
INFO: Run ReadHtmlCache Behavior [ RunTime:0.001195s ]
INFO: [ app_begin ] --END-- [ RunTime:0.001363s ]
INFO: [ view_template ] --START--
INFO: Run LocationTemplate Behavior [ RunTime:0.002954s ]
INFO: [ view_template ] --END-- [ RunTime:0.003096s ]
INFO: [ view_parse ] --START--
NOTIC: [8] Undefined index:  username K:\appserver\appserver\AppServ\www\lejun\HOME\Runtime\Cache\04f08ec1422557b71771e1ca744ce797.php 第 5 行.
INFO: Run ParseTemplate Behavior [ RunTime:0.018641s ]
INFO: [ view_parse ] --END-- [ RunTime:0.018751s ]
INFO: [ view_filter ] --START--
INFO: Run ContentReplace Behavior [ RunTime:0.000545s ]
INFO: Run TokenBuild Behavior [ RunTime:0.000668s ]
INFO: Run WriteHtmlCache Behavior [ RunTime:0.000475s ]
INFO: Run ShowRuntime Behavior [ RunTime:0.000818s ]
INFO: [ view_filter ] --END-- [ RunTime:0.002784s ]
INFO: [ view_end ] --START--
INFO: Run ShowPageTrace Behavior [ RunTime:0.002108s ]
INFO: [ view_end ] --END-- [ RunTime:0.002213s ]

[ 2014-02-17T00:29:12+08:00 ] 127.0.0.1 /lejun/index.php/UserInfo/user_info.html
INFO: [ app_begin ] --START--
INFO: Run ReadHtmlCache Behavior [ RunTime:0.001103s ]
INFO: [ app_begin ] --END-- [ RunTime:0.001252s ]
INFO: [ view_template ] --START--
INFO: Run LocationTemplate Behavior [ RunTime:0.004327s ]
INFO: [ view_template ] --END-- [ RunTime:0.004520s ]
INFO: [ view_parse ] --START--
NOTIC: [8] Undefined index:  e-mail_tf K:\appserver\appserver\AppServ\www\lejun\HOME\Runtime\Cache\2db06a70a453497812f918c1254c1dfa.php 第 3 行.
INFO: Run ParseTemplate Behavior [ RunTime:0.030052s ]
INFO: [ view_parse ] --END-- [ RunTime:0.030205s ]
INFO: [ view_filter ] --START--
INFO: Run ContentReplace Behavior [ RunTime:0.001004s ]
INFO: Run TokenBuild Behavior [ RunTime:0.002712s ]
INFO: Run WriteHtmlCache Behavior [ RunTime:0.000560s ]
INFO: Run ShowRuntime Behavior [ RunTime:0.000916s ]
INFO: [ view_filter ] --END-- [ RunTime:0.005890s ]
INFO: [ view_end ] --START--
INFO: Run ShowPageTrace Behavior [ RunTime:0.003378s ]
INFO: [ view_end ] --END-- [ RunTime:0.003571s ]

[ 2014-02-17T00:29:14+08:00 ] 127.0.0.1 /lejun/index.php/UserInfo/modify_pwd.html
INFO: [ app_begin ] --START--
INFO: Run ReadHtmlCache Behavior [ RunTime:0.000852s ]
INFO: [ app_begin ] --END-- [ RunTime:0.000945s ]
NOTIC: [8] Undefined index:  old_pwd K:\appserver\appserver\AppServ\www\lejun\HOME\Lib\Action\UserInfoAction.class.php 第 115 行.
NOTIC: [8] Undefined index:  new_pwd K:\appserver\appserver\AppServ\www\lejun\HOME\Lib\Action\UserInfoAction.class.php 第 116 行.
SQL: SHOW COLUMNS FROM `lj_user_information` [ RunTime:0.050768s ]
SQL: SELECT * FROM `lj_user_information` WHERE ( `Id` = 2 )  [ RunTime:0.049887s ]
NOTIC: [8] Undefined variable: username K:\appserver\appserver\AppServ\www\lejun\HOME\Lib\Action\UserInfoAction.class.php 第 125 行.

[ 2014-02-17T00:29:17+08:00 ] 127.0.0.1 /lejun/index.php/UserInfo/modify_pwd.html
INFO: [ app_begin ] --START--
INFO: Run ReadHtmlCache Behavior [ RunTime:0.000999s ]
INFO: [ app_begin ] --END-- [ RunTime:0.001129s ]
NOTIC: [8] Undefined index:  old_pwd K:\appserver\appserver\AppServ\www\lejun\HOME\Lib\Action\UserInfoAction.class.php 第 115 行.
NOTIC: [8] Undefined index:  new_pwd K:\appserver\appserver\AppServ\www\lejun\HOME\Lib\Action\UserInfoAction.class.php 第 116 行.
SQL: SHOW COLUMNS FROM `lj_user_information` [ RunTime:0.044682s ]
SQL: SELECT * FROM `lj_user_information` WHERE ( `Id` = 2 )  [ RunTime:0.043331s ]
NOTIC: [8] Undefined variable: username K:\appserver\appserver\AppServ\www\lejun\HOME\Lib\Action\UserInfoAction.class.php 第 125 行.

[ 2014-02-17T00:29:19+08:00 ] 127.0.0.1 /lejun/index.php/UserInfo/user_info.html
INFO: [ app_begin ] --START--
INFO: Run ReadHtmlCache Behavior [ RunTime:0.001074s ]
INFO: [ app_begin ] --END-- [ RunTime:0.001218s ]
INFO: [ view_template ] --START--
INFO: Run LocationTemplate Behavior [ RunTime:0.000666s ]
INFO: [ view_template ] --END-- [ RunTime:0.000808s ]
INFO: [ view_parse ] --START--
NOTIC: [8] Undefined index:  e-mail_tf K:\appserver\appserver\AppServ\www\lejun\HOME\Runtime\Cache\2db06a70a453497812f918c1254c1dfa.php 第 3 行.
INFO: Run ParseTemplate Behavior [ RunTime:0.016826s ]
INFO: [ view_parse ] --END-- [ RunTime:0.016960s ]
INFO: [ view_filter ] --START--
INFO: Run ContentReplace Behavior [ RunTime:0.000895s ]
INFO: Run TokenBuild Behavior [ RunTime:0.000809s ]
INFO: Run WriteHtmlCache Behavior [ RunTime:0.000543s ]
INFO: Run ShowRuntime Behavior [ RunTime:0.000908s ]
INFO: [ view_filter ] --END-- [ RunTime:0.003664s ]
INFO: [ view_end ] --START--
INFO: Run ShowPageTrace Behavior [ RunTime:0.002767s ]
INFO: [ view_end ] --END-- [ RunTime:0.002942s ]

[ 2014-02-17T00:29:23+08:00 ] 127.0.0.1 /lejun/index.php/UserInfo/modify_pwd.html
INFO: [ app_begin ] --START--
INFO: Run ReadHtmlCache Behavior [ RunTime:0.000862s ]
INFO: [ app_begin ] --END-- [ RunTime:0.000978s ]
NOTIC: [8] Undefined index:  old_pwd K:\appserver\appserver\AppServ\www\lejun\HOME\Lib\Action\UserInfoAction.class.php 第 115 行.
NOTIC: [8] Undefined index:  new_pwd K:\appserver\appserver\AppServ\www\lejun\HOME\Lib\Action\UserInfoAction.class.php 第 116 行.
SQL: SHOW COLUMNS FROM `lj_user_information` [ RunTime:0.054169s ]
SQL: SELECT * FROM `lj_user_information` WHERE ( `Id` = 2 )  [ RunTime:0.052865s ]
NOTIC: [8] Undefined variable: username K:\appserver\appserver\AppServ\www\lejun\HOME\Lib\Action\UserInfoAction.class.php 第 125 行.

[ 2014-02-17T00:29:56+08:00 ] 127.0.0.1 /lejun/index.php/UserInfo/user_info.html
INFO: [ app_begin ] --START--
INFO: Run ReadHtmlCache Behavior [ RunTime:0.001118s ]
INFO: [ app_begin ] --END-- [ RunTime:0.001267s ]
INFO: [ view_template ] --START--
INFO: Run LocationTemplate Behavior [ RunTime:0.000654s ]
INFO: [ view_template ] --END-- [ RunTime:0.000777s ]
INFO: [ view_parse ] --START--
NOTIC: [8] Undefined index:  e-mail_tf K:\appserver\appserver\AppServ\www\lejun\HOME\Runtime\Cache\2db06a70a453497812f918c1254c1dfa.php 第 3 行.
INFO: Run ParseTemplate Behavior [ RunTime:0.015785s ]
INFO: [ view_parse ] --END-- [ RunTime:0.015893s ]
INFO: [ view_filter ] --START--
INFO: Run ContentReplace Behavior [ RunTime:0.000630s ]
INFO: Run TokenBuild Behavior [ RunTime:0.000552s ]
INFO: Run WriteHtmlCache Behavior [ RunTime:0.000362s ]
INFO: Run ShowRuntime Behavior [ RunTime:0.000627s ]
INFO: [ view_filter ] --END-- [ RunTime:0.002425s ]
INFO: [ view_end ] --START--
INFO: Run ShowPageTrace Behavior [ RunTime:0.002165s ]
INFO: [ view_end ] --END-- [ RunTime:0.002308s ]

[ 2014-02-17T00:29:57+08:00 ] ERR: (ThinkException) 非法操作:modify_pwd_page
[ 2014-02-17T00:30:22+08:00 ] 127.0.0.1 /lejun/index.php/UserInfo/user_info.html
INFO: [ app_begin ] --START--
INFO: Run ReadHtmlCache Behavior [ RunTime:0.001626s ]
INFO: [ app_begin ] --END-- [ RunTime:0.001820s ]
INFO: [ view_template ] --START--
INFO: Run LocationTemplate Behavior [ RunTime:0.000795s ]
INFO: [ view_template ] --END-- [ RunTime:0.000941s ]
INFO: [ view_parse ] --START--
NOTIC: [8] Undefined index:  e-mail_tf K:\appserver\appserver\AppServ\www\lejun\HOME\Runtime\Cache\2db06a70a453497812f918c1254c1dfa.php 第 3 行.
INFO: Run ParseTemplate Behavior [ RunTime:0.017082s ]
INFO: [ view_parse ] --END-- [ RunTime:0.017235s ]
INFO: [ view_filter ] --START--
INFO: Run ContentReplace Behavior [ RunTime:0.000788s ]
INFO: Run TokenBuild Behavior [ RunTime:0.000730s ]
INFO: Run WriteHtmlCache Behavior [ RunTime:0.000557s ]
INFO: Run ShowRuntime Behavior [ RunTime:0.000935s ]
INFO: [ view_filter ] --END-- [ RunTime:0.003384s ]
INFO: [ view_end ] --START--
INFO: Run ShowPageTrace Behavior [ RunTime:0.002470s ]
INFO: [ view_end ] --END-- [ RunTime:0.002628s ]

[ 2014-02-17T00:30:24+08:00 ] 127.0.0.1 /lejun/index.php/UserInfo/modify_pwd_page.html
INFO: [ app_begin ] --START--
INFO: Run ReadHtmlCache Behavior [ RunTime:0.000693s ]
INFO: [ app_begin ] --END-- [ RunTime:0.000779s ]
INFO: [ view_template ] --START--
INFO: Run LocationTemplate Behavior [ RunTime:0.003563s ]
INFO: [ view_template ] --END-- [ RunTime:0.003746s ]
INFO: [ view_parse ] --START--
NOTIC: [8] Undefined index:  username K:\appserver\appserver\AppServ\www\lejun\HOME\Runtime\Cache\e0c822d193ca0e0e01ec0ef925bfabb4.php 第 5 行.
INFO: Run ParseTemplate Behavior [ RunTime:0.016758s ]
INFO: [ view_parse ] --END-- [ RunTime:0.016888s ]
INFO: [ view_filter ] --START--
INFO: Run ContentReplace Behavior [ RunTime:0.000800s ]
INFO: Run TokenBuild Behavior [ RunTime:0.000659s ]
INFO: Run WriteHtmlCache Behavior [ RunTime:0.000480s ]
INFO: Run ShowRuntime Behavior [ RunTime:0.000877s ]
INFO: [ view_filter ] --END-- [ RunTime:0.003150s ]
INFO: [ view_end ] --START--
INFO: Run ShowPageTrace Behavior [ RunTime:0.002122s ]
INFO: [ view_end ] --END-- [ RunTime:0.002237s ]

[ 2014-02-17T00:30:43+08:00 ] 127.0.0.1 /lejun/index.php/UserInfo/modify_pwd
INFO: [ app_begin ] --START--
INFO: Run ReadHtmlCache Behavior [ RunTime:0.002950s ]
INFO: [ app_begin ] --END-- [ RunTime:0.003101s ]
SQL: SHOW COLUMNS FROM `lj_user_information` [ RunTime:0.054598s ]
SQL: SELECT * FROM `lj_user_information` WHERE ( `Id` = 2 )  [ RunTime:0.053591s ]
NOTIC: [8] Undefined variable: username K:\appserver\appserver\AppServ\www\lejun\HOME\Lib\Action\UserInfoAction.class.php 第 125 行.

[ 2014-02-17T00:33:30+08:00 ] 127.0.0.1 /lejun/index.php/UserInfo/user_info.html
INFO: [ app_begin ] --START--
INFO: Run ReadHtmlCache Behavior [ RunTime:0.001093s ]
INFO: [ app_begin ] --END-- [ RunTime:0.001237s ]
INFO: [ view_template ] --START--
INFO: Run LocationTemplate Behavior [ RunTime:0.003024s ]
INFO: [ view_template ] --END-- [ RunTime:0.003197s ]
INFO: [ view_parse ] --START--
NOTIC: [8] Undefined index:  e-mail_tf K:\appserver\appserver\AppServ\www\lejun\HOME\Runtime\Cache\2db06a70a453497812f918c1254c1dfa.php 第 3 行.
INFO: Run ParseTemplate Behavior [ RunTime:0.038526s ]
INFO: [ view_parse ] --END-- [ RunTime:0.038670s ]
INFO: [ view_filter ] --START--
INFO: Run ContentReplace Behavior [ RunTime:0.007213s ]
INFO: Run TokenBuild Behavior [ RunTime:0.014949s ]
INFO: Run WriteHtmlCache Behavior [ RunTime:0.006465s ]
INFO: Run ShowRuntime Behavior [ RunTime:0.005016s ]
INFO: [ view_filter ] --END-- [ RunTime:0.035548s ]
INFO: [ view_end ] --START--
INFO: Run ShowPageTrace Behavior [ RunTime:0.003923s ]
INFO: [ view_end ] --END-- [ RunTime:0.004093s ]

[ 2014-02-17T00:33:31+08:00 ] 127.0.0.1 /lejun/index.php/UserInfo/modify_pwd_page.html
INFO: [ app_begin ] --START--
INFO: Run ReadHtmlCache Behavior [ RunTime:0.000696s ]
INFO: [ app_begin ] --END-- [ RunTime:0.000779s ]
INFO: [ view_template ] --START--
INFO: Run LocationTemplate Behavior [ RunTime:0.003463s ]
INFO: [ view_template ] --END-- [ RunTime:0.003607s ]
INFO: [ view_parse ] --START--
NOTIC: [8] Undefined index:  username K:\appserver\appserver\AppServ\www\lejun\HOME\Runtime\Cache\e0c822d193ca0e0e01ec0ef925bfabb4.php 第 5 行.
INFO: Run ParseTemplate Behavior [ RunTime:0.015497s ]
INFO: [ view_parse ] --END-- [ RunTime:0.015607s ]
INFO: [ view_filter ] --START--
INFO: Run ContentReplace Behavior [ RunTime:0.000551s ]
INFO: Run TokenBuild Behavior [ RunTime:0.000478s ]
INFO: Run WriteHtmlCache Behavior [ RunTime:0.000349s ]
INFO: Run ShowRuntime Behavior [ RunTime:0.000592s ]
INFO: [ view_filter ] --END-- [ RunTime:0.002187s ]
INFO: [ view_end ] --START--
INFO: Run ShowPageTrace Behavior [ RunTime:0.001497s ]
INFO: [ view_end ] --END-- [ RunTime:0.001578s ]

[ 2014-02-17T00:34:10+08:00 ] 127.0.0.1 /lejun/index.php/UserInfo/user_info.html
INFO: [ app_begin ] --START--
INFO: Run ReadHtmlCache Behavior [ RunTime:0.001092s ]
INFO: [ app_begin ] --END-- [ RunTime:0.001213s ]
INFO: [ view_template ] --START--
INFO: Run LocationTemplate Behavior [ RunTime:0.005925s ]
INFO: [ view_template ] --END-- [ RunTime:0.006118s ]
INFO: [ view_parse ] --START--
NOTIC: [8] Undefined index:  e-mail_tf K:\appserver\appserver\AppServ\www\lejun\HOME\Runtime\Cache\2db06a70a453497812f918c1254c1dfa.php 第 3 行.
INFO: Run ParseTemplate Behavior [ RunTime:0.065601s ]
INFO: [ view_parse ] --END-- [ RunTime:0.065773s ]
INFO: [ view_filter ] --START--
INFO: Run ContentReplace Behavior [ RunTime:0.031641s ]
INFO: Run TokenBuild Behavior [ RunTime:0.003415s ]
INFO: Run WriteHtmlCache Behavior [ RunTime:0.003342s ]
INFO: Run ShowRuntime Behavior [ RunTime:0.005910s ]
INFO: [ view_filter ] --END-- [ RunTime:0.044790s ]
INFO: [ view_end ] --START--
INFO: Run ShowPageTrace Behavior [ RunTime:0.020443s ]
INFO: [ view_end ] --END-- [ RunTime:0.020618s ]

[ 2014-02-17T00:34:12+08:00 ] 127.0.0.1 /lejun/index.php/UserInfo/modify_pwd_page.html
INFO: [ app_begin ] --START--
INFO: Run ReadHtmlCache Behavior [ RunTime:0.000943s ]
INFO: [ app_begin ] --END-- [ RunTime:0.001049s ]
INFO: [ view_template ] --START--
INFO: Run LocationTemplate Behavior [ RunTime:0.003550s ]
INFO: [ view_template ] --END-- [ RunTime:0.003702s ]
INFO: [ view_parse ] --START--
NOTIC: [8] Undefined index:  username K:\appserver\appserver\AppServ\www\lejun\HOME\Runtime\Cache\e0c822d193ca0e0e01ec0ef925bfabb4.php 第 5 行.
INFO: Run ParseTemplate Behavior [ RunTime:0.018181s ]
INFO: [ view_parse ] --END-- [ RunTime:0.018316s ]
INFO: [ view_filter ] --START--
INFO: Run ContentReplace Behavior [ RunTime:0.000722s ]
INFO: Run TokenBuild Behavior [ RunTime:0.000656s ]
INFO: Run WriteHtmlCache Behavior [ RunTime:0.000449s ]
INFO: Run ShowRuntime Behavior [ RunTime:0.003086s ]
INFO: [ view_filter ] --END-- [ RunTime:0.005204s ]
INFO: [ view_end ] --START--
INFO: Run ShowPageTrace Behavior [ RunTime:0.001802s ]
INFO: [ view_end ] --END-- [ RunTime:0.001921s ]

[ 2014-02-17T00:34:20+08:00 ] 127.0.0.1 /lejun/index.php/UserInfo/modify_pwd
INFO: [ app_begin ] --START--
INFO: Run ReadHtmlCache Behavior [ RunTime:0.000710s ]
INFO: [ app_begin ] --END-- [ RunTime:0.000797s ]
SQL: SHOW COLUMNS FROM `lj_user_information` [ RunTime:0.050521s ]
SQL: SELECT * FROM `lj_user_information` WHERE ( `Id` = 2 )  [ RunTime:0.049432s ]
NOTIC: [8] Undefined variable: username K:\appserver\appserver\AppServ\www\lejun\HOME\Lib\Action\UserInfoAction.class.php 第 125 行.

[ 2014-02-17T00:34:34+08:00 ] 127.0.0.1 /lejun/index.php/UserInfo/user_info.html
INFO: [ app_begin ] --START--
INFO: Run ReadHtmlCache Behavior [ RunTime:0.000851s ]
INFO: [ app_begin ] --END-- [ RunTime:0.000960s ]
INFO: [ view_template ] --START--
INFO: Run LocationTemplate Behavior [ RunTime:0.006498s ]
INFO: [ view_template ] --END-- [ RunTime:0.006657s ]
INFO: [ view_parse ] --START--
NOTIC: [8] Undefined index:  e-mail_tf K:\appserver\appserver\AppServ\www\lejun\HOME\Runtime\Cache\2db06a70a453497812f918c1254c1dfa.php 第 3 行.
INFO: Run ParseTemplate Behavior [ RunTime:0.040698s ]
INFO: [ view_parse ] --END-- [ RunTime:0.040849s ]
INFO: [ view_filter ] --START--
INFO: Run ContentReplace Behavior [ RunTime:0.004742s ]
INFO: Run TokenBuild Behavior [ RunTime:0.006596s ]
INFO: Run WriteHtmlCache Behavior [ RunTime:0.005172s ]
INFO: Run ShowRuntime Behavior [ RunTime:0.004077s ]
INFO: [ view_filter ] --END-- [ RunTime:0.021126s ]
INFO: [ view_end ] --START--
INFO: Run ShowPageTrace Behavior [ RunTime:0.003771s ]
INFO: [ view_end ] --END-- [ RunTime:0.003957s ]

[ 2014-02-17T00:37:24+08:00 ] 127.0.0.1 /lejun/index.php/UserInfo/user_info.html
INFO: [ app_begin ] --START--
INFO: Run ReadHtmlCache Behavior [ RunTime:0.001171s ]
INFO: [ app_begin ] --END-- [ RunTime:0.001315s ]
INFO: [ view_template ] --START--
INFO: Run LocationTemplate Behavior [ RunTime:0.003042s ]
INFO: [ view_template ] --END-- [ RunTime:0.003205s ]
INFO: [ view_parse ] --START--
NOTIC: [8] Undefined index:  e-mail_tf K:\appserver\appserver\AppServ\www\lejun\HOME\Runtime\Cache\2db06a70a453497812f918c1254c1dfa.php 第 3 行.
INFO: Run ParseTemplate Behavior [ RunTime:0.038857s ]
INFO: [ view_parse ] --END-- [ RunTime:0.039168s ]
INFO: [ view_filter ] --START--
INFO: Run ContentReplace Behavior [ RunTime:0.023443s ]
INFO: Run TokenBuild Behavior [ RunTime:0.005113s ]
INFO: Run WriteHtmlCache Behavior [ RunTime:0.009252s ]
INFO: Run ShowRuntime Behavior [ RunTime:0.005862s ]
INFO: [ view_filter ] --END-- [ RunTime:0.044823s ]
INFO: [ view_end ] --START--
INFO: Run ShowPageTrace Behavior [ RunTime:0.004615s ]
INFO: [ view_end ] --END-- [ RunTime:0.004775s ]

[ 2014-02-17T00:37:25+08:00 ] 127.0.0.1 /lejun/index.php/UserInfo/modify_pwd_page.html
INFO: [ app_begin ] --START--
INFO: Run ReadHtmlCache Behavior [ RunTime:0.001908s ]
INFO: [ app_begin ] --END-- [ RunTime:0.002139s ]
INFO: [ view_template ] --START--
INFO: Run LocationTemplate Behavior [ RunTime:0.003130s ]
INFO: [ view_template ] --END-- [ RunTime:0.003343s ]
INFO: [ view_parse ] --START--
NOTIC: [8] Undefined index:  username K:\appserver\appserver\AppServ\www\lejun\HOME\Runtime\Cache\e0c822d193ca0e0e01ec0ef925bfabb4.php 第 5 行.
INFO: Run ParseTemplate Behavior [ RunTime:0.020363s ]
INFO: [ view_parse ] --END-- [ RunTime:0.020490s ]
INFO: [ view_filter ] --START--
INFO: Run ContentReplace Behavior [ RunTime:0.000827s ]
INFO: Run TokenBuild Behavior [ RunTime:0.000849s ]
INFO: Run WriteHtmlCache Behavior [ RunTime:0.000373s ]
INFO: Run ShowRuntime Behavior [ RunTime:0.000592s ]
INFO: [ view_filter ] --END-- [ RunTime:0.002918s ]
INFO: [ view_end ] --START--
INFO: Run ShowPageTrace Behavior [ RunTime:0.001598s ]
INFO: [ view_end ] --END-- [ RunTime:0.001680s ]

[ 2014-02-17T00:37:38+08:00 ] 127.0.0.1 /lejun/index.php/UserInfo/modify_pwd
INFO: [ app_begin ] --START--
INFO: Run ReadHtmlCache Behavior [ RunTime:0.000700s ]
INFO: [ app_begin ] --END-- [ RunTime:0.000784s ]
SQL: SHOW COLUMNS FROM `lj_user_information` [ RunTime:0.061842s ]
SQL: SELECT * FROM `lj_user_information` WHERE ( `Id` = 2 )  [ RunTime:0.061376s ]
NOTIC: [8] Undefined variable: username K:\appserver\appserver\AppServ\www\lejun\HOME\Lib\Action\UserInfoAction.class.php 第 125 行.

[ 2014-02-17T00:37:52+08:00 ] 127.0.0.1 /lejun/index.php/UserInfo/modify_pwd
INFO: [ app_begin ] --START--
INFO: Run ReadHtmlCache Behavior [ RunTime:0.000971s ]
INFO: [ app_begin ] --END-- [ RunTime:0.001089s ]
SQL: SHOW COLUMNS FROM `lj_user_information` [ RunTime:0.055985s ]
SQL: SELECT * FROM `lj_user_information` WHERE ( `Id` = 2 )  [ RunTime:0.054504s ]
NOTIC: [8] Undefined variable: username K:\appserver\appserver\AppServ\www\lejun\HOME\Lib\Action\UserInfoAction.class.php 第 125 行.

[ 2014-02-17T00:37:53+08:00 ] 127.0.0.1 /lejun/index.php/UserInfo/modify_pwd
INFO: [ app_begin ] --START--
INFO: Run ReadHtmlCache Behavior [ RunTime:0.000982s ]
INFO: [ app_begin ] --END-- [ RunTime:0.001100s ]
SQL: SHOW COLUMNS FROM `lj_user_information` [ RunTime:0.053960s ]
SQL: SELECT * FROM `lj_user_information` WHERE ( `Id` = 2 )  [ RunTime:0.052782s ]
NOTIC: [8] Undefined variable: username K:\appserver\appserver\AppServ\www\lejun\HOME\Lib\Action\UserInfoAction.class.php 第 125 行.

[ 2014-02-17T00:38:14+08:00 ] 127.0.0.1 /lejun/index.php/UserInfo/user_info.html
INFO: [ app_begin ] --START--
INFO: Run ReadHtmlCache Behavior [ RunTime:0.001144s ]
INFO: [ app_begin ] --END-- [ RunTime:0.001331s ]
INFO: [ view_template ] --START--
INFO: Run LocationTemplate Behavior [ RunTime:0.003497s ]
INFO: [ view_template ] --END-- [ RunTime:0.003673s ]
INFO: [ view_parse ] --START--
NOTIC: [8] Undefined index:  e-mail_tf K:\appserver\appserver\AppServ\www\lejun\HOME\Runtime\Cache\2db06a70a453497812f918c1254c1dfa.php 第 3 行.
INFO: Run ParseTemplate Behavior [ RunTime:0.037767s ]
INFO: [ view_parse ] --END-- [ RunTime:0.038079s ]
INFO: [ view_filter ] --START--
INFO: Run ContentReplace Behavior [ RunTime:0.008654s ]
INFO: Run TokenBuild Behavior [ RunTime:0.005183s ]
INFO: Run WriteHtmlCache Behavior [ RunTime:0.002958s ]
INFO: Run ShowRuntime Behavior [ RunTime:0.006373s ]
INFO: [ view_filter ] --END-- [ RunTime:0.023647s ]
INFO: [ view_end ] --START--
INFO: Run ShowPageTrace Behavior [ RunTime:0.011186s ]
INFO: [ view_end ] --END-- [ RunTime:0.011340s ]

[ 2014-02-17T00:38:19+08:00 ] 127.0.0.1 /lejun/index.php/UserInfo/modify_pwd_page.html
INFO: [ app_begin ] --START--
INFO: Run ReadHtmlCache Behavior [ RunTime:0.000887s ]
INFO: [ app_begin ] --END-- [ RunTime:0.001047s ]
INFO: [ view_template ] --START--
INFO: Run LocationTemplate Behavior [ RunTime:0.002670s ]
INFO: [ view_template ] --END-- [ RunTime:0.002794s ]
INFO: [ view_parse ] --START--
NOTIC: [8] Undefined index:  username K:\appserver\appserver\AppServ\www\lejun\HOME\Runtime\Cache\e0c822d193ca0e0e01ec0ef925bfabb4.php 第 5 行.
INFO: Run ParseTemplate Behavior [ RunTime:0.016768s ]
INFO: [ view_parse ] --END-- [ RunTime:0.016885s ]
INFO: [ view_filter ] --START--
INFO: Run ContentReplace Behavior [ RunTime:0.000753s ]
INFO: Run TokenBuild Behavior [ RunTime:0.000665s ]
INFO: Run WriteHtmlCache Behavior [ RunTime:0.000457s ]
INFO: Run ShowRuntime Behavior [ RunTime:0.003616s ]
INFO: [ view_filter ] --END-- [ RunTime:0.005827s ]
INFO: [ view_end ] --START--
INFO: Run ShowPageTrace Behavior [ RunTime:0.002046s ]
INFO: [ view_end ] --END-- [ RunTime:0.002170s ]

[ 2014-02-17T00:38:30+08:00 ] 127.0.0.1 /lejun/index.php/UserInfo/modify_pwd
INFO: [ app_begin ] --START--
INFO: Run ReadHtmlCache Behavior [ RunTime:0.000975s ]
INFO: [ app_begin ] --END-- [ RunTime:0.001093s ]
SQL: SHOW COLUMNS FROM `lj_user_information` [ RunTime:0.053579s ]
SQL: SELECT * FROM `lj_user_information` WHERE ( `Id` = 2 )  [ RunTime:0.052080s ]
NOTIC: [8] Undefined variable: username K:\appserver\appserver\AppServ\www\lejun\HOME\Lib\Action\UserInfoAction.class.php 第 125 行.

[ 2014-02-17T00:39:33+08:00 ] 127.0.0.1 /lejun/index.php/UserInfo/user_info.html
INFO: [ app_begin ] --START--
INFO: Run ReadHtmlCache Behavior [ RunTime:0.001209s ]
INFO: [ app_begin ] --END-- [ RunTime:0.001420s ]
INFO: [ view_template ] --START--
INFO: Run LocationTemplate Behavior [ RunTime:0.000621s ]
INFO: [ view_template ] --END-- [ RunTime:0.000727s ]
INFO: [ view_parse ] --START--
NOTIC: [8] Undefined index:  e-mail_tf K:\appserver\appserver\AppServ\www\lejun\HOME\Runtime\Cache\2db06a70a453497812f918c1254c1dfa.php 第 3 行.
INFO: Run ParseTemplate Behavior [ RunTime:0.023934s ]
INFO: [ view_parse ] --END-- [ RunTime:0.024062s ]
INFO: [ view_filter ] --START--
INFO: Run ContentReplace Behavior [ RunTime:0.000981s ]
INFO: Run TokenBuild Behavior [ RunTime:0.001110s ]
INFO: Run WriteHtmlCache Behavior [ RunTime:0.000596s ]
INFO: Run ShowRuntime Behavior [ RunTime:0.001005s ]
INFO: [ view_filter ] --END-- [ RunTime:0.004251s ]
INFO: [ view_end ] --START--
INFO: Run ShowPageTrace Behavior [ RunTime:0.003746s ]
INFO: [ view_end ] --END-- [ RunTime:0.003913s ]

[ 2014-02-17T00:39:35+08:00 ] 127.0.0.1 /lejun/index.php/UserInfo/modify_pwd_page.html
INFO: [ app_begin ] --START--
INFO: Run ReadHtmlCache Behavior [ RunTime:0.000698s ]
INFO: [ app_begin ] --END-- [ RunTime:0.000784s ]
INFO: [ view_template ] --START--
INFO: Run LocationTemplate Behavior [ RunTime:0.004961s ]
INFO: [ view_template ] --END-- [ RunTime:0.005114s ]
INFO: [ view_parse ] --START--
NOTIC: [8] Undefined index:  username K:\appserver\appserver\AppServ\www\lejun\HOME\Runtime\Cache\e0c822d193ca0e0e01ec0ef925bfabb4.php 第 5 行.
INFO: Run ParseTemplate Behavior [ RunTime:0.019333s ]
INFO: [ view_parse ] --END-- [ RunTime:0.019440s ]
INFO: [ view_filter ] --START--
INFO: Run ContentReplace Behavior [ RunTime:0.000641s ]
INFO: Run TokenBuild Behavior [ RunTime:0.000712s ]
INFO: Run WriteHtmlCache Behavior [ RunTime:0.000498s ]
INFO: Run ShowRuntime Behavior [ RunTime:0.000812s ]
INFO: [ view_filter ] --END-- [ RunTime:0.002978s ]
INFO: [ view_end ] --START--
INFO: Run ShowPageTrace Behavior [ RunTime:0.001855s ]
INFO: [ view_end ] --END-- [ RunTime:0.001973s ]

[ 2014-02-17T00:39:56+08:00 ] 127.0.0.1 /lejun/index.php/UserInfo/modify_pwd
INFO: [ app_begin ] --START--
INFO: Run ReadHtmlCache Behavior [ RunTime:0.000728s ]
INFO: [ app_begin ] --END-- [ RunTime:0.000824s ]
SQL: SHOW COLUMNS FROM `lj_user_information` [ RunTime:0.046655s ]
SQL: SELECT * FROM `lj_user_information` WHERE ( `Id` = 2 )  [ RunTime:0.045950s ]
SQL: UPDATE `lj_user_information` SET `password`='e6a5b3ed4abf19f30d019066ef6f1bb8' WHERE ( `Id` = 2 ) [ RunTime:0.046186s ]

[ 2014-02-17T00:39:59+08:00 ] 127.0.0.1 /lejun/index.php/UserInfo/user_info.html
INFO: [ app_begin ] --START--
INFO: Run ReadHtmlCache Behavior [ RunTime:0.001047s ]
INFO: [ app_begin ] --END-- [ RunTime:0.001182s ]
INFO: [ view_template ] --START--
INFO: Run LocationTemplate Behavior [ RunTime:0.000701s ]
INFO: [ view_template ] --END-- [ RunTime:0.000842s ]
INFO: [ view_parse ] --START--
NOTIC: [8] Undefined index:  e-mail_tf K:\appserver\appserver\AppServ\www\lejun\HOME\Runtime\Cache\2db06a70a453497812f918c1254c1dfa.php 第 3 行.
INFO: Run ParseTemplate Behavior [ RunTime:0.020959s ]
INFO: [ view_parse ] --END-- [ RunTime:0.021446s ]
INFO: [ view_filter ] --START--
INFO: Run ContentReplace Behavior [ RunTime:0.001338s ]
INFO: Run TokenBuild Behavior [ RunTime:0.000849s ]
INFO: Run WriteHtmlCache Behavior [ RunTime:0.000609s ]
INFO: Run ShowRuntime Behavior [ RunTime:0.004616s ]
INFO: [ view_filter ] --END-- [ RunTime:0.007826s ]
INFO: [ view_end ] --START--
INFO: Run ShowPageTrace Behavior [ RunTime:0.004783s ]
INFO: [ view_end ] --END-- [ RunTime:0.005054s ]

[ 2014-02-17T00:40:19+08:00 ] 127.0.0.1 /lejun/index.php/Login/do_login
INFO: [ app_begin ] --START--
INFO: Run ReadHtmlCache Behavior [ RunTime:0.002172s ]
INFO: [ app_begin ] --END-- [ RunTime:0.002277s ]
SQL: SHOW COLUMNS FROM `lj_user_information` [ RunTime:0.048305s ]
SQL: SELECT * FROM `lj_user_information` WHERE ( `username` = 'nele' ) AND ( `password` = 'e6a5b3ed4abf19f30d019066ef6f1bb8' )  [ RunTime:0.046541s ]
SQL: UPDATE `lj_user_information` SET `login_ip`='127.0.0.1',`last_logn_time`='2014-02-17 00:40:19' WHERE ( `username` = 'nele' ) AND ( `password` = 'e6a5b3ed4abf19f30d019066ef6f1bb8' ) [ RunTime:0.046360s ]

