[ 2014-01-25T12:26:46+08:00 ] 127.0.0.1 /lejun/index.php/Publish/do_publish_gl
INFO: [ app_begin ] --START--
INFO: Run ReadHtmlCache Behavior [ RunTime:0.003182s ]
INFO: [ app_begin ] --END-- [ RunTime:0.003338s ]
SQL: SHOW COLUMNS FROM `lj_cheats` [ RunTime:0.002367s ]
SQL: INSERT INTO `lj_cheats` (`theme`,`content`,`datetime`,`game_name`,`game_list_small_id`,`game_list_large_id`,`user_id`) VALUES ('师傅公司大飞      ','<p>撒旦法士大夫&nbsp;</p>\n','2014-01-25 12:26:46','阿斯达',1,1,0) [ RunTime:0.060563s ]

[ 2014-01-25T12:27:57+08:00 ] 127.0.0.1 /lejun/index.php/Login/do_login
INFO: [ app_begin ] --START--
INFO: Run ReadHtmlCache Behavior [ RunTime:0.000724s ]
INFO: [ app_begin ] --END-- [ RunTime:0.000808s ]
SQL: SHOW COLUMNS FROM `lj_user_information` [ RunTime:0.002938s ]
SQL: SELECT * FROM `lj_user_information` WHERE ( `username` = 'apple' ) AND ( `password` = '9b53364dab694c00ddc43c11855ff732' )  [ RunTime:0.065600s ]

[ 2014-01-25T12:27:57+08:00 ] ERR: (ThinkException) 非法操作:index
[ 2014-01-25T12:28:25+08:00 ] 127.0.0.1 /lejun/index.php/Publish/do_publish_gl
INFO: [ app_begin ] --START--
INFO: Run ReadHtmlCache Behavior [ RunTime:0.002246s ]
INFO: [ app_begin ] --END-- [ RunTime:0.002374s ]
SQL: SHOW COLUMNS FROM `lj_cheats` [ RunTime:0.002809s ]
SQL: INSERT INTO `lj_cheats` (`theme`,`content`,`datetime`,`game_name`,`game_list_small_id`,`game_list_large_id`,`user_id`) VALUES ('聂乐','<p>爱上大声地</p>\n','2014-01-25 12:28:25','爱上大声地',1,1,5) [ RunTime:0.000361s ]

[ 2014-01-25T14:11:08+08:00 ] 127.0.0.1 /lejun/index.php/Show/do_gl_replay
INFO: [ app_begin ] --START--
INFO: Run ReadHtmlCache Behavior [ RunTime:0.000714s ]
INFO: [ app_begin ] --END-- [ RunTime:0.000801s ]
SQL: SHOW COLUMNS FROM `lj_cheats_replay` [ RunTime:0.002376s ]
SQL: INSERT INTO `lj_cheats_replay` (`content`,`datetime`,`replay_user_id`,`cheats_id`) VALUES ('<p>大放送个大放送个大飞个第三方个第三方个桂丰大厦个</p>\n','2014-01-25 14:11:08',5,8) [ RunTime:0.000521s ]

[ 2014-01-25T15:59:53+08:00 ] 127.0.0.1 /lejun/index.php/Show/do_gl_praise
INFO: [ app_begin ] --START--
INFO: Run ReadHtmlCache Behavior [ RunTime:0.001065s ]
INFO: [ app_begin ] --END-- [ RunTime:0.001176s ]
SQL: SHOW COLUMNS FROM `lj_cheats` [ RunTime:0.008220s ]
SQL: UPDATE `lj_cheats` SET `praise`=praise+1 WHERE ( `cheats_id` = 5 ) [ RunTime:0.000714s ]

[ 2014-01-25T16:35:07+08:00 ] 0.0.0.0 /lejun/index.php/Register/checkUserName
INFO: [ app_begin ] --START--
INFO: Run ReadHtmlCache Behavior [ RunTime:0.001000s ]
INFO: [ app_begin ] --END-- [ RunTime:0.020001s ]
SQL: SHOW COLUMNS FROM `lj_user_information` [ RunTime:0.032001s ]
SQL: SELECT COUNT(*) AS tp_count FROM `lj_user_information` WHERE ( `username` = 'fanzhijun' ) LIMIT 1   [ RunTime:0.061004s ]

[ 2014-01-25T16:35:26+08:00 ] 0.0.0.0 /lejun/index.php/Register/do_register
INFO: [ app_begin ] --START--
INFO: Run ReadHtmlCache Behavior [ RunTime:0.001000s ]
INFO: [ app_begin ] --END-- [ RunTime:0.001000s ]
SQL: SHOW COLUMNS FROM `lj_user_information` [ RunTime:0.003001s ]
SQL: INSERT INTO `lj_user_information` (`username`,`password`,`zhuce_time`) VALUES ('fanzhijun','dc48561dda046abf3f0ef47e25ae8ad6','2014-01-25 16:35:25') [ RunTime:0.066003s ]

[ 2014-01-25T16:35:42+08:00 ] 0.0.0.0 /lejun/index.php/Login/do_login
INFO: [ app_begin ] --START--
INFO: Run ReadHtmlCache Behavior [ RunTime:0.000000s ]
INFO: [ app_begin ] --END-- [ RunTime:0.000000s ]
SQL: SHOW COLUMNS FROM `lj_user_information` [ RunTime:0.004001s ]
SQL: SELECT * FROM `lj_user_information` WHERE ( `username` = 'fanzhijun' ) AND ( `password` = 'dc48561dda046abf3f0ef47e25ae8ad6' )  [ RunTime:0.053003s ]

