[ 2014-02-11T13:25:41+08:00 ] 127.0.0.1 /lejun/index.php/Login/do_login
INFO: [ app_begin ] --START--
INFO: Run ReadHtmlCache Behavior [ RunTime:0.002733s ]
INFO: [ app_begin ] --END-- [ RunTime:0.002854s ]
SQL: SHOW COLUMNS FROM `lj_user_information` [ RunTime:0.052576s ]
SQL: SELECT * FROM `lj_user_information` WHERE ( `username` = 'nele' ) AND ( `password` = '56f973cd9d759c5e80766b5236874613' )  [ RunTime:0.051048s ]

[ 2014-02-11T13:26:52+08:00 ] 127.0.0.1 /lejun/index.php/Show/do_gl_praise
INFO: [ app_begin ] --START--
INFO: Run ReadHtmlCache Behavior [ RunTime:0.000683s ]
INFO: [ app_begin ] --END-- [ RunTime:0.000768s ]
NOTIC: [8] A session had already been started - ignoring session_start() K:\appserver\appserver\AppServ\www\lejun\HOME\Lib\Action\ShowAction.class.php 第 98 行.
NOTIC: [8] Undefined index:  gl_id K:\appserver\appserver\AppServ\www\lejun\HOME\Lib\Action\ShowAction.class.php 第 109 行.
SQL: SHOW COLUMNS FROM `lj_cheats_z` [ RunTime:0.048610s ]
SQL: SELECT * FROM `lj_cheats_z` WHERE ( `user_id` = 2 ) AND ( `cheats_id` = null )  [ RunTime:0.047995s ]
SQL: SHOW COLUMNS FROM `lj_cheats` [ RunTime:0.048660s ]
SQL: UPDATE `lj_cheats` SET `praise`=praise+1 WHERE ( `cheats_id` = null ) [ RunTime:0.048035s ]
SQL: INSERT INTO `lj_cheats_z` (`user_id`,`cheats_id`) VALUES (2,null) [ RunTime:0.048009s ]
ERR: Column 'cheats_id' cannot be null
 [ SQL语句 ] : INSERT INTO `lj_cheats_z` (`user_id`,`cheats_id`) VALUES (2,null)

[ 2014-02-11T13:27:03+08:00 ] 127.0.0.1 /lejun/index.php/Show/do_gl_praise
INFO: [ app_begin ] --START--
INFO: Run ReadHtmlCache Behavior [ RunTime:0.000685s ]
INFO: [ app_begin ] --END-- [ RunTime:0.000786s ]
NOTIC: [8] A session had already been started - ignoring session_start() K:\appserver\appserver\AppServ\www\lejun\HOME\Lib\Action\ShowAction.class.php 第 98 行.
NOTIC: [8] Undefined index:  gl_id K:\appserver\appserver\AppServ\www\lejun\HOME\Lib\Action\ShowAction.class.php 第 109 行.
SQL: SHOW COLUMNS FROM `lj_cheats_z` [ RunTime:0.052459s ]
SQL: SELECT * FROM `lj_cheats_z` WHERE ( `user_id` = 2 ) AND ( `cheats_id` = null )  [ RunTime:0.051785s ]
SQL: SHOW COLUMNS FROM `lj_cheats` [ RunTime:0.052131s ]
SQL: UPDATE `lj_cheats` SET `praise`=praise+1 WHERE ( `cheats_id` = null ) [ RunTime:0.051891s ]
SQL: INSERT INTO `lj_cheats_z` (`user_id`,`cheats_id`) VALUES (2,null) [ RunTime:0.051971s ]
ERR: Column 'cheats_id' cannot be null
 [ SQL语句 ] : INSERT INTO `lj_cheats_z` (`user_id`,`cheats_id`) VALUES (2,null)

[ 2014-02-11T13:33:15+08:00 ] 127.0.0.1 /lejun/index.php/Show/do_gl_praise
INFO: [ app_begin ] --START--
INFO: Run ReadHtmlCache Behavior [ RunTime:0.000757s ]
INFO: [ app_begin ] --END-- [ RunTime:0.000853s ]
NOTIC: [8] A session had already been started - ignoring session_start() K:\appserver\appserver\AppServ\www\lejun\HOME\Lib\Action\ShowAction.class.php 第 98 行.
SQL: SHOW COLUMNS FROM `lj_cheats_z` [ RunTime:0.048755s ]
SQL: SELECT * FROM `lj_cheats_z` WHERE ( `user_id` = 2 ) AND ( `cheats_id` = 3 )  [ RunTime:0.048539s ]
SQL: SHOW COLUMNS FROM `lj_cheats` [ RunTime:0.048853s ]
SQL: UPDATE `lj_cheats` SET `praise`=praise+1 WHERE ( `cheats_id` = 3 ) [ RunTime:0.048241s ]
SQL: INSERT INTO `lj_cheats_z` (`user_id`,`cheats_id`) VALUES (2,3) [ RunTime:0.073721s ]

[ 2014-02-11T13:33:21+08:00 ] 127.0.0.1 /lejun/index.php/Show/do_gl_praise
INFO: [ app_begin ] --START--
INFO: Run ReadHtmlCache Behavior [ RunTime:0.000757s ]
INFO: [ app_begin ] --END-- [ RunTime:0.000842s ]
NOTIC: [8] A session had already been started - ignoring session_start() K:\appserver\appserver\AppServ\www\lejun\HOME\Lib\Action\ShowAction.class.php 第 98 行.
SQL: SHOW COLUMNS FROM `lj_cheats_z` [ RunTime:0.051568s ]
SQL: SELECT * FROM `lj_cheats_z` WHERE ( `user_id` = 2 ) AND ( `cheats_id` = 3 )  [ RunTime:0.051887s ]

[ 2014-02-11T13:42:02+08:00 ] 127.0.0.1 /lejun/index.php/Show/do_gl_praise
INFO: [ app_begin ] --START--
INFO: Run ReadHtmlCache Behavior [ RunTime:0.000714s ]
INFO: [ app_begin ] --END-- [ RunTime:0.000808s ]
NOTIC: [8] A session had already been started - ignoring session_start() K:\appserver\appserver\AppServ\www\lejun\HOME\Lib\Action\ShowAction.class.php 第 98 行.
NOTIC: [8] Undefined index:  gl_id K:\appserver\appserver\AppServ\www\lejun\HOME\Lib\Action\ShowAction.class.php 第 109 行.
SQL: SHOW COLUMNS FROM `lj_cheats_z` [ RunTime:0.060152s ]
SQL: SELECT * FROM `lj_cheats_z` WHERE ( `user_id` = 2 ) AND ( `cheats_id` = null )  [ RunTime:0.060144s ]
SQL: SHOW COLUMNS FROM `lj_cheats` [ RunTime:0.060935s ]
SQL: UPDATE `lj_cheats` SET `praise`=praise+1 WHERE ( `cheats_id` = null ) [ RunTime:0.059553s ]
SQL: INSERT INTO `lj_cheats_z` (`user_id`,`cheats_id`) VALUES (2,null) [ RunTime:0.059375s ]
ERR: Column 'cheats_id' cannot be null
 [ SQL语句 ] : INSERT INTO `lj_cheats_z` (`user_id`,`cheats_id`) VALUES (2,null)

[ 2014-02-11T13:42:08+08:00 ] 127.0.0.1 /lejun/index.php/Show/do_gl_praise
INFO: [ app_begin ] --START--
INFO: Run ReadHtmlCache Behavior [ RunTime:0.000685s ]
INFO: [ app_begin ] --END-- [ RunTime:0.000769s ]
NOTIC: [8] A session had already been started - ignoring session_start() K:\appserver\appserver\AppServ\www\lejun\HOME\Lib\Action\ShowAction.class.php 第 98 行.
NOTIC: [8] Undefined index:  gl_id K:\appserver\appserver\AppServ\www\lejun\HOME\Lib\Action\ShowAction.class.php 第 109 行.
SQL: SHOW COLUMNS FROM `lj_cheats_z` [ RunTime:0.049423s ]
SQL: SELECT * FROM `lj_cheats_z` WHERE ( `user_id` = 2 ) AND ( `cheats_id` = null )  [ RunTime:0.048869s ]
SQL: SHOW COLUMNS FROM `lj_cheats` [ RunTime:0.050139s ]
SQL: UPDATE `lj_cheats` SET `praise`=praise+1 WHERE ( `cheats_id` = null ) [ RunTime:0.048716s ]
SQL: INSERT INTO `lj_cheats_z` (`user_id`,`cheats_id`) VALUES (2,null) [ RunTime:0.049128s ]
ERR: Column 'cheats_id' cannot be null
 [ SQL语句 ] : INSERT INTO `lj_cheats_z` (`user_id`,`cheats_id`) VALUES (2,null)

[ 2014-02-11T13:44:36+08:00 ] 127.0.0.1 /lejun/index.php/Show/do_gl_praise
INFO: [ app_begin ] --START--
INFO: Run ReadHtmlCache Behavior [ RunTime:0.000687s ]
INFO: [ app_begin ] --END-- [ RunTime:0.000769s ]
NOTIC: [8] A session had already been started - ignoring session_start() K:\appserver\appserver\AppServ\www\lejun\HOME\Lib\Action\ShowAction.class.php 第 98 行.
NOTIC: [8] Undefined index:  gl_id K:\appserver\appserver\AppServ\www\lejun\HOME\Lib\Action\ShowAction.class.php 第 109 行.
SQL: SHOW COLUMNS FROM `lj_cheats_z` [ RunTime:0.048380s ]
SQL: SELECT * FROM `lj_cheats_z` WHERE ( `user_id` = 2 ) AND ( `cheats_id` = null )  [ RunTime:0.048093s ]
SQL: SHOW COLUMNS FROM `lj_cheats` [ RunTime:0.048489s ]
SQL: UPDATE `lj_cheats` SET `praise`=praise+1 WHERE ( `cheats_id` = null ) [ RunTime:0.048128s ]
SQL: INSERT INTO `lj_cheats_z` (`user_id`,`cheats_id`) VALUES (2,null) [ RunTime:0.048171s ]
ERR: Column 'cheats_id' cannot be null
 [ SQL语句 ] : INSERT INTO `lj_cheats_z` (`user_id`,`cheats_id`) VALUES (2,null)

[ 2014-02-11T13:45:17+08:00 ] 127.0.0.1 /lejun/index.php/Show/do_gl_praise
INFO: [ app_begin ] --START--
INFO: Run ReadHtmlCache Behavior [ RunTime:0.002265s ]
INFO: [ app_begin ] --END-- [ RunTime:0.002361s ]
NOTIC: [8] A session had already been started - ignoring session_start() K:\appserver\appserver\AppServ\www\lejun\HOME\Lib\Action\ShowAction.class.php 第 98 行.
NOTIC: [8] Undefined index:  gl_id K:\appserver\appserver\AppServ\www\lejun\HOME\Lib\Action\ShowAction.class.php 第 109 行.
SQL: SHOW COLUMNS FROM `lj_cheats_z` [ RunTime:0.049168s ]
SQL: SELECT * FROM `lj_cheats_z` WHERE ( `user_id` = 2 ) AND ( `cheats_id` = null )  [ RunTime:0.048445s ]
SQL: SHOW COLUMNS FROM `lj_cheats` [ RunTime:0.048911s ]
SQL: UPDATE `lj_cheats` SET `praise`=praise+1 WHERE ( `cheats_id` = null ) [ RunTime:0.048344s ]
SQL: INSERT INTO `lj_cheats_z` (`user_id`,`cheats_id`) VALUES (2,null) [ RunTime:0.048106s ]
ERR: Column 'cheats_id' cannot be null
 [ SQL语句 ] : INSERT INTO `lj_cheats_z` (`user_id`,`cheats_id`) VALUES (2,null)

[ 2014-02-11T13:47:10+08:00 ] 127.0.0.1 /lejun/index.php/Show/do_gl_praise
INFO: [ app_begin ] --START--
INFO: Run ReadHtmlCache Behavior [ RunTime:0.000957s ]
INFO: [ app_begin ] --END-- [ RunTime:0.001071s ]
NOTIC: [8] A session had already been started - ignoring session_start() K:\appserver\appserver\AppServ\www\lejun\HOME\Lib\Action\ShowAction.class.php 第 98 行.
NOTIC: [8] Undefined index:  gl_id K:\appserver\appserver\AppServ\www\lejun\HOME\Lib\Action\ShowAction.class.php 第 109 行.
SQL: SHOW COLUMNS FROM `lj_cheats_z` [ RunTime:0.051412s ]
SQL: SELECT * FROM `lj_cheats_z` WHERE ( `user_id` = 2 ) AND ( `cheats_id` = null )  [ RunTime:0.051366s ]
SQL: SHOW COLUMNS FROM `lj_cheats` [ RunTime:0.052449s ]
SQL: UPDATE `lj_cheats` SET `praise`=praise+1 WHERE ( `cheats_id` = null ) [ RunTime:0.051146s ]
SQL: INSERT INTO `lj_cheats_z` (`user_id`,`cheats_id`) VALUES (2,null) [ RunTime:0.050862s ]
ERR: Column 'cheats_id' cannot be null
 [ SQL语句 ] : INSERT INTO `lj_cheats_z` (`user_id`,`cheats_id`) VALUES (2,null)

[ 2014-02-11T14:04:11+08:00 ] 127.0.0.1 /lejun/index.php/Show/do_gl_praise
INFO: [ app_begin ] --START--
INFO: Run ReadHtmlCache Behavior [ RunTime:0.000696s ]
INFO: [ app_begin ] --END-- [ RunTime:0.000782s ]
NOTIC: [8] A session had already been started - ignoring session_start() K:\appserver\appserver\AppServ\www\lejun\HOME\Lib\Action\ShowAction.class.php 第 98 行.
NOTIC: [8] Undefined index:  gl_id K:\appserver\appserver\AppServ\www\lejun\HOME\Lib\Action\ShowAction.class.php 第 109 行.
SQL: SHOW COLUMNS FROM `lj_cheats_z` [ RunTime:0.055695s ]
SQL: SELECT * FROM `lj_cheats_z` WHERE ( `user_id` = 2 ) AND ( `cheats_id` = null )  [ RunTime:0.054888s ]
SQL: SHOW COLUMNS FROM `lj_cheats` [ RunTime:0.055759s ]
SQL: UPDATE `lj_cheats` SET `praise`=praise+1 WHERE ( `cheats_id` = null ) [ RunTime:0.054733s ]
SQL: INSERT INTO `lj_cheats_z` (`user_id`,`cheats_id`) VALUES (2,null) [ RunTime:0.055010s ]
ERR: Column 'cheats_id' cannot be null
 [ SQL语句 ] : INSERT INTO `lj_cheats_z` (`user_id`,`cheats_id`) VALUES (2,null)

[ 2014-02-11T14:09:50+08:00 ] 127.0.0.1 /lejun/index.php/Show/do_gl_praise
INFO: [ app_begin ] --START--
INFO: Run ReadHtmlCache Behavior [ RunTime:0.000797s ]
INFO: [ app_begin ] --END-- [ RunTime:0.000900s ]
NOTIC: [8] A session had already been started - ignoring session_start() K:\appserver\appserver\AppServ\www\lejun\HOME\Lib\Action\ShowAction.class.php 第 98 行.
NOTIC: [8] Undefined index:  gl_id K:\appserver\appserver\AppServ\www\lejun\HOME\Lib\Action\ShowAction.class.php 第 109 行.
SQL: SHOW COLUMNS FROM `lj_cheats_z` [ RunTime:0.049350s ]
SQL: SELECT * FROM `lj_cheats_z` WHERE ( `user_id` = 2 ) AND ( `cheats_id` = null )  [ RunTime:0.048065s ]
SQL: SHOW COLUMNS FROM `lj_cheats` [ RunTime:0.049238s ]
SQL: UPDATE `lj_cheats` SET `praise`=praise+1 WHERE ( `cheats_id` = null ) [ RunTime:0.048012s ]
SQL: INSERT INTO `lj_cheats_z` (`user_id`,`cheats_id`) VALUES (2,null) [ RunTime:0.048493s ]
ERR: Column 'cheats_id' cannot be null
 [ SQL语句 ] : INSERT INTO `lj_cheats_z` (`user_id`,`cheats_id`) VALUES (2,null)

[ 2014-02-11T14:09:59+08:00 ] 127.0.0.1 /lejun/index.php/Show/do_gl_praise
INFO: [ app_begin ] --START--
INFO: Run ReadHtmlCache Behavior [ RunTime:0.000689s ]
INFO: [ app_begin ] --END-- [ RunTime:0.000772s ]
NOTIC: [8] A session had already been started - ignoring session_start() K:\appserver\appserver\AppServ\www\lejun\HOME\Lib\Action\ShowAction.class.php 第 98 行.
NOTIC: [8] Undefined index:  gl_id K:\appserver\appserver\AppServ\www\lejun\HOME\Lib\Action\ShowAction.class.php 第 109 行.
SQL: SHOW COLUMNS FROM `lj_cheats_z` [ RunTime:0.048325s ]
SQL: SELECT * FROM `lj_cheats_z` WHERE ( `user_id` = 2 ) AND ( `cheats_id` = null )  [ RunTime:0.047704s ]
SQL: SHOW COLUMNS FROM `lj_cheats` [ RunTime:0.049178s ]
SQL: UPDATE `lj_cheats` SET `praise`=praise+1 WHERE ( `cheats_id` = null ) [ RunTime:0.048153s ]
SQL: INSERT INTO `lj_cheats_z` (`user_id`,`cheats_id`) VALUES (2,null) [ RunTime:0.048409s ]
ERR: Column 'cheats_id' cannot be null
 [ SQL语句 ] : INSERT INTO `lj_cheats_z` (`user_id`,`cheats_id`) VALUES (2,null)

[ 2014-02-11T14:10:00+08:00 ] 127.0.0.1 /lejun/index.php/Show/do_gl_praise
INFO: [ app_begin ] --START--
INFO: Run ReadHtmlCache Behavior [ RunTime:0.001030s ]
INFO: [ app_begin ] --END-- [ RunTime:0.001206s ]
NOTIC: [8] A session had already been started - ignoring session_start() K:\appserver\appserver\AppServ\www\lejun\HOME\Lib\Action\ShowAction.class.php 第 98 行.
NOTIC: [8] Undefined index:  gl_id K:\appserver\appserver\AppServ\www\lejun\HOME\Lib\Action\ShowAction.class.php 第 109 行.
SQL: SHOW COLUMNS FROM `lj_cheats_z` [ RunTime:0.052125s ]
SQL: SELECT * FROM `lj_cheats_z` WHERE ( `user_id` = 2 ) AND ( `cheats_id` = null )  [ RunTime:0.051323s ]
SQL: SHOW COLUMNS FROM `lj_cheats` [ RunTime:0.052321s ]
SQL: UPDATE `lj_cheats` SET `praise`=praise+1 WHERE ( `cheats_id` = null ) [ RunTime:0.051379s ]
SQL: INSERT INTO `lj_cheats_z` (`user_id`,`cheats_id`) VALUES (2,null) [ RunTime:0.051171s ]
ERR: Column 'cheats_id' cannot be null
 [ SQL语句 ] : INSERT INTO `lj_cheats_z` (`user_id`,`cheats_id`) VALUES (2,null)

[ 2014-02-11T14:10:00+08:00 ] 127.0.0.1 /lejun/index.php/Show/do_gl_praise
INFO: [ app_begin ] --START--
INFO: Run ReadHtmlCache Behavior [ RunTime:0.003217s ]
INFO: [ app_begin ] --END-- [ RunTime:0.003381s ]
NOTIC: [8] A session had already been started - ignoring session_start() K:\appserver\appserver\AppServ\www\lejun\HOME\Lib\Action\ShowAction.class.php 第 98 行.
NOTIC: [8] Undefined index:  gl_id K:\appserver\appserver\AppServ\www\lejun\HOME\Lib\Action\ShowAction.class.php 第 109 行.
SQL: SHOW COLUMNS FROM `lj_cheats_z` [ RunTime:0.059574s ]
SQL: SELECT * FROM `lj_cheats_z` WHERE ( `user_id` = 2 ) AND ( `cheats_id` = null )  [ RunTime:0.059312s ]
SQL: SHOW COLUMNS FROM `lj_cheats` [ RunTime:0.059533s ]
SQL: UPDATE `lj_cheats` SET `praise`=praise+1 WHERE ( `cheats_id` = null ) [ RunTime:0.059068s ]
SQL: INSERT INTO `lj_cheats_z` (`user_id`,`cheats_id`) VALUES (2,null) [ RunTime:0.059373s ]
ERR: Column 'cheats_id' cannot be null
 [ SQL语句 ] : INSERT INTO `lj_cheats_z` (`user_id`,`cheats_id`) VALUES (2,null)

[ 2014-02-11T14:10:01+08:00 ] 127.0.0.1 /lejun/index.php/Show/do_gl_praise
INFO: [ app_begin ] --START--
INFO: Run ReadHtmlCache Behavior [ RunTime:0.000708s ]
INFO: [ app_begin ] --END-- [ RunTime:0.000794s ]
NOTIC: [8] A session had already been started - ignoring session_start() K:\appserver\appserver\AppServ\www\lejun\HOME\Lib\Action\ShowAction.class.php 第 98 行.
NOTIC: [8] Undefined index:  gl_id K:\appserver\appserver\AppServ\www\lejun\HOME\Lib\Action\ShowAction.class.php 第 109 行.
SQL: SHOW COLUMNS FROM `lj_cheats_z` [ RunTime:0.052538s ]
SQL: SELECT * FROM `lj_cheats_z` WHERE ( `user_id` = 2 ) AND ( `cheats_id` = null )  [ RunTime:0.051597s ]
SQL: SHOW COLUMNS FROM `lj_cheats` [ RunTime:0.052300s ]
SQL: UPDATE `lj_cheats` SET `praise`=praise+1 WHERE ( `cheats_id` = null ) [ RunTime:0.051496s ]
SQL: INSERT INTO `lj_cheats_z` (`user_id`,`cheats_id`) VALUES (2,null) [ RunTime:0.051249s ]
ERR: Column 'cheats_id' cannot be null
 [ SQL语句 ] : INSERT INTO `lj_cheats_z` (`user_id`,`cheats_id`) VALUES (2,null)

[ 2014-02-11T14:10:02+08:00 ] 127.0.0.1 /lejun/index.php/Show/do_gl_praise
INFO: [ app_begin ] --START--
INFO: Run ReadHtmlCache Behavior [ RunTime:0.000681s ]
INFO: [ app_begin ] --END-- [ RunTime:0.000773s ]
NOTIC: [8] A session had already been started - ignoring session_start() K:\appserver\appserver\AppServ\www\lejun\HOME\Lib\Action\ShowAction.class.php 第 98 行.
NOTIC: [8] Undefined index:  gl_id K:\appserver\appserver\AppServ\www\lejun\HOME\Lib\Action\ShowAction.class.php 第 109 行.
SQL: SHOW COLUMNS FROM `lj_cheats_z` [ RunTime:0.063143s ]
SQL: SELECT * FROM `lj_cheats_z` WHERE ( `user_id` = 2 ) AND ( `cheats_id` = null )  [ RunTime:0.062336s ]
SQL: SHOW COLUMNS FROM `lj_cheats` [ RunTime:0.063597s ]
SQL: UPDATE `lj_cheats` SET `praise`=praise+1 WHERE ( `cheats_id` = null ) [ RunTime:0.062486s ]
SQL: INSERT INTO `lj_cheats_z` (`user_id`,`cheats_id`) VALUES (2,null) [ RunTime:0.062636s ]
ERR: Column 'cheats_id' cannot be null
 [ SQL语句 ] : INSERT INTO `lj_cheats_z` (`user_id`,`cheats_id`) VALUES (2,null)

[ 2014-02-11T14:11:46+08:00 ] 127.0.0.1 /lejun/index.php/Show/do_gl_praise
INFO: [ app_begin ] --START--
INFO: Run ReadHtmlCache Behavior [ RunTime:0.000747s ]
INFO: [ app_begin ] --END-- [ RunTime:0.000834s ]
NOTIC: [8] A session had already been started - ignoring session_start() K:\appserver\appserver\AppServ\www\lejun\HOME\Lib\Action\ShowAction.class.php 第 98 行.
NOTIC: [8] Undefined index:  gl_id K:\appserver\appserver\AppServ\www\lejun\HOME\Lib\Action\ShowAction.class.php 第 109 行.
SQL: SHOW COLUMNS FROM `lj_cheats_z` [ RunTime:0.055837s ]
SQL: SELECT * FROM `lj_cheats_z` WHERE ( `user_id` = 2 ) AND ( `cheats_id` = null )  [ RunTime:0.055688s ]
SQL: SHOW COLUMNS FROM `lj_cheats` [ RunTime:0.056064s ]
SQL: UPDATE `lj_cheats` SET `praise`=praise+1 WHERE ( `cheats_id` = null ) [ RunTime:0.055394s ]
SQL: INSERT INTO `lj_cheats_z` (`user_id`,`cheats_id`) VALUES (2,null) [ RunTime:0.055733s ]
ERR: Column 'cheats_id' cannot be null
 [ SQL语句 ] : INSERT INTO `lj_cheats_z` (`user_id`,`cheats_id`) VALUES (2,null)

[ 2014-02-11T14:12:11+08:00 ] 127.0.0.1 /lejun/index.php/Show/do_gl_praise
INFO: [ app_begin ] --START--
INFO: Run ReadHtmlCache Behavior [ RunTime:0.000870s ]
INFO: [ app_begin ] --END-- [ RunTime:0.000990s ]
NOTIC: [8] A session had already been started - ignoring session_start() K:\appserver\appserver\AppServ\www\lejun\HOME\Lib\Action\ShowAction.class.php 第 98 行.
NOTIC: [8] Undefined index:  gl_id K:\appserver\appserver\AppServ\www\lejun\HOME\Lib\Action\ShowAction.class.php 第 109 行.
SQL: SHOW COLUMNS FROM `lj_cheats_z` [ RunTime:0.059409s ]
SQL: SELECT * FROM `lj_cheats_z` WHERE ( `user_id` = 2 ) AND ( `cheats_id` = null )  [ RunTime:0.059317s ]
SQL: SHOW COLUMNS FROM `lj_cheats` [ RunTime:0.060465s ]
SQL: UPDATE `lj_cheats` SET `praise`=praise+1 WHERE ( `cheats_id` = null ) [ RunTime:0.059075s ]
SQL: INSERT INTO `lj_cheats_z` (`user_id`,`cheats_id`) VALUES (2,null) [ RunTime:0.059368s ]
ERR: Column 'cheats_id' cannot be null
 [ SQL语句 ] : INSERT INTO `lj_cheats_z` (`user_id`,`cheats_id`) VALUES (2,null)

[ 2014-02-11T14:16:31+08:00 ] 127.0.0.1 /lejun/index.php/Show/do_gl_praise
INFO: [ app_begin ] --START--
INFO: Run ReadHtmlCache Behavior [ RunTime:0.001010s ]
INFO: [ app_begin ] --END-- [ RunTime:0.001123s ]
NOTIC: [8] A session had already been started - ignoring session_start() K:\appserver\appserver\AppServ\www\lejun\HOME\Lib\Action\ShowAction.class.php 第 98 行.
NOTIC: [8] Undefined index:  gl_id K:\appserver\appserver\AppServ\www\lejun\HOME\Lib\Action\ShowAction.class.php 第 109 行.
SQL: SHOW COLUMNS FROM `lj_cheats_z` [ RunTime:0.048479s ]
SQL: SELECT * FROM `lj_cheats_z` WHERE ( `user_id` = 2 ) AND ( `cheats_id` = null )  [ RunTime:0.048396s ]
SQL: SHOW COLUMNS FROM `lj_cheats` [ RunTime:0.048929s ]
SQL: UPDATE `lj_cheats` SET `praise`=praise+1 WHERE ( `cheats_id` = null ) [ RunTime:0.048507s ]
SQL: INSERT INTO `lj_cheats_z` (`user_id`,`cheats_id`) VALUES (2,null) [ RunTime:0.048001s ]
ERR: Column 'cheats_id' cannot be null
 [ SQL语句 ] : INSERT INTO `lj_cheats_z` (`user_id`,`cheats_id`) VALUES (2,null)

[ 2014-02-11T14:16:49+08:00 ] 127.0.0.1 /lejun/index.php/Show/do_gl_praise
INFO: [ app_begin ] --START--
INFO: Run ReadHtmlCache Behavior [ RunTime:0.000679s ]
INFO: [ app_begin ] --END-- [ RunTime:0.000765s ]
NOTIC: [8] A session had already been started - ignoring session_start() K:\appserver\appserver\AppServ\www\lejun\HOME\Lib\Action\ShowAction.class.php 第 98 行.
NOTIC: [8] Undefined index:  gl_id K:\appserver\appserver\AppServ\www\lejun\HOME\Lib\Action\ShowAction.class.php 第 109 行.
SQL: SHOW COLUMNS FROM `lj_cheats_z` [ RunTime:0.051439s ]
SQL: SELECT * FROM `lj_cheats_z` WHERE ( `user_id` = 2 ) AND ( `cheats_id` = null )  [ RunTime:0.051347s ]
SQL: SHOW COLUMNS FROM `lj_cheats` [ RunTime:0.052135s ]
SQL: UPDATE `lj_cheats` SET `praise`=praise+1 WHERE ( `cheats_id` = null ) [ RunTime:0.050957s ]
SQL: INSERT INTO `lj_cheats_z` (`user_id`,`cheats_id`) VALUES (2,null) [ RunTime:0.051443s ]
ERR: Column 'cheats_id' cannot be null
 [ SQL语句 ] : INSERT INTO `lj_cheats_z` (`user_id`,`cheats_id`) VALUES (2,null)

[ 2014-02-11T14:17:02+08:00 ] 127.0.0.1 /lejun/index.php/Show/do_gl_praise
INFO: [ app_begin ] --START--
INFO: Run ReadHtmlCache Behavior [ RunTime:0.000691s ]
INFO: [ app_begin ] --END-- [ RunTime:0.000777s ]
NOTIC: [8] A session had already been started - ignoring session_start() K:\appserver\appserver\AppServ\www\lejun\HOME\Lib\Action\ShowAction.class.php 第 98 行.
NOTIC: [8] Undefined index:  gl_id K:\appserver\appserver\AppServ\www\lejun\HOME\Lib\Action\ShowAction.class.php 第 109 行.
SQL: SHOW COLUMNS FROM `lj_cheats_z` [ RunTime:0.059508s ]
SQL: SELECT * FROM `lj_cheats_z` WHERE ( `user_id` = 2 ) AND ( `cheats_id` = null )  [ RunTime:0.058635s ]
SQL: SHOW COLUMNS FROM `lj_cheats` [ RunTime:0.059585s ]
SQL: UPDATE `lj_cheats` SET `praise`=praise+1 WHERE ( `cheats_id` = null ) [ RunTime:0.058449s ]
SQL: INSERT INTO `lj_cheats_z` (`user_id`,`cheats_id`) VALUES (2,null) [ RunTime:0.058625s ]
ERR: Column 'cheats_id' cannot be null
 [ SQL语句 ] : INSERT INTO `lj_cheats_z` (`user_id`,`cheats_id`) VALUES (2,null)

[ 2014-02-11T14:17:28+08:00 ] 127.0.0.1 /lejun/index.php/Show/do_gl_praise
INFO: [ app_begin ] --START--
INFO: Run ReadHtmlCache Behavior [ RunTime:0.000689s ]
INFO: [ app_begin ] --END-- [ RunTime:0.000773s ]
NOTIC: [8] A session had already been started - ignoring session_start() K:\appserver\appserver\AppServ\www\lejun\HOME\Lib\Action\ShowAction.class.php 第 98 行.
NOTIC: [8] Undefined index:  gl_id K:\appserver\appserver\AppServ\www\lejun\HOME\Lib\Action\ShowAction.class.php 第 109 行.
SQL: SHOW COLUMNS FROM `lj_cheats_z` [ RunTime:0.059735s ]
SQL: SELECT * FROM `lj_cheats_z` WHERE ( `user_id` = 2 ) AND ( `cheats_id` = null )  [ RunTime:0.059401s ]
SQL: SHOW COLUMNS FROM `lj_cheats` [ RunTime:0.060437s ]
SQL: UPDATE `lj_cheats` SET `praise`=praise+1 WHERE ( `cheats_id` = null ) [ RunTime:0.059174s ]
SQL: INSERT INTO `lj_cheats_z` (`user_id`,`cheats_id`) VALUES (2,null) [ RunTime:0.059432s ]
ERR: Column 'cheats_id' cannot be null
 [ SQL语句 ] : INSERT INTO `lj_cheats_z` (`user_id`,`cheats_id`) VALUES (2,null)

[ 2014-02-11T14:17:33+08:00 ] 127.0.0.1 /lejun/index.php/Show/do_gl_praise
INFO: [ app_begin ] --START--
INFO: Run ReadHtmlCache Behavior [ RunTime:0.000695s ]
INFO: [ app_begin ] --END-- [ RunTime:0.000780s ]
NOTIC: [8] A session had already been started - ignoring session_start() K:\appserver\appserver\AppServ\www\lejun\HOME\Lib\Action\ShowAction.class.php 第 98 行.
NOTIC: [8] Undefined index:  gl_id K:\appserver\appserver\AppServ\www\lejun\HOME\Lib\Action\ShowAction.class.php 第 109 行.
SQL: SHOW COLUMNS FROM `lj_cheats_z` [ RunTime:0.049293s ]
SQL: SELECT * FROM `lj_cheats_z` WHERE ( `user_id` = 2 ) AND ( `cheats_id` = null )  [ RunTime:0.048372s ]
SQL: SHOW COLUMNS FROM `lj_cheats` [ RunTime:0.049429s ]
SQL: UPDATE `lj_cheats` SET `praise`=praise+1 WHERE ( `cheats_id` = null ) [ RunTime:0.048685s ]
SQL: INSERT INTO `lj_cheats_z` (`user_id`,`cheats_id`) VALUES (2,null) [ RunTime:0.048709s ]
ERR: Column 'cheats_id' cannot be null
 [ SQL语句 ] : INSERT INTO `lj_cheats_z` (`user_id`,`cheats_id`) VALUES (2,null)

[ 2014-02-11T14:17:37+08:00 ] 127.0.0.1 /lejun/index.php/Show/do_gl_praise
INFO: [ app_begin ] --START--
INFO: Run ReadHtmlCache Behavior [ RunTime:0.000682s ]
INFO: [ app_begin ] --END-- [ RunTime:0.000768s ]
NOTIC: [8] A session had already been started - ignoring session_start() K:\appserver\appserver\AppServ\www\lejun\HOME\Lib\Action\ShowAction.class.php 第 98 行.
NOTIC: [8] Undefined index:  gl_id K:\appserver\appserver\AppServ\www\lejun\HOME\Lib\Action\ShowAction.class.php 第 109 行.
SQL: SHOW COLUMNS FROM `lj_cheats_z` [ RunTime:0.052843s ]
SQL: SELECT * FROM `lj_cheats_z` WHERE ( `user_id` = 2 ) AND ( `cheats_id` = null )  [ RunTime:0.052242s ]
SQL: SHOW COLUMNS FROM `lj_cheats` [ RunTime:0.052905s ]
SQL: UPDATE `lj_cheats` SET `praise`=praise+1 WHERE ( `cheats_id` = null ) [ RunTime:0.051762s ]
SQL: INSERT INTO `lj_cheats_z` (`user_id`,`cheats_id`) VALUES (2,null) [ RunTime:0.052013s ]
ERR: Column 'cheats_id' cannot be null
 [ SQL语句 ] : INSERT INTO `lj_cheats_z` (`user_id`,`cheats_id`) VALUES (2,null)

[ 2014-02-11T14:17:38+08:00 ] 127.0.0.1 /lejun/index.php/Show/do_gl_praise
INFO: [ app_begin ] --START--
INFO: Run ReadHtmlCache Behavior [ RunTime:0.000741s ]
INFO: [ app_begin ] --END-- [ RunTime:0.000855s ]
NOTIC: [8] A session had already been started - ignoring session_start() K:\appserver\appserver\AppServ\www\lejun\HOME\Lib\Action\ShowAction.class.php 第 98 行.
NOTIC: [8] Undefined index:  gl_id K:\appserver\appserver\AppServ\www\lejun\HOME\Lib\Action\ShowAction.class.php 第 109 行.
SQL: SHOW COLUMNS FROM `lj_cheats_z` [ RunTime:0.059693s ]
SQL: SELECT * FROM `lj_cheats_z` WHERE ( `user_id` = 2 ) AND ( `cheats_id` = null )  [ RunTime:0.058968s ]
SQL: SHOW COLUMNS FROM `lj_cheats` [ RunTime:0.059788s ]
SQL: UPDATE `lj_cheats` SET `praise`=praise+1 WHERE ( `cheats_id` = null ) [ RunTime:0.058969s ]
SQL: INSERT INTO `lj_cheats_z` (`user_id`,`cheats_id`) VALUES (2,null) [ RunTime:0.059402s ]
ERR: Column 'cheats_id' cannot be null
 [ SQL语句 ] : INSERT INTO `lj_cheats_z` (`user_id`,`cheats_id`) VALUES (2,null)

[ 2014-02-11T14:17:39+08:00 ] 127.0.0.1 /lejun/index.php/Show/do_gl_praise
INFO: [ app_begin ] --START--
INFO: Run ReadHtmlCache Behavior [ RunTime:0.000691s ]
INFO: [ app_begin ] --END-- [ RunTime:0.000791s ]
NOTIC: [8] A session had already been started - ignoring session_start() K:\appserver\appserver\AppServ\www\lejun\HOME\Lib\Action\ShowAction.class.php 第 98 行.
NOTIC: [8] Undefined index:  gl_id K:\appserver\appserver\AppServ\www\lejun\HOME\Lib\Action\ShowAction.class.php 第 109 行.
SQL: SHOW COLUMNS FROM `lj_cheats_z` [ RunTime:0.049153s ]
SQL: SELECT * FROM `lj_cheats_z` WHERE ( `user_id` = 2 ) AND ( `cheats_id` = null )  [ RunTime:0.048089s ]
SQL: SHOW COLUMNS FROM `lj_cheats` [ RunTime:0.049505s ]
SQL: UPDATE `lj_cheats` SET `praise`=praise+1 WHERE ( `cheats_id` = null ) [ RunTime:0.048955s ]
SQL: INSERT INTO `lj_cheats_z` (`user_id`,`cheats_id`) VALUES (2,null) [ RunTime:0.048672s ]
ERR: Column 'cheats_id' cannot be null
 [ SQL语句 ] : INSERT INTO `lj_cheats_z` (`user_id`,`cheats_id`) VALUES (2,null)

[ 2014-02-11T14:17:39+08:00 ] 127.0.0.1 /lejun/index.php/Show/do_gl_praise
INFO: [ app_begin ] --START--
INFO: Run ReadHtmlCache Behavior [ RunTime:0.000686s ]
INFO: [ app_begin ] --END-- [ RunTime:0.000836s ]
NOTIC: [8] A session had already been started - ignoring session_start() K:\appserver\appserver\AppServ\www\lejun\HOME\Lib\Action\ShowAction.class.php 第 98 行.
NOTIC: [8] Undefined index:  gl_id K:\appserver\appserver\AppServ\www\lejun\HOME\Lib\Action\ShowAction.class.php 第 109 行.
SQL: SHOW COLUMNS FROM `lj_cheats_z` [ RunTime:0.060296s ]
SQL: SELECT * FROM `lj_cheats_z` WHERE ( `user_id` = 2 ) AND ( `cheats_id` = null )  [ RunTime:0.059423s ]
SQL: SHOW COLUMNS FROM `lj_cheats` [ RunTime:0.060416s ]
SQL: UPDATE `lj_cheats` SET `praise`=praise+1 WHERE ( `cheats_id` = null ) [ RunTime:0.059838s ]
SQL: INSERT INTO `lj_cheats_z` (`user_id`,`cheats_id`) VALUES (2,null) [ RunTime:0.059453s ]
ERR: Column 'cheats_id' cannot be null
 [ SQL语句 ] : INSERT INTO `lj_cheats_z` (`user_id`,`cheats_id`) VALUES (2,null)

[ 2014-02-11T14:17:40+08:00 ] 127.0.0.1 /lejun/index.php/Show/do_gl_praise
INFO: [ app_begin ] --START--
INFO: Run ReadHtmlCache Behavior [ RunTime:0.000681s ]
INFO: [ app_begin ] --END-- [ RunTime:0.000778s ]
NOTIC: [8] A session had already been started - ignoring session_start() K:\appserver\appserver\AppServ\www\lejun\HOME\Lib\Action\ShowAction.class.php 第 98 行.
NOTIC: [8] Undefined index:  gl_id K:\appserver\appserver\AppServ\www\lejun\HOME\Lib\Action\ShowAction.class.php 第 109 行.
SQL: SHOW COLUMNS FROM `lj_cheats_z` [ RunTime:0.048528s ]
SQL: SELECT * FROM `lj_cheats_z` WHERE ( `user_id` = 2 ) AND ( `cheats_id` = null )  [ RunTime:0.048191s ]
SQL: SHOW COLUMNS FROM `lj_cheats` [ RunTime:0.049375s ]
SQL: UPDATE `lj_cheats` SET `praise`=praise+1 WHERE ( `cheats_id` = null ) [ RunTime:0.048016s ]
SQL: INSERT INTO `lj_cheats_z` (`user_id`,`cheats_id`) VALUES (2,null) [ RunTime:0.048415s ]
ERR: Column 'cheats_id' cannot be null
 [ SQL语句 ] : INSERT INTO `lj_cheats_z` (`user_id`,`cheats_id`) VALUES (2,null)

[ 2014-02-11T14:17:41+08:00 ] 127.0.0.1 /lejun/index.php/Show/do_gl_praise
INFO: [ app_begin ] --START--
INFO: Run ReadHtmlCache Behavior [ RunTime:0.000932s ]
INFO: [ app_begin ] --END-- [ RunTime:0.001047s ]
NOTIC: [8] A session had already been started - ignoring session_start() K:\appserver\appserver\AppServ\www\lejun\HOME\Lib\Action\ShowAction.class.php 第 98 行.
NOTIC: [8] Undefined index:  gl_id K:\appserver\appserver\AppServ\www\lejun\HOME\Lib\Action\ShowAction.class.php 第 109 行.
SQL: SHOW COLUMNS FROM `lj_cheats_z` [ RunTime:0.060464s ]
SQL: SELECT * FROM `lj_cheats_z` WHERE ( `user_id` = 2 ) AND ( `cheats_id` = null )  [ RunTime:0.059092s ]
SQL: SHOW COLUMNS FROM `lj_cheats` [ RunTime:0.060106s ]
SQL: UPDATE `lj_cheats` SET `praise`=praise+1 WHERE ( `cheats_id` = null ) [ RunTime:0.059147s ]
SQL: INSERT INTO `lj_cheats_z` (`user_id`,`cheats_id`) VALUES (2,null) [ RunTime:0.058648s ]
ERR: Column 'cheats_id' cannot be null
 [ SQL语句 ] : INSERT INTO `lj_cheats_z` (`user_id`,`cheats_id`) VALUES (2,null)

[ 2014-02-11T14:17:41+08:00 ] 127.0.0.1 /lejun/index.php/Show/do_gl_praise
INFO: [ app_begin ] --START--
INFO: Run ReadHtmlCache Behavior [ RunTime:0.000688s ]
INFO: [ app_begin ] --END-- [ RunTime:0.000772s ]
NOTIC: [8] A session had already been started - ignoring session_start() K:\appserver\appserver\AppServ\www\lejun\HOME\Lib\Action\ShowAction.class.php 第 98 行.
NOTIC: [8] Undefined index:  gl_id K:\appserver\appserver\AppServ\www\lejun\HOME\Lib\Action\ShowAction.class.php 第 109 行.
SQL: SHOW COLUMNS FROM `lj_cheats_z` [ RunTime:0.059631s ]
SQL: SELECT * FROM `lj_cheats_z` WHERE ( `user_id` = 2 ) AND ( `cheats_id` = null )  [ RunTime:0.059336s ]
SQL: SHOW COLUMNS FROM `lj_cheats` [ RunTime:0.060882s ]
SQL: UPDATE `lj_cheats` SET `praise`=praise+1 WHERE ( `cheats_id` = null ) [ RunTime:0.059703s ]
SQL: INSERT INTO `lj_cheats_z` (`user_id`,`cheats_id`) VALUES (2,null) [ RunTime:0.059055s ]
ERR: Column 'cheats_id' cannot be null
 [ SQL语句 ] : INSERT INTO `lj_cheats_z` (`user_id`,`cheats_id`) VALUES (2,null)

[ 2014-02-11T14:18:25+08:00 ] 127.0.0.1 /lejun/index.php/Show/do_gl_praise
INFO: [ app_begin ] --START--
INFO: Run ReadHtmlCache Behavior [ RunTime:0.000933s ]
INFO: [ app_begin ] --END-- [ RunTime:0.001048s ]
NOTIC: [8] A session had already been started - ignoring session_start() K:\appserver\appserver\AppServ\www\lejun\HOME\Lib\Action\ShowAction.class.php 第 98 行.
NOTIC: [8] Undefined index:  gl_id K:\appserver\appserver\AppServ\www\lejun\HOME\Lib\Action\ShowAction.class.php 第 109 行.
SQL: SHOW COLUMNS FROM `lj_cheats_z` [ RunTime:0.052399s ]
SQL: SELECT * FROM `lj_cheats_z` WHERE ( `user_id` = 2 ) AND ( `cheats_id` = null )  [ RunTime:0.051073s ]
SQL: SHOW COLUMNS FROM `lj_cheats` [ RunTime:0.052449s ]
SQL: UPDATE `lj_cheats` SET `praise`=praise+1 WHERE ( `cheats_id` = null ) [ RunTime:0.051502s ]
SQL: INSERT INTO `lj_cheats_z` (`user_id`,`cheats_id`) VALUES (2,null) [ RunTime:0.051315s ]
ERR: Column 'cheats_id' cannot be null
 [ SQL语句 ] : INSERT INTO `lj_cheats_z` (`user_id`,`cheats_id`) VALUES (2,null)

[ 2014-02-11T14:18:30+08:00 ] 127.0.0.1 /lejun/index.php/Show/do_gl_praise
INFO: [ app_begin ] --START--
INFO: Run ReadHtmlCache Behavior [ RunTime:0.000941s ]
INFO: [ app_begin ] --END-- [ RunTime:0.001054s ]
NOTIC: [8] A session had already been started - ignoring session_start() K:\appserver\appserver\AppServ\www\lejun\HOME\Lib\Action\ShowAction.class.php 第 98 行.
NOTIC: [8] Undefined index:  gl_id K:\appserver\appserver\AppServ\www\lejun\HOME\Lib\Action\ShowAction.class.php 第 109 行.
SQL: SHOW COLUMNS FROM `lj_cheats_z` [ RunTime:0.051509s ]
SQL: SELECT * FROM `lj_cheats_z` WHERE ( `user_id` = 2 ) AND ( `cheats_id` = null )  [ RunTime:0.050794s ]
SQL: SHOW COLUMNS FROM `lj_cheats` [ RunTime:0.051468s ]
SQL: UPDATE `lj_cheats` SET `praise`=praise+1 WHERE ( `cheats_id` = null ) [ RunTime:0.050961s ]
SQL: INSERT INTO `lj_cheats_z` (`user_id`,`cheats_id`) VALUES (2,null) [ RunTime:0.050743s ]
ERR: Column 'cheats_id' cannot be null
 [ SQL语句 ] : INSERT INTO `lj_cheats_z` (`user_id`,`cheats_id`) VALUES (2,null)

[ 2014-02-11T14:18:49+08:00 ] 127.0.0.1 /lejun/index.php/Show/do_gl_praise
INFO: [ app_begin ] --START--
INFO: Run ReadHtmlCache Behavior [ RunTime:0.000677s ]
INFO: [ app_begin ] --END-- [ RunTime:0.000761s ]
NOTIC: [8] A session had already been started - ignoring session_start() K:\appserver\appserver\AppServ\www\lejun\HOME\Lib\Action\ShowAction.class.php 第 98 行.
NOTIC: [8] Undefined index:  gl_id K:\appserver\appserver\AppServ\www\lejun\HOME\Lib\Action\ShowAction.class.php 第 109 行.
SQL: SHOW COLUMNS FROM `lj_cheats_z` [ RunTime:0.051496s ]
SQL: SELECT * FROM `lj_cheats_z` WHERE ( `user_id` = 2 ) AND ( `cheats_id` = null )  [ RunTime:0.050357s ]
SQL: SHOW COLUMNS FROM `lj_cheats` [ RunTime:0.051439s ]
SQL: UPDATE `lj_cheats` SET `praise`=praise+1 WHERE ( `cheats_id` = null ) [ RunTime:0.051018s ]
SQL: INSERT INTO `lj_cheats_z` (`user_id`,`cheats_id`) VALUES (2,null) [ RunTime:0.050811s ]
ERR: Column 'cheats_id' cannot be null
 [ SQL语句 ] : INSERT INTO `lj_cheats_z` (`user_id`,`cheats_id`) VALUES (2,null)

[ 2014-02-11T14:18:58+08:00 ] 127.0.0.1 /lejun/index.php/Show/do_gl_praise
INFO: [ app_begin ] --START--
INFO: Run ReadHtmlCache Behavior [ RunTime:0.000680s ]
INFO: [ app_begin ] --END-- [ RunTime:0.000765s ]
NOTIC: [8] A session had already been started - ignoring session_start() K:\appserver\appserver\AppServ\www\lejun\HOME\Lib\Action\ShowAction.class.php 第 98 行.
NOTIC: [8] Undefined index:  gl_id K:\appserver\appserver\AppServ\www\lejun\HOME\Lib\Action\ShowAction.class.php 第 109 行.
SQL: SHOW COLUMNS FROM `lj_cheats_z` [ RunTime:0.055800s ]
SQL: SELECT * FROM `lj_cheats_z` WHERE ( `user_id` = 2 ) AND ( `cheats_id` = null )  [ RunTime:0.055391s ]
SQL: SHOW COLUMNS FROM `lj_cheats` [ RunTime:0.056394s ]
SQL: UPDATE `lj_cheats` SET `praise`=praise+1 WHERE ( `cheats_id` = null ) [ RunTime:0.055550s ]
SQL: INSERT INTO `lj_cheats_z` (`user_id`,`cheats_id`) VALUES (2,null) [ RunTime:0.055260s ]
ERR: Column 'cheats_id' cannot be null
 [ SQL语句 ] : INSERT INTO `lj_cheats_z` (`user_id`,`cheats_id`) VALUES (2,null)

[ 2014-02-11T14:19:59+08:00 ] 127.0.0.1 /lejun/index.php/Show/do_tz_praise
INFO: [ app_begin ] --START--
INFO: Run ReadHtmlCache Behavior [ RunTime:0.000931s ]
INFO: [ app_begin ] --END-- [ RunTime:0.001045s ]
NOTIC: [8] A session had already been started - ignoring session_start() K:\appserver\appserver\AppServ\www\lejun\HOME\Lib\Action\ShowAction.class.php 第 232 行.
SQL: SHOW COLUMNS FROM `lj_post_z` [ RunTime:0.063905s ]
SQL: SELECT * FROM `lj_post_z` WHERE ( `user_id` = 1 ) AND ( `post_id` = 1 )  [ RunTime:0.063433s ]
SQL: SHOW COLUMNS FROM `lj_post_main` [ RunTime:0.063801s ]
SQL: UPDATE `lj_post_main` SET `praise_number`=praise_number+1 WHERE ( `post_id` = 8 ) [ RunTime:0.063110s ]
SQL: INSERT INTO `lj_post_z` (`user_id`,`post_id`) VALUES (1,1) [ RunTime:0.074757s ]

[ 2014-02-11T14:20:32+08:00 ] 127.0.0.1 /lejun/index.php/Show/do_tz_praise
INFO: [ app_begin ] --START--
INFO: Run ReadHtmlCache Behavior [ RunTime:0.000766s ]
INFO: [ app_begin ] --END-- [ RunTime:0.000871s ]
NOTIC: [8] A session had already been started - ignoring session_start() K:\appserver\appserver\AppServ\www\lejun\HOME\Lib\Action\ShowAction.class.php 第 232 行.
SQL: SHOW COLUMNS FROM `lj_post_z` [ RunTime:0.052053s ]
SQL: SELECT * FROM `lj_post_z` WHERE ( `user_id` = 8 ) AND ( `post_id` = 2 )  [ RunTime:0.051713s ]
SQL: SHOW COLUMNS FROM `lj_post_main` [ RunTime:0.052484s ]
SQL: UPDATE `lj_post_main` SET `praise_number`=praise_number+1 WHERE ( `post_id` = 8 ) [ RunTime:0.051543s ]
SQL: INSERT INTO `lj_post_z` (`user_id`,`post_id`) VALUES (8,2) [ RunTime:0.060985s ]

[ 2014-02-11T14:20:34+08:00 ] 127.0.0.1 /lejun/index.php/Show/do_tz_praise
INFO: [ app_begin ] --START--
INFO: Run ReadHtmlCache Behavior [ RunTime:0.000843s ]
INFO: [ app_begin ] --END-- [ RunTime:0.000961s ]
NOTIC: [8] A session had already been started - ignoring session_start() K:\appserver\appserver\AppServ\www\lejun\HOME\Lib\Action\ShowAction.class.php 第 232 行.
SQL: SHOW COLUMNS FROM `lj_post_z` [ RunTime:0.059677s ]
SQL: SELECT * FROM `lj_post_z` WHERE ( `user_id` = 8 ) AND ( `post_id` = 2 )  [ RunTime:0.059542s ]

[ 2014-02-11T14:22:38+08:00 ] 127.0.0.1 /lejun/index.php/Zq/zq_game_hot_gl.html
INFO: [ app_begin ] --START--
INFO: Run ReadHtmlCache Behavior [ RunTime:0.000753s ]
INFO: [ app_begin ] --END-- [ RunTime:0.000863s ]
INFO: [ view_template ] --START--
INFO: Run LocationTemplate Behavior [ RunTime:0.003175s ]
INFO: [ view_template ] --END-- [ RunTime:0.003392s ]
INFO: [ view_parse ] --START--
INFO: Run ParseTemplate Behavior [ RunTime:0.014591s ]
INFO: [ view_parse ] --END-- [ RunTime:0.014757s ]
INFO: [ view_filter ] --START--
INFO: Run ContentReplace Behavior [ RunTime:0.000715s ]
INFO: Run TokenBuild Behavior [ RunTime:0.000682s ]
INFO: Run WriteHtmlCache Behavior [ RunTime:0.000505s ]
INFO: Run ShowRuntime Behavior [ RunTime:0.000615s ]
INFO: [ view_filter ] --END-- [ RunTime:0.002828s ]
INFO: [ view_end ] --START--
INFO: Run ShowPageTrace Behavior [ RunTime:0.001497s ]
INFO: [ view_end ] --END-- [ RunTime:0.001578s ]

[ 2014-02-11T14:49:09+08:00 ] 127.0.0.1 /lejun/index.php/Login/do_login
INFO: [ app_begin ] --START--
INFO: Run ReadHtmlCache Behavior [ RunTime:0.002866s ]
INFO: [ app_begin ] --END-- [ RunTime:0.003025s ]
SQL: SHOW COLUMNS FROM `lj_user_information` [ RunTime:0.056490s ]
SQL: SELECT * FROM `lj_user_information` WHERE ( `username` = 'nele' ) AND ( `password` = '56f973cd9d759c5e80766b5236874613' )  [ RunTime:0.055449s ]

[ 2014-02-11T15:03:22+08:00 ] 127.0.0.1 /lejun/index.php/Zq/zq_game_hot_gl.html
INFO: [ app_begin ] --START--
INFO: Run ReadHtmlCache Behavior [ RunTime:0.001097s ]
INFO: [ app_begin ] --END-- [ RunTime:0.001249s ]
INFO: [ view_template ] --START--
INFO: Run LocationTemplate Behavior [ RunTime:0.002873s ]
INFO: [ view_template ] --END-- [ RunTime:0.003016s ]
INFO: [ view_parse ] --START--
INFO: Run ParseTemplate Behavior [ RunTime:0.017384s ]
INFO: [ view_parse ] --END-- [ RunTime:0.017670s ]
INFO: [ view_filter ] --START--
INFO: Run ContentReplace Behavior [ RunTime:0.000827s ]
INFO: Run TokenBuild Behavior [ RunTime:0.000910s ]
INFO: Run WriteHtmlCache Behavior [ RunTime:0.000627s ]
INFO: Run ShowRuntime Behavior [ RunTime:0.000895s ]
INFO: [ view_filter ] --END-- [ RunTime:0.003697s ]
INFO: [ view_end ] --START--
INFO: Run ShowPageTrace Behavior [ RunTime:0.002555s ]
INFO: [ view_end ] --END-- [ RunTime:0.002711s ]

[ 2014-02-11T15:03:24+08:00 ] 127.0.0.1 /lejun/index.php/Zq/zq_game_latest_post.html
INFO: [ app_begin ] --START--
INFO: Run ReadHtmlCache Behavior [ RunTime:0.001328s ]
INFO: [ app_begin ] --END-- [ RunTime:0.001504s ]
INFO: [ view_template ] --START--
INFO: Run LocationTemplate Behavior [ RunTime:0.002604s ]
INFO: [ view_template ] --END-- [ RunTime:0.002706s ]
INFO: [ view_parse ] --START--
INFO: Run ParseTemplate Behavior [ RunTime:0.012692s ]
INFO: [ view_parse ] --END-- [ RunTime:0.012815s ]
INFO: [ view_filter ] --START--
INFO: Run ContentReplace Behavior [ RunTime:0.000477s ]
INFO: Run TokenBuild Behavior [ RunTime:0.000477s ]
INFO: Run WriteHtmlCache Behavior [ RunTime:0.000332s ]
INFO: Run ShowRuntime Behavior [ RunTime:0.000602s ]
INFO: [ view_filter ] --END-- [ RunTime:0.002101s ]
INFO: [ view_end ] --START--
INFO: Run ShowPageTrace Behavior [ RunTime:0.001480s ]
INFO: [ view_end ] --END-- [ RunTime:0.001565s ]

[ 2014-02-11T15:03:25+08:00 ] 127.0.0.1 /lejun/index.php/Zq/zq_game_hot_post.html
INFO: [ app_begin ] --START--
INFO: Run ReadHtmlCache Behavior [ RunTime:0.002085s ]
INFO: [ app_begin ] --END-- [ RunTime:0.002188s ]
INFO: [ view_template ] --START--
INFO: Run LocationTemplate Behavior [ RunTime:0.005070s ]
INFO: [ view_template ] --END-- [ RunTime:0.005262s ]
INFO: [ view_parse ] --START--
INFO: Run ParseTemplate Behavior [ RunTime:0.023747s ]
INFO: [ view_parse ] --END-- [ RunTime:0.023911s ]
INFO: [ view_filter ] --START--
INFO: Run ContentReplace Behavior [ RunTime:0.002003s ]
INFO: Run TokenBuild Behavior [ RunTime:0.001847s ]
INFO: Run WriteHtmlCache Behavior [ RunTime:0.001707s ]
INFO: Run ShowRuntime Behavior [ RunTime:0.002726s ]
INFO: [ view_filter ] --END-- [ RunTime:0.008575s ]
INFO: [ view_end ] --START--
INFO: Run ShowPageTrace Behavior [ RunTime:0.002340s ]
INFO: [ view_end ] --END-- [ RunTime:0.002433s ]

[ 2014-02-11T15:03:35+08:00 ] 127.0.0.1 /lejun/index.php/Zq/zq_game_hot_gl.html
INFO: [ app_begin ] --START--
INFO: Run ReadHtmlCache Behavior [ RunTime:0.000980s ]
INFO: [ app_begin ] --END-- [ RunTime:0.001095s ]
INFO: [ view_template ] --START--
INFO: Run LocationTemplate Behavior [ RunTime:0.003516s ]
INFO: [ view_template ] --END-- [ RunTime:0.003709s ]
INFO: [ view_parse ] --START--
INFO: Run ParseTemplate Behavior [ RunTime:0.013719s ]
INFO: [ view_parse ] --END-- [ RunTime:0.013847s ]
INFO: [ view_filter ] --START--
INFO: Run ContentReplace Behavior [ RunTime:0.000540s ]
INFO: Run TokenBuild Behavior [ RunTime:0.000492s ]
INFO: Run WriteHtmlCache Behavior [ RunTime:0.000350s ]
INFO: Run ShowRuntime Behavior [ RunTime:0.000594s ]
INFO: [ view_filter ] --END-- [ RunTime:0.002194s ]
INFO: [ view_end ] --START--
INFO: Run ShowPageTrace Behavior [ RunTime:0.001455s ]
INFO: [ view_end ] --END-- [ RunTime:0.001533s ]

